Timing is on.
begin;
BEGIN
Time: 68.476 ms
truncate table tb_check4 ;
TRUNCATE TABLE
Time: 2490.180 ms
insert into tb_check4 select * from tb_check;
INSERT 0 10
Time: 1036.500 ms
commit;
COMMIT
Time: 5473.029 ms
check.sh|2019-12-02 18:57:33|2019-12-02 18:57:42|9
Timing is on.
begin;
BEGIN
Time: 93.466 ms
truncate table tb_check4 ;
TRUNCATE TABLE
Time: 1456.141 ms
insert into tb_check4 select * from tb_check;
INSERT 0 10
Time: 1591.896 ms
commit;
COMMIT
Time: 11582.722 ms
check.sh|2019-12-02 18:57:43|2019-12-02 18:57:57|14
Timing is on.
begin;
BEGIN
Time: 62.425 ms
truncate table tb_check4 ;
TRUNCATE TABLE
Time: 2212.063 ms
insert into tb_check4 select * from tb_check;
INSERT 0 10
Time: 2506.281 ms
commit;
COMMIT
Time: 6207.690 ms
check.sh|2019-12-02 18:57:58|2019-12-02 18:58:09|11
Timing is on.
begin;
BEGIN
Time: 68.517 ms
truncate table tb_check4 ;
TRUNCATE TABLE
Time: 2897.688 ms
insert into tb_check4 select * from tb_check;
INSERT 0 10
Time: 1739.921 ms
commit;
COMMIT
Time: 14075.595 ms
check.sh|2019-12-02 18:58:09|2019-12-02 18:58:28|19
Timing is on.
begin;
BEGIN
Time: 115.995 ms
truncate table tb_check4 ;
TRUNCATE TABLE
Time: 4264.209 ms
insert into tb_check4 select * from tb_check;
INSERT 0 10
Time: 1620.658 ms
commit;
COMMIT
Time: 4486.347 ms
check.sh|2019-12-02 18:58:29|2019-12-02 18:58:39|10
Timing is on.
begin;
BEGIN
Time: 94.751 ms
truncate table tb_check4 ;
TRUNCATE TABLE
Time: 3086.801 ms
insert into tb_check4 select * from tb_check;
INSERT 0 10
Time: 612.085 ms
commit;
COMMIT
Time: 13116.700 ms
check.sh|2019-12-02 18:58:40|2019-12-02 18:58:57|17
Timing is on.
begin;
BEGIN
Time: 62.153 ms
truncate table tb_check4 ;
TRUNCATE TABLE
Time: 1103.564 ms
insert into tb_check4 select * from tb_check;
INSERT 0 10
Time: 1347.062 ms
commit;
COMMIT
Time: 16011.668 ms
check.sh|2019-12-02 18:58:57|2019-12-02 18:59:16|19
Timing is on.
begin;
BEGIN
Time: 77.867 ms
truncate table tb_check4 ;
TRUNCATE TABLE
Time: 1677.735 ms
insert into tb_check4 select * from tb_check;
INSERT 0 10
Time: 2747.821 ms
commit;
COMMIT
Time: 5130.426 ms
check.sh|2019-12-02 18:59:18|2019-12-02 18:59:27|9
Timing is on.
begin;
BEGIN
Time: 69.092 ms
truncate table tb_check4 ;
TRUNCATE TABLE
Time: 1911.788 ms
insert into tb_check4 select * from tb_check;
INSERT 0 10
Time: 1262.794 ms
commit;
COMMIT
Time: 11085.195 ms
check.sh|2019-12-02 18:59:28|2019-12-02 18:59:42|14
Timing is on.
begin;
BEGIN
Time: 83.596 ms
truncate table tb_check4 ;
TRUNCATE TABLE
Time: 5662.969 ms
insert into tb_check4 select * from tb_check;
INSERT 0 10
Time: 1606.112 ms
commit;
COMMIT
Time: 9242.171 ms
check.sh|2019-12-02 18:59:43|2019-12-02 18:59:59|16
Timing is on.
begin;
BEGIN
Time: 69.911 ms
truncate table tb_check4 ;
TRUNCATE TABLE
Time: 3016.686 ms
insert into tb_check4 select * from tb_check;
INSERT 0 10
Time: 1495.102 ms
commit;
COMMIT
Time: 8101.760 ms
check.sh|2019-12-02 19:00:00|2019-12-02 19:00:13|13
Timing is on.
begin;
BEGIN
Time: 82.340 ms
truncate table tb_check4 ;
TRUNCATE TABLE
Time: 7154.823 ms
insert into tb_check4 select * from tb_check;
INSERT 0 10
Time: 912.888 ms
commit;
COMMIT
Time: 8053.284 ms
check.sh|2019-12-02 19:00:14|2019-12-02 19:00:30|16
Timing is on.
begin;
BEGIN
Time: 64.191 ms
truncate table tb_check4 ;
TRUNCATE TABLE
Time: 1949.727 ms
insert into tb_check4 select * from tb_check;
INSERT 0 10
Time: 1482.408 ms
commit;
COMMIT
Time: 10589.171 ms
check.sh|2019-12-02 19:00:31|2019-12-02 19:00:45|14
Timing is on.
begin;
BEGIN
Time: 77.145 ms
truncate table tb_check4 ;
TRUNCATE TABLE
Time: 1928.502 ms
insert into tb_check4 select * from tb_check;
INSERT 0 10
Time: 1800.155 ms
commit;
COMMIT
Time: 9225.250 ms
check.sh|2019-12-02 19:00:45|2019-12-02 19:00:58|13
Timing is on.
begin;
BEGIN
Time: 89.317 ms
truncate table tb_check4 ;
TRUNCATE TABLE
Time: 2157.552 ms
insert into tb_check4 select * from tb_check;
INSERT 0 10
Time: 2169.567 ms
commit;
COMMIT
Time: 7613.201 ms
check.sh|2019-12-02 19:00:59|2019-12-02 19:01:11|12
Timing is on.
begin;
BEGIN
Time: 82.841 ms
truncate table tb_check4 ;
TRUNCATE TABLE
Time: 2827.993 ms
insert into tb_check4 select * from tb_check;
INSERT 0 10
Time: 1718.549 ms
commit;
COMMIT
Time: 14034.417 ms
check.sh|2019-12-02 19:01:11|2019-12-02 19:01:30|19
Timing is on.
begin;
BEGIN
Time: 62.592 ms
truncate table tb_check4 ;
TRUNCATE TABLE
Time: 4446.398 ms
insert into tb_check4 select * from tb_check;
INSERT 0 10
Time: 2095.390 ms
commit;
COMMIT
Time: 2282.637 ms
check.sh|2019-12-02 19:01:31|2019-12-02 19:01:40|9
Timing is on.
begin;
BEGIN
Time: 66.334 ms
truncate table tb_check4 ;
TRUNCATE TABLE
Time: 2170.307 ms
insert into tb_check4 select * from tb_check;
INSERT 0 10
Time: 792.513 ms
commit;
COMMIT
Time: 18094.777 ms
check.sh|2019-12-02 19:01:40|2019-12-02 19:02:01|21
Timing is on.
begin;
BEGIN
Time: 79.068 ms
truncate table tb_check4 ;
TRUNCATE TABLE
Time: 4216.564 ms
insert into tb_check4 select * from tb_check;
INSERT 0 10
Time: 2746.584 ms
commit;
COMMIT
Time: 8146.569 ms
check.sh|2019-12-02 19:02:04|2019-12-02 19:02:19|15
Timing is on.
begin;
BEGIN
Time: 62.395 ms
truncate table tb_check4 ;
TRUNCATE TABLE
Time: 778.635 ms
insert into tb_check4 select * from tb_check;
INSERT 0 10
Time: 2597.611 ms
commit;
COMMIT
Time: 3289.679 ms
check.sh|2019-12-02 19:02:19|2019-12-02 19:02:26|7
Timing is on.
begin;
BEGIN
Time: 90.706 ms
truncate table tb_check4 ;
TRUNCATE TABLE
Time: 1745.357 ms
insert into tb_check4 select * from tb_check;
INSERT 0 10
Time: 1737.769 ms
commit;
COMMIT
Time: 9496.195 ms
check.sh|2019-12-02 19:02:26|2019-12-02 19:02:39|13
Timing is on.
begin;
BEGIN
Time: 73.889 ms
truncate table tb_check4 ;
TRUNCATE TABLE
Time: 2165.701 ms
insert into tb_check4 select * from tb_check;
INSERT 0 10
Time: 2857.484 ms
commit;
COMMIT
Time: 3650.291 ms
check.sh|2019-12-02 19:02:40|2019-12-02 19:02:49|9
Timing is on.
begin;
BEGIN
Time: 77.365 ms
truncate table tb_check4 ;
TRUNCATE TABLE
Time: 2412.488 ms
insert into tb_check4 select * from tb_check;
INSERT 0 10
Time: 1835.736 ms
commit;
COMMIT
Time: 10004.627 ms
check.sh|2019-12-02 19:02:49|2019-12-02 19:03:04|15
Timing is on.
begin;
BEGIN
Time: 86.308 ms
truncate table tb_check4 ;
TRUNCATE TABLE
Time: 3262.315 ms
insert into tb_check4 select * from tb_check;
INSERT 0 10
Time: 1354.689 ms
commit;
COMMIT
Time: 17746.077 ms
check.sh|2019-12-02 19:03:04|2019-12-02 19:03:27|23
Timing is on.
begin;
BEGIN
Time: 62.270 ms
truncate table tb_check4 ;
TRUNCATE TABLE
Time: 1789.476 ms
insert into tb_check4 select * from tb_check;
INSERT 0 10
Time: 2033.508 ms
commit;
COMMIT
Time: 17903.177 ms
check.sh|2019-12-02 19:03:38|2019-12-02 19:04:00|22
Timing is on.
begin;
BEGIN
Time: 67.156 ms
truncate table tb_check4 ;
TRUNCATE TABLE
Time: 3900.555 ms
insert into tb_check4 select * from tb_check;
INSERT 0 10
Time: 2122.441 ms
commit;
COMMIT
Time: 3352.707 ms
check.sh|2019-12-02 19:04:04|2019-12-02 19:04:14|10
Timing is on.
begin;
BEGIN
Time: 66.040 ms
truncate table tb_check4 ;
TRUNCATE TABLE
Time: 893.363 ms
insert into tb_check4 select * from tb_check;
INSERT 0 10
Time: 1924.863 ms
commit;
COMMIT
Time: 5004.074 ms
check.sh|2019-12-02 19:04:15|2019-12-02 19:04:23|8
Timing is on.
begin;
BEGIN
Time: 83.394 ms
truncate table tb_check4 ;
TRUNCATE TABLE
Time: 4333.863 ms
insert into tb_check4 select * from tb_check;
INSERT 0 10
Time: 2231.311 ms
commit;
COMMIT
Time: 14398.076 ms
check.sh|2019-12-02 19:04:24|2019-12-02 19:04:45|21
Timing is on.
begin;
BEGIN
Time: 68.207 ms
truncate table tb_check4 ;
TRUNCATE TABLE
Time: 3777.262 ms
insert into tb_check4 select * from tb_check;
INSERT 0 10
Time: 2001.747 ms
commit;
COMMIT
Time: 9111.367 ms
check.sh|2019-12-02 19:04:45|2019-12-02 19:05:00|15
Timing is on.
begin;
BEGIN
Time: 104.873 ms
truncate table tb_check4 ;
TRUNCATE TABLE
Time: 1308.543 ms
insert into tb_check4 select * from tb_check;
INSERT 0 10
Time: 1383.912 ms
commit;
COMMIT
Time: 9374.053 ms
check.sh|2019-12-02 19:05:02|2019-12-02 19:05:14|12
Timing is on.
begin;
BEGIN
Time: 114.711 ms
truncate table tb_check4 ;
TRUNCATE TABLE
Time: 6160.213 ms
insert into tb_check4 select * from tb_check;
INSERT 0 10
Time: 1581.826 ms
commit;
COMMIT
Time: 4775.524 ms
check.sh|2019-12-02 19:05:17|2019-12-02 19:05:29|12
Timing is on.
begin;
BEGIN
Time: 69.818 ms
truncate table tb_check4 ;
TRUNCATE TABLE
Time: 2240.051 ms
insert into tb_check4 select * from tb_check;
INSERT 0 10
Time: 1134.107 ms
commit;
COMMIT
Time: 6479.613 ms
check.sh|2019-12-02 19:05:30|2019-12-02 19:05:40|10
Timing is on.
begin;
BEGIN
Time: 69.108 ms
truncate table tb_check4 ;
TRUNCATE TABLE
Time: 12419.122 ms
insert into tb_check4 select * from tb_check;
INSERT 0 10
Time: 1332.653 ms
commit;
COMMIT
Time: 25772.839 ms
check.sh|2019-12-02 19:05:40|2019-12-02 19:06:20|40
Timing is on.
begin;
BEGIN
Time: 125.252 ms
truncate table tb_check4 ;
TRUNCATE TABLE
Time: 2593.115 ms
insert into tb_check4 select * from tb_check;
INSERT 0 10
Time: 3311.193 ms
commit;
COMMIT
Time: 4778.793 ms
check.sh|2019-12-02 19:06:20|2019-12-02 19:06:31|11
Timing is on.
begin;
BEGIN
Time: 79.383 ms
truncate table tb_check4 ;
TRUNCATE TABLE
Time: 2049.340 ms
insert into tb_check4 select * from tb_check;
INSERT 0 10
Time: 1476.249 ms
commit;
COMMIT
Time: 44468.442 ms
check.sh|2019-12-02 19:06:32|2019-12-02 19:07:20|48
Timing is on.
begin;
BEGIN
Time: 64.838 ms
truncate table tb_check4 ;
TRUNCATE TABLE
Time: 3051.476 ms
insert into tb_check4 select * from tb_check;
INSERT 0 10
Time: 3660.435 ms
commit;
COMMIT
Time: 6760.224 ms
check.sh|2019-12-02 19:07:42|2019-12-02 19:07:56|14
Timing is on.
begin;
BEGIN
Time: 96.162 ms
truncate table tb_check4 ;
TRUNCATE TABLE
Time: 11705.189 ms
insert into tb_check4 select * from tb_check;
INSERT 0 10
Time: 5142.393 ms
commit;
COMMIT
Time: 15813.882 ms
check.sh|2019-12-02 19:07:56|2019-12-02 19:08:29|33
Timing is on.
begin;
BEGIN
Time: 109.202 ms
truncate table tb_check4 ;
TRUNCATE TABLE
Time: 2578.397 ms
insert into tb_check4 select * from tb_check;
INSERT 0 10
Time: 2041.994 ms
commit;
COMMIT
Time: 4130.149 ms
check.sh|2019-12-02 19:08:30|2019-12-02 19:08:39|9
Timing is on.
begin;
BEGIN
Time: 86.701 ms
truncate table tb_check4 ;
TRUNCATE TABLE
Time: 5238.276 ms
insert into tb_check4 select * from tb_check;
INSERT 0 10
Time: 1318.963 ms
commit;
COMMIT
Time: 7015.127 ms
check.sh|2019-12-02 19:08:41|2019-12-02 19:08:54|13
Timing is on.
begin;
BEGIN
Time: 71.528 ms
truncate table tb_check4 ;
TRUNCATE TABLE
Time: 5459.050 ms
insert into tb_check4 select * from tb_check;
INSERT 0 10
Time: 2202.633 ms
commit;
COMMIT
Time: 12097.937 ms
check.sh|2019-12-02 19:08:55|2019-12-02 19:09:15|20
Timing is on.
begin;
BEGIN
Time: 123.242 ms
truncate table tb_check4 ;
TRUNCATE TABLE
Time: 1177.110 ms
insert into tb_check4 select * from tb_check;
INSERT 0 10
Time: 2238.932 ms
commit;
COMMIT
Time: 14807.189 ms
check.sh|2019-12-02 19:09:16|2019-12-02 19:09:34|18
Timing is on.
begin;
BEGIN
Time: 83.847 ms
truncate table tb_check4 ;
TRUNCATE TABLE
Time: 668.734 ms
insert into tb_check4 select * from tb_check;
INSERT 0 10
Time: 2141.026 ms
commit;
COMMIT
Time: 44425.828 ms
check.sh|2019-12-02 19:09:34|2019-12-02 19:10:22|48
Timing is on.
begin;
BEGIN
Time: 105.493 ms
truncate table tb_check4 ;
TRUNCATE TABLE
Time: 2521.454 ms
insert into tb_check4 select * from tb_check;
INSERT 0 10
Time: 2825.568 ms
commit;
COMMIT
Time: 3457.737 ms
check.sh|2019-12-02 19:10:23|2019-12-02 19:10:31|8
Timing is on.
begin;
BEGIN
Time: 100.355 ms
truncate table tb_check4 ;
TRUNCATE TABLE
Time: 1308.952 ms
insert into tb_check4 select * from tb_check;
INSERT 0 10
Time: 1780.294 ms
commit;
COMMIT
Time: 18841.813 ms
check.sh|2019-12-02 19:10:32|2019-12-02 19:10:54|22
Timing is on.
begin;
BEGIN
Time: 64.531 ms
truncate table tb_check4 ;
TRUNCATE TABLE
Time: 10139.671 ms
insert into tb_check4 select * from tb_check;
INSERT 0 10
Time: 1047.031 ms
commit;
COMMIT
Time: 12165.978 ms
check.sh|2019-12-02 19:10:54|2019-12-02 19:11:18|24
Timing is on.
begin;
BEGIN
Time: 91.072 ms
truncate table tb_check4 ;
TRUNCATE TABLE
Time: 1573.147 ms
insert into tb_check4 select * from tb_check;
INSERT 0 10
Time: 1913.274 ms
commit;
COMMIT
Time: 6479.751 ms
check.sh|2019-12-02 19:11:18|2019-12-02 19:11:28|10
Timing is on.
begin;
BEGIN
Time: 74.907 ms
truncate table tb_check4 ;
TRUNCATE TABLE
Time: 6279.665 ms
insert into tb_check4 select * from tb_check;
INSERT 0 10
Time: 645.217 ms
commit;
COMMIT
Time: 43527.107 ms
check.sh|2019-12-02 19:11:30|2019-12-02 19:12:21|51
Timing is on.
begin;
BEGIN
Time: 87.930 ms
truncate table tb_check4 ;
TRUNCATE TABLE
Time: 2253.740 ms
insert into tb_check4 select * from tb_check;
INSERT 0 10
Time: 1962.911 ms
commit;
COMMIT
Time: 4863.608 ms
check.sh|2019-12-02 19:12:21|2019-12-02 19:12:30|9
Timing is on.
begin;
BEGIN
Time: 63.796 ms
truncate table tb_check4 ;
TRUNCATE TABLE
Time: 1371.797 ms
insert into tb_check4 select * from tb_check;
INSERT 0 10
Time: 1785.883 ms
commit;
COMMIT
Time: 7205.604 ms
check.sh|2019-12-02 19:12:31|2019-12-02 19:12:41|10
Timing is on.
begin;
BEGIN
Time: 81.410 ms
truncate table tb_check4 ;
TRUNCATE TABLE
Time: 1097.151 ms
insert into tb_check4 select * from tb_check;
INSERT 0 10
Time: 2003.059 ms
commit;
COMMIT
Time: 4025.871 ms
check.sh|2019-12-02 19:12:42|2019-12-02 19:12:49|7
Timing is on.
begin;
BEGIN
Time: 95.046 ms
truncate table tb_check4 ;
TRUNCATE TABLE
Time: 408.513 ms
insert into tb_check4 select * from tb_check;
INSERT 0 10
Time: 2252.729 ms
commit;
COMMIT
Time: 4021.223 ms
check.sh|2019-12-02 19:12:50|2019-12-02 19:12:57|7
Timing is on.
begin;
BEGIN
Time: 68.787 ms
truncate table tb_check4 ;
TRUNCATE TABLE
Time: 4209.063 ms
insert into tb_check4 select * from tb_check;
INSERT 0 10
Time: 2113.315 ms
commit;
COMMIT
Time: 4089.403 ms
check.sh|2019-12-02 19:13:38|2019-12-02 19:13:48|10
Timing is on.
begin;
BEGIN
Time: 67.758 ms
truncate table tb_check4 ;
TRUNCATE TABLE
Time: 681.294 ms
insert into tb_check4 select * from tb_check;
INSERT 0 10
Time: 2116.144 ms
commit;
COMMIT
Time: 3969.917 ms
check.sh|2019-12-02 19:13:50|2019-12-02 19:13:57|7
Timing is on.
begin;
BEGIN
Time: 91.413 ms
truncate table tb_check4 ;
TRUNCATE TABLE
Time: 2876.955 ms
insert into tb_check4 select * from tb_check;
INSERT 0 10
Time: 635.300 ms
commit;
COMMIT
Time: 21690.998 ms
check.sh|2019-12-02 19:13:58|2019-12-02 19:14:23|25
Timing is on.
begin;
BEGIN
Time: 67.430 ms
truncate table tb_check4 ;
TRUNCATE TABLE
Time: 1708.826 ms
insert into tb_check4 select * from tb_check;
INSERT 0 10
Time: 3054.666 ms
commit;
COMMIT
Time: 8574.767 ms
check.sh|2019-12-02 19:14:24|2019-12-02 19:14:37|13
Timing is on.
begin;
BEGIN
Time: 101.643 ms
truncate table tb_check4 ;
TRUNCATE TABLE
Time: 2061.069 ms
insert into tb_check4 select * from tb_check;
INSERT 0 10
Time: 1143.808 ms
commit;
COMMIT
Time: 12842.707 ms
check.sh|2019-12-02 19:14:37|2019-12-02 19:14:53|16
Timing is on.
begin;
BEGIN
Time: 80.092 ms
truncate table tb_check4 ;
TRUNCATE TABLE
Time: 6301.013 ms
insert into tb_check4 select * from tb_check;
INSERT 0 10
Time: 3082.885 ms
commit;
COMMIT
Time: 32631.411 ms
check.sh|2019-12-02 19:14:54|2019-12-02 19:15:36|42
Timing is on.
begin;
BEGIN
Time: 66.863 ms
truncate table tb_check4 ;
TRUNCATE TABLE
Time: 2130.957 ms
insert into tb_check4 select * from tb_check;
INSERT 0 10
Time: 955.509 ms
commit;
COMMIT
Time: 6354.727 ms
check.sh|2019-12-02 19:15:38|2019-12-02 19:15:48|10
Timing is on.
begin;
BEGIN
Time: 83.231 ms
truncate table tb_check4 ;
TRUNCATE TABLE
Time: 2839.793 ms
insert into tb_check4 select * from tb_check;
INSERT 0 10
Time: 1231.548 ms
commit;
COMMIT
Time: 17817.605 ms
check.sh|2019-12-02 19:15:50|2019-12-02 19:16:12|22
Timing is on.
begin;
BEGIN
Time: 71.513 ms
truncate table tb_check4 ;
TRUNCATE TABLE
Time: 5650.887 ms
insert into tb_check4 select * from tb_check;
INSERT 0 10
Time: 3078.663 ms
commit;
COMMIT
Time: 3735.176 ms
check.sh|2019-12-02 19:16:15|2019-12-02 19:16:28|13
Timing is on.
begin;
BEGIN
Time: 96.788 ms
truncate table tb_check4 ;
TRUNCATE TABLE
Time: 1030.310 ms
insert into tb_check4 select * from tb_check;
INSERT 0 10
Time: 1856.915 ms
commit;
COMMIT
Time: 19247.772 ms
check.sh|2019-12-02 19:16:28|2019-12-02 19:16:50|22
Timing is on.
begin;
BEGIN
Time: 104.458 ms
truncate table tb_check4 ;
TRUNCATE TABLE
Time: 20337.345 ms
insert into tb_check4 select * from tb_check;
INSERT 0 10
Time: 2526.502 ms
commit;
COMMIT
Time: 3679.350 ms
check.sh|2019-12-02 19:16:53|2019-12-02 19:17:20|27
Timing is on.
begin;
BEGIN
Time: 65.602 ms
truncate table tb_check4 ;
TRUNCATE TABLE
Time: 3619.762 ms
insert into tb_check4 select * from tb_check;
INSERT 0 10
Time: 2071.286 ms
commit;
COMMIT
Time: 7725.427 ms
check.sh|2019-12-02 19:17:29|2019-12-02 19:17:43|14
Timing is on.
begin;
BEGIN
Time: 74.734 ms
truncate table tb_check4 ;
TRUNCATE TABLE
Time: 5651.772 ms
insert into tb_check4 select * from tb_check;
INSERT 0 10
Time: 2198.668 ms
commit;
COMMIT
Time: 46045.915 ms
check.sh|2019-12-02 19:17:50|2019-12-02 19:18:44|54
Timing is on.
begin;
BEGIN
Time: 91.032 ms
truncate table tb_check4 ;
TRUNCATE TABLE
Time: 725.021 ms
insert into tb_check4 select * from tb_check;
INSERT 0 10
Time: 2200.436 ms
commit;
COMMIT
Time: 4121.379 ms
check.sh|2019-12-02 19:18:44|2019-12-02 19:18:51|7
Timing is on.
begin;
BEGIN
Time: 66.049 ms
truncate table tb_check4 ;
TRUNCATE TABLE
Time: 2351.833 ms
insert into tb_check4 select * from tb_check;
INSERT 0 10
Time: 1180.240 ms
commit;
COMMIT
Time: 35079.461 ms
check.sh|2019-12-02 19:18:52|2019-12-02 19:19:31|39
Timing is on.
begin;
BEGIN
Time: 90.872 ms
truncate table tb_check4 ;
TRUNCATE TABLE
Time: 2986.986 ms
insert into tb_check4 select * from tb_check;
INSERT 0 10
Time: 3207.083 ms
commit;
COMMIT
Time: 4224.017 ms
check.sh|2019-12-02 19:19:34|2019-12-02 19:19:44|10
Timing is on.
begin;
BEGIN
Time: 65.049 ms
truncate table tb_check4 ;
TRUNCATE TABLE
Time: 2445.961 ms
insert into tb_check4 select * from tb_check;
INSERT 0 10
Time: 1719.424 ms
commit;
COMMIT
Time: 45105.508 ms
check.sh|2019-12-02 19:19:45|2019-12-02 19:20:35|50
Timing is on.
begin;
BEGIN
Time: 62.056 ms
truncate table tb_check4 ;
TRUNCATE TABLE
Time: 2873.606 ms
insert into tb_check4 select * from tb_check;
INSERT 0 10
Time: 1625.472 ms
commit;
COMMIT
Time: 5160.267 ms
check.sh|2019-12-02 19:20:35|2019-12-02 19:20:45|10
Timing is on.
begin;
BEGIN
Time: 73.774 ms
truncate table tb_check4 ;
TRUNCATE TABLE
Time: 1686.465 ms
insert into tb_check4 select * from tb_check;
INSERT 0 10
Time: 1337.880 ms
commit;
COMMIT
Time: 5585.757 ms
check.sh|2019-12-02 19:20:46|2019-12-02 19:20:54|8
Timing is on.
begin;
BEGIN
Time: 86.076 ms
truncate table tb_check4 ;
TRUNCATE TABLE
Time: 7486.751 ms
insert into tb_check4 select * from tb_check;
INSERT 0 10
Time: 2339.723 ms
commit;
COMMIT
Time: 29516.508 ms
check.sh|2019-12-02 19:21:08|2019-12-02 19:21:47|39
Timing is on.
begin;
BEGIN
Time: 124.085 ms
truncate table tb_check4 ;
TRUNCATE TABLE
Time: 2265.852 ms
insert into tb_check4 select * from tb_check;
INSERT 0 10
Time: 1199.812 ms
commit;
COMMIT
Time: 5785.679 ms
check.sh|2019-12-02 19:21:58|2019-12-02 19:22:08|10
Timing is on.
begin;
BEGIN
Time: 105.718 ms
truncate table tb_check4 ;
TRUNCATE TABLE
Time: 3792.582 ms
insert into tb_check4 select * from tb_check;
INSERT 0 10
Time: 1605.325 ms
commit;
COMMIT
Time: 78130.907 ms
check.sh|2019-12-02 19:22:11|2019-12-02 19:23:34|83
Timing is on.
begin;
BEGIN
Time: 65.594 ms
truncate table tb_check4 ;
TRUNCATE TABLE
Time: 1075.289 ms
insert into tb_check4 select * from tb_check;
INSERT 0 10
Time: 2243.771 ms
commit;
COMMIT
Time: 2994.731 ms
check.sh|2019-12-02 19:23:36|2019-12-02 19:23:42|6
Timing is on.
begin;
BEGIN
Time: 78.555 ms
truncate table tb_check4 ;
TRUNCATE TABLE
Time: 2307.499 ms
insert into tb_check4 select * from tb_check;
INSERT 0 10
Time: 1364.969 ms
commit;
COMMIT
Time: 15374.390 ms
check.sh|2019-12-02 19:23:43|2019-12-02 19:24:02|19
Timing is on.
begin;
BEGIN
Time: 85.887 ms
truncate table tb_check4 ;
TRUNCATE TABLE
Time: 24254.882 ms
insert into tb_check4 select * from tb_check;
INSERT 0 10
Time: 3027.096 ms
commit;
COMMIT
Time: 3669.860 ms
check.sh|2019-12-02 19:24:12|2019-12-02 19:24:43|31
Timing is on.
begin;
BEGIN
Time: 84.732 ms
truncate table tb_check4 ;
TRUNCATE TABLE
Time: 2777.472 ms
insert into tb_check4 select * from tb_check;
INSERT 0 10
Time: 1192.039 ms
commit;
COMMIT
Time: 45284.572 ms
check.sh|2019-12-02 19:24:45|2019-12-02 19:25:34|49
Timing is on.
begin;
BEGIN
Time: 91.157 ms
truncate table tb_check4 ;
TRUNCATE TABLE
Time: 5139.558 ms
insert into tb_check4 select * from tb_check;
INSERT 0 10
Time: 1467.345 ms
commit;
COMMIT
Time: 6614.974 ms
check.sh|2019-12-02 19:25:35|2019-12-02 19:25:48|13
Timing is on.
begin;
BEGIN
Time: 91.944 ms
truncate table tb_check4 ;
TRUNCATE TABLE
Time: 1723.987 ms
insert into tb_check4 select * from tb_check;
INSERT 0 10
Time: 1868.407 ms
commit;
COMMIT
Time: 6597.742 ms
check.sh|2019-12-02 19:25:49|2019-12-02 19:25:59|10
Timing is on.
begin;
BEGIN
Time: 91.750 ms
truncate table tb_check4 ;
TRUNCATE TABLE
Time: 10024.894 ms
insert into tb_check4 select * from tb_check;
INSERT 0 10
Time: 1685.944 ms
commit;
COMMIT
Time: 48958.485 ms
check.sh|2019-12-02 19:26:00|2019-12-02 19:27:01|61
Timing is on.
begin;
BEGIN
Time: 83.320 ms
truncate table tb_check4 ;
TRUNCATE TABLE
Time: 3774.338 ms
insert into tb_check4 select * from tb_check;
INSERT 0 10
Time: 2701.547 ms
commit;
COMMIT
Time: 5597.947 ms
check.sh|2019-12-02 19:27:04|2019-12-02 19:27:16|12
Timing is on.
begin;
BEGIN
Time: 134.168 ms
truncate table tb_check4 ;
TRUNCATE TABLE
Time: 3732.586 ms
insert into tb_check4 select * from tb_check;
INSERT 0 10
Time: 811.592 ms
commit;
COMMIT
Time: 14067.849 ms
check.sh|2019-12-02 19:27:17|2019-12-02 19:27:36|19
Timing is on.
begin;
BEGIN
Time: 102.375 ms
truncate table tb_check4 ;
TRUNCATE TABLE
Time: 6944.952 ms
insert into tb_check4 select * from tb_check;
INSERT 0 10
Time: 1722.574 ms
commit;
COMMIT
Time: 43636.801 ms
check.sh|2019-12-02 19:27:36|2019-12-02 19:28:29|53
Timing is on.
begin;
BEGIN
Time: 88.280 ms
truncate table tb_check4 ;
TRUNCATE TABLE
Time: 3246.126 ms
insert into tb_check4 select * from tb_check;
INSERT 0 10
Time: 2394.405 ms
commit;
COMMIT
Time: 3423.267 ms
check.sh|2019-12-02 19:28:30|2019-12-02 19:28:39|9
Timing is on.
begin;
BEGIN
Time: 103.720 ms
truncate table tb_check4 ;
TRUNCATE TABLE
Time: 1227.426 ms
insert into tb_check4 select * from tb_check;
INSERT 0 10
Time: 1715.883 ms
commit;
COMMIT
Time: 7855.074 ms
check.sh|2019-12-02 19:28:40|2019-12-02 19:28:51|11
Timing is on.
begin;
BEGIN
Time: 89.341 ms
truncate table tb_check4 ;
TRUNCATE TABLE
Time: 10651.523 ms
insert into tb_check4 select * from tb_check;
INSERT 0 10
Time: 3047.588 ms
commit;
COMMIT
Time: 28896.522 ms
check.sh|2019-12-02 19:28:51|2019-12-02 19:29:34|43
Timing is on.
begin;
BEGIN
Time: 81.327 ms
truncate table tb_check4 ;
TRUNCATE TABLE
Time: 13853.885 ms
insert into tb_check4 select * from tb_check;
INSERT 0 10
Time: 2625.299 ms
commit;
COMMIT
Time: 3826.943 ms
check.sh|2019-12-02 19:29:34|2019-12-02 19:29:54|20
Timing is on.
begin;
BEGIN
Time: 64.076 ms
truncate table tb_check4 ;
TRUNCATE TABLE
Time: 935.021 ms
insert into tb_check4 select * from tb_check;
INSERT 0 10
Time: 1910.983 ms
commit;
COMMIT
Time: 9694.576 ms
check.sh|2019-12-02 19:29:55|2019-12-02 19:30:08|13
Timing is on.
begin;
BEGIN
Time: 102.920 ms
truncate table tb_check4 ;
TRUNCATE TABLE
Time: 40711.769 ms
insert into tb_check4 select * from tb_check;
INSERT 0 10
Time: 2599.286 ms
commit;
COMMIT
Time: 15478.913 ms
check.sh|2019-12-02 19:30:09|2019-12-02 19:31:08|59
Timing is on.
begin;
BEGIN
Time: 101.078 ms
truncate table tb_check4 ;
TRUNCATE TABLE
Time: 1378.954 ms
insert into tb_check4 select * from tb_check;
INSERT 0 10
Time: 2191.618 ms
commit;
COMMIT
Time: 4564.272 ms
check.sh|2019-12-02 19:31:10|2019-12-02 19:31:18|8
Timing is on.
begin;
BEGIN
Time: 99.074 ms
truncate table tb_check4 ;
TRUNCATE TABLE
Time: 2048.846 ms
insert into tb_check4 select * from tb_check;
INSERT 0 10
Time: 674.843 ms
commit;
COMMIT
Time: 13465.368 ms
check.sh|2019-12-02 19:31:18|2019-12-02 19:31:35|17
Timing is on.
begin;
BEGIN
Time: 69.915 ms
truncate table tb_check4 ;
TRUNCATE TABLE
Time: 86859.613 ms
insert into tb_check4 select * from tb_check;
INSERT 0 10
Time: 2107.269 ms
commit;
COMMIT
Time: 8475.111 ms
check.sh|2019-12-02 19:32:01|2019-12-02 19:33:38|97
Timing is on.
begin;
BEGIN
Time: 76.681 ms
truncate table tb_check4 ;
TRUNCATE TABLE
Time: 1157.863 ms
insert into tb_check4 select * from tb_check;
INSERT 0 10
Time: 1648.954 ms
commit;
COMMIT
Time: 6958.071 ms
check.sh|2019-12-02 19:33:39|2019-12-02 19:33:49|10
Timing is on.
begin;
BEGIN
Time: 72.544 ms
truncate table tb_check4 ;
TRUNCATE TABLE
Time: 14493.005 ms
insert into tb_check4 select * from tb_check;
INSERT 0 10
Time: 1755.791 ms
commit;
COMMIT
Time: 37707.917 ms
check.sh|2019-12-02 19:33:49|2019-12-02 19:34:43|54
Timing is on.
begin;
BEGIN
Time: 113.208 ms
truncate table tb_check4 ;
TRUNCATE TABLE
Time: 3970.121 ms
insert into tb_check4 select * from tb_check;
INSERT 0 10
Time: 2124.464 ms
commit;
COMMIT
Time: 8785.993 ms
check.sh|2019-12-02 19:34:44|2019-12-02 19:34:59|15
Timing is on.
begin;
BEGIN
Time: 85.287 ms
truncate table tb_check4 ;
TRUNCATE TABLE
Time: 2882.727 ms
insert into tb_check4 select * from tb_check;
INSERT 0 10
Time: 923.256 ms
commit;
COMMIT
Time: 6443.155 ms
check.sh|2019-12-02 19:35:00|2019-12-02 19:35:10|10
Timing is on.
begin;
BEGIN
Time: 63.236 ms
truncate table tb_check4 ;
TRUNCATE TABLE
Time: 8531.420 ms
insert into tb_check4 select * from tb_check;
INSERT 0 10
Time: 1955.252 ms
commit;
COMMIT
Time: 19291.233 ms
check.sh|2019-12-02 19:35:11|2019-12-02 19:35:41|30
Timing is on.
begin;
BEGIN
Time: 139.737 ms
truncate table tb_check4 ;
TRUNCATE TABLE
Time: 7304.657 ms
insert into tb_check4 select * from tb_check;
INSERT 0 10
Time: 962.622 ms
commit;
COMMIT
Time: 16608.636 ms
check.sh|2019-12-02 19:35:43|2019-12-02 19:36:08|25
Timing is on.
begin;
BEGIN
Time: 133.321 ms
truncate table tb_check4 ;
TRUNCATE TABLE
Time: 1950.018 ms
insert into tb_check4 select * from tb_check;
INSERT 0 10
Time: 1113.724 ms
commit;
COMMIT
Time: 7157.355 ms
check.sh|2019-12-02 19:36:10|2019-12-02 19:36:21|11
Timing is on.
begin;
BEGIN
Time: 67.961 ms
truncate table tb_check4 ;
TRUNCATE TABLE
Time: 3793.969 ms
insert into tb_check4 select * from tb_check;
INSERT 0 10
Time: 1925.544 ms
commit;
COMMIT
Time: 23097.747 ms
check.sh|2019-12-02 19:36:21|2019-12-02 19:36:50|29
Timing is on.
begin;
BEGIN
Time: 121.529 ms
truncate table tb_check4 ;
TRUNCATE TABLE
Time: 1413.934 ms
insert into tb_check4 select * from tb_check;
INSERT 0 10
Time: 876.408 ms
commit;
COMMIT
Time: 5407.886 ms
check.sh|2019-12-02 19:37:04|2019-12-02 19:37:12|8
Timing is on.
begin;
BEGIN
Time: 81.721 ms
truncate table tb_check4 ;
TRUNCATE TABLE
Time: 1866.505 ms
insert into tb_check4 select * from tb_check;
INSERT 0 10
Time: 1866.908 ms
commit;
COMMIT
Time: 25754.027 ms
check.sh|2019-12-02 19:37:27|2019-12-02 19:37:57|30
Timing is on.
begin;
BEGIN
Time: 81.108 ms
truncate table tb_check4 ;
TRUNCATE TABLE
Time: 1979.699 ms
insert into tb_check4 select * from tb_check;
INSERT 0 10
Time: 2006.086 ms
commit;
COMMIT
Time: 3141.482 ms
check.sh|2019-12-02 19:38:21|2019-12-02 19:38:28|7
Timing is on.
begin;
BEGIN
Time: 87.036 ms
truncate table tb_check4 ;
TRUNCATE TABLE
Time: 2339.195 ms
insert into tb_check4 select * from tb_check;
INSERT 0 10
Time: 1540.583 ms
commit;
COMMIT
Time: 3380.970 ms
check.sh|2019-12-02 19:38:29|2019-12-02 19:38:37|8
Timing is on.
begin;
BEGIN
Time: 74.560 ms
truncate table tb_check4 ;
TRUNCATE TABLE
Time: 2338.092 ms
insert into tb_check4 select * from tb_check;
INSERT 0 10
Time: 25493.855 ms
commit;
COMMIT
Time: 64542.242 ms
check.sh|2019-12-02 19:38:37|2019-12-02 19:40:10|93
Timing is on.
begin;
BEGIN
Time: 94.386 ms
truncate table tb_check4 ;
TRUNCATE TABLE
Time: 5553.893 ms
insert into tb_check4 select * from tb_check;
INSERT 0 10
Time: 2961.334 ms
commit;
COMMIT
Time: 3544.932 ms
check.sh|2019-12-02 19:40:10|2019-12-02 19:40:22|12
Timing is on.
begin;
BEGIN
Time: 66.509 ms
truncate table tb_check4 ;
TRUNCATE TABLE
Time: 3165.097 ms
insert into tb_check4 select * from tb_check;
INSERT 0 10
Time: 765.255 ms
commit;
COMMIT
Time: 8960.366 ms
check.sh|2019-12-02 19:40:23|2019-12-02 19:40:36|13
Timing is on.
begin;
BEGIN
Time: 98.653 ms
truncate table tb_check4 ;
TRUNCATE TABLE
Time: 24398.888 ms
insert into tb_check4 select * from tb_check;
INSERT 0 10
Time: 1169.949 ms
commit;
COMMIT
Time: 8386.210 ms
check.sh|2019-12-02 19:40:43|2019-12-02 19:41:18|35
Timing is on.
begin;
BEGIN
Time: 91.360 ms
truncate table tb_check4 ;
TRUNCATE TABLE
Time: 1331.178 ms
insert into tb_check4 select * from tb_check;
INSERT 0 10
Time: 1837.663 ms
commit;
COMMIT
Time: 5965.356 ms
check.sh|2019-12-02 19:41:18|2019-12-02 19:41:28|10
Timing is on.
begin;
BEGIN
Time: 89.976 ms
truncate table tb_check4 ;
TRUNCATE TABLE
Time: 3028.108 ms
insert into tb_check4 select * from tb_check;
INSERT 0 10
Time: 1270.680 ms
commit;
COMMIT
Time: 5387.136 ms
check.sh|2019-12-02 19:41:28|2019-12-02 19:41:38|10
Timing is on.
begin;
BEGIN
Time: 73.600 ms
truncate table tb_check4 ;
TRUNCATE TABLE
Time: 22744.672 ms
insert into tb_check4 select * from tb_check;
INSERT 0 10
Time: 2631.133 ms
commit;
COMMIT
Time: 3718.603 ms
check.sh|2019-12-02 19:41:55|2019-12-02 19:42:25|30
Timing is on.
begin;
BEGIN
Time: 71.697 ms
truncate table tb_check4 ;
TRUNCATE TABLE
Time: 900.133 ms
insert into tb_check4 select * from tb_check;
INSERT 0 10
Time: 1943.385 ms
commit;
COMMIT
Time: 4393.233 ms
check.sh|2019-12-02 19:42:27|2019-12-02 19:42:34|7
Timing is on.
begin;
BEGIN
Time: 83.132 ms
truncate table tb_check4 ;
TRUNCATE TABLE
Time: 2125.944 ms
insert into tb_check4 select * from tb_check;
INSERT 0 10
Time: 1674.010 ms
commit;
COMMIT
Time: 4793.700 ms
check.sh|2019-12-02 19:42:35|2019-12-02 19:42:44|9
Timing is on.
begin;
BEGIN
Time: 76.511 ms
truncate table tb_check4 ;
TRUNCATE TABLE
Time: 2243.207 ms
insert into tb_check4 select * from tb_check;
INSERT 0 10
Time: 2769.489 ms
commit;
COMMIT
Time: 4682.088 ms
check.sh|2019-12-02 19:42:45|2019-12-02 19:42:54|9
Timing is on.
begin;
BEGIN
Time: 77.122 ms
truncate table tb_check4 ;
TRUNCATE TABLE
Time: 2717.957 ms
insert into tb_check4 select * from tb_check;
INSERT 0 10
Time: 1476.653 ms
commit;
COMMIT
Time: 10570.709 ms
check.sh|2019-12-02 19:42:55|2019-12-02 19:43:10|15
Timing is on.
begin;
BEGIN
Time: 128.018 ms
truncate table tb_check4 ;
TRUNCATE TABLE
Time: 2062.346 ms
insert into tb_check4 select * from tb_check;
INSERT 0 10
Time: 1684.010 ms
commit;
COMMIT
Time: 62575.104 ms
check.sh|2019-12-02 19:43:10|2019-12-02 19:44:17|67
Timing is on.
begin;
BEGIN
Time: 82.405 ms
truncate table tb_check4 ;
TRUNCATE TABLE
Time: 1337.491 ms
insert into tb_check4 select * from tb_check;
INSERT 0 10
Time: 2001.579 ms
commit;
COMMIT
Time: 5609.041 ms
check.sh|2019-12-02 19:44:17|2019-12-02 19:44:26|9
Timing is on.
begin;
BEGIN
Time: 79.133 ms
truncate table tb_check4 ;
TRUNCATE TABLE
Time: 164454.949 ms
insert into tb_check4 select * from tb_check;
INSERT 0 10
Time: 58839.100 ms
commit;
COMMIT
Time: 227703.982 ms
check.sh|2019-12-02 19:44:27|2019-12-02 19:51:58|451
Timing is on.
begin;
BEGIN
Time: 101.783 ms
truncate table tb_check4 ;
TRUNCATE TABLE
Time: 859.391 ms
insert into tb_check4 select * from tb_check;
INSERT 0 10
Time: 2157.779 ms
commit;
COMMIT
Time: 63507.224 ms
check.sh|2019-12-02 19:51:58|2019-12-02 19:53:05|67
Timing is on.
begin;
BEGIN
Time: 62.434 ms
truncate table tb_check4 ;
TRUNCATE TABLE
Time: 65341.062 ms
insert into tb_check4 select * from tb_check;
INSERT 0 10
Time: 2644.745 ms
commit;
COMMIT
Time: 28841.139 ms
check.sh|2019-12-02 19:53:29|2019-12-02 19:55:06|97
Timing is on.
begin;
BEGIN
Time: 83.677 ms
truncate table tb_check4 ;
TRUNCATE TABLE
Time: 8742.591 ms
insert into tb_check4 select * from tb_check;
INSERT 0 10
Time: 1469.104 ms
commit;
COMMIT
Time: 2069.590 ms
check.sh|2019-12-02 19:55:10|2019-12-02 19:55:22|12
Timing is on.
begin;
BEGIN
Time: 83.196 ms
truncate table tb_check4 ;
TRUNCATE TABLE
Time: 1657.034 ms
insert into tb_check4 select * from tb_check;
INSERT 0 10
Time: 1632.186 ms
commit;
COMMIT
Time: 5031.921 ms
check.sh|2019-12-02 19:55:23|2019-12-02 19:55:32|9
Timing is on.
begin;
BEGIN
Time: 68.551 ms
truncate table tb_check4 ;
TRUNCATE TABLE
Time: 16975.193 ms
insert into tb_check4 select * from tb_check;
INSERT 0 10
Time: 9891.232 ms
commit;
COMMIT
Time: 16951.944 ms
check.sh|2019-12-02 19:55:34|2019-12-02 19:56:18|44
Timing is on.
begin;
BEGIN
Time: 132.381 ms
truncate table tb_check4 ;
TRUNCATE TABLE
Time: 1716.218 ms
insert into tb_check4 select * from tb_check;
INSERT 0 10
Time: 2256.409 ms
commit;
COMMIT
Time: 2267.220 ms
check.sh|2019-12-02 19:56:20|2019-12-02 19:56:26|6
Timing is on.
begin;
BEGIN
Time: 133.857 ms
truncate table tb_check4 ;
TRUNCATE TABLE
Time: 1177.261 ms
insert into tb_check4 select * from tb_check;
INSERT 0 10
Time: 1672.853 ms
commit;
COMMIT
Time: 7387.787 ms
check.sh|2019-12-02 19:56:27|2019-12-02 19:56:37|10
Timing is on.
begin;
BEGIN
Time: 69.316 ms
truncate table tb_check4 ;
TRUNCATE TABLE
Time: 9406.836 ms
insert into tb_check4 select * from tb_check;
INSERT 0 10
Time: 2407.295 ms
commit;
COMMIT
Time: 29436.651 ms
check.sh|2019-12-02 19:56:38|2019-12-02 19:57:20|42
Timing is on.
begin;
BEGIN
Time: 83.990 ms
truncate table tb_check4 ;
TRUNCATE TABLE
Time: 1777.179 ms
insert into tb_check4 select * from tb_check;
INSERT 0 10
Time: 1628.225 ms
commit;
COMMIT
Time: 4688.743 ms
check.sh|2019-12-02 19:57:20|2019-12-02 19:57:28|8
Timing is on.
begin;
BEGIN
Time: 75.936 ms
truncate table tb_check4 ;
TRUNCATE TABLE
Time: 5386.289 ms
insert into tb_check4 select * from tb_check;
INSERT 0 10
Time: 910.799 ms
commit;
COMMIT
Time: 13702.250 ms
check.sh|2019-12-02 19:57:29|2019-12-02 19:57:50|21
