Timing is on.
begin;
BEGIN
Time: 136.556 ms
commit;
COMMIT
Time: 1586.214 ms
commit.sh|2019-12-02 18:57:33|2019-12-02 18:57:35|2
Timing is on.
begin;
BEGIN
Time: 116.291 ms
commit;
COMMIT
Time: 1714.417 ms
commit.sh|2019-12-02 18:57:35|2019-12-02 18:57:36|1
Timing is on.
begin;
BEGIN
Time: 154.810 ms
commit;
COMMIT
Time: 3671.732 ms
commit.sh|2019-12-02 18:57:36|2019-12-02 18:57:40|4
Timing is on.
begin;
BEGIN
Time: 106.403 ms
commit;
COMMIT
Time: 2679.493 ms
commit.sh|2019-12-02 18:57:40|2019-12-02 18:57:43|3
Timing is on.
begin;
BEGIN
Time: 96.817 ms
commit;
COMMIT
Time: 1682.609 ms
commit.sh|2019-12-02 18:57:43|2019-12-02 18:57:45|2
Timing is on.
begin;
BEGIN
Time: 179.901 ms
commit;
COMMIT
Time: 5750.482 ms
commit.sh|2019-12-02 18:57:45|2019-12-02 18:57:51|6
Timing is on.
begin;
BEGIN
Time: 84.024 ms
commit;
COMMIT
Time: 3822.502 ms
commit.sh|2019-12-02 18:57:51|2019-12-02 18:57:55|4
Timing is on.
begin;
BEGIN
Time: 67.303 ms
commit;
COMMIT
Time: 2421.468 ms
commit.sh|2019-12-02 18:57:55|2019-12-02 18:57:57|2
Timing is on.
begin;
BEGIN
Time: 74.978 ms
commit;
COMMIT
Time: 1230.830 ms
commit.sh|2019-12-02 18:57:57|2019-12-02 18:57:59|2
Timing is on.
begin;
BEGIN
Time: 91.376 ms
commit;
COMMIT
Time: 1288.190 ms
commit.sh|2019-12-02 18:57:59|2019-12-02 18:58:00|1
Timing is on.
begin;
BEGIN
Time: 181.660 ms
commit;
COMMIT
Time: 1516.147 ms
commit.sh|2019-12-02 18:58:00|2019-12-02 18:58:02|2
Timing is on.
begin;
BEGIN
Time: 171.408 ms
commit;
COMMIT
Time: 1767.023 ms
commit.sh|2019-12-02 18:58:02|2019-12-02 18:58:04|2
Timing is on.
begin;
BEGIN
Time: 82.421 ms
commit;
COMMIT
Time: 4622.462 ms
commit.sh|2019-12-02 18:58:04|2019-12-02 18:58:09|5
Timing is on.
begin;
BEGIN
Time: 82.544 ms
commit;
COMMIT
Time: 534.363 ms
commit.sh|2019-12-02 18:58:09|2019-12-02 18:58:09|0
Timing is on.
begin;
BEGIN
Time: 67.638 ms
commit;
COMMIT
Time: 1514.918 ms
commit.sh|2019-12-02 18:58:09|2019-12-02 18:58:11|2
Timing is on.
begin;
BEGIN
Time: 135.648 ms
commit;
COMMIT
Time: 1649.083 ms
commit.sh|2019-12-02 18:58:11|2019-12-02 18:58:13|2
Timing is on.
begin;
BEGIN
Time: 180.788 ms
commit;
COMMIT
Time: 1847.336 ms
commit.sh|2019-12-02 18:58:13|2019-12-02 18:58:15|2
Timing is on.
begin;
BEGIN
Time: 141.529 ms
commit;
COMMIT
Time: 10225.059 ms
commit.sh|2019-12-02 18:58:15|2019-12-02 18:58:25|10
Timing is on.
begin;
BEGIN
Time: 141.203 ms
commit;
COMMIT
Time: 2736.156 ms
commit.sh|2019-12-02 18:58:25|2019-12-02 18:58:28|3
Timing is on.
begin;
BEGIN
Time: 80.705 ms
commit;
COMMIT
Time: 4447.491 ms
commit.sh|2019-12-02 18:58:28|2019-12-02 18:58:33|5
Timing is on.
begin;
BEGIN
Time: 140.895 ms
commit;
COMMIT
Time: 3135.050 ms
commit.sh|2019-12-02 18:58:33|2019-12-02 18:58:36|3
Timing is on.
begin;
BEGIN
Time: 95.511 ms
commit;
COMMIT
Time: 2815.475 ms
commit.sh|2019-12-02 18:58:36|2019-12-02 18:58:39|3
Timing is on.
begin;
BEGIN
Time: 93.544 ms
commit;
COMMIT
Time: 473.463 ms
commit.sh|2019-12-02 18:58:39|2019-12-02 18:58:40|1
Timing is on.
begin;
BEGIN
Time: 74.459 ms
commit;
COMMIT
Time: 5749.055 ms
commit.sh|2019-12-02 18:58:40|2019-12-02 18:58:46|6
Timing is on.
begin;
BEGIN
Time: 92.465 ms
commit;
COMMIT
Time: 9766.005 ms
commit.sh|2019-12-02 18:58:46|2019-12-02 18:58:55|9
Timing is on.
begin;
BEGIN
Time: 87.937 ms
commit;
COMMIT
Time: 1604.970 ms
commit.sh|2019-12-02 18:58:55|2019-12-02 18:58:57|2
Timing is on.
begin;
BEGIN
Time: 75.823 ms
commit;
COMMIT
Time: 3164.019 ms
commit.sh|2019-12-02 18:58:57|2019-12-02 18:59:00|3
Timing is on.
begin;
BEGIN
Time: 81.384 ms
commit;
COMMIT
Time: 8558.717 ms
commit.sh|2019-12-02 18:59:00|2019-12-02 18:59:09|9
Timing is on.
begin;
BEGIN
Time: 115.637 ms
commit;
COMMIT
Time: 6583.574 ms
commit.sh|2019-12-02 18:59:09|2019-12-02 18:59:16|7
Timing is on.
begin;
BEGIN
Time: 92.360 ms
commit;
COMMIT
Time: 2026.600 ms
commit.sh|2019-12-02 18:59:16|2019-12-02 18:59:18|2
Timing is on.
begin;
BEGIN
Time: 76.749 ms
commit;
COMMIT
Time: 1332.544 ms
commit.sh|2019-12-02 18:59:18|2019-12-02 18:59:19|1
Timing is on.
begin;
BEGIN
Time: 173.047 ms
commit;
COMMIT
Time: 779.128 ms
commit.sh|2019-12-02 18:59:19|2019-12-02 18:59:20|1
Timing is on.
begin;
BEGIN
Time: 158.189 ms
commit;
COMMIT
Time: 2668.095 ms
commit.sh|2019-12-02 18:59:20|2019-12-02 18:59:23|3
Timing is on.
begin;
BEGIN
Time: 92.526 ms
commit;
COMMIT
Time: 2892.510 ms
commit.sh|2019-12-02 18:59:23|2019-12-02 18:59:26|3
Timing is on.
begin;
BEGIN
Time: 124.980 ms
commit;
COMMIT
Time: 1561.865 ms
commit.sh|2019-12-02 18:59:26|2019-12-02 18:59:28|2
Timing is on.
begin;
BEGIN
Time: 77.188 ms
commit;
COMMIT
Time: 803.940 ms
commit.sh|2019-12-02 18:59:28|2019-12-02 18:59:29|1
Timing is on.
begin;
BEGIN
Time: 206.862 ms
commit;
COMMIT
Time: 1517.002 ms
commit.sh|2019-12-02 18:59:29|2019-12-02 18:59:31|2
Timing is on.
begin;
BEGIN
Time: 154.841 ms
commit;
COMMIT
Time: 4091.945 ms
commit.sh|2019-12-02 18:59:31|2019-12-02 18:59:35|4
Timing is on.
begin;
BEGIN
Time: 86.132 ms
commit;
COMMIT
Time: 3905.906 ms
commit.sh|2019-12-02 18:59:35|2019-12-02 18:59:39|4
Timing is on.
begin;
BEGIN
Time: 114.392 ms
commit;
COMMIT
Time: 3226.906 ms
commit.sh|2019-12-02 18:59:39|2019-12-02 18:59:42|3
Timing is on.
begin;
BEGIN
Time: 73.030 ms
commit;
COMMIT
Time: 2901.239 ms
commit.sh|2019-12-02 18:59:42|2019-12-02 18:59:45|3
Timing is on.
begin;
BEGIN
Time: 108.580 ms
commit;
COMMIT
Time: 6268.874 ms
commit.sh|2019-12-02 18:59:45|2019-12-02 18:59:52|7
Timing is on.
begin;
BEGIN
Time: 110.798 ms
commit;
COMMIT
Time: 5794.221 ms
commit.sh|2019-12-02 18:59:52|2019-12-02 18:59:58|6
Timing is on.
begin;
BEGIN
Time: 95.331 ms
commit;
COMMIT
Time: 2219.919 ms
commit.sh|2019-12-02 18:59:58|2019-12-02 19:00:00|2
Timing is on.
begin;
BEGIN
Time: 64.779 ms
commit;
COMMIT
Time: 3267.197 ms
commit.sh|2019-12-02 19:00:00|2019-12-02 19:00:04|4
Timing is on.
begin;
BEGIN
Time: 176.867 ms
commit;
COMMIT
Time: 2290.546 ms
commit.sh|2019-12-02 19:00:04|2019-12-02 19:00:06|2
Timing is on.
begin;
BEGIN
Time: 88.616 ms
commit;
COMMIT
Time: 5942.886 ms
commit.sh|2019-12-02 19:00:06|2019-12-02 19:00:12|6
Timing is on.
begin;
BEGIN
Time: 87.119 ms
commit;
COMMIT
Time: 5610.633 ms
commit.sh|2019-12-02 19:00:12|2019-12-02 19:00:18|6
Timing is on.
begin;
BEGIN
Time: 118.548 ms
commit;
COMMIT
Time: 3805.035 ms
commit.sh|2019-12-02 19:00:18|2019-12-02 19:00:22|4
Timing is on.
begin;
BEGIN
Time: 131.399 ms
commit;
COMMIT
Time: 5720.474 ms
commit.sh|2019-12-02 19:00:22|2019-12-02 19:00:28|6
Timing is on.
begin;
BEGIN
Time: 91.702 ms
commit;
COMMIT
Time: 1853.431 ms
commit.sh|2019-12-02 19:00:28|2019-12-02 19:00:30|2
Timing is on.
begin;
BEGIN
Time: 70.443 ms
commit;
COMMIT
Time: 2810.255 ms
commit.sh|2019-12-02 19:00:30|2019-12-02 19:00:33|3
Timing is on.
begin;
BEGIN
Time: 157.599 ms
commit;
COMMIT
Time: 2330.672 ms
commit.sh|2019-12-02 19:00:33|2019-12-02 19:00:35|2
Timing is on.
begin;
BEGIN
Time: 89.941 ms
commit;
COMMIT
Time: 5507.537 ms
commit.sh|2019-12-02 19:00:35|2019-12-02 19:00:41|6
Timing is on.
begin;
BEGIN
Time: 102.235 ms
commit;
COMMIT
Time: 4611.701 ms
commit.sh|2019-12-02 19:00:41|2019-12-02 19:00:46|5
Timing is on.
begin;
BEGIN
Time: 91.505 ms
commit;
COMMIT
Time: 3126.430 ms
commit.sh|2019-12-02 19:00:46|2019-12-02 19:00:49|3
Timing is on.
begin;
BEGIN
Time: 151.167 ms
commit;
COMMIT
Time: 5793.715 ms
commit.sh|2019-12-02 19:00:49|2019-12-02 19:00:55|6
Timing is on.
begin;
BEGIN
Time: 106.589 ms
commit;
COMMIT
Time: 2286.281 ms
commit.sh|2019-12-02 19:00:55|2019-12-02 19:00:57|2
Timing is on.
begin;
BEGIN
Time: 67.668 ms
commit;
COMMIT
Time: 970.357 ms
commit.sh|2019-12-02 19:00:57|2019-12-02 19:00:58|1
Timing is on.
begin;
BEGIN
Time: 103.162 ms
commit;
COMMIT
Time: 1468.311 ms
commit.sh|2019-12-02 19:00:59|2019-12-02 19:01:00|1
Timing is on.
begin;
BEGIN
Time: 140.736 ms
commit;
COMMIT
Time: 2531.118 ms
commit.sh|2019-12-02 19:01:00|2019-12-02 19:01:03|3
Timing is on.
begin;
BEGIN
Time: 177.200 ms
commit;
COMMIT
Time: 2455.398 ms
commit.sh|2019-12-02 19:01:03|2019-12-02 19:01:06|3
Timing is on.
begin;
BEGIN
Time: 84.366 ms
commit;
COMMIT
Time: 2464.896 ms
commit.sh|2019-12-02 19:01:06|2019-12-02 19:01:08|2
Timing is on.
begin;
BEGIN
Time: 122.613 ms
commit;
COMMIT
Time: 2394.607 ms
commit.sh|2019-12-02 19:01:08|2019-12-02 19:01:11|3
Timing is on.
begin;
BEGIN
Time: 97.692 ms
commit;
COMMIT
Time: 3096.211 ms
commit.sh|2019-12-02 19:01:11|2019-12-02 19:01:14|3
Timing is on.
begin;
BEGIN
Time: 145.482 ms
commit;
COMMIT
Time: 1347.110 ms
commit.sh|2019-12-02 19:01:14|2019-12-02 19:01:15|1
Timing is on.
begin;
BEGIN
Time: 184.508 ms
commit;
COMMIT
Time: 6794.865 ms
commit.sh|2019-12-02 19:01:15|2019-12-02 19:01:22|7
Timing is on.
begin;
BEGIN
Time: 99.360 ms
commit;
COMMIT
Time: 4067.668 ms
commit.sh|2019-12-02 19:01:23|2019-12-02 19:01:27|4
Timing is on.
begin;
BEGIN
Time: 68.746 ms
commit;
COMMIT
Time: 3304.154 ms
commit.sh|2019-12-02 19:01:27|2019-12-02 19:01:30|3
Timing is on.
begin;
BEGIN
Time: 88.272 ms
commit;
COMMIT
Time: 2941.954 ms
commit.sh|2019-12-02 19:01:30|2019-12-02 19:01:33|3
Timing is on.
begin;
BEGIN
Time: 109.320 ms
commit;
COMMIT
Time: 2475.879 ms
commit.sh|2019-12-02 19:01:33|2019-12-02 19:01:36|3
Timing is on.
begin;
BEGIN
Time: 151.315 ms
commit;
COMMIT
Time: 1717.289 ms
commit.sh|2019-12-02 19:01:36|2019-12-02 19:01:38|2
Timing is on.
begin;
BEGIN
Time: 215.688 ms
commit;
COMMIT
Time: 1871.799 ms
commit.sh|2019-12-02 19:01:38|2019-12-02 19:01:40|2
Timing is on.
begin;
BEGIN
Time: 110.948 ms
commit;
COMMIT
Time: 552.450 ms
commit.sh|2019-12-02 19:01:40|2019-12-02 19:01:41|1
Timing is on.
begin;
BEGIN
Time: 135.378 ms
commit;
COMMIT
Time: 16639.644 ms
commit.sh|2019-12-02 19:01:41|2019-12-02 19:01:57|16
Timing is on.
begin;
BEGIN
Time: 73.159 ms
commit;
COMMIT
Time: 2222.243 ms
commit.sh|2019-12-02 19:01:57|2019-12-02 19:02:00|3
Timing is on.
begin;
BEGIN
Time: 65.796 ms
commit;
COMMIT
Time: 2410.925 ms
commit.sh|2019-12-02 19:02:00|2019-12-02 19:02:02|2
Timing is on.
begin;
BEGIN
Time: 64.523 ms
commit;
COMMIT
Time: 4845.820 ms
commit.sh|2019-12-02 19:02:02|2019-12-02 19:02:07|5
Timing is on.
begin;
BEGIN
Time: 69.124 ms
commit;
COMMIT
Time: 6840.974 ms
commit.sh|2019-12-02 19:02:07|2019-12-02 19:02:14|7
Timing is on.
begin;
BEGIN
Time: 75.040 ms
commit;
COMMIT
Time: 3380.750 ms
commit.sh|2019-12-02 19:02:14|2019-12-02 19:02:18|4
Timing is on.
begin;
BEGIN
Time: 108.030 ms
commit;
COMMIT
Time: 1243.034 ms
commit.sh|2019-12-02 19:02:18|2019-12-02 19:02:19|1
Timing is on.
begin;
BEGIN
Time: 68.967 ms
commit;
COMMIT
Time: 965.531 ms
commit.sh|2019-12-02 19:02:19|2019-12-02 19:02:20|1
Timing is on.
begin;
BEGIN
Time: 179.292 ms
commit;
COMMIT
Time: 797.231 ms
commit.sh|2019-12-02 19:02:20|2019-12-02 19:02:21|1
Timing is on.
begin;
BEGIN
Time: 185.478 ms
commit;
COMMIT
Time: 577.759 ms
commit.sh|2019-12-02 19:02:21|2019-12-02 19:02:22|1
Timing is on.
begin;
BEGIN
Time: 170.506 ms
commit;
COMMIT
Time: 1022.095 ms
commit.sh|2019-12-02 19:02:22|2019-12-02 19:02:23|1
Timing is on.
begin;
BEGIN
Time: 153.561 ms
commit;
COMMIT
Time: 2213.093 ms
commit.sh|2019-12-02 19:02:23|2019-12-02 19:02:26|3
Timing is on.
begin;
BEGIN
Time: 115.230 ms
commit;
COMMIT
Time: 1206.189 ms
commit.sh|2019-12-02 19:02:26|2019-12-02 19:02:27|1
Timing is on.
begin;
BEGIN
Time: 97.469 ms
commit;
COMMIT
Time: 2377.897 ms
commit.sh|2019-12-02 19:02:27|2019-12-02 19:02:30|3
Timing is on.
begin;
BEGIN
Time: 171.209 ms
commit;
COMMIT
Time: 3490.653 ms
commit.sh|2019-12-02 19:02:30|2019-12-02 19:02:33|3
Timing is on.
begin;
BEGIN
Time: 88.366 ms
commit;
COMMIT
Time: 3482.114 ms
commit.sh|2019-12-02 19:02:33|2019-12-02 19:02:37|4
Timing is on.
begin;
BEGIN
Time: 70.942 ms
commit;
COMMIT
Time: 2538.776 ms
commit.sh|2019-12-02 19:02:37|2019-12-02 19:02:39|2
Timing is on.
begin;
BEGIN
Time: 68.626 ms
commit;
COMMIT
Time: 2336.886 ms
commit.sh|2019-12-02 19:02:40|2019-12-02 19:02:42|2
Timing is on.
begin;
BEGIN
Time: 154.282 ms
commit;
COMMIT
Time: 528.971 ms
commit.sh|2019-12-02 19:02:42|2019-12-02 19:02:43|1
Timing is on.
begin;
BEGIN
Time: 208.264 ms
commit;
COMMIT
Time: 830.896 ms
commit.sh|2019-12-02 19:02:43|2019-12-02 19:02:44|1
Timing is on.
begin;
BEGIN
Time: 199.746 ms
commit;
COMMIT
Time: 401.535 ms
commit.sh|2019-12-02 19:02:44|2019-12-02 19:02:44|0
Timing is on.
begin;
BEGIN
Time: 189.541 ms
commit;
COMMIT
Time: 999.363 ms
commit.sh|2019-12-02 19:02:44|2019-12-02 19:02:46|2
Timing is on.
begin;
BEGIN
Time: 97.614 ms
commit;
COMMIT
Time: 2559.979 ms
commit.sh|2019-12-02 19:02:46|2019-12-02 19:02:48|2
Timing is on.
begin;
BEGIN
Time: 96.442 ms
commit;
COMMIT
Time: 604.701 ms
commit.sh|2019-12-02 19:02:48|2019-12-02 19:02:49|1
Timing is on.
begin;
BEGIN
Time: 66.272 ms
commit;
COMMIT
Time: 1283.156 ms
commit.sh|2019-12-02 19:02:49|2019-12-02 19:02:50|1
Timing is on.
begin;
BEGIN
Time: 77.142 ms
commit;
COMMIT
Time: 1771.170 ms
commit.sh|2019-12-02 19:02:51|2019-12-02 19:02:52|1
Timing is on.
begin;
BEGIN
Time: 178.212 ms
commit;
COMMIT
Time: 3116.436 ms
commit.sh|2019-12-02 19:02:52|2019-12-02 19:02:56|4
Timing is on.
begin;
BEGIN
Time: 82.335 ms
commit;
COMMIT
Time: 5710.234 ms
commit.sh|2019-12-02 19:02:56|2019-12-02 19:03:02|6
Timing is on.
begin;
BEGIN
Time: 73.431 ms
commit;
COMMIT
Time: 2101.113 ms
commit.sh|2019-12-02 19:03:02|2019-12-02 19:03:04|2
Timing is on.
begin;
BEGIN
Time: 71.089 ms
commit;
COMMIT
Time: 1882.414 ms
commit.sh|2019-12-02 19:03:04|2019-12-02 19:03:06|2
Timing is on.
begin;
BEGIN
Time: 139.601 ms
commit;
COMMIT
Time: 2947.566 ms
commit.sh|2019-12-02 19:03:06|2019-12-02 19:03:09|3
Timing is on.
begin;
BEGIN
Time: 139.074 ms
commit;
COMMIT
Time: 7442.575 ms
commit.sh|2019-12-02 19:03:09|2019-12-02 19:03:16|7
Timing is on.
begin;
BEGIN
Time: 106.523 ms
commit;
COMMIT
Time: 19903.525 ms
commit.sh|2019-12-02 19:03:17|2019-12-02 19:03:37|20
Timing is on.
begin;
BEGIN
Time: 138.620 ms
commit;
COMMIT
Time: 2350.166 ms
commit.sh|2019-12-02 19:03:37|2019-12-02 19:03:39|2
Timing is on.
begin;
BEGIN
Time: 97.009 ms
commit;
COMMIT
Time: 3737.840 ms
commit.sh|2019-12-02 19:03:39|2019-12-02 19:03:43|4
Timing is on.
begin;
BEGIN
Time: 70.774 ms
commit;
COMMIT
Time: 13714.741 ms
commit.sh|2019-12-02 19:03:43|2019-12-02 19:03:57|14
Timing is on.
begin;
BEGIN
Time: 82.075 ms
commit;
COMMIT
Time: 5781.776 ms
commit.sh|2019-12-02 19:03:57|2019-12-02 19:04:03|6
Timing is on.
begin;
BEGIN
Time: 77.844 ms
commit;
COMMIT
Time: 4784.046 ms
commit.sh|2019-12-02 19:04:03|2019-12-02 19:04:08|5
Timing is on.
begin;
BEGIN
Time: 150.270 ms
commit;
COMMIT
Time: 1003.149 ms
commit.sh|2019-12-02 19:04:08|2019-12-02 19:04:09|1
Timing is on.
begin;
BEGIN
Time: 162.146 ms
commit;
COMMIT
Time: 1437.850 ms
commit.sh|2019-12-02 19:04:09|2019-12-02 19:04:10|1
Timing is on.
begin;
BEGIN
Time: 159.932 ms
commit;
COMMIT
Time: 2798.886 ms
commit.sh|2019-12-02 19:04:10|2019-12-02 19:04:13|3
Timing is on.
begin;
BEGIN
Time: 85.754 ms
commit;
COMMIT
Time: 1650.033 ms
commit.sh|2019-12-02 19:04:13|2019-12-02 19:04:15|2
Timing is on.
begin;
BEGIN
Time: 67.065 ms
commit;
COMMIT
Time: 752.413 ms
commit.sh|2019-12-02 19:04:15|2019-12-02 19:04:16|1
Timing is on.
begin;
BEGIN
Time: 154.975 ms
commit;
COMMIT
Time: 1536.775 ms
commit.sh|2019-12-02 19:04:16|2019-12-02 19:04:18|2
Timing is on.
begin;
BEGIN
Time: 165.477 ms
commit;
COMMIT
Time: 3262.524 ms
commit.sh|2019-12-02 19:04:18|2019-12-02 19:04:21|3
Timing is on.
begin;
BEGIN
Time: 98.367 ms
commit;
COMMIT
Time: 2190.609 ms
commit.sh|2019-12-02 19:04:21|2019-12-02 19:04:24|3
Timing is on.
begin;
BEGIN
Time: 71.895 ms
commit;
COMMIT
Time: 6380.894 ms
commit.sh|2019-12-02 19:04:24|2019-12-02 19:04:30|6
Timing is on.
begin;
BEGIN
Time: 145.314 ms
commit;
COMMIT
Time: 5856.016 ms
commit.sh|2019-12-02 19:04:30|2019-12-02 19:04:36|6
Timing is on.
begin;
BEGIN
Time: 90.134 ms
commit;
COMMIT
Time: 6733.999 ms
commit.sh|2019-12-02 19:04:36|2019-12-02 19:04:43|7
Timing is on.
begin;
BEGIN
Time: 91.221 ms
commit;
COMMIT
Time: 1820.782 ms
commit.sh|2019-12-02 19:04:43|2019-12-02 19:04:45|2
Timing is on.
begin;
BEGIN
Time: 70.987 ms
commit;
COMMIT
Time: 737.108 ms
commit.sh|2019-12-02 19:04:45|2019-12-02 19:04:46|1
Timing is on.
begin;
BEGIN
Time: 95.991 ms
commit;
COMMIT
Time: 2801.673 ms
commit.sh|2019-12-02 19:04:46|2019-12-02 19:04:49|3
Timing is on.
begin;
BEGIN
Time: 145.837 ms
commit;
COMMIT
Time: 2067.104 ms
commit.sh|2019-12-02 19:04:49|2019-12-02 19:04:51|2
Timing is on.
begin;
BEGIN
Time: 125.545 ms
commit;
COMMIT
Time: 8488.827 ms
commit.sh|2019-12-02 19:04:51|2019-12-02 19:05:00|9
Timing is on.
begin;
BEGIN
Time: 77.267 ms
commit;
COMMIT
Time: 1702.329 ms
commit.sh|2019-12-02 19:05:00|2019-12-02 19:05:01|1
Timing is on.
begin;
BEGIN
Time: 92.458 ms
commit;
COMMIT
Time: 857.589 ms
commit.sh|2019-12-02 19:05:01|2019-12-02 19:05:02|1
Timing is on.
begin;
BEGIN
Time: 121.967 ms
commit;
COMMIT
Time: 2044.744 ms
commit.sh|2019-12-02 19:05:02|2019-12-02 19:05:05|3
Timing is on.
begin;
BEGIN
Time: 121.738 ms
commit;
COMMIT
Time: 5352.432 ms
commit.sh|2019-12-02 19:05:05|2019-12-02 19:05:10|5
Timing is on.
begin;
BEGIN
Time: 103.462 ms
commit;
COMMIT
Time: 4410.271 ms
commit.sh|2019-12-02 19:05:10|2019-12-02 19:05:15|5
Timing is on.
begin;
BEGIN
Time: 86.787 ms
commit;
COMMIT
Time: 5953.879 ms
commit.sh|2019-12-02 19:05:15|2019-12-02 19:05:21|6
Timing is on.
begin;
BEGIN
Time: 135.578 ms
commit;
COMMIT
Time: 2539.370 ms
commit.sh|2019-12-02 19:05:21|2019-12-02 19:05:24|3
Timing is on.
begin;
BEGIN
Time: 151.914 ms
commit;
COMMIT
Time: 1873.260 ms
commit.sh|2019-12-02 19:05:24|2019-12-02 19:05:26|2
Timing is on.
begin;
BEGIN
Time: 117.826 ms
commit;
COMMIT
Time: 3822.630 ms
commit.sh|2019-12-02 19:05:26|2019-12-02 19:05:30|4
Timing is on.
begin;
BEGIN
Time: 69.530 ms
commit;
COMMIT
Time: 984.249 ms
commit.sh|2019-12-02 19:05:30|2019-12-02 19:05:31|1
Timing is on.
begin;
BEGIN
Time: 127.994 ms
commit;
COMMIT
Time: 3761.349 ms
commit.sh|2019-12-02 19:05:31|2019-12-02 19:05:35|4
Timing is on.
begin;
BEGIN
Time: 65.888 ms
commit;
COMMIT
Time: 4840.947 ms
commit.sh|2019-12-02 19:05:35|2019-12-02 19:05:40|5
Timing is on.
begin;
BEGIN
Time: 65.004 ms
commit;
COMMIT
Time: 1526.731 ms
commit.sh|2019-12-02 19:05:40|2019-12-02 19:05:41|1
Timing is on.
begin;
BEGIN
Time: 103.767 ms
commit;
COMMIT
Time: 10888.888 ms
commit.sh|2019-12-02 19:05:41|2019-12-02 19:05:52|11
Timing is on.
begin;
BEGIN
Time: 115.800 ms
commit;
COMMIT
Time: 4929.703 ms
commit.sh|2019-12-02 19:05:52|2019-12-02 19:05:57|5
Timing is on.
begin;
BEGIN
Time: 96.949 ms
commit;
COMMIT
Time: 13075.274 ms
commit.sh|2019-12-02 19:05:57|2019-12-02 19:06:11|14
Timing is on.
begin;
BEGIN
Time: 82.291 ms
commit;
COMMIT
Time: 10200.346 ms
commit.sh|2019-12-02 19:06:11|2019-12-02 19:06:21|10
Timing is on.
begin;
BEGIN
Time: 75.141 ms
commit;
COMMIT
Time: 1402.322 ms
commit.sh|2019-12-02 19:06:21|2019-12-02 19:06:22|1
Timing is on.
begin;
BEGIN
Time: 148.911 ms
commit;
COMMIT
Time: 982.088 ms
commit.sh|2019-12-02 19:06:22|2019-12-02 19:06:24|2
Timing is on.
begin;
BEGIN
Time: 165.188 ms
commit;
COMMIT
Time: 1073.986 ms
commit.sh|2019-12-02 19:06:24|2019-12-02 19:06:25|1
Timing is on.
begin;
BEGIN
Time: 191.416 ms
commit;
COMMIT
Time: 483.475 ms
commit.sh|2019-12-02 19:06:25|2019-12-02 19:06:26|1
Timing is on.
begin;
BEGIN
Time: 176.965 ms
commit;
COMMIT
Time: 1021.864 ms
commit.sh|2019-12-02 19:06:26|2019-12-02 19:06:27|1
Timing is on.
begin;
BEGIN
Time: 95.470 ms
commit;
COMMIT
Time: 5206.490 ms
commit.sh|2019-12-02 19:06:27|2019-12-02 19:06:32|5
Timing is on.
begin;
BEGIN
Time: 83.897 ms
commit;
COMMIT
Time: 2617.421 ms
commit.sh|2019-12-02 19:06:32|2019-12-02 19:06:35|3
Timing is on.
begin;
BEGIN
Time: 163.583 ms
commit;
COMMIT
Time: 7081.650 ms
commit.sh|2019-12-02 19:06:35|2019-12-02 19:06:42|7
Timing is on.
begin;
BEGIN
Time: 94.399 ms
commit;
COMMIT
Time: 62077.619 ms
commit.sh|2019-12-02 19:06:42|2019-12-02 19:07:45|63
Timing is on.
begin;
BEGIN
Time: 80.180 ms
commit;
COMMIT
Time: 539.860 ms
commit.sh|2019-12-02 19:07:45|2019-12-02 19:07:45|0
Timing is on.
begin;
BEGIN
Time: 150.722 ms
commit;
COMMIT
Time: 1352.723 ms
commit.sh|2019-12-02 19:07:45|2019-12-02 19:07:47|2
Timing is on.
begin;
BEGIN
Time: 171.763 ms
commit;
COMMIT
Time: 948.771 ms
commit.sh|2019-12-02 19:07:47|2019-12-02 19:07:48|1
Timing is on.
begin;
BEGIN
Time: 242.206 ms
commit;
COMMIT
Time: 546.368 ms
commit.sh|2019-12-02 19:07:48|2019-12-02 19:07:49|1
Timing is on.
begin;
BEGIN
Time: 176.576 ms
commit;
COMMIT
Time: 4334.484 ms
commit.sh|2019-12-02 19:07:49|2019-12-02 19:07:53|4
Timing is on.
begin;
BEGIN
Time: 70.153 ms
commit;
COMMIT
Time: 2187.034 ms
commit.sh|2019-12-02 19:07:53|2019-12-02 19:07:56|3
Timing is on.
begin;
BEGIN
Time: 93.316 ms
commit;
COMMIT
Time: 11715.535 ms
commit.sh|2019-12-02 19:07:56|2019-12-02 19:08:07|11
Timing is on.
begin;
BEGIN
Time: 97.255 ms
commit;
COMMIT
Time: 1340.202 ms
commit.sh|2019-12-02 19:08:07|2019-12-02 19:08:09|2
Timing is on.
begin;
BEGIN
Time: 332.458 ms
commit;
COMMIT
Time: 3291.818 ms
commit.sh|2019-12-02 19:08:09|2019-12-02 19:08:13|4
Timing is on.
begin;
BEGIN
Time: 150.239 ms
commit;
COMMIT
Time: 5917.429 ms
commit.sh|2019-12-02 19:08:13|2019-12-02 19:08:19|6
Timing is on.
begin;
BEGIN
Time: 120.093 ms
commit;
COMMIT
Time: 10306.384 ms
commit.sh|2019-12-02 19:08:19|2019-12-02 19:08:29|10
Timing is on.
begin;
BEGIN
Time: 108.341 ms
commit;
COMMIT
Time: 1067.911 ms
commit.sh|2019-12-02 19:08:29|2019-12-02 19:08:30|1
Timing is on.
begin;
BEGIN
Time: 129.778 ms
commit;
COMMIT
Time: 1517.409 ms
commit.sh|2019-12-02 19:08:30|2019-12-02 19:08:32|2
Timing is on.
begin;
BEGIN
Time: 111.021 ms
commit;
COMMIT
Time: 2174.557 ms
commit.sh|2019-12-02 19:08:32|2019-12-02 19:08:34|2
Timing is on.
begin;
BEGIN
Time: 123.094 ms
commit;
COMMIT
Time: 3151.691 ms
commit.sh|2019-12-02 19:08:34|2019-12-02 19:08:38|4
Timing is on.
begin;
BEGIN
Time: 91.748 ms
commit;
COMMIT
Time: 2665.769 ms
commit.sh|2019-12-02 19:08:38|2019-12-02 19:08:41|3
Timing is on.
begin;
BEGIN
Time: 77.074 ms
commit;
COMMIT
Time: 5220.843 ms
commit.sh|2019-12-02 19:08:41|2019-12-02 19:08:46|5
Timing is on.
begin;
BEGIN
Time: 125.457 ms
commit;
COMMIT
Time: 1336.295 ms
commit.sh|2019-12-02 19:08:46|2019-12-02 19:08:47|1
Timing is on.
begin;
BEGIN
Time: 127.735 ms
commit;
COMMIT
Time: 3176.990 ms
commit.sh|2019-12-02 19:08:47|2019-12-02 19:08:51|4
Timing is on.
begin;
BEGIN
Time: 86.350 ms
commit;
COMMIT
Time: 3989.284 ms
commit.sh|2019-12-02 19:08:51|2019-12-02 19:08:55|4
Timing is on.
begin;
BEGIN
Time: 116.488 ms
commit;
COMMIT
Time: 2122.213 ms
commit.sh|2019-12-02 19:08:55|2019-12-02 19:08:57|2
Timing is on.
begin;
BEGIN
Time: 65.665 ms
commit;
COMMIT
Time: 4957.765 ms
commit.sh|2019-12-02 19:08:57|2019-12-02 19:09:02|5
Timing is on.
begin;
BEGIN
Time: 112.574 ms
commit;
COMMIT
Time: 8392.361 ms
commit.sh|2019-12-02 19:09:02|2019-12-02 19:09:11|9
Timing is on.
begin;
BEGIN
Time: 92.134 ms
commit;
COMMIT
Time: 3866.926 ms
commit.sh|2019-12-02 19:09:11|2019-12-02 19:09:15|4
Timing is on.
begin;
BEGIN
Time: 92.655 ms
commit;
COMMIT
Time: 881.795 ms
commit.sh|2019-12-02 19:09:15|2019-12-02 19:09:16|1
Timing is on.
begin;
BEGIN
Time: 137.878 ms
commit;
COMMIT
Time: 1040.168 ms
commit.sh|2019-12-02 19:09:16|2019-12-02 19:09:17|1
Timing is on.
begin;
BEGIN
Time: 199.636 ms
commit;
COMMIT
Time: 1169.054 ms
commit.sh|2019-12-02 19:09:17|2019-12-02 19:09:18|1
Timing is on.
begin;
BEGIN
Time: 176.527 ms
commit;
COMMIT
Time: 4907.640 ms
commit.sh|2019-12-02 19:09:18|2019-12-02 19:09:24|6
Timing is on.
begin;
BEGIN
Time: 114.267 ms
commit;
COMMIT
Time: 2238.691 ms
commit.sh|2019-12-02 19:09:24|2019-12-02 19:09:26|2
Timing is on.
begin;
BEGIN
Time: 84.940 ms
commit;
COMMIT
Time: 6696.883 ms
commit.sh|2019-12-02 19:09:26|2019-12-02 19:09:33|7
Timing is on.
begin;
BEGIN
Time: 77.682 ms
commit;
COMMIT
Time: 1780.306 ms
commit.sh|2019-12-02 19:09:33|2019-12-02 19:09:35|2
Timing is on.
begin;
BEGIN
Time: 148.763 ms
commit;
COMMIT
Time: 578.477 ms
commit.sh|2019-12-02 19:09:35|2019-12-02 19:09:35|0
Timing is on.
begin;
BEGIN
Time: 176.943 ms
commit;
COMMIT
Time: 4999.059 ms
commit.sh|2019-12-02 19:09:35|2019-12-02 19:09:41|6
Timing is on.
begin;
BEGIN
Time: 97.025 ms
commit;
COMMIT
Time: 36811.806 ms
commit.sh|2019-12-02 19:09:41|2019-12-02 19:10:18|37
Timing is on.
begin;
BEGIN
Time: 79.601 ms
commit;
COMMIT
Time: 4040.942 ms
commit.sh|2019-12-02 19:10:18|2019-12-02 19:10:22|4
Timing is on.
begin;
BEGIN
Time: 93.448 ms
commit;
COMMIT
Time: 2910.721 ms
commit.sh|2019-12-02 19:10:22|2019-12-02 19:10:25|3
Timing is on.
begin;
BEGIN
Time: 208.021 ms
commit;
COMMIT
Time: 938.814 ms
commit.sh|2019-12-02 19:10:25|2019-12-02 19:10:26|1
Timing is on.
begin;
BEGIN
Time: 172.586 ms
commit;
COMMIT
Time: 1091.218 ms
commit.sh|2019-12-02 19:10:26|2019-12-02 19:10:27|1
Timing is on.
begin;
BEGIN
Time: 174.720 ms
commit;
COMMIT
Time: 828.962 ms
commit.sh|2019-12-02 19:10:27|2019-12-02 19:10:28|1
Timing is on.
begin;
BEGIN
Time: 82.777 ms
commit;
COMMIT
Time: 2915.098 ms
commit.sh|2019-12-02 19:10:28|2019-12-02 19:10:32|4
Timing is on.
begin;
BEGIN
Time: 123.888 ms
commit;
COMMIT
Time: 1404.198 ms
commit.sh|2019-12-02 19:10:32|2019-12-02 19:10:33|1
Timing is on.
begin;
BEGIN
Time: 136.288 ms
commit;
COMMIT
Time: 2168.551 ms
commit.sh|2019-12-02 19:10:33|2019-12-02 19:10:35|2
Timing is on.
begin;
BEGIN
Time: 78.004 ms
commit;
COMMIT
Time: 15588.042 ms
commit.sh|2019-12-02 19:10:35|2019-12-02 19:10:51|16
Timing is on.
begin;
BEGIN
Time: 85.750 ms
commit;
COMMIT
Time: 4658.960 ms
commit.sh|2019-12-02 19:10:51|2019-12-02 19:10:56|5
Timing is on.
begin;
BEGIN
Time: 62.985 ms
commit;
COMMIT
Time: 8763.923 ms
commit.sh|2019-12-02 19:10:56|2019-12-02 19:11:05|9
Timing is on.
begin;
BEGIN
Time: 131.979 ms
commit;
COMMIT
Time: 6447.949 ms
commit.sh|2019-12-02 19:11:05|2019-12-02 19:11:11|6
Timing is on.
begin;
BEGIN
Time: 82.081 ms
commit;
COMMIT
Time: 4984.424 ms
commit.sh|2019-12-02 19:11:11|2019-12-02 19:11:17|6
Timing is on.
begin;
BEGIN
Time: 61.676 ms
commit;
COMMIT
Time: 1644.223 ms
commit.sh|2019-12-02 19:11:17|2019-12-02 19:11:18|1
Timing is on.
begin;
BEGIN
Time: 93.168 ms
commit;
COMMIT
Time: 1101.280 ms
commit.sh|2019-12-02 19:11:18|2019-12-02 19:11:20|2
Timing is on.
begin;
BEGIN
Time: 145.580 ms
commit;
COMMIT
Time: 1755.451 ms
commit.sh|2019-12-02 19:11:20|2019-12-02 19:11:21|1
Timing is on.
begin;
BEGIN
Time: 153.582 ms
commit;
COMMIT
Time: 3213.032 ms
commit.sh|2019-12-02 19:11:21|2019-12-02 19:11:25|4
Timing is on.
begin;
BEGIN
Time: 105.465 ms
commit;
COMMIT
Time: 2734.998 ms
commit.sh|2019-12-02 19:11:25|2019-12-02 19:11:28|3
Timing is on.
begin;
BEGIN
Time: 70.967 ms
commit;
COMMIT
Time: 2321.268 ms
commit.sh|2019-12-02 19:11:28|2019-12-02 19:11:30|2
Timing is on.
begin;
BEGIN
Time: 88.600 ms
commit;
COMMIT
Time: 5899.214 ms
commit.sh|2019-12-02 19:11:30|2019-12-02 19:11:36|6
Timing is on.
begin;
BEGIN
Time: 63.152 ms
commit;
COMMIT
Time: 39845.545 ms
commit.sh|2019-12-02 19:11:36|2019-12-02 19:12:16|40
Timing is on.
begin;
BEGIN
Time: 97.911 ms
commit;
COMMIT
Time: 5246.095 ms
commit.sh|2019-12-02 19:12:16|2019-12-02 19:12:22|6
Timing is on.
begin;
BEGIN
Time: 100.225 ms
commit;
COMMIT
Time: 823.102 ms
commit.sh|2019-12-02 19:12:22|2019-12-02 19:12:22|0
Timing is on.
begin;
BEGIN
Time: 132.683 ms
commit;
COMMIT
Time: 1126.277 ms
commit.sh|2019-12-02 19:12:22|2019-12-02 19:12:24|2
Timing is on.
begin;
BEGIN
Time: 167.427 ms
commit;
COMMIT
Time: 1719.164 ms
commit.sh|2019-12-02 19:12:24|2019-12-02 19:12:26|2
Timing is on.
begin;
BEGIN
Time: 82.537 ms
commit;
COMMIT
Time: 2863.650 ms
commit.sh|2019-12-02 19:12:26|2019-12-02 19:12:29|3
Timing is on.
begin;
BEGIN
Time: 89.761 ms
commit;
COMMIT
Time: 1522.864 ms
commit.sh|2019-12-02 19:12:29|2019-12-02 19:12:30|1
Timing is on.
begin;
BEGIN
Time: 100.433 ms
commit;
COMMIT
Time: 1067.372 ms
commit.sh|2019-12-02 19:12:30|2019-12-02 19:12:32|2
Timing is on.
begin;
BEGIN
Time: 65.419 ms
commit;
COMMIT
Time: 1178.934 ms
commit.sh|2019-12-02 19:12:32|2019-12-02 19:12:33|1
Timing is on.
begin;
BEGIN
Time: 180.045 ms
commit;
COMMIT
Time: 1820.827 ms
commit.sh|2019-12-02 19:12:33|2019-12-02 19:12:35|2
Timing is on.
begin;
BEGIN
Time: 101.220 ms
commit;
COMMIT
Time: 5617.875 ms
commit.sh|2019-12-02 19:12:35|2019-12-02 19:12:41|6
Timing is on.
begin;
BEGIN
Time: 107.913 ms
commit;
COMMIT
Time: 1022.632 ms
commit.sh|2019-12-02 19:12:41|2019-12-02 19:12:42|1
Timing is on.
begin;
BEGIN
Time: 68.390 ms
commit;
COMMIT
Time: 1208.245 ms
commit.sh|2019-12-02 19:12:42|2019-12-02 19:12:43|1
Timing is on.
begin;
BEGIN
Time: 178.789 ms
commit;
COMMIT
Time: 1613.236 ms
commit.sh|2019-12-02 19:12:43|2019-12-02 19:12:45|2
Timing is on.
begin;
BEGIN
Time: 143.193 ms
commit;
COMMIT
Time: 3332.893 ms
commit.sh|2019-12-02 19:12:45|2019-12-02 19:12:48|3
Timing is on.
begin;
BEGIN
Time: 64.117 ms
commit;
COMMIT
Time: 1444.898 ms
commit.sh|2019-12-02 19:12:49|2019-12-02 19:12:50|1
Timing is on.
begin;
BEGIN
Time: 65.636 ms
commit;
COMMIT
Time: 1109.565 ms
commit.sh|2019-12-02 19:12:50|2019-12-02 19:12:51|1
Timing is on.
begin;
BEGIN
Time: 191.182 ms
commit;
COMMIT
Time: 1304.799 ms
commit.sh|2019-12-02 19:12:51|2019-12-02 19:12:53|2
Timing is on.
begin;
BEGIN
Time: 147.311 ms
commit;
COMMIT
Time: 3137.702 ms
commit.sh|2019-12-02 19:12:53|2019-12-02 19:12:56|3
Timing is on.
begin;
BEGIN
Time: 95.192 ms
commit;
COMMIT
Time: 1398.104 ms
commit.sh|2019-12-02 19:12:56|2019-12-02 19:12:58|2
Timing is on.
begin;
BEGIN
Time: 80.697 ms
commit;
COMMIT
Time: 44531.725 ms
commit.sh|2019-12-02 19:12:58|2019-12-02 19:13:42|44
Timing is on.
begin;
BEGIN
Time: 139.704 ms
commit;
COMMIT
Time: 1628.056 ms
commit.sh|2019-12-02 19:13:42|2019-12-02 19:13:44|2
Timing is on.
begin;
BEGIN
Time: 156.225 ms
commit;
COMMIT
Time: 2726.229 ms
commit.sh|2019-12-02 19:13:44|2019-12-02 19:13:47|3
Timing is on.
begin;
BEGIN
Time: 111.809 ms
commit;
COMMIT
Time: 1964.332 ms
commit.sh|2019-12-02 19:13:47|2019-12-02 19:13:49|2
Timing is on.
begin;
BEGIN
Time: 64.688 ms
commit;
COMMIT
Time: 1042.285 ms
commit.sh|2019-12-02 19:13:49|2019-12-02 19:13:50|1
Timing is on.
begin;
BEGIN
Time: 76.472 ms
commit;
COMMIT
Time: 685.950 ms
commit.sh|2019-12-02 19:13:50|2019-12-02 19:13:51|1
Timing is on.
begin;
BEGIN
Time: 172.223 ms
commit;
COMMIT
Time: 1892.167 ms
commit.sh|2019-12-02 19:13:51|2019-12-02 19:13:53|2
Timing is on.
begin;
BEGIN
Time: 105.477 ms
commit;
COMMIT
Time: 3257.542 ms
commit.sh|2019-12-02 19:13:53|2019-12-02 19:13:57|4
Timing is on.
begin;
BEGIN
Time: 76.030 ms
commit;
COMMIT
Time: 1116.960 ms
commit.sh|2019-12-02 19:13:57|2019-12-02 19:13:58|1
Timing is on.
begin;
BEGIN
Time: 75.442 ms
commit;
COMMIT
Time: 3673.737 ms
commit.sh|2019-12-02 19:13:58|2019-12-02 19:14:02|4
Timing is on.
begin;
BEGIN
Time: 136.908 ms
commit;
COMMIT
Time: 13846.924 ms
commit.sh|2019-12-02 19:14:02|2019-12-02 19:14:16|14
Timing is on.
begin;
BEGIN
Time: 61.766 ms
commit;
COMMIT
Time: 5161.647 ms
commit.sh|2019-12-02 19:14:16|2019-12-02 19:14:21|5
Timing is on.
begin;
BEGIN
Time: 107.183 ms
commit;
COMMIT
Time: 3333.456 ms
commit.sh|2019-12-02 19:14:21|2019-12-02 19:14:24|3
Timing is on.
begin;
BEGIN
Time: 77.066 ms
commit;
COMMIT
Time: 690.730 ms
commit.sh|2019-12-02 19:14:25|2019-12-02 19:14:25|0
Timing is on.
begin;
BEGIN
Time: 162.415 ms
commit;
COMMIT
Time: 670.169 ms
commit.sh|2019-12-02 19:14:25|2019-12-02 19:14:26|1
Timing is on.
begin;
BEGIN
Time: 209.612 ms
commit;
COMMIT
Time: 3255.366 ms
commit.sh|2019-12-02 19:14:26|2019-12-02 19:14:30|4
Timing is on.
begin;
BEGIN
Time: 101.363 ms
commit;
COMMIT
Time: 6736.434 ms
commit.sh|2019-12-02 19:14:30|2019-12-02 19:14:37|7
Timing is on.
begin;
BEGIN
Time: 65.288 ms
commit;
COMMIT
Time: 388.339 ms
commit.sh|2019-12-02 19:14:37|2019-12-02 19:14:37|0
Timing is on.
begin;
BEGIN
Time: 74.110 ms
commit;
COMMIT
Time: 2132.730 ms
commit.sh|2019-12-02 19:14:37|2019-12-02 19:14:39|2
Timing is on.
begin;
BEGIN
Time: 101.583 ms
commit;
COMMIT
Time: 2534.218 ms
commit.sh|2019-12-02 19:14:39|2019-12-02 19:14:42|3
Timing is on.
begin;
BEGIN
Time: 102.279 ms
commit;
COMMIT
Time: 8716.711 ms
commit.sh|2019-12-02 19:14:42|2019-12-02 19:14:51|9
Timing is on.
begin;
BEGIN
Time: 70.045 ms
commit;
COMMIT
Time: 6941.647 ms
commit.sh|2019-12-02 19:14:51|2019-12-02 19:14:58|7
Timing is on.
begin;
BEGIN
Time: 62.158 ms
commit;
COMMIT
Time: 35849.658 ms
commit.sh|2019-12-02 19:14:58|2019-12-02 19:15:34|36
Timing is on.
begin;
BEGIN
Time: 123.711 ms
commit;
COMMIT
Time: 2197.430 ms
commit.sh|2019-12-02 19:15:34|2019-12-02 19:15:36|2
Timing is on.
begin;
BEGIN
Time: 120.187 ms
commit;
COMMIT
Time: 1590.149 ms
commit.sh|2019-12-02 19:15:36|2019-12-02 19:15:38|2
Timing is on.
begin;
BEGIN
Time: 84.100 ms
commit;
COMMIT
Time: 1282.430 ms
commit.sh|2019-12-02 19:15:38|2019-12-02 19:15:39|1
Timing is on.
begin;
BEGIN
Time: 141.884 ms
commit;
COMMIT
Time: 1222.215 ms
commit.sh|2019-12-02 19:15:39|2019-12-02 19:15:41|2
Timing is on.
begin;
BEGIN
Time: 113.332 ms
commit;
COMMIT
Time: 2612.432 ms
commit.sh|2019-12-02 19:15:41|2019-12-02 19:15:43|2
Timing is on.
begin;
BEGIN
Time: 96.394 ms
commit;
COMMIT
Time: 4244.501 ms
commit.sh|2019-12-02 19:15:44|2019-12-02 19:15:48|4
Timing is on.
begin;
BEGIN
Time: 100.216 ms
commit;
COMMIT
Time: 4323.789 ms
commit.sh|2019-12-02 19:15:48|2019-12-02 19:15:52|4
Timing is on.
begin;
BEGIN
Time: 163.159 ms
commit;
COMMIT
Time: 5187.347 ms
commit.sh|2019-12-02 19:15:52|2019-12-02 19:15:58|6
Timing is on.
begin;
BEGIN
Time: 67.416 ms
commit;
COMMIT
Time: 11482.863 ms
commit.sh|2019-12-02 19:15:58|2019-12-02 19:16:09|11
Timing is on.
begin;
BEGIN
Time: 81.651 ms
commit;
COMMIT
Time: 6036.116 ms
commit.sh|2019-12-02 19:16:09|2019-12-02 19:16:15|6
Timing is on.
begin;
BEGIN
Time: 72.160 ms
commit;
COMMIT
Time: 5510.407 ms
commit.sh|2019-12-02 19:16:15|2019-12-02 19:16:21|6
Timing is on.
begin;
BEGIN
Time: 181.284 ms
commit;
COMMIT
Time: 1522.869 ms
commit.sh|2019-12-02 19:16:21|2019-12-02 19:16:23|2
Timing is on.
begin;
BEGIN
Time: 193.854 ms
commit;
COMMIT
Time: 1381.869 ms
commit.sh|2019-12-02 19:16:23|2019-12-02 19:16:24|1
Timing is on.
begin;
BEGIN
Time: 87.575 ms
commit;
COMMIT
Time: 2680.686 ms
commit.sh|2019-12-02 19:16:24|2019-12-02 19:16:27|3
Timing is on.
begin;
BEGIN
Time: 143.565 ms
commit;
COMMIT
Time: 884.148 ms
commit.sh|2019-12-02 19:16:27|2019-12-02 19:16:28|1
Timing is on.
begin;
BEGIN
Time: 108.349 ms
commit;
COMMIT
Time: 1352.914 ms
commit.sh|2019-12-02 19:16:28|2019-12-02 19:16:30|2
Timing is on.
begin;
BEGIN
Time: 214.170 ms
commit;
COMMIT
Time: 1111.319 ms
commit.sh|2019-12-02 19:16:30|2019-12-02 19:16:31|1
Timing is on.
begin;
BEGIN
Time: 64.828 ms
commit;
COMMIT
Time: 7130.969 ms
commit.sh|2019-12-02 19:16:31|2019-12-02 19:16:38|7
Timing is on.
begin;
BEGIN
Time: 73.601 ms
commit;
COMMIT
Time: 21182.021 ms
commit.sh|2019-12-02 19:16:38|2019-12-02 19:17:00|22
Timing is on.
begin;
BEGIN
Time: 103.398 ms
commit;
COMMIT
Time: 16083.107 ms
commit.sh|2019-12-02 19:17:00|2019-12-02 19:17:16|16
Timing is on.
begin;
BEGIN
Time: 131.662 ms
commit;
COMMIT
Time: 2516.362 ms
commit.sh|2019-12-02 19:17:16|2019-12-02 19:17:19|3
Timing is on.
begin;
BEGIN
Time: 168.462 ms
commit;
COMMIT
Time: 1311.267 ms
commit.sh|2019-12-02 19:17:19|2019-12-02 19:17:20|1
Timing is on.
begin;
BEGIN
Time: 150.019 ms
commit;
COMMIT
Time: 11614.703 ms
commit.sh|2019-12-02 19:17:20|2019-12-02 19:17:32|12
Timing is on.
begin;
BEGIN
Time: 107.717 ms
commit;
COMMIT
Time: 1295.194 ms
commit.sh|2019-12-02 19:17:32|2019-12-02 19:17:33|1
Timing is on.
begin;
BEGIN
Time: 184.490 ms
commit;
COMMIT
Time: 3374.373 ms
commit.sh|2019-12-02 19:17:33|2019-12-02 19:17:37|4
Timing is on.
begin;
BEGIN
Time: 93.825 ms
commit;
COMMIT
Time: 14502.481 ms
commit.sh|2019-12-02 19:17:37|2019-12-02 19:17:52|15
Timing is on.
begin;
BEGIN
Time: 80.121 ms
commit;
COMMIT
Time: 3476.331 ms
commit.sh|2019-12-02 19:17:52|2019-12-02 19:17:55|3
Timing is on.
begin;
BEGIN
Time: 141.770 ms
commit;
COMMIT
Time: 1737.205 ms
commit.sh|2019-12-02 19:17:55|2019-12-02 19:17:57|2
Timing is on.
begin;
BEGIN
Time: 173.506 ms
commit;
COMMIT
Time: 40559.796 ms
commit.sh|2019-12-02 19:17:57|2019-12-02 19:18:38|41
Timing is on.
begin;
BEGIN
Time: 67.861 ms
commit;
COMMIT
Time: 5292.888 ms
commit.sh|2019-12-02 19:18:38|2019-12-02 19:18:43|5
Timing is on.
begin;
BEGIN
Time: 72.935 ms
commit;
COMMIT
Time: 725.361 ms
commit.sh|2019-12-02 19:18:43|2019-12-02 19:18:44|1
Timing is on.
begin;
BEGIN
Time: 103.490 ms
commit;
COMMIT
Time: 1173.849 ms
commit.sh|2019-12-02 19:18:44|2019-12-02 19:18:45|1
Timing is on.
begin;
BEGIN
Time: 187.747 ms
commit;
COMMIT
Time: 1081.287 ms
commit.sh|2019-12-02 19:18:45|2019-12-02 19:18:47|2
Timing is on.
begin;
BEGIN
Time: 156.592 ms
commit;
COMMIT
Time: 1123.274 ms
commit.sh|2019-12-02 19:18:47|2019-12-02 19:18:48|1
Timing is on.
begin;
BEGIN
Time: 106.820 ms
commit;
COMMIT
Time: 3232.270 ms
commit.sh|2019-12-02 19:18:48|2019-12-02 19:18:51|3
Timing is on.
begin;
BEGIN
Time: 108.497 ms
commit;
COMMIT
Time: 1084.560 ms
commit.sh|2019-12-02 19:18:52|2019-12-02 19:18:53|1
Timing is on.
begin;
BEGIN
Time: 154.099 ms
commit;
COMMIT
Time: 2068.643 ms
commit.sh|2019-12-02 19:18:53|2019-12-02 19:18:55|2
Timing is on.
begin;
BEGIN
Time: 163.761 ms
commit;
COMMIT
Time: 10036.937 ms
commit.sh|2019-12-02 19:18:55|2019-12-02 19:19:05|10
Timing is on.
begin;
BEGIN
Time: 138.674 ms
commit;
COMMIT
Time: 25169.269 ms
commit.sh|2019-12-02 19:19:05|2019-12-02 19:19:31|26
Timing is on.
begin;
BEGIN
Time: 79.319 ms
commit;
COMMIT
Time: 5485.723 ms
commit.sh|2019-12-02 19:19:31|2019-12-02 19:19:36|5
Timing is on.
begin;
BEGIN
Time: 149.055 ms
commit;
COMMIT
Time: 882.208 ms
commit.sh|2019-12-02 19:19:36|2019-12-02 19:19:37|1
Timing is on.
begin;
BEGIN
Time: 147.704 ms
commit;
COMMIT
Time: 647.119 ms
commit.sh|2019-12-02 19:19:37|2019-12-02 19:19:38|1
Timing is on.
begin;
BEGIN
Time: 194.313 ms
commit;
COMMIT
Time: 819.001 ms
commit.sh|2019-12-02 19:19:38|2019-12-02 19:19:39|1
Timing is on.
begin;
BEGIN
Time: 211.585 ms
commit;
COMMIT
Time: 576.861 ms
commit.sh|2019-12-02 19:19:39|2019-12-02 19:19:40|1
Timing is on.
begin;
BEGIN
Time: 71.915 ms
commit;
COMMIT
Time: 3253.583 ms
commit.sh|2019-12-02 19:19:40|2019-12-02 19:19:43|3
Timing is on.
begin;
BEGIN
Time: 70.184 ms
commit;
COMMIT
Time: 1591.962 ms
commit.sh|2019-12-02 19:19:43|2019-12-02 19:19:45|2
Timing is on.
begin;
BEGIN
Time: 78.278 ms
commit;
COMMIT
Time: 2421.134 ms
commit.sh|2019-12-02 19:19:45|2019-12-02 19:19:48|3
Timing is on.
begin;
BEGIN
Time: 174.955 ms
commit;
COMMIT
Time: 4453.897 ms
commit.sh|2019-12-02 19:19:48|2019-12-02 19:19:52|4
Timing is on.
begin;
BEGIN
Time: 66.288 ms
commit;
COMMIT
Time: 26260.889 ms
commit.sh|2019-12-02 19:19:52|2019-12-02 19:20:19|27
Timing is on.
begin;
BEGIN
Time: 79.019 ms
commit;
COMMIT
Time: 17418.347 ms
commit.sh|2019-12-02 19:20:19|2019-12-02 19:20:36|17
Timing is on.
begin;
BEGIN
Time: 76.900 ms
commit;
COMMIT
Time: 1405.460 ms
commit.sh|2019-12-02 19:20:36|2019-12-02 19:20:38|2
Timing is on.
begin;
BEGIN
Time: 177.824 ms
commit;
COMMIT
Time: 2129.758 ms
commit.sh|2019-12-02 19:20:38|2019-12-02 19:20:40|2
Timing is on.
begin;
BEGIN
Time: 95.810 ms
commit;
COMMIT
Time: 3190.290 ms
commit.sh|2019-12-02 19:20:40|2019-12-02 19:20:43|3
Timing is on.
begin;
BEGIN
Time: 84.457 ms
commit;
COMMIT
Time: 2053.029 ms
commit.sh|2019-12-02 19:20:43|2019-12-02 19:20:46|3
Timing is on.
begin;
BEGIN
Time: 72.258 ms
commit;
COMMIT
Time: 1915.107 ms
commit.sh|2019-12-02 19:20:46|2019-12-02 19:20:48|2
Timing is on.
begin;
BEGIN
Time: 146.898 ms
commit;
COMMIT
Time: 3236.690 ms
commit.sh|2019-12-02 19:20:48|2019-12-02 19:20:51|3
Timing is on.
begin;
BEGIN
Time: 121.528 ms
commit;
COMMIT
Time: 16884.068 ms
commit.sh|2019-12-02 19:20:51|2019-12-02 19:21:08|17
Timing is on.
begin;
BEGIN
Time: 72.293 ms
commit;
COMMIT
Time: 7900.425 ms
commit.sh|2019-12-02 19:21:08|2019-12-02 19:21:16|8
Timing is on.
begin;
BEGIN
Time: 74.069 ms
commit;
COMMIT
Time: 24072.749 ms
commit.sh|2019-12-02 19:21:16|2019-12-02 19:21:40|24
Timing is on.
begin;
BEGIN
Time: 85.491 ms
commit;
COMMIT
Time: 17839.133 ms
commit.sh|2019-12-02 19:21:40|2019-12-02 19:21:58|18
Timing is on.
begin;
BEGIN
Time: 102.219 ms
commit;
COMMIT
Time: 1137.767 ms
commit.sh|2019-12-02 19:21:58|2019-12-02 19:22:00|2
Timing is on.
begin;
BEGIN
Time: 73.500 ms
commit;
COMMIT
Time: 577.681 ms
commit.sh|2019-12-02 19:22:00|2019-12-02 19:22:00|0
Timing is on.
begin;
BEGIN
Time: 99.892 ms
commit;
COMMIT
Time: 1303.073 ms
commit.sh|2019-12-02 19:22:00|2019-12-02 19:22:02|2
Timing is on.
begin;
BEGIN
Time: 149.237 ms
commit;
COMMIT
Time: 1654.160 ms
commit.sh|2019-12-02 19:22:02|2019-12-02 19:22:03|1
Timing is on.
begin;
BEGIN
Time: 66.240 ms
commit;
COMMIT
Time: 4563.253 ms
commit.sh|2019-12-02 19:22:03|2019-12-02 19:22:08|5
Timing is on.
begin;
BEGIN
Time: 69.263 ms
commit;
COMMIT
Time: 2864.787 ms
commit.sh|2019-12-02 19:22:08|2019-12-02 19:22:11|3
Timing is on.
begin;
BEGIN
Time: 106.607 ms
commit;
COMMIT
Time: 3613.552 ms
commit.sh|2019-12-02 19:22:11|2019-12-02 19:22:15|4
Timing is on.
begin;
BEGIN
Time: 158.993 ms
commit;
COMMIT
Time: 6244.457 ms
commit.sh|2019-12-02 19:22:15|2019-12-02 19:22:21|6
Timing is on.
begin;
BEGIN
Time: 87.779 ms
commit;
COMMIT
Time: 72559.682 ms
commit.sh|2019-12-02 19:22:21|2019-12-02 19:23:34|73
Timing is on.
begin;
BEGIN
Time: 70.237 ms
commit;
COMMIT
Time: 1754.242 ms
commit.sh|2019-12-02 19:23:34|2019-12-02 19:23:36|2
Timing is on.
begin;
BEGIN
Time: 95.624 ms
commit;
COMMIT
Time: 588.360 ms
commit.sh|2019-12-02 19:23:36|2019-12-02 19:23:37|1
Timing is on.
begin;
BEGIN
Time: 191.882 ms
commit;
COMMIT
Time: 1312.915 ms
commit.sh|2019-12-02 19:23:37|2019-12-02 19:23:38|1
Timing is on.
begin;
BEGIN
Time: 179.262 ms
commit;
COMMIT
Time: 791.336 ms
commit.sh|2019-12-02 19:23:38|2019-12-02 19:23:39|1
Timing is on.
begin;
BEGIN
Time: 145.214 ms
commit;
COMMIT
Time: 2032.427 ms
commit.sh|2019-12-02 19:23:39|2019-12-02 19:23:42|3
Timing is on.
begin;
BEGIN
Time: 63.212 ms
commit;
COMMIT
Time: 910.448 ms
commit.sh|2019-12-02 19:23:42|2019-12-02 19:23:43|1
Timing is on.
begin;
BEGIN
Time: 66.108 ms
commit;
COMMIT
Time: 1103.524 ms
commit.sh|2019-12-02 19:23:43|2019-12-02 19:23:44|1
Timing is on.
begin;
BEGIN
Time: 86.624 ms
commit;
COMMIT
Time: 1094.192 ms
commit.sh|2019-12-02 19:23:44|2019-12-02 19:23:45|1
Timing is on.
begin;
BEGIN
Time: 128.866 ms
commit;
COMMIT
Time: 2060.761 ms
commit.sh|2019-12-02 19:23:45|2019-12-02 19:23:47|2
Timing is on.
begin;
BEGIN
Time: 69.020 ms
commit;
COMMIT
Time: 12999.438 ms
commit.sh|2019-12-02 19:23:47|2019-12-02 19:24:00|13
Timing is on.
begin;
BEGIN
Time: 107.112 ms
commit;
COMMIT
Time: 35337.285 ms
commit.sh|2019-12-02 19:24:00|2019-12-02 19:24:36|36
Timing is on.
begin;
BEGIN
Time: 181.461 ms
commit;
COMMIT
Time: 814.497 ms
commit.sh|2019-12-02 19:24:36|2019-12-02 19:24:37|1
Timing is on.
begin;
BEGIN
Time: 166.892 ms
commit;
COMMIT
Time: 438.524 ms
commit.sh|2019-12-02 19:24:37|2019-12-02 19:24:37|0
Timing is on.
begin;
BEGIN
Time: 154.838 ms
commit;
COMMIT
Time: 787.028 ms
commit.sh|2019-12-02 19:24:37|2019-12-02 19:24:38|1
Timing is on.
begin;
BEGIN
Time: 202.817 ms
commit;
COMMIT
Time: 1070.577 ms
commit.sh|2019-12-02 19:24:38|2019-12-02 19:24:40|2
Timing is on.
begin;
BEGIN
Time: 79.818 ms
commit;
COMMIT
Time: 2930.542 ms
commit.sh|2019-12-02 19:24:40|2019-12-02 19:24:43|3
Timing is on.
begin;
BEGIN
Time: 85.617 ms
commit;
COMMIT
Time: 1178.270 ms
commit.sh|2019-12-02 19:24:43|2019-12-02 19:24:44|1
Timing is on.
begin;
BEGIN
Time: 147.080 ms
commit;
COMMIT
Time: 984.222 ms
commit.sh|2019-12-02 19:24:44|2019-12-02 19:24:45|1
Timing is on.
begin;
BEGIN
Time: 84.659 ms
commit;
COMMIT
Time: 1002.823 ms
commit.sh|2019-12-02 19:24:45|2019-12-02 19:24:46|1
Timing is on.
begin;
BEGIN
Time: 135.601 ms
commit;
COMMIT
Time: 2231.542 ms
commit.sh|2019-12-02 19:24:46|2019-12-02 19:24:49|3
Timing is on.
begin;
BEGIN
Time: 106.601 ms
commit;
COMMIT
Time: 19435.273 ms
commit.sh|2019-12-02 19:24:49|2019-12-02 19:25:08|19
Timing is on.
begin;
BEGIN
Time: 102.145 ms
commit;
COMMIT
Time: 26678.428 ms
commit.sh|2019-12-02 19:25:08|2019-12-02 19:25:35|27
Timing is on.
begin;
BEGIN
Time: 125.121 ms
commit;
COMMIT
Time: 3452.941 ms
commit.sh|2019-12-02 19:25:35|2019-12-02 19:25:39|4
Timing is on.
begin;
BEGIN
Time: 103.105 ms
commit;
COMMIT
Time: 6009.475 ms
commit.sh|2019-12-02 19:25:39|2019-12-02 19:25:45|6
Timing is on.
begin;
BEGIN
Time: 86.277 ms
commit;
COMMIT
Time: 2966.244 ms
commit.sh|2019-12-02 19:25:45|2019-12-02 19:25:48|3
Timing is on.
begin;
BEGIN
Time: 85.531 ms
commit;
COMMIT
Time: 1404.203 ms
commit.sh|2019-12-02 19:25:48|2019-12-02 19:25:50|2
Timing is on.
begin;
BEGIN
Time: 84.007 ms
commit;
COMMIT
Time: 1445.953 ms
commit.sh|2019-12-02 19:25:50|2019-12-02 19:25:51|1
Timing is on.
begin;
BEGIN
Time: 165.142 ms
commit;
COMMIT
Time: 877.633 ms
commit.sh|2019-12-02 19:25:51|2019-12-02 19:25:52|1
Timing is on.
begin;
BEGIN
Time: 140.712 ms
commit;
COMMIT
Time: 3372.137 ms
commit.sh|2019-12-02 19:25:52|2019-12-02 19:25:56|4
Timing is on.
begin;
BEGIN
Time: 100.159 ms
commit;
COMMIT
Time: 2534.379 ms
commit.sh|2019-12-02 19:25:56|2019-12-02 19:25:59|3
Timing is on.
begin;
BEGIN
Time: 100.836 ms
commit;
COMMIT
Time: 1554.647 ms
commit.sh|2019-12-02 19:25:59|2019-12-02 19:26:00|1
Timing is on.
begin;
BEGIN
Time: 76.083 ms
commit;
COMMIT
Time: 6082.991 ms
commit.sh|2019-12-02 19:26:00|2019-12-02 19:26:06|6
Timing is on.
begin;
BEGIN
Time: 161.688 ms
commit;
COMMIT
Time: 35755.130 ms
commit.sh|2019-12-02 19:26:07|2019-12-02 19:26:42|35
Timing is on.
begin;
BEGIN
Time: 81.496 ms
commit;
COMMIT
Time: 20707.183 ms
commit.sh|2019-12-02 19:26:43|2019-12-02 19:27:03|20
Timing is on.
begin;
BEGIN
Time: 101.977 ms
commit;
COMMIT
Time: 4383.813 ms
commit.sh|2019-12-02 19:27:03|2019-12-02 19:27:08|5
Timing is on.
begin;
BEGIN
Time: 134.622 ms
commit;
COMMIT
Time: 529.935 ms
commit.sh|2019-12-02 19:27:08|2019-12-02 19:27:09|1
Timing is on.
begin;
BEGIN
Time: 227.103 ms
commit;
COMMIT
Time: 703.054 ms
commit.sh|2019-12-02 19:27:09|2019-12-02 19:27:10|1
Timing is on.
begin;
BEGIN
Time: 232.384 ms
commit;
COMMIT
Time: 814.237 ms
commit.sh|2019-12-02 19:27:10|2019-12-02 19:27:11|1
Timing is on.
begin;
BEGIN
Time: 125.890 ms
commit;
COMMIT
Time: 4060.393 ms
commit.sh|2019-12-02 19:27:11|2019-12-02 19:27:15|4
Timing is on.
begin;
BEGIN
Time: 65.071 ms
commit;
COMMIT
Time: 1273.275 ms
commit.sh|2019-12-02 19:27:15|2019-12-02 19:27:16|1
Timing is on.
begin;
BEGIN
Time: 113.735 ms
commit;
COMMIT
Time: 3393.846 ms
commit.sh|2019-12-02 19:27:16|2019-12-02 19:27:20|4
Timing is on.
begin;
BEGIN
Time: 171.813 ms
commit;
COMMIT
Time: 3847.674 ms
commit.sh|2019-12-02 19:27:20|2019-12-02 19:27:24|4
Timing is on.
begin;
BEGIN
Time: 74.385 ms
commit;
COMMIT
Time: 11627.188 ms
commit.sh|2019-12-02 19:27:24|2019-12-02 19:27:36|12
Timing is on.
begin;
BEGIN
Time: 98.672 ms
commit;
COMMIT
Time: 3998.706 ms
commit.sh|2019-12-02 19:27:36|2019-12-02 19:27:40|4
Timing is on.
begin;
BEGIN
Time: 110.474 ms
commit;
COMMIT
Time: 9663.054 ms
commit.sh|2019-12-02 19:27:40|2019-12-02 19:27:50|10
Timing is on.
begin;
BEGIN
Time: 98.406 ms
commit;
COMMIT
Time: 24459.256 ms
commit.sh|2019-12-02 19:27:50|2019-12-02 19:28:14|24
Timing is on.
begin;
BEGIN
Time: 69.338 ms
commit;
COMMIT
Time: 15305.622 ms
commit.sh|2019-12-02 19:28:14|2019-12-02 19:28:30|16
Timing is on.
begin;
BEGIN
Time: 102.601 ms
commit;
COMMIT
Time: 3174.769 ms
commit.sh|2019-12-02 19:28:30|2019-12-02 19:28:33|3
Timing is on.
begin;
BEGIN
Time: 133.697 ms
commit;
COMMIT
Time: 1022.821 ms
commit.sh|2019-12-02 19:28:33|2019-12-02 19:28:34|1
Timing is on.
begin;
BEGIN
Time: 184.429 ms
commit;
COMMIT
Time: 2160.938 ms
commit.sh|2019-12-02 19:28:34|2019-12-02 19:28:36|2
Timing is on.
begin;
BEGIN
Time: 259.277 ms
commit;
COMMIT
Time: 1943.048 ms
commit.sh|2019-12-02 19:28:36|2019-12-02 19:28:39|3
Timing is on.
begin;
BEGIN
Time: 153.435 ms
commit;
COMMIT
Time: 1183.524 ms
commit.sh|2019-12-02 19:28:39|2019-12-02 19:28:40|1
Timing is on.
begin;
BEGIN
Time: 72.934 ms
commit;
COMMIT
Time: 1199.646 ms
commit.sh|2019-12-02 19:28:40|2019-12-02 19:28:41|1
Timing is on.
begin;
BEGIN
Time: 153.791 ms
commit;
COMMIT
Time: 6256.461 ms
commit.sh|2019-12-02 19:28:41|2019-12-02 19:28:48|7
Timing is on.
begin;
BEGIN
Time: 83.466 ms
commit;
COMMIT
Time: 2278.978 ms
commit.sh|2019-12-02 19:28:48|2019-12-02 19:28:50|2
Timing is on.
begin;
BEGIN
Time: 83.494 ms
commit;
COMMIT
Time: 699.565 ms
commit.sh|2019-12-02 19:28:50|2019-12-02 19:28:51|1
Timing is on.
begin;
BEGIN
Time: 72.754 ms
commit;
COMMIT
Time: 10622.611 ms
commit.sh|2019-12-02 19:28:51|2019-12-02 19:29:02|11
Timing is on.
begin;
BEGIN
Time: 77.100 ms
commit;
COMMIT
Time: 9037.642 ms
commit.sh|2019-12-02 19:29:02|2019-12-02 19:29:11|9
Timing is on.
begin;
BEGIN
Time: 97.808 ms
commit;
COMMIT
Time: 21098.341 ms
commit.sh|2019-12-02 19:29:11|2019-12-02 19:29:32|21
Timing is on.
begin;
BEGIN
Time: 83.596 ms
commit;
COMMIT
Time: 2418.559 ms
commit.sh|2019-12-02 19:29:32|2019-12-02 19:29:35|3
Timing is on.
begin;
BEGIN
Time: 71.337 ms
commit;
COMMIT
Time: 13099.289 ms
commit.sh|2019-12-02 19:29:35|2019-12-02 19:29:48|13
Timing is on.
begin;
BEGIN
Time: 159.353 ms
commit;
COMMIT
Time: 1325.127 ms
commit.sh|2019-12-02 19:29:48|2019-12-02 19:29:49|1
Timing is on.
begin;
BEGIN
Time: 184.695 ms
commit;
COMMIT
Time: 892.443 ms
commit.sh|2019-12-02 19:29:49|2019-12-02 19:29:51|2
Timing is on.
begin;
BEGIN
Time: 125.872 ms
commit;
COMMIT
Time: 3194.133 ms
commit.sh|2019-12-02 19:29:51|2019-12-02 19:29:54|3
Timing is on.
begin;
BEGIN
Time: 81.942 ms
commit;
COMMIT
Time: 1367.298 ms
commit.sh|2019-12-02 19:29:54|2019-12-02 19:29:55|1
Timing is on.
begin;
BEGIN
Time: 73.350 ms
commit;
COMMIT
Time: 1323.618 ms
commit.sh|2019-12-02 19:29:55|2019-12-02 19:29:57|2
Timing is on.
begin;
BEGIN
Time: 160.678 ms
commit;
COMMIT
Time: 8246.370 ms
commit.sh|2019-12-02 19:29:57|2019-12-02 19:30:05|8
Timing is on.
begin;
BEGIN
Time: 74.478 ms
commit;
COMMIT
Time: 2468.159 ms
commit.sh|2019-12-02 19:30:05|2019-12-02 19:30:08|3
Timing is on.
begin;
BEGIN
Time: 62.869 ms
commit;
COMMIT
Time: 7751.834 ms
commit.sh|2019-12-02 19:30:08|2019-12-02 19:30:16|8
Timing is on.
begin;
BEGIN
Time: 109.156 ms
commit;
COMMIT
Time: 35260.837 ms
commit.sh|2019-12-02 19:30:16|2019-12-02 19:30:51|35
Timing is on.
begin;
BEGIN
Time: 154.632 ms
commit;
COMMIT
Time: 7485.878 ms
commit.sh|2019-12-02 19:30:51|2019-12-02 19:30:59|8
Timing is on.
begin;
BEGIN
Time: 75.035 ms
commit;
COMMIT
Time: 6333.470 ms
commit.sh|2019-12-02 19:30:59|2019-12-02 19:31:05|6
Timing is on.
begin;
BEGIN
Time: 65.481 ms
commit;
COMMIT
Time: 3207.160 ms
commit.sh|2019-12-02 19:31:05|2019-12-02 19:31:09|4
Timing is on.
begin;
BEGIN
Time: 69.188 ms
commit;
COMMIT
Time: 2016.810 ms
commit.sh|2019-12-02 19:31:09|2019-12-02 19:31:11|2
Timing is on.
begin;
BEGIN
Time: 171.077 ms
commit;
COMMIT
Time: 1747.196 ms
commit.sh|2019-12-02 19:31:11|2019-12-02 19:31:13|2
Timing is on.
begin;
BEGIN
Time: 191.749 ms
commit;
COMMIT
Time: 1085.037 ms
commit.sh|2019-12-02 19:31:13|2019-12-02 19:31:14|1
Timing is on.
begin;
BEGIN
Time: 79.716 ms
commit;
COMMIT
Time: 3368.127 ms
commit.sh|2019-12-02 19:31:14|2019-12-02 19:31:17|3
Timing is on.
begin;
BEGIN
Time: 69.179 ms
commit;
COMMIT
Time: 671.397 ms
commit.sh|2019-12-02 19:31:17|2019-12-02 19:31:18|1
Timing is on.
begin;
BEGIN
Time: 69.224 ms
commit;
COMMIT
Time: 1917.310 ms
commit.sh|2019-12-02 19:31:18|2019-12-02 19:31:20|2
Timing is on.
begin;
BEGIN
Time: 82.054 ms
commit;
COMMIT
Time: 8262.038 ms
commit.sh|2019-12-02 19:31:20|2019-12-02 19:31:29|9
Timing is on.
begin;
BEGIN
Time: 125.618 ms
commit;
COMMIT
Time: 34710.066 ms
commit.sh|2019-12-02 19:31:29|2019-12-02 19:32:04|35
Timing is on.
begin;
BEGIN
Time: 114.187 ms
commit;
COMMIT
Time: 83155.438 ms
commit.sh|2019-12-02 19:32:04|2019-12-02 19:33:27|83
Timing is on.
begin;
BEGIN
Time: 73.632 ms
commit;
COMMIT
Time: 6734.755 ms
commit.sh|2019-12-02 19:33:27|2019-12-02 19:33:34|7
Timing is on.
begin;
BEGIN
Time: 98.348 ms
commit;
COMMIT
Time: 4603.249 ms
commit.sh|2019-12-02 19:33:34|2019-12-02 19:33:39|5
Timing is on.
begin;
BEGIN
Time: 95.718 ms
commit;
COMMIT
Time: 1426.384 ms
commit.sh|2019-12-02 19:33:39|2019-12-02 19:33:40|1
Timing is on.
begin;
BEGIN
Time: 173.197 ms
commit;
COMMIT
Time: 2178.210 ms
commit.sh|2019-12-02 19:33:40|2019-12-02 19:33:42|2
Timing is on.
begin;
BEGIN
Time: 129.559 ms
commit;
COMMIT
Time: 4480.192 ms
commit.sh|2019-12-02 19:33:43|2019-12-02 19:33:47|4
Timing is on.
begin;
BEGIN
Time: 117.539 ms
commit;
COMMIT
Time: 2056.108 ms
commit.sh|2019-12-02 19:33:47|2019-12-02 19:33:49|2
Timing is on.
begin;
BEGIN
Time: 105.127 ms
commit;
COMMIT
Time: 4963.378 ms
commit.sh|2019-12-02 19:33:49|2019-12-02 19:33:55|6
Timing is on.
begin;
BEGIN
Time: 107.642 ms
commit;
COMMIT
Time: 22017.570 ms
commit.sh|2019-12-02 19:33:55|2019-12-02 19:34:17|22
Timing is on.
begin;
BEGIN
Time: 66.108 ms
commit;
COMMIT
Time: 17547.251 ms
commit.sh|2019-12-02 19:34:17|2019-12-02 19:34:34|17
Timing is on.
begin;
BEGIN
Time: 62.941 ms
commit;
COMMIT
Time: 9664.086 ms
commit.sh|2019-12-02 19:34:34|2019-12-02 19:34:44|10
Timing is on.
begin;
BEGIN
Time: 69.694 ms
commit;
COMMIT
Time: 1848.903 ms
commit.sh|2019-12-02 19:34:44|2019-12-02 19:34:46|2
Timing is on.
begin;
BEGIN
Time: 286.626 ms
commit;
COMMIT
Time: 2830.964 ms
commit.sh|2019-12-02 19:34:46|2019-12-02 19:34:49|3
Timing is on.
begin;
BEGIN
Time: 165.998 ms
commit;
COMMIT
Time: 8034.252 ms
commit.sh|2019-12-02 19:34:49|2019-12-02 19:34:57|8
Timing is on.
begin;
BEGIN
Time: 81.179 ms
commit;
COMMIT
Time: 2809.058 ms
commit.sh|2019-12-02 19:34:58|2019-12-02 19:35:00|2
Timing is on.
begin;
BEGIN
Time: 97.038 ms
commit;
COMMIT
Time: 2275.460 ms
commit.sh|2019-12-02 19:35:00|2019-12-02 19:35:03|3
Timing is on.
begin;
BEGIN
Time: 144.418 ms
commit;
COMMIT
Time: 3801.816 ms
commit.sh|2019-12-02 19:35:03|2019-12-02 19:35:07|4
Timing is on.
begin;
BEGIN
Time: 91.334 ms
commit;
COMMIT
Time: 4182.620 ms
commit.sh|2019-12-02 19:35:07|2019-12-02 19:35:11|4
Timing is on.
begin;
BEGIN
Time: 115.611 ms
commit;
COMMIT
Time: 7586.777 ms
commit.sh|2019-12-02 19:35:11|2019-12-02 19:35:19|8
Timing is on.
begin;
BEGIN
Time: 111.822 ms
commit;
COMMIT
Time: 10125.270 ms
commit.sh|2019-12-02 19:35:19|2019-12-02 19:35:29|10
Timing is on.
begin;
BEGIN
Time: 100.718 ms
commit;
COMMIT
Time: 9458.776 ms
commit.sh|2019-12-02 19:35:29|2019-12-02 19:35:39|10
Timing is on.
begin;
BEGIN
Time: 82.125 ms
commit;
COMMIT
Time: 4365.568 ms
commit.sh|2019-12-02 19:35:39|2019-12-02 19:35:43|4
Timing is on.
begin;
BEGIN
Time: 107.094 ms
commit;
COMMIT
Time: 2656.132 ms
commit.sh|2019-12-02 19:35:43|2019-12-02 19:35:46|3
Timing is on.
begin;
BEGIN
Time: 172.139 ms
commit;
COMMIT
Time: 20632.310 ms
commit.sh|2019-12-02 19:35:46|2019-12-02 19:36:07|21
Timing is on.
begin;
BEGIN
Time: 62.768 ms
commit;
COMMIT
Time: 1813.836 ms
commit.sh|2019-12-02 19:36:07|2019-12-02 19:36:09|2
Timing is on.
begin;
BEGIN
Time: 89.550 ms
commit;
COMMIT
Time: 1118.036 ms
commit.sh|2019-12-02 19:36:09|2019-12-02 19:36:10|1
Timing is on.
begin;
BEGIN
Time: 98.138 ms
commit;
COMMIT
Time: 1072.550 ms
commit.sh|2019-12-02 19:36:10|2019-12-02 19:36:11|1
Timing is on.
begin;
BEGIN
Time: 131.580 ms
commit;
COMMIT
Time: 2404.662 ms
commit.sh|2019-12-02 19:36:11|2019-12-02 19:36:14|3
Timing is on.
begin;
BEGIN
Time: 159.448 ms
commit;
COMMIT
Time: 4929.090 ms
commit.sh|2019-12-02 19:36:14|2019-12-02 19:36:19|5
Timing is on.
begin;
BEGIN
Time: 78.121 ms
commit;
COMMIT
Time: 3022.116 ms
commit.sh|2019-12-02 19:36:19|2019-12-02 19:36:22|3
Timing is on.
begin;
BEGIN
Time: 62.747 ms
commit;
COMMIT
Time: 6315.077 ms
commit.sh|2019-12-02 19:36:22|2019-12-02 19:36:29|7
Timing is on.
begin;
BEGIN
Time: 69.839 ms
commit;
COMMIT
Time: 13738.681 ms
commit.sh|2019-12-02 19:36:29|2019-12-02 19:36:43|14
Timing is on.
begin;
BEGIN
Time: 62.427 ms
commit;
COMMIT
Time: 21195.490 ms
commit.sh|2019-12-02 19:36:43|2019-12-02 19:37:04|21
Timing is on.
begin;
BEGIN
Time: 117.105 ms
commit;
COMMIT
Time: 1621.304 ms
commit.sh|2019-12-02 19:37:04|2019-12-02 19:37:06|2
Timing is on.
begin;
BEGIN
Time: 146.912 ms
commit;
COMMIT
Time: 1811.280 ms
commit.sh|2019-12-02 19:37:06|2019-12-02 19:37:08|2
Timing is on.
begin;
BEGIN
Time: 172.384 ms
commit;
COMMIT
Time: 2388.018 ms
commit.sh|2019-12-02 19:37:08|2019-12-02 19:37:10|2
Timing is on.
begin;
BEGIN
Time: 75.538 ms
commit;
COMMIT
Time: 15747.241 ms
commit.sh|2019-12-02 19:37:10|2019-12-02 19:37:26|16
Timing is on.
begin;
BEGIN
Time: 64.054 ms
commit;
COMMIT
Time: 1284.669 ms
commit.sh|2019-12-02 19:37:26|2019-12-02 19:37:27|1
Timing is on.
begin;
BEGIN
Time: 90.457 ms
commit;
COMMIT
Time: 2926.734 ms
commit.sh|2019-12-02 19:37:27|2019-12-02 19:37:31|4
Timing is on.
begin;
BEGIN
Time: 167.241 ms
commit;
COMMIT
Time: 3906.808 ms
commit.sh|2019-12-02 19:37:31|2019-12-02 19:37:35|4
Timing is on.
begin;
BEGIN
Time: 67.823 ms
commit;
COMMIT
Time: 7011.075 ms
commit.sh|2019-12-02 19:37:35|2019-12-02 19:37:42|7
Timing is on.
begin;
BEGIN
Time: 64.677 ms
commit;
COMMIT
Time: 38737.714 ms
commit.sh|2019-12-02 19:37:42|2019-12-02 19:38:21|39
Timing is on.
begin;
BEGIN
Time: 70.968 ms
commit;
COMMIT
Time: 1960.995 ms
commit.sh|2019-12-02 19:38:21|2019-12-02 19:38:23|2
Timing is on.
begin;
BEGIN
Time: 181.972 ms
commit;
COMMIT
Time: 1034.402 ms
commit.sh|2019-12-02 19:38:23|2019-12-02 19:38:24|1
Timing is on.
begin;
BEGIN
Time: 205.706 ms
commit;
COMMIT
Time: 1068.670 ms
commit.sh|2019-12-02 19:38:24|2019-12-02 19:38:25|1
Timing is on.
begin;
BEGIN
Time: 86.616 ms
commit;
COMMIT
Time: 3339.964 ms
commit.sh|2019-12-02 19:38:25|2019-12-02 19:38:29|4
Timing is on.
begin;
BEGIN
Time: 120.720 ms
commit;
COMMIT
Time: 1997.506 ms
commit.sh|2019-12-02 19:38:29|2019-12-02 19:38:31|2
Timing is on.
begin;
BEGIN
Time: 133.902 ms
commit;
COMMIT
Time: 1277.521 ms
commit.sh|2019-12-02 19:38:31|2019-12-02 19:38:32|1
Timing is on.
begin;
BEGIN
Time: 161.480 ms
commit;
COMMIT
Time: 1138.649 ms
commit.sh|2019-12-02 19:38:32|2019-12-02 19:38:34|2
Timing is on.
begin;
BEGIN
Time: 67.115 ms
commit;
COMMIT
Time: 2509.956 ms
commit.sh|2019-12-02 19:38:34|2019-12-02 19:38:36|2
Timing is on.
begin;
BEGIN
Time: 84.568 ms
commit;
COMMIT
Time: 2071.980 ms
commit.sh|2019-12-02 19:38:36|2019-12-02 19:38:38|2
Timing is on.
begin;
BEGIN
Time: 80.212 ms
commit;
COMMIT
Time: 63743.423 ms
commit.sh|2019-12-02 19:38:38|2019-12-02 19:39:42|64
Timing is on.
begin;
BEGIN
Time: 66.819 ms
commit;
COMMIT
Time: 24321.441 ms
commit.sh|2019-12-02 19:39:42|2019-12-02 19:40:07|25
Timing is on.
begin;
BEGIN
Time: 97.374 ms
commit;
COMMIT
Time: 2939.685 ms
commit.sh|2019-12-02 19:40:07|2019-12-02 19:40:10|3
Timing is on.
begin;
BEGIN
Time: 85.127 ms
commit;
COMMIT
Time: 4727.154 ms
commit.sh|2019-12-02 19:40:10|2019-12-02 19:40:15|5
Timing is on.
begin;
BEGIN
Time: 70.448 ms
commit;
COMMIT
Time: 1005.416 ms
commit.sh|2019-12-02 19:40:15|2019-12-02 19:40:16|1
Timing is on.
begin;
BEGIN
Time: 156.167 ms
commit;
COMMIT
Time: 500.978 ms
commit.sh|2019-12-02 19:40:16|2019-12-02 19:40:17|1
Timing is on.
begin;
BEGIN
Time: 190.205 ms
commit;
COMMIT
Time: 1039.000 ms
commit.sh|2019-12-02 19:40:17|2019-12-02 19:40:18|1
Timing is on.
begin;
BEGIN
Time: 196.363 ms
commit;
COMMIT
Time: 1065.500 ms
commit.sh|2019-12-02 19:40:18|2019-12-02 19:40:19|1
Timing is on.
begin;
BEGIN
Time: 172.827 ms
commit;
COMMIT
Time: 2739.486 ms
commit.sh|2019-12-02 19:40:19|2019-12-02 19:40:22|3
Timing is on.
begin;
BEGIN
Time: 98.910 ms
commit;
COMMIT
Time: 761.563 ms
commit.sh|2019-12-02 19:40:22|2019-12-02 19:40:23|1
Timing is on.
begin;
BEGIN
Time: 74.792 ms
commit;
COMMIT
Time: 2159.994 ms
commit.sh|2019-12-02 19:40:23|2019-12-02 19:40:25|2
Timing is on.
begin;
BEGIN
Time: 73.889 ms
commit;
COMMIT
Time: 2732.537 ms
commit.sh|2019-12-02 19:40:25|2019-12-02 19:40:28|3
Timing is on.
begin;
BEGIN
Time: 154.437 ms
commit;
COMMIT
Time: 7092.055 ms
commit.sh|2019-12-02 19:40:28|2019-12-02 19:40:35|7
Timing is on.
begin;
BEGIN
Time: 67.689 ms
commit;
COMMIT
Time: 11055.083 ms
commit.sh|2019-12-02 19:40:35|2019-12-02 19:40:47|12
Timing is on.
begin;
BEGIN
Time: 84.275 ms
commit;
COMMIT
Time: 21914.886 ms
commit.sh|2019-12-02 19:40:47|2019-12-02 19:41:09|22
Timing is on.
begin;
BEGIN
Time: 149.469 ms
commit;
COMMIT
Time: 4698.630 ms
commit.sh|2019-12-02 19:41:09|2019-12-02 19:41:14|5
Timing is on.
begin;
BEGIN
Time: 97.732 ms
commit;
COMMIT
Time: 3288.425 ms
commit.sh|2019-12-02 19:41:14|2019-12-02 19:41:17|3
Timing is on.
begin;
BEGIN
Time: 72.917 ms
commit;
COMMIT
Time: 1512.543 ms
commit.sh|2019-12-02 19:41:17|2019-12-02 19:41:19|2
Timing is on.
begin;
BEGIN
Time: 107.105 ms
commit;
COMMIT
Time: 1566.717 ms
commit.sh|2019-12-02 19:41:19|2019-12-02 19:41:20|1
Timing is on.
begin;
BEGIN
Time: 159.995 ms
commit;
COMMIT
Time: 3543.462 ms
commit.sh|2019-12-02 19:41:20|2019-12-02 19:41:24|4
Timing is on.
begin;
BEGIN
Time: 99.935 ms
commit;
COMMIT
Time: 3273.526 ms
commit.sh|2019-12-02 19:41:24|2019-12-02 19:41:27|3
Timing is on.
begin;
BEGIN
Time: 101.723 ms
commit;
COMMIT
Time: 584.874 ms
commit.sh|2019-12-02 19:41:27|2019-12-02 19:41:28|1
Timing is on.
begin;
BEGIN
Time: 67.924 ms
commit;
COMMIT
Time: 967.791 ms
commit.sh|2019-12-02 19:41:28|2019-12-02 19:41:29|1
Timing is on.
begin;
BEGIN
Time: 151.423 ms
commit;
COMMIT
Time: 3445.287 ms
commit.sh|2019-12-02 19:41:29|2019-12-02 19:41:33|4
Timing is on.
begin;
BEGIN
Time: 206.821 ms
commit;
COMMIT
Time: 9094.737 ms
commit.sh|2019-12-02 19:41:33|2019-12-02 19:41:42|9
Timing is on.
begin;
BEGIN
Time: 119.794 ms
commit;
COMMIT
Time: 35088.482 ms
commit.sh|2019-12-02 19:41:42|2019-12-02 19:42:17|35
Timing is on.
begin;
BEGIN
Time: 95.760 ms
commit;
COMMIT
Time: 1220.291 ms
commit.sh|2019-12-02 19:42:17|2019-12-02 19:42:19|2
Timing is on.
begin;
BEGIN
Time: 201.805 ms
commit;
COMMIT
Time: 1220.982 ms
commit.sh|2019-12-02 19:42:19|2019-12-02 19:42:20|1
Timing is on.
begin;
BEGIN
Time: 150.921 ms
commit;
COMMIT
Time: 1708.416 ms
commit.sh|2019-12-02 19:42:20|2019-12-02 19:42:22|2
Timing is on.
begin;
BEGIN
Time: 78.347 ms
commit;
COMMIT
Time: 3091.403 ms
commit.sh|2019-12-02 19:42:22|2019-12-02 19:42:25|3
Timing is on.
begin;
BEGIN
Time: 62.779 ms
commit;
COMMIT
Time: 1305.978 ms
commit.sh|2019-12-02 19:42:25|2019-12-02 19:42:27|2
Timing is on.
begin;
BEGIN
Time: 138.736 ms
commit;
COMMIT
Time: 1439.779 ms
commit.sh|2019-12-02 19:42:27|2019-12-02 19:42:28|1
Timing is on.
begin;
BEGIN
Time: 183.014 ms
commit;
COMMIT
Time: 1675.912 ms
commit.sh|2019-12-02 19:42:28|2019-12-02 19:42:30|2
Timing is on.
begin;
BEGIN
Time: 113.786 ms
commit;
COMMIT
Time: 3815.897 ms
commit.sh|2019-12-02 19:42:30|2019-12-02 19:42:34|4
Timing is on.
begin;
BEGIN
Time: 115.433 ms
commit;
COMMIT
Time: 1933.303 ms
commit.sh|2019-12-02 19:42:34|2019-12-02 19:42:36|2
Timing is on.
begin;
BEGIN
Time: 156.153 ms
commit;
COMMIT
Time: 3133.464 ms
commit.sh|2019-12-02 19:42:36|2019-12-02 19:42:40|4
Timing is on.
begin;
BEGIN
Time: 152.531 ms
commit;
COMMIT
Time: 3037.412 ms
commit.sh|2019-12-02 19:42:40|2019-12-02 19:42:43|3
Timing is on.
begin;
BEGIN
Time: 84.777 ms
commit;
COMMIT
Time: 1033.482 ms
commit.sh|2019-12-02 19:42:43|2019-12-02 19:42:44|1
Timing is on.
begin;
BEGIN
Time: 79.918 ms
commit;
COMMIT
Time: 1782.093 ms
commit.sh|2019-12-02 19:42:44|2019-12-02 19:42:46|2
Timing is on.
begin;
BEGIN
Time: 141.854 ms
commit;
COMMIT
Time: 1077.841 ms
commit.sh|2019-12-02 19:42:46|2019-12-02 19:42:47|1
Timing is on.
begin;
BEGIN
Time: 209.782 ms
commit;
COMMIT
Time: 466.410 ms
commit.sh|2019-12-02 19:42:47|2019-12-02 19:42:48|1
Timing is on.
begin;
BEGIN
Time: 152.274 ms
commit;
COMMIT
Time: 1547.365 ms
commit.sh|2019-12-02 19:42:48|2019-12-02 19:42:50|2
Timing is on.
begin;
BEGIN
Time: 164.883 ms
commit;
COMMIT
Time: 3916.987 ms
commit.sh|2019-12-02 19:42:50|2019-12-02 19:42:54|4
Timing is on.
begin;
BEGIN
Time: 102.616 ms
commit;
COMMIT
Time: 1526.049 ms
commit.sh|2019-12-02 19:42:54|2019-12-02 19:42:56|2
Timing is on.
begin;
BEGIN
Time: 85.577 ms
commit;
COMMIT
Time: 1986.163 ms
commit.sh|2019-12-02 19:42:56|2019-12-02 19:42:58|2
Timing is on.
begin;
BEGIN
Time: 61.979 ms
commit;
COMMIT
Time: 3468.515 ms
commit.sh|2019-12-02 19:42:58|2019-12-02 19:43:01|3
Timing is on.
begin;
BEGIN
Time: 65.695 ms
commit;
COMMIT
Time: 3553.450 ms
commit.sh|2019-12-02 19:43:01|2019-12-02 19:43:05|4
Timing is on.
begin;
BEGIN
Time: 113.039 ms
commit;
COMMIT
Time: 3060.178 ms
commit.sh|2019-12-02 19:43:05|2019-12-02 19:43:08|3
Timing is on.
begin;
BEGIN
Time: 84.299 ms
commit;
COMMIT
Time: 3078.814 ms
commit.sh|2019-12-02 19:43:08|2019-12-02 19:43:11|3
Timing is on.
begin;
BEGIN
Time: 76.072 ms
commit;
COMMIT
Time: 1175.657 ms
commit.sh|2019-12-02 19:43:11|2019-12-02 19:43:13|2
Timing is on.
begin;
BEGIN
Time: 183.385 ms
commit;
COMMIT
Time: 61890.163 ms
commit.sh|2019-12-02 19:43:13|2019-12-02 19:44:15|62
Timing is on.
begin;
BEGIN
Time: 81.625 ms
commit;
COMMIT
Time: 2722.118 ms
commit.sh|2019-12-02 19:44:15|2019-12-02 19:44:18|3
Timing is on.
begin;
BEGIN
Time: 104.188 ms
commit;
COMMIT
Time: 1026.649 ms
commit.sh|2019-12-02 19:44:18|2019-12-02 19:44:19|1
Timing is on.
begin;
BEGIN
Time: 204.114 ms
commit;
COMMIT
Time: 855.221 ms
commit.sh|2019-12-02 19:44:19|2019-12-02 19:44:20|1
Timing is on.
begin;
BEGIN
Time: 163.402 ms
commit;
COMMIT
Time: 2887.556 ms
commit.sh|2019-12-02 19:44:20|2019-12-02 19:44:23|3
Timing is on.
begin;
BEGIN
Time: 64.839 ms
commit;
COMMIT
Time: 2963.555 ms
commit.sh|2019-12-02 19:44:23|2019-12-02 19:44:26|3
Timing is on.
begin;
BEGIN
Time: 75.811 ms
commit;
COMMIT
Time: 14347.236 ms
commit.sh|2019-12-02 19:44:26|2019-12-02 19:44:41|15
Timing is on.
begin;
BEGIN
Time: 62.023 ms
commit;
COMMIT
Time: 128850.856 ms
commit.sh|2019-12-02 19:44:41|2019-12-02 19:46:50|129
Timing is on.
begin;
BEGIN
Time: 71.345 ms
commit;
COMMIT
Time: 240986.607 ms
commit.sh|2019-12-02 19:46:50|2019-12-02 19:50:51|241
Timing is on.
begin;
BEGIN
Time: 63.998 ms
commit;
COMMIT
Time: 66163.084 ms
commit.sh|2019-12-02 19:50:51|2019-12-02 19:51:57|66
Timing is on.
begin;
BEGIN
Time: 64.823 ms
commit;
COMMIT
Time: 1902.933 ms
commit.sh|2019-12-02 19:51:57|2019-12-02 19:51:59|2
Timing is on.
begin;
BEGIN
Time: 132.960 ms
commit;
COMMIT
Time: 1356.669 ms
commit.sh|2019-12-02 19:51:59|2019-12-02 19:52:00|1
Timing is on.
begin;
BEGIN
Time: 172.383 ms
commit;
COMMIT
Time: 1833.772 ms
commit.sh|2019-12-02 19:52:00|2019-12-02 19:52:02|2
Timing is on.
begin;
BEGIN
Time: 79.362 ms
commit;
COMMIT
Time: 58429.219 ms
commit.sh|2019-12-02 19:52:03|2019-12-02 19:53:01|58
Timing is on.
begin;
BEGIN
Time: 62.873 ms
commit;
COMMIT
Time: 43019.406 ms
commit.sh|2019-12-02 19:53:01|2019-12-02 19:53:44|43
Timing is on.
begin;
BEGIN
Time: 77.010 ms
commit;
COMMIT
Time: 50593.886 ms
commit.sh|2019-12-02 19:53:44|2019-12-02 19:54:35|51
Timing is on.
begin;
BEGIN
Time: 120.638 ms
commit;
COMMIT
Time: 26990.833 ms
commit.sh|2019-12-02 19:54:35|2019-12-02 19:55:02|27
Timing is on.
begin;
BEGIN
Time: 68.776 ms
commit;
COMMIT
Time: 3579.714 ms
commit.sh|2019-12-02 19:55:02|2019-12-02 19:55:06|4
Timing is on.
begin;
BEGIN
Time: 88.956 ms
commit;
COMMIT
Time: 6619.436 ms
commit.sh|2019-12-02 19:55:06|2019-12-02 19:55:12|6
Timing is on.
begin;
BEGIN
Time: 72.253 ms
commit;
COMMIT
Time: 3768.337 ms
commit.sh|2019-12-02 19:55:13|2019-12-02 19:55:16|3
Timing is on.
begin;
BEGIN
Time: 132.670 ms
commit;
COMMIT
Time: 442.365 ms
commit.sh|2019-12-02 19:55:16|2019-12-02 19:55:17|1
Timing is on.
begin;
BEGIN
Time: 131.711 ms
commit;
COMMIT
Time: 1103.049 ms
commit.sh|2019-12-02 19:55:17|2019-12-02 19:55:18|1
Timing is on.
begin;
BEGIN
Time: 149.575 ms
commit;
COMMIT
Time: 803.495 ms
commit.sh|2019-12-02 19:55:18|2019-12-02 19:55:19|1
Timing is on.
begin;
BEGIN
Time: 162.426 ms
commit;
COMMIT
Time: 1570.420 ms
commit.sh|2019-12-02 19:55:19|2019-12-02 19:55:21|2
Timing is on.
begin;
BEGIN
Time: 85.294 ms
commit;
COMMIT
Time: 2016.616 ms
commit.sh|2019-12-02 19:55:21|2019-12-02 19:55:23|2
Timing is on.
begin;
BEGIN
Time: 66.337 ms
commit;
COMMIT
Time: 1193.370 ms
commit.sh|2019-12-02 19:55:23|2019-12-02 19:55:24|1
Timing is on.
begin;
BEGIN
Time: 140.999 ms
commit;
COMMIT
Time: 1328.250 ms
commit.sh|2019-12-02 19:55:24|2019-12-02 19:55:26|2
Timing is on.
begin;
BEGIN
Time: 160.920 ms
commit;
COMMIT
Time: 3054.536 ms
commit.sh|2019-12-02 19:55:26|2019-12-02 19:55:29|3
Timing is on.
begin;
BEGIN
Time: 71.210 ms
commit;
COMMIT
Time: 3950.622 ms
commit.sh|2019-12-02 19:55:29|2019-12-02 19:55:33|4
Timing is on.
begin;
BEGIN
Time: 74.805 ms
commit;
COMMIT
Time: 2876.709 ms
commit.sh|2019-12-02 19:55:33|2019-12-02 19:55:36|3
Timing is on.
begin;
BEGIN
Time: 77.750 ms
commit;
COMMIT
Time: 29098.730 ms
commit.sh|2019-12-02 19:55:36|2019-12-02 19:56:06|30
Timing is on.
begin;
BEGIN
Time: 115.824 ms
commit;
COMMIT
Time: 7460.696 ms
commit.sh|2019-12-02 19:56:06|2019-12-02 19:56:13|7
Timing is on.
begin;
BEGIN
Time: 117.133 ms
commit;
COMMIT
Time: 6172.629 ms
commit.sh|2019-12-02 19:56:13|2019-12-02 19:56:20|7
Timing is on.
begin;
BEGIN
Time: 70.599 ms
commit;
COMMIT
Time: 1521.659 ms
commit.sh|2019-12-02 19:56:20|2019-12-02 19:56:21|1
Timing is on.
begin;
BEGIN
Time: 149.999 ms
commit;
COMMIT
Time: 1778.355 ms
commit.sh|2019-12-02 19:56:21|2019-12-02 19:56:23|2
Timing is on.
begin;
BEGIN
Time: 156.510 ms
commit;
COMMIT
Time: 1415.123 ms
commit.sh|2019-12-02 19:56:23|2019-12-02 19:56:25|2
Timing is on.
begin;
BEGIN
Time: 96.792 ms
commit;
COMMIT
Time: 2052.038 ms
commit.sh|2019-12-02 19:56:25|2019-12-02 19:56:27|2
Timing is on.
begin;
BEGIN
Time: 70.184 ms
commit;
COMMIT
Time: 1179.895 ms
commit.sh|2019-12-02 19:56:27|2019-12-02 19:56:28|1
Timing is on.
begin;
BEGIN
Time: 143.642 ms
commit;
COMMIT
Time: 3022.098 ms
commit.sh|2019-12-02 19:56:28|2019-12-02 19:56:31|3
Timing is on.
begin;
BEGIN
Time: 108.615 ms
commit;
COMMIT
Time: 5339.188 ms
commit.sh|2019-12-02 19:56:31|2019-12-02 19:56:37|6
Timing is on.
begin;
BEGIN
Time: 117.366 ms
commit;
COMMIT
Time: 1130.916 ms
commit.sh|2019-12-02 19:56:37|2019-12-02 19:56:38|1
Timing is on.
begin;
BEGIN
Time: 70.942 ms
commit;
COMMIT
Time: 3485.464 ms
commit.sh|2019-12-02 19:56:38|2019-12-02 19:56:42|4
Timing is on.
begin;
BEGIN
Time: 78.212 ms
commit;
COMMIT
Time: 33806.017 ms
commit.sh|2019-12-02 19:56:42|2019-12-02 19:57:16|34
Timing is on.
begin;
BEGIN
Time: 113.641 ms
commit;
COMMIT
Time: 3438.961 ms
commit.sh|2019-12-02 19:57:16|2019-12-02 19:57:19|3
Timing is on.
begin;
BEGIN
Time: 124.649 ms
commit;
COMMIT
Time: 1766.195 ms
commit.sh|2019-12-02 19:57:19|2019-12-02 19:57:21|2
Timing is on.
begin;
BEGIN
Time: 135.626 ms
commit;
COMMIT
Time: 1533.827 ms
commit.sh|2019-12-02 19:57:21|2019-12-02 19:57:23|2
Timing is on.
begin;
BEGIN
Time: 140.028 ms
commit;
COMMIT
Time: 2227.789 ms
commit.sh|2019-12-02 19:57:23|2019-12-02 19:57:25|2
Timing is on.
begin;
BEGIN
Time: 104.009 ms
commit;
COMMIT
Time: 3471.532 ms
commit.sh|2019-12-02 19:57:25|2019-12-02 19:57:29|4
Timing is on.
begin;
BEGIN
Time: 75.597 ms
commit;
COMMIT
Time: 2868.866 ms
commit.sh|2019-12-02 19:57:29|2019-12-02 19:57:32|3
Timing is on.
begin;
BEGIN
Time: 118.032 ms
commit;
COMMIT
Time: 5256.096 ms
commit.sh|2019-12-02 19:57:32|2019-12-02 19:57:38|6
