Timing is on.
truncate table tb_load1 ;
TRUNCATE TABLE
Time: 12222.749 ms
insert into tb_load1 select * from tb_load;
INSERT 0 100000
Time: 20306.212 ms
load.sh|2019-12-02 18:57:33|2019-12-02 18:58:05|32
Timing is on.
truncate table tb_load1 ;
TRUNCATE TABLE
Time: 6863.783 ms
insert into tb_load1 select * from tb_load;
INSERT 0 100000
Time: 23083.361 ms
load.sh|2019-12-02 18:58:09|2019-12-02 18:58:39|30
Timing is on.
truncate table tb_load1 ;
TRUNCATE TABLE
Time: 18116.619 ms
insert into tb_load1 select * from tb_load;
INSERT 0 100000
Time: 29853.426 ms
load.sh|2019-12-02 18:58:40|2019-12-02 18:59:28|48
Timing is on.
truncate table tb_load1 ;
TRUNCATE TABLE
Time: 7425.289 ms
insert into tb_load1 select * from tb_load;
INSERT 0 100000
Time: 21526.996 ms
load.sh|2019-12-02 18:59:28|2019-12-02 18:59:57|29
Timing is on.
truncate table tb_load1 ;
TRUNCATE TABLE
Time: 7181.287 ms
insert into tb_load1 select * from tb_load;
INSERT 0 100000
Time: 23840.121 ms
load.sh|2019-12-02 19:00:03|2019-12-02 19:00:34|31
Timing is on.
truncate table tb_load1 ;
TRUNCATE TABLE
Time: 9744.897 ms
insert into tb_load1 select * from tb_load;
INSERT 0 100000
Time: 17536.964 ms
load.sh|2019-12-02 19:00:36|2019-12-02 19:01:03|27
Timing is on.
truncate table tb_load1 ;
TRUNCATE TABLE
Time: 8329.369 ms
insert into tb_load1 select * from tb_load;
INSERT 0 100000
Time: 24488.421 ms
load.sh|2019-12-02 19:01:07|2019-12-02 19:01:40|33
Timing is on.
truncate table tb_load1 ;
TRUNCATE TABLE
Time: 26344.027 ms
insert into tb_load1 select * from tb_load;
INSERT 0 100000
Time: 18626.710 ms
load.sh|2019-12-02 19:01:40|2019-12-02 19:02:25|45
Timing is on.
truncate table tb_load1 ;
TRUNCATE TABLE
Time: 4644.891 ms
insert into tb_load1 select * from tb_load;
INSERT 0 100000
Time: 18381.205 ms
load.sh|2019-12-02 19:02:25|2019-12-02 19:02:48|23
Timing is on.
truncate table tb_load1 ;
TRUNCATE TABLE
Time: 4577.077 ms
insert into tb_load1 select * from tb_load;
INSERT 0 100000
Time: 42655.251 ms
load.sh|2019-12-02 19:02:48|2019-12-02 19:03:36|48
Timing is on.
truncate table tb_load1 ;
TRUNCATE TABLE
Time: 7378.007 ms
insert into tb_load1 select * from tb_load;
INSERT 0 100000
Time: 33144.554 ms
load.sh|2019-12-02 19:03:36|2019-12-02 19:04:16|40
Timing is on.
truncate table tb_load1 ;
TRUNCATE TABLE
Time: 7962.403 ms
insert into tb_load1 select * from tb_load;
INSERT 0 100000
Time: 35744.257 ms
load.sh|2019-12-02 19:04:16|2019-12-02 19:05:00|44
Timing is on.
truncate table tb_load1 ;
TRUNCATE TABLE
Time: 5705.669 ms
insert into tb_load1 select * from tb_load;
INSERT 0 100000
Time: 22779.133 ms
load.sh|2019-12-02 19:05:02|2019-12-02 19:05:30|28
Timing is on.
truncate table tb_load1 ;
TRUNCATE TABLE
Time: 8556.783 ms
insert into tb_load1 select * from tb_load;
INSERT 0 100000
Time: 48888.065 ms
load.sh|2019-12-02 19:05:32|2019-12-02 19:06:29|57
Timing is on.
truncate table tb_load1 ;
TRUNCATE TABLE
Time: 5053.831 ms
insert into tb_load1 select * from tb_load;
INSERT 0 100000
Time: 78257.949 ms
load.sh|2019-12-02 19:06:30|2019-12-02 19:07:53|83
Timing is on.
truncate table tb_load1 ;
TRUNCATE TABLE
Time: 15931.038 ms
insert into tb_load1 select * from tb_load;
INSERT 0 100000
Time: 29719.147 ms
load.sh|2019-12-02 19:07:55|2019-12-02 19:08:41|46
Timing is on.
truncate table tb_load1 ;
TRUNCATE TABLE
Time: 14740.291 ms
insert into tb_load1 select * from tb_load;
INSERT 0 100000
Time: 29192.624 ms
load.sh|2019-12-02 19:08:41|2019-12-02 19:09:25|44
Timing is on.
truncate table tb_load1 ;
TRUNCATE TABLE
Time: 11204.826 ms
insert into tb_load1 select * from tb_load;
INSERT 0 100000
Time: 57248.441 ms
load.sh|2019-12-02 19:09:25|2019-12-02 19:10:33|68
Timing is on.
truncate table tb_load1 ;
TRUNCATE TABLE
Time: 21036.436 ms
insert into tb_load1 select * from tb_load;
INSERT 0 100000
Time: 28727.933 ms
load.sh|2019-12-02 19:10:33|2019-12-02 19:11:23|50
Timing is on.
truncate table tb_load1 ;
TRUNCATE TABLE
Time: 12701.441 ms
insert into tb_load1 select * from tb_load;
INSERT 0 100000
Time: 47266.293 ms
load.sh|2019-12-02 19:11:26|2019-12-02 19:12:26|60
Timing is on.
truncate table tb_load1 ;
TRUNCATE TABLE
Time: 7144.397 ms
insert into tb_load1 select * from tb_load;
INSERT 0 100000
Time: 16815.017 ms
load.sh|2019-12-02 19:12:26|2019-12-02 19:12:50|24
Timing is on.
truncate table tb_load1 ;
TRUNCATE TABLE
Time: 6407.807 ms
insert into tb_load1 select * from tb_load;
INSERT 0 100000
Time: 53755.143 ms
load.sh|2019-12-02 19:12:50|2019-12-02 19:13:51|61
Timing is on.
truncate table tb_load1 ;
TRUNCATE TABLE
Time: 7035.155 ms
insert into tb_load1 select * from tb_load;
INSERT 0 100000
Time: 38513.251 ms
load.sh|2019-12-02 19:13:51|2019-12-02 19:14:37|46
Timing is on.
truncate table tb_load1 ;
TRUNCATE TABLE
Time: 20346.132 ms
insert into tb_load1 select * from tb_load;
INSERT 0 100000
Time: 43308.511 ms
load.sh|2019-12-02 19:14:37|2019-12-02 19:15:41|64
Timing is on.
truncate table tb_load1 ;
TRUNCATE TABLE
Time: 10928.246 ms
insert into tb_load1 select * from tb_load;
INSERT 0 100000
Time: 34673.264 ms
load.sh|2019-12-02 19:15:43|2019-12-02 19:16:28|45
Timing is on.
truncate table tb_load1 ;
TRUNCATE TABLE
Time: 6386.636 ms
insert into tb_load1 select * from tb_load;
INSERT 0 100000
Time: 57874.604 ms
load.sh|2019-12-02 19:16:28|2019-12-02 19:17:32|64
Timing is on.
truncate table tb_load1 ;
TRUNCATE TABLE
Time: 6388.869 ms
insert into tb_load1 select * from tb_load;
INSERT 0 100000
Time: 65051.414 ms
load.sh|2019-12-02 19:17:33|2019-12-02 19:18:44|71
Timing is on.
truncate table tb_load1 ;
TRUNCATE TABLE
Time: 10029.109 ms
insert into tb_load1 select * from tb_load;
INSERT 0 100000
Time: 45986.342 ms
load.sh|2019-12-02 19:18:47|2019-12-02 19:19:43|56
Timing is on.
truncate table tb_load1 ;
TRUNCATE TABLE
Time: 6601.638 ms
insert into tb_load1 select * from tb_load;
INSERT 0 100000
Time: 56544.504 ms
load.sh|2019-12-02 19:19:43|2019-12-02 19:20:46|63
Timing is on.
truncate table tb_load1 ;
TRUNCATE TABLE
Time: 20357.520 ms
insert into tb_load1 select * from tb_load;
INSERT 0 100000
Time: 55067.288 ms
load.sh|2019-12-02 19:20:47|2019-12-02 19:22:03|76
Timing is on.
truncate table tb_load1 ;
TRUNCATE TABLE
Time: 8770.592 ms
insert into tb_load1 select * from tb_load;
INSERT 0 100000
Time: 85621.626 ms
load.sh|2019-12-02 19:22:04|2019-12-02 19:23:38|94
Timing is on.
truncate table tb_load1 ;
TRUNCATE TABLE
Time: 5145.387 ms
insert into tb_load1 select * from tb_load;
INSERT 0 100000
Time: 55357.401 ms
load.sh|2019-12-02 19:23:42|2019-12-02 19:24:43|61
Timing is on.
truncate table tb_load1 ;
TRUNCATE TABLE
Time: 8893.440 ms
insert into tb_load1 select * from tb_load;
INSERT 0 100000
Time: 56900.803 ms
load.sh|2019-12-02 19:24:44|2019-12-02 19:25:50|66
Timing is on.
truncate table tb_load1 ;
TRUNCATE TABLE
Time: 8239.853 ms
insert into tb_load1 select * from tb_load;
INSERT 0 100000
Time: 70147.099 ms
load.sh|2019-12-02 19:25:52|2019-12-02 19:27:11|79
Timing is on.
truncate table tb_load1 ;
TRUNCATE TABLE
Time: 19860.807 ms
insert into tb_load1 select * from tb_load;
INSERT 0 100000
Time: 57084.045 ms
load.sh|2019-12-02 19:27:17|2019-12-02 19:28:34|77
Timing is on.
truncate table tb_load1 ;
TRUNCATE TABLE
Time: 10953.039 ms
insert into tb_load1 select * from tb_load;
INSERT 0 100000
Time: 63767.642 ms
load.sh|2019-12-02 19:28:40|2019-12-02 19:29:55|75
Timing is on.
truncate table tb_load1 ;
TRUNCATE TABLE
Time: 12327.716 ms
insert into tb_load1 select * from tb_load;
INSERT 0 100000
Time: 67972.427 ms
load.sh|2019-12-02 19:29:56|2019-12-02 19:31:16|80
Timing is on.
truncate table tb_load1 ;
TRUNCATE TABLE
Time: 11982.344 ms
insert into tb_load1 select * from tb_load;
INSERT 0 100000
Time: 129294.117 ms
load.sh|2019-12-02 19:31:18|2019-12-02 19:33:39|141
Timing is on.
truncate table tb_load1 ;
TRUNCATE TABLE
Time: 8492.926 ms
insert into tb_load1 select * from tb_load;
INSERT 0 100000
Time: 71006.486 ms
load.sh|2019-12-02 19:33:42|2019-12-02 19:35:01|79
Timing is on.
truncate table tb_load1 ;
TRUNCATE TABLE
Time: 9898.777 ms
insert into tb_load1 select * from tb_load;
INSERT 0 100000
Time: 56238.616 ms
load.sh|2019-12-02 19:35:02|2019-12-02 19:36:08|66
Timing is on.
truncate table tb_load1 ;
TRUNCATE TABLE
Time: 12590.659 ms
insert into tb_load1 select * from tb_load;
INSERT 0 100000
Time: 62233.628 ms
load.sh|2019-12-02 19:36:10|2019-12-02 19:37:25|75
Timing is on.
truncate table tb_load1 ;
TRUNCATE TABLE
Time: 6311.517 ms
insert into tb_load1 select * from tb_load;
INSERT 0 100000
Time: 61123.722 ms
load.sh|2019-12-02 19:37:25|2019-12-02 19:38:33|68
Timing is on.
truncate table tb_load1 ;
TRUNCATE TABLE
Time: 6247.823 ms
insert into tb_load1 select * from tb_load;
INSERT 0 100000
Time: 103824.313 ms
load.sh|2019-12-02 19:38:33|2019-12-02 19:40:23|110
Timing is on.
truncate table tb_load1 ;
TRUNCATE TABLE
Time: 12291.116 ms
insert into tb_load1 select * from tb_load;
INSERT 0 100000
Time: 49316.168 ms
load.sh|2019-12-02 19:40:23|2019-12-02 19:41:24|61
Timing is on.
truncate table tb_load1 ;
TRUNCATE TABLE
Time: 8366.412 ms
insert into tb_load1 select * from tb_load;
INSERT 0 100000
Time: 50384.679 ms
load.sh|2019-12-02 19:41:28|2019-12-02 19:42:26|58
Timing is on.
truncate table tb_load1 ;
TRUNCATE TABLE
Time: 9412.303 ms
insert into tb_load1 select * from tb_load;
INSERT 0 100000
Time: 18063.821 ms
load.sh|2019-12-02 19:42:27|2019-12-02 19:42:54|27
Timing is on.
truncate table tb_load1 ;
TRUNCATE TABLE
Time: 7271.063 ms
insert into tb_load1 select * from tb_load;
INSERT 0 100000
Time: 77114.250 ms
load.sh|2019-12-02 19:42:54|2019-12-02 19:44:19|85
Timing is on.
truncate table tb_load1 ;
TRUNCATE TABLE
Time: 8420.173 ms
insert into tb_load1 select * from tb_load;
INSERT 0 100000
Time: 453060.898 ms
load.sh|2019-12-02 19:44:19|2019-12-02 19:52:00|461
Timing is on.
truncate table tb_load1 ;
TRUNCATE TABLE
Time: 85211.426 ms
insert into tb_load1 select * from tb_load;
INSERT 0 100000
Time: 114297.661 ms
load.sh|2019-12-02 19:52:00|2019-12-02 19:55:20|200
Timing is on.
truncate table tb_load1 ;
TRUNCATE TABLE
Time: 10397.612 ms
insert into tb_load1 select * from tb_load;
INSERT 0 100000
Time: 53236.627 ms
load.sh|2019-12-02 19:55:24|2019-12-02 19:56:28|64
Timing is on.
truncate table tb_load1 ;
TRUNCATE TABLE
Time: 10803.687 ms
insert into tb_load1 select * from tb_load;
INSERT 0 100000
Time: 44089.834 ms
load.sh|2019-12-02 19:56:28|2019-12-02 19:57:23|55
Timing is on.
truncate table tb_load1 ;
TRUNCATE TABLE
Time: 6712.802 ms
insert into tb_load1 select * from tb_load;
INSERT 0 100000
Time: 23263.205 ms
load.sh|2019-12-02 19:57:23|2019-12-02 19:57:53|30
