Timing is on.
begin;
BEGIN
Time: 121.392 ms
truncate table tb_check2 ;
TRUNCATE TABLE
Time: 1588.235 ms
insert into tb_check2 select * from tb_check;
INSERT 0 10
Time: 880.334 ms
commit;
COMMIT
Time: 3875.773 ms
check.sh|2019-12-02 18:57:33|2019-12-02 18:57:39|6
Timing is on.
begin;
BEGIN
Time: 81.324 ms
truncate table tb_check2 ;
TRUNCATE TABLE
Time: 1047.147 ms
insert into tb_check2 select * from tb_check;
INSERT 0 10
Time: 1490.429 ms
commit;
COMMIT
Time: 9464.880 ms
check.sh|2019-12-02 18:57:42|2019-12-02 18:57:54|12
Timing is on.
begin;
BEGIN
Time: 61.324 ms
truncate table tb_check2 ;
TRUNCATE TABLE
Time: 1809.450 ms
insert into tb_check2 select * from tb_check;
INSERT 0 10
Time: 2613.172 ms
commit;
COMMIT
Time: 5815.760 ms
check.sh|2019-12-02 18:57:58|2019-12-02 18:58:08|10
Timing is on.
begin;
BEGIN
Time: 88.920 ms
truncate table tb_check2 ;
TRUNCATE TABLE
Time: 1984.254 ms
insert into tb_check2 select * from tb_check;
INSERT 0 10
Time: 673.995 ms
commit;
COMMIT
Time: 9703.112 ms
check.sh|2019-12-02 18:58:09|2019-12-02 18:58:22|13
Timing is on.
begin;
BEGIN
Time: 108.681 ms
truncate table tb_check2 ;
TRUNCATE TABLE
Time: 3011.640 ms
insert into tb_check2 select * from tb_check;
INSERT 0 10
Time: 1664.713 ms
commit;
COMMIT
Time: 5058.438 ms
check.sh|2019-12-02 18:58:28|2019-12-02 18:58:38|10
Timing is on.
begin;
BEGIN
Time: 86.103 ms
truncate table tb_check2 ;
TRUNCATE TABLE
Time: 752.412 ms
insert into tb_check2 select * from tb_check;
INSERT 0 10
Time: 1076.195 ms
commit;
COMMIT
Time: 14101.061 ms
check.sh|2019-12-02 18:58:40|2019-12-02 18:58:56|16
Timing is on.
begin;
BEGIN
Time: 103.204 ms
truncate table tb_check2 ;
TRUNCATE TABLE
Time: 510.912 ms
insert into tb_check2 select * from tb_check;
INSERT 0 10
Time: 1627.036 ms
commit;
COMMIT
Time: 13846.575 ms
check.sh|2019-12-02 18:58:57|2019-12-02 18:59:13|16
Timing is on.
begin;
BEGIN
Time: 73.659 ms
truncate table tb_check2 ;
TRUNCATE TABLE
Time: 1904.783 ms
insert into tb_check2 select * from tb_check;
INSERT 0 10
Time: 2728.404 ms
commit;
COMMIT
Time: 5465.995 ms
check.sh|2019-12-02 18:59:18|2019-12-02 18:59:28|10
Timing is on.
begin;
BEGIN
Time: 63.161 ms
truncate table tb_check2 ;
TRUNCATE TABLE
Time: 706.860 ms
insert into tb_check2 select * from tb_check;
INSERT 0 10
Time: 1333.521 ms
commit;
COMMIT
Time: 5465.477 ms
check.sh|2019-12-02 18:59:28|2019-12-02 18:59:36|8
Timing is on.
begin;
BEGIN
Time: 69.748 ms
truncate table tb_check2 ;
TRUNCATE TABLE
Time: 2054.089 ms
insert into tb_check2 select * from tb_check;
INSERT 0 10
Time: 639.635 ms
commit;
COMMIT
Time: 8751.153 ms
check.sh|2019-12-02 18:59:43|2019-12-02 18:59:54|11
Timing is on.
begin;
BEGIN
Time: 89.721 ms
truncate table tb_check2 ;
TRUNCATE TABLE
Time: 1441.038 ms
insert into tb_check2 select * from tb_check;
INSERT 0 10
Time: 781.652 ms
commit;
COMMIT
Time: 5974.234 ms
check.sh|2019-12-02 19:00:00|2019-12-02 19:00:08|8
Timing is on.
begin;
BEGIN
Time: 96.613 ms
truncate table tb_check2 ;
TRUNCATE TABLE
Time: 4736.784 ms
insert into tb_check2 select * from tb_check;
INSERT 0 10
Time: 1099.775 ms
commit;
COMMIT
Time: 10009.609 ms
check.sh|2019-12-02 19:00:13|2019-12-02 19:00:29|16
Timing is on.
begin;
BEGIN
Time: 84.630 ms
truncate table tb_check2 ;
TRUNCATE TABLE
Time: 1605.723 ms
insert into tb_check2 select * from tb_check;
INSERT 0 10
Time: 1358.709 ms
commit;
COMMIT
Time: 5901.241 ms
check.sh|2019-12-02 19:00:31|2019-12-02 19:00:40|9
Timing is on.
begin;
BEGIN
Time: 80.312 ms
truncate table tb_check2 ;
TRUNCATE TABLE
Time: 566.509 ms
insert into tb_check2 select * from tb_check;
INSERT 0 10
Time: 1123.085 ms
commit;
COMMIT
Time: 9836.424 ms
check.sh|2019-12-02 19:00:45|2019-12-02 19:00:57|12
Timing is on.
begin;
BEGIN
Time: 107.265 ms
truncate table tb_check2 ;
TRUNCATE TABLE
Time: 1571.893 ms
insert into tb_check2 select * from tb_check;
INSERT 0 10
Time: 2137.838 ms
commit;
COMMIT
Time: 4503.013 ms
check.sh|2019-12-02 19:00:59|2019-12-02 19:01:07|8
Timing is on.
begin;
BEGIN
Time: 77.328 ms
truncate table tb_check2 ;
TRUNCATE TABLE
Time: 2284.377 ms
insert into tb_check2 select * from tb_check;
INSERT 0 10
Time: 1234.168 ms
commit;
COMMIT
Time: 11735.922 ms
check.sh|2019-12-02 19:01:11|2019-12-02 19:01:26|15
Timing is on.
begin;
BEGIN
Time: 107.114 ms
truncate table tb_check2 ;
TRUNCATE TABLE
Time: 2618.891 ms
insert into tb_check2 select * from tb_check;
INSERT 0 10
Time: 652.920 ms
commit;
COMMIT
Time: 4659.818 ms
check.sh|2019-12-02 19:01:30|2019-12-02 19:01:38|8
Timing is on.
begin;
BEGIN
Time: 70.937 ms
truncate table tb_check2 ;
TRUNCATE TABLE
Time: 404.227 ms
insert into tb_check2 select * from tb_check;
INSERT 0 10
Time: 1548.710 ms
commit;
COMMIT
Time: 17758.752 ms
check.sh|2019-12-02 19:01:40|2019-12-02 19:02:00|20
Timing is on.
begin;
BEGIN
Time: 102.873 ms
truncate table tb_check2 ;
TRUNCATE TABLE
Time: 2840.006 ms
insert into tb_check2 select * from tb_check;
INSERT 0 10
Time: 1300.221 ms
commit;
COMMIT
Time: 10593.111 ms
check.sh|2019-12-02 19:02:04|2019-12-02 19:02:18|14
Timing is on.
begin;
BEGIN
Time: 65.776 ms
truncate table tb_check2 ;
TRUNCATE TABLE
Time: 649.433 ms
insert into tb_check2 select * from tb_check;
INSERT 0 10
Time: 2587.956 ms
commit;
COMMIT
Time: 2373.300 ms
check.sh|2019-12-02 19:02:19|2019-12-02 19:02:25|6
Timing is on.
begin;
BEGIN
Time: 70.926 ms
truncate table tb_check2 ;
TRUNCATE TABLE
Time: 1140.030 ms
insert into tb_check2 select * from tb_check;
INSERT 0 10
Time: 1398.494 ms
commit;
COMMIT
Time: 6613.036 ms
check.sh|2019-12-02 19:02:26|2019-12-02 19:02:35|9
Timing is on.
begin;
BEGIN
Time: 60.412 ms
truncate table tb_check2 ;
TRUNCATE TABLE
Time: 2158.238 ms
insert into tb_check2 select * from tb_check;
INSERT 0 10
Time: 2947.452 ms
commit;
COMMIT
Time: 2565.375 ms
check.sh|2019-12-02 19:02:40|2019-12-02 19:02:47|7
Timing is on.
begin;
BEGIN
Time: 64.666 ms
truncate table tb_check2 ;
TRUNCATE TABLE
Time: 1632.588 ms
insert into tb_check2 select * from tb_check;
INSERT 0 10
Time: 1551.914 ms
commit;
COMMIT
Time: 5994.265 ms
check.sh|2019-12-02 19:02:49|2019-12-02 19:02:58|9
Timing is on.
begin;
BEGIN
Time: 60.970 ms
truncate table tb_check2 ;
TRUNCATE TABLE
Time: 2682.305 ms
insert into tb_check2 select * from tb_check;
INSERT 0 10
Time: 1147.263 ms
commit;
COMMIT
Time: 14323.454 ms
check.sh|2019-12-02 19:03:04|2019-12-02 19:03:22|18
Timing is on.
begin;
BEGIN
Time: 78.261 ms
truncate table tb_check2 ;
TRUNCATE TABLE
Time: 1680.845 ms
insert into tb_check2 select * from tb_check;
INSERT 0 10
Time: 1906.831 ms
commit;
COMMIT
Time: 13982.664 ms
check.sh|2019-12-02 19:03:38|2019-12-02 19:03:55|17
Timing is on.
begin;
BEGIN
Time: 88.915 ms
truncate table tb_check2 ;
TRUNCATE TABLE
Time: 3475.255 ms
insert into tb_check2 select * from tb_check;
INSERT 0 10
Time: 1710.291 ms
commit;
COMMIT
Time: 5534.401 ms
check.sh|2019-12-02 19:04:04|2019-12-02 19:04:15|11
Timing is on.
begin;
BEGIN
Time: 75.231 ms
truncate table tb_check2 ;
TRUNCATE TABLE
Time: 516.993 ms
insert into tb_check2 select * from tb_check;
INSERT 0 10
Time: 1941.953 ms
commit;
COMMIT
Time: 3950.097 ms
check.sh|2019-12-02 19:04:15|2019-12-02 19:04:22|7
Timing is on.
begin;
BEGIN
Time: 68.689 ms
truncate table tb_check2 ;
TRUNCATE TABLE
Time: 553.440 ms
insert into tb_check2 select * from tb_check;
INSERT 0 10
Time: 1023.001 ms
commit;
COMMIT
Time: 18142.629 ms
check.sh|2019-12-02 19:04:24|2019-12-02 19:04:43|19
Timing is on.
begin;
BEGIN
Time: 66.054 ms
truncate table tb_check2 ;
TRUNCATE TABLE
Time: 3226.482 ms
insert into tb_check2 select * from tb_check;
INSERT 0 10
Time: 1647.829 ms
commit;
COMMIT
Time: 9606.005 ms
check.sh|2019-12-02 19:04:45|2019-12-02 19:05:00|15
Timing is on.
begin;
BEGIN
Time: 63.170 ms
truncate table tb_check2 ;
TRUNCATE TABLE
Time: 853.532 ms
insert into tb_check2 select * from tb_check;
INSERT 0 10
Time: 810.949 ms
commit;
COMMIT
Time: 7671.152 ms
check.sh|2019-12-02 19:05:02|2019-12-02 19:05:11|9
Timing is on.
begin;
BEGIN
Time: 65.549 ms
truncate table tb_check2 ;
TRUNCATE TABLE
Time: 6131.920 ms
insert into tb_check2 select * from tb_check;
INSERT 0 10
Time: 1124.301 ms
commit;
COMMIT
Time: 3926.404 ms
check.sh|2019-12-02 19:05:17|2019-12-02 19:05:28|11
Timing is on.
begin;
BEGIN
Time: 65.765 ms
truncate table tb_check2 ;
TRUNCATE TABLE
Time: 904.449 ms
insert into tb_check2 select * from tb_check;
INSERT 0 10
Time: 684.191 ms
commit;
COMMIT
Time: 8138.018 ms
check.sh|2019-12-02 19:05:30|2019-12-02 19:05:40|10
Timing is on.
begin;
BEGIN
Time: 124.170 ms
truncate table tb_check2 ;
TRUNCATE TABLE
Time: 12068.527 ms
insert into tb_check2 select * from tb_check;
INSERT 0 10
Time: 1508.198 ms
commit;
COMMIT
Time: 25470.479 ms
check.sh|2019-12-02 19:05:40|2019-12-02 19:06:19|39
Timing is on.
begin;
BEGIN
Time: 65.849 ms
truncate table tb_check2 ;
TRUNCATE TABLE
Time: 2519.594 ms
insert into tb_check2 select * from tb_check;
INSERT 0 10
Time: 3374.303 ms
commit;
COMMIT
Time: 3309.470 ms
check.sh|2019-12-02 19:06:20|2019-12-02 19:06:29|9
Timing is on.
begin;
BEGIN
Time: 109.687 ms
truncate table tb_check2 ;
TRUNCATE TABLE
Time: 1407.718 ms
insert into tb_check2 select * from tb_check;
INSERT 0 10
Time: 931.727 ms
commit;
COMMIT
Time: 10964.608 ms
check.sh|2019-12-02 19:06:31|2019-12-02 19:06:45|14
Timing is on.
begin;
BEGIN
Time: 106.902 ms
truncate table tb_check2 ;
TRUNCATE TABLE
Time: 2946.147 ms
insert into tb_check2 select * from tb_check;
INSERT 0 10
Time: 3674.222 ms
commit;
COMMIT
Time: 4946.930 ms
check.sh|2019-12-02 19:07:42|2019-12-02 19:07:54|12
Timing is on.
begin;
BEGIN
Time: 68.560 ms
truncate table tb_check2 ;
TRUNCATE TABLE
Time: 11405.384 ms
insert into tb_check2 select * from tb_check;
INSERT 0 10
Time: 2599.529 ms
commit;
COMMIT
Time: 12411.970 ms
check.sh|2019-12-02 19:07:56|2019-12-02 19:08:23|27
Timing is on.
begin;
BEGIN
Time: 67.185 ms
truncate table tb_check2 ;
TRUNCATE TABLE
Time: 1305.942 ms
insert into tb_check2 select * from tb_check;
INSERT 0 10
Time: 882.570 ms
commit;
COMMIT
Time: 4261.523 ms
check.sh|2019-12-02 19:08:30|2019-12-02 19:08:36|6
Timing is on.
begin;
BEGIN
Time: 84.141 ms
truncate table tb_check2 ;
TRUNCATE TABLE
Time: 4620.997 ms
insert into tb_check2 select * from tb_check;
INSERT 0 10
Time: 613.630 ms
commit;
COMMIT
Time: 4043.609 ms
check.sh|2019-12-02 19:08:41|2019-12-02 19:08:50|9
Timing is on.
begin;
BEGIN
Time: 86.005 ms
truncate table tb_check2 ;
TRUNCATE TABLE
Time: 4282.988 ms
insert into tb_check2 select * from tb_check;
INSERT 0 10
Time: 1299.430 ms
commit;
COMMIT
Time: 13875.461 ms
check.sh|2019-12-02 19:08:55|2019-12-02 19:09:15|20
Timing is on.
begin;
BEGIN
Time: 112.479 ms
truncate table tb_check2 ;
TRUNCATE TABLE
Time: 601.775 ms
insert into tb_check2 select * from tb_check;
INSERT 0 10
Time: 2471.071 ms
commit;
COMMIT
Time: 6747.295 ms
check.sh|2019-12-02 19:09:15|2019-12-02 19:09:25|10
Timing is on.
begin;
BEGIN
Time: 83.130 ms
truncate table tb_check2 ;
TRUNCATE TABLE
Time: 548.921 ms
insert into tb_check2 select * from tb_check;
INSERT 0 10
Time: 2198.254 ms
commit;
COMMIT
Time: 40427.633 ms
check.sh|2019-12-02 19:09:34|2019-12-02 19:10:17|43
Timing is on.
begin;
BEGIN
Time: 80.776 ms
truncate table tb_check2 ;
TRUNCATE TABLE
Time: 2450.805 ms
insert into tb_check2 select * from tb_check;
INSERT 0 10
Time: 2944.838 ms
commit;
COMMIT
Time: 2668.277 ms
check.sh|2019-12-02 19:10:22|2019-12-02 19:10:30|8
Timing is on.
begin;
BEGIN
Time: 75.179 ms
truncate table tb_check2 ;
TRUNCATE TABLE
Time: 1096.052 ms
insert into tb_check2 select * from tb_check;
INSERT 0 10
Time: 1587.655 ms
commit;
COMMIT
Time: 19400.908 ms
check.sh|2019-12-02 19:10:32|2019-12-02 19:10:54|22
Timing is on.
begin;
BEGIN
Time: 74.024 ms
truncate table tb_check2 ;
TRUNCATE TABLE
Time: 6461.923 ms
insert into tb_check2 select * from tb_check;
INSERT 0 10
Time: 1699.808 ms
commit;
COMMIT
Time: 12352.549 ms
check.sh|2019-12-02 19:10:54|2019-12-02 19:11:15|21
Timing is on.
begin;
BEGIN
Time: 109.281 ms
truncate table tb_check2 ;
TRUNCATE TABLE
Time: 641.949 ms
insert into tb_check2 select * from tb_check;
INSERT 0 10
Time: 1817.332 ms
commit;
COMMIT
Time: 4156.751 ms
check.sh|2019-12-02 19:11:18|2019-12-02 19:11:25|7
Timing is on.
begin;
BEGIN
Time: 109.751 ms
truncate table tb_check2 ;
TRUNCATE TABLE
Time: 553.704 ms
insert into tb_check2 select * from tb_check;
INSERT 0 10
Time: 1307.955 ms
commit;
COMMIT
Time: 42473.542 ms
check.sh|2019-12-02 19:11:30|2019-12-02 19:12:14|44
Timing is on.
begin;
BEGIN
Time: 68.812 ms
truncate table tb_check2 ;
TRUNCATE TABLE
Time: 2110.729 ms
insert into tb_check2 select * from tb_check;
INSERT 0 10
Time: 1583.989 ms
commit;
COMMIT
Time: 3670.825 ms
check.sh|2019-12-02 19:12:21|2019-12-02 19:12:28|7
Timing is on.
begin;
BEGIN
Time: 62.805 ms
truncate table tb_check2 ;
TRUNCATE TABLE
Time: 925.190 ms
insert into tb_check2 select * from tb_check;
INSERT 0 10
Time: 1783.979 ms
commit;
COMMIT
Time: 5643.461 ms
check.sh|2019-12-02 19:12:31|2019-12-02 19:12:39|8
Timing is on.
begin;
BEGIN
Time: 85.708 ms
truncate table tb_check2 ;
TRUNCATE TABLE
Time: 662.731 ms
insert into tb_check2 select * from tb_check;
INSERT 0 10
Time: 1842.317 ms
commit;
COMMIT
Time: 4629.912 ms
check.sh|2019-12-02 19:12:42|2019-12-02 19:12:49|7
Timing is on.
begin;
BEGIN
Time: 79.623 ms
truncate table tb_check2 ;
TRUNCATE TABLE
Time: 350.315 ms
insert into tb_check2 select * from tb_check;
INSERT 0 10
Time: 2226.650 ms
commit;
COMMIT
Time: 3475.887 ms
check.sh|2019-12-02 19:12:50|2019-12-02 19:12:56|6
Timing is on.
begin;
BEGIN
Time: 101.319 ms
truncate table tb_check2 ;
TRUNCATE TABLE
Time: 4767.969 ms
insert into tb_check2 select * from tb_check;
INSERT 0 10
Time: 2006.303 ms
commit;
COMMIT
Time: 5179.301 ms
check.sh|2019-12-02 19:13:38|2019-12-02 19:13:50|12
Timing is on.
begin;
BEGIN
Time: 81.694 ms
truncate table tb_check2 ;
TRUNCATE TABLE
Time: 522.827 ms
insert into tb_check2 select * from tb_check;
INSERT 0 10
Time: 2084.525 ms
commit;
COMMIT
Time: 2634.578 ms
check.sh|2019-12-02 19:13:50|2019-12-02 19:13:55|5
Timing is on.
begin;
BEGIN
Time: 84.705 ms
truncate table tb_check2 ;
TRUNCATE TABLE
Time: 538.698 ms
insert into tb_check2 select * from tb_check;
INSERT 0 10
Time: 1061.758 ms
commit;
COMMIT
Time: 19018.766 ms
check.sh|2019-12-02 19:13:58|2019-12-02 19:14:18|20
Timing is on.
begin;
BEGIN
Time: 64.992 ms
truncate table tb_check2 ;
TRUNCATE TABLE
Time: 1561.950 ms
insert into tb_check2 select * from tb_check;
INSERT 0 10
Time: 3268.495 ms
commit;
COMMIT
Time: 8338.205 ms
check.sh|2019-12-02 19:14:23|2019-12-02 19:14:37|14
Timing is on.
begin;
BEGIN
Time: 73.497 ms
truncate table tb_check2 ;
TRUNCATE TABLE
Time: 826.704 ms
insert into tb_check2 select * from tb_check;
INSERT 0 10
Time: 1016.902 ms
commit;
COMMIT
Time: 3471.227 ms
check.sh|2019-12-02 19:14:37|2019-12-02 19:14:42|5
Timing is on.
begin;
BEGIN
Time: 89.660 ms
truncate table tb_check2 ;
TRUNCATE TABLE
Time: 4232.581 ms
insert into tb_check2 select * from tb_check;
INSERT 0 10
Time: 12204.016 ms
commit;
COMMIT
Time: 27549.753 ms
check.sh|2019-12-02 19:14:54|2019-12-02 19:15:38|44
Timing is on.
begin;
BEGIN
Time: 99.551 ms
truncate table tb_check2 ;
TRUNCATE TABLE
Time: 1166.918 ms
insert into tb_check2 select * from tb_check;
INSERT 0 10
Time: 967.718 ms
commit;
COMMIT
Time: 4294.290 ms
check.sh|2019-12-02 19:15:38|2019-12-02 19:15:45|7
Timing is on.
begin;
BEGIN
Time: 113.205 ms
truncate table tb_check2 ;
TRUNCATE TABLE
Time: 2128.165 ms
insert into tb_check2 select * from tb_check;
INSERT 0 10
Time: 1422.273 ms
commit;
COMMIT
Time: 15649.881 ms
check.sh|2019-12-02 19:15:50|2019-12-02 19:16:09|19
Timing is on.
begin;
BEGIN
Time: 117.759 ms
truncate table tb_check2 ;
TRUNCATE TABLE
Time: 5438.741 ms
insert into tb_check2 select * from tb_check;
INSERT 0 10
Time: 2520.168 ms
commit;
COMMIT
Time: 3011.234 ms
check.sh|2019-12-02 19:16:15|2019-12-02 19:16:26|11
Timing is on.
begin;
BEGIN
Time: 64.785 ms
truncate table tb_check2 ;
TRUNCATE TABLE
Time: 389.308 ms
insert into tb_check2 select * from tb_check;
INSERT 0 10
Time: 1715.516 ms
commit;
COMMIT
Time: 3578.025 ms
check.sh|2019-12-02 19:16:28|2019-12-02 19:16:34|6
Timing is on.
begin;
BEGIN
Time: 99.858 ms
truncate table tb_check2 ;
TRUNCATE TABLE
Time: 23125.103 ms
insert into tb_check2 select * from tb_check;
INSERT 0 10
Time: 672.731 ms
commit;
COMMIT
Time: 3124.448 ms
check.sh|2019-12-02 19:16:53|2019-12-02 19:17:20|27
Timing is on.
begin;
BEGIN
Time: 115.784 ms
truncate table tb_check2 ;
TRUNCATE TABLE
Time: 3422.113 ms
insert into tb_check2 select * from tb_check;
INSERT 0 10
Time: 2024.193 ms
commit;
COMMIT
Time: 5670.244 ms
check.sh|2019-12-02 19:17:29|2019-12-02 19:17:40|11
Timing is on.
begin;
BEGIN
Time: 68.481 ms
truncate table tb_check2 ;
TRUNCATE TABLE
Time: 5481.583 ms
insert into tb_check2 select * from tb_check;
INSERT 0 10
Time: 2123.064 ms
commit;
COMMIT
Time: 46130.118 ms
check.sh|2019-12-02 19:17:50|2019-12-02 19:18:44|54
Timing is on.
begin;
BEGIN
Time: 91.137 ms
truncate table tb_check2 ;
TRUNCATE TABLE
Time: 531.036 ms
insert into tb_check2 select * from tb_check;
INSERT 0 10
Time: 2131.851 ms
commit;
COMMIT
Time: 4058.426 ms
check.sh|2019-12-02 19:18:44|2019-12-02 19:18:51|7
Timing is on.
begin;
BEGIN
Time: 67.659 ms
truncate table tb_check2 ;
TRUNCATE TABLE
Time: 629.394 ms
insert into tb_check2 select * from tb_check;
INSERT 0 10
Time: 1153.997 ms
commit;
COMMIT
Time: 26813.613 ms
check.sh|2019-12-02 19:18:52|2019-12-02 19:19:20|28
Timing is on.
begin;
BEGIN
Time: 103.902 ms
truncate table tb_check2 ;
TRUNCATE TABLE
Time: 2809.896 ms
insert into tb_check2 select * from tb_check;
INSERT 0 10
Time: 3284.024 ms
commit;
COMMIT
Time: 3256.114 ms
check.sh|2019-12-02 19:19:34|2019-12-02 19:19:43|9
Timing is on.
begin;
BEGIN
Time: 66.059 ms
truncate table tb_check2 ;
TRUNCATE TABLE
Time: 1984.728 ms
insert into tb_check2 select * from tb_check;
INSERT 0 10
Time: 1380.944 ms
commit;
COMMIT
Time: 16844.629 ms
check.sh|2019-12-02 19:19:45|2019-12-02 19:20:05|20
Timing is on.
begin;
BEGIN
Time: 65.318 ms
truncate table tb_check2 ;
TRUNCATE TABLE
Time: 2479.064 ms
insert into tb_check2 select * from tb_check;
INSERT 0 10
Time: 1598.107 ms
commit;
COMMIT
Time: 4174.820 ms
check.sh|2019-12-02 19:20:35|2019-12-02 19:20:43|8
Timing is on.
begin;
BEGIN
Time: 112.467 ms
truncate table tb_check2 ;
TRUNCATE TABLE
Time: 813.398 ms
insert into tb_check2 select * from tb_check;
INSERT 0 10
Time: 815.395 ms
commit;
COMMIT
Time: 5481.898 ms
check.sh|2019-12-02 19:20:46|2019-12-02 19:20:53|7
Timing is on.
begin;
BEGIN
Time: 86.612 ms
truncate table tb_check2 ;
TRUNCATE TABLE
Time: 2682.086 ms
insert into tb_check2 select * from tb_check;
INSERT 0 10
Time: 2171.293 ms
commit;
COMMIT
Time: 33094.900 ms
check.sh|2019-12-02 19:21:07|2019-12-02 19:21:45|38
Timing is on.
begin;
BEGIN
Time: 101.369 ms
truncate table tb_check2 ;
TRUNCATE TABLE
Time: 3368.925 ms
insert into tb_check2 select * from tb_check;
INSERT 0 10
Time: 1575.879 ms
commit;
COMMIT
Time: 7007.094 ms
check.sh|2019-12-02 19:21:58|2019-12-02 19:22:10|12
Timing is on.
begin;
BEGIN
Time: 74.784 ms
truncate table tb_check2 ;
TRUNCATE TABLE
Time: 2102.488 ms
insert into tb_check2 select * from tb_check;
INSERT 0 10
Time: 2193.228 ms
commit;
COMMIT
Time: 77945.113 ms
check.sh|2019-12-02 19:22:11|2019-12-02 19:23:33|82
Timing is on.
begin;
BEGIN
Time: 115.310 ms
truncate table tb_check2 ;
TRUNCATE TABLE
Time: 530.998 ms
insert into tb_check2 select * from tb_check;
INSERT 0 10
Time: 2306.505 ms
commit;
COMMIT
Time: 2167.002 ms
check.sh|2019-12-02 19:23:36|2019-12-02 19:23:41|5
Timing is on.
begin;
BEGIN
Time: 70.863 ms
truncate table tb_check2 ;
TRUNCATE TABLE
Time: 1698.386 ms
insert into tb_check2 select * from tb_check;
INSERT 0 10
Time: 771.948 ms
commit;
COMMIT
Time: 7990.550 ms
check.sh|2019-12-02 19:23:43|2019-12-02 19:23:53|10
Timing is on.
begin;
BEGIN
Time: 95.159 ms
truncate table tb_check2 ;
TRUNCATE TABLE
Time: 23900.602 ms
insert into tb_check2 select * from tb_check;
INSERT 0 10
Time: 2984.315 ms
commit;
COMMIT
Time: 3350.294 ms
check.sh|2019-12-02 19:24:12|2019-12-02 19:24:43|31
Timing is on.
begin;
BEGIN
Time: 64.778 ms
truncate table tb_check2 ;
TRUNCATE TABLE
Time: 1504.015 ms
insert into tb_check2 select * from tb_check;
INSERT 0 10
Time: 953.527 ms
commit;
COMMIT
Time: 5607.381 ms
check.sh|2019-12-02 19:24:45|2019-12-02 19:24:53|8
Timing is on.
begin;
BEGIN
Time: 85.717 ms
truncate table tb_check2 ;
TRUNCATE TABLE
Time: 4421.631 ms
insert into tb_check2 select * from tb_check;
INSERT 0 10
Time: 1911.980 ms
commit;
COMMIT
Time: 6786.434 ms
check.sh|2019-12-02 19:25:34|2019-12-02 19:25:48|14
Timing is on.
begin;
BEGIN
Time: 93.784 ms
truncate table tb_check2 ;
TRUNCATE TABLE
Time: 1273.567 ms
insert into tb_check2 select * from tb_check;
INSERT 0 10
Time: 1602.017 ms
commit;
COMMIT
Time: 4847.650 ms
check.sh|2019-12-02 19:25:49|2019-12-02 19:25:57|8
Timing is on.
begin;
BEGIN
Time: 75.729 ms
truncate table tb_check2 ;
TRUNCATE TABLE
Time: 895.631 ms
insert into tb_check2 select * from tb_check;
INSERT 0 10
Time: 1851.908 ms
commit;
COMMIT
Time: 55893.139 ms
check.sh|2019-12-02 19:26:00|2019-12-02 19:26:58|58
Timing is on.
begin;
BEGIN
Time: 74.439 ms
truncate table tb_check2 ;
TRUNCATE TABLE
Time: 3374.433 ms
insert into tb_check2 select * from tb_check;
INSERT 0 10
Time: 2615.603 ms
commit;
COMMIT
Time: 5080.473 ms
check.sh|2019-12-02 19:27:04|2019-12-02 19:27:15|11
Timing is on.
begin;
BEGIN
Time: 88.600 ms
truncate table tb_check2 ;
TRUNCATE TABLE
Time: 2197.673 ms
insert into tb_check2 select * from tb_check;
INSERT 0 10
Time: 1302.684 ms
commit;
COMMIT
Time: 15236.913 ms
check.sh|2019-12-02 19:27:17|2019-12-02 19:27:35|18
Timing is on.
begin;
BEGIN
Time: 89.026 ms
truncate table tb_check2 ;
TRUNCATE TABLE
Time: 1310.046 ms
insert into tb_check2 select * from tb_check;
INSERT 0 10
Time: 4575.365 ms
commit;
COMMIT
Time: 28290.602 ms
check.sh|2019-12-02 19:27:36|2019-12-02 19:28:10|34
Timing is on.
begin;
BEGIN
Time: 98.820 ms
truncate table tb_check2 ;
TRUNCATE TABLE
Time: 3179.302 ms
insert into tb_check2 select * from tb_check;
INSERT 0 10
Time: 2447.414 ms
commit;
COMMIT
Time: 3096.270 ms
check.sh|2019-12-02 19:28:30|2019-12-02 19:28:39|9
Timing is on.
begin;
BEGIN
Time: 64.666 ms
truncate table tb_check2 ;
TRUNCATE TABLE
Time: 975.631 ms
insert into tb_check2 select * from tb_check;
INSERT 0 10
Time: 1667.753 ms
commit;
COMMIT
Time: 6657.774 ms
check.sh|2019-12-02 19:28:40|2019-12-02 19:28:49|9
Timing is on.
begin;
BEGIN
Time: 77.740 ms
truncate table tb_check2 ;
TRUNCATE TABLE
Time: 4167.409 ms
insert into tb_check2 select * from tb_check;
INSERT 0 10
Time: 4572.739 ms
commit;
COMMIT
Time: 30741.095 ms
check.sh|2019-12-02 19:28:51|2019-12-02 19:29:30|39
Timing is on.
begin;
BEGIN
Time: 83.098 ms
truncate table tb_check2 ;
TRUNCATE TABLE
Time: 13473.442 ms
insert into tb_check2 select * from tb_check;
INSERT 0 10
Time: 2039.108 ms
commit;
COMMIT
Time: 2597.891 ms
check.sh|2019-12-02 19:29:34|2019-12-02 19:29:52|18
Timing is on.
begin;
BEGIN
Time: 141.933 ms
truncate table tb_check2 ;
TRUNCATE TABLE
Time: 481.835 ms
insert into tb_check2 select * from tb_check;
INSERT 0 10
Time: 1303.498 ms
commit;
COMMIT
Time: 8945.076 ms
check.sh|2019-12-02 19:29:55|2019-12-02 19:30:06|11
Timing is on.
begin;
BEGIN
Time: 66.225 ms
truncate table tb_check2 ;
TRUNCATE TABLE
Time: 11368.637 ms
insert into tb_check2 select * from tb_check;
INSERT 0 10
Time: 25238.168 ms
commit;
COMMIT
Time: 19567.522 ms
check.sh|2019-12-02 19:30:08|2019-12-02 19:31:05|57
Timing is on.
begin;
BEGIN
Time: 83.000 ms
truncate table tb_check2 ;
TRUNCATE TABLE
Time: 997.502 ms
insert into tb_check2 select * from tb_check;
INSERT 0 10
Time: 2349.788 ms
commit;
COMMIT
Time: 3044.727 ms
check.sh|2019-12-02 19:31:09|2019-12-02 19:31:16|7
Timing is on.
begin;
BEGIN
Time: 69.994 ms
truncate table tb_check2 ;
TRUNCATE TABLE
Time: 702.025 ms
insert into tb_check2 select * from tb_check;
INSERT 0 10
Time: 918.181 ms
commit;
COMMIT
Time: 9297.788 ms
check.sh|2019-12-02 19:31:18|2019-12-02 19:31:29|11
Timing is on.
begin;
BEGIN
Time: 72.415 ms
truncate table tb_check2 ;
TRUNCATE TABLE
Time: 86922.142 ms
insert into tb_check2 select * from tb_check;
INSERT 0 10
Time: 2014.972 ms
commit;
COMMIT
Time: 7427.090 ms
check.sh|2019-12-02 19:32:01|2019-12-02 19:33:37|96
Timing is on.
begin;
BEGIN
Time: 93.916 ms
truncate table tb_check2 ;
TRUNCATE TABLE
Time: 619.422 ms
insert into tb_check2 select * from tb_check;
INSERT 0 10
Time: 1514.629 ms
commit;
COMMIT
Time: 6636.709 ms
check.sh|2019-12-02 19:33:39|2019-12-02 19:33:48|9
Timing is on.
begin;
BEGIN
Time: 81.841 ms
truncate table tb_check2 ;
TRUNCATE TABLE
Time: 1631.510 ms
insert into tb_check2 select * from tb_check;
INSERT 0 10
Time: 2713.529 ms
commit;
COMMIT
Time: 32312.486 ms
check.sh|2019-12-02 19:33:49|2019-12-02 19:34:26|37
Timing is on.
begin;
BEGIN
Time: 71.177 ms
truncate table tb_check2 ;
TRUNCATE TABLE
Time: 1866.337 ms
insert into tb_check2 select * from tb_check;
INSERT 0 10
Time: 3138.498 ms
commit;
COMMIT
Time: 9005.538 ms
check.sh|2019-12-02 19:34:44|2019-12-02 19:34:58|14
Timing is on.
begin;
BEGIN
Time: 86.014 ms
truncate table tb_check2 ;
TRUNCATE TABLE
Time: 1578.921 ms
insert into tb_check2 select * from tb_check;
INSERT 0 10
Time: 1314.946 ms
commit;
COMMIT
Time: 5119.668 ms
check.sh|2019-12-02 19:35:00|2019-12-02 19:35:08|8
Timing is on.
begin;
BEGIN
Time: 64.776 ms
truncate table tb_check2 ;
TRUNCATE TABLE
Time: 1105.731 ms
insert into tb_check2 select * from tb_check;
INSERT 0 10
Time: 729.583 ms
commit;
COMMIT
Time: 20370.154 ms
check.sh|2019-12-02 19:35:11|2019-12-02 19:35:33|22
Timing is on.
begin;
BEGIN
Time: 138.791 ms
truncate table tb_check2 ;
TRUNCATE TABLE
Time: 1065.861 ms
insert into tb_check2 select * from tb_check;
INSERT 0 10
Time: 949.944 ms
commit;
COMMIT
Time: 22291.791 ms
check.sh|2019-12-02 19:35:43|2019-12-02 19:36:08|25
Timing is on.
begin;
BEGIN
Time: 82.384 ms
truncate table tb_check2 ;
TRUNCATE TABLE
Time: 992.319 ms
insert into tb_check2 select * from tb_check;
INSERT 0 10
Time: 1019.109 ms
commit;
COMMIT
Time: 6856.251 ms
check.sh|2019-12-02 19:36:10|2019-12-02 19:36:19|9
Timing is on.
begin;
BEGIN
Time: 99.816 ms
truncate table tb_check2 ;
TRUNCATE TABLE
Time: 1433.778 ms
insert into tb_check2 select * from tb_check;
INSERT 0 10
Time: 633.526 ms
commit;
COMMIT
Time: 18875.240 ms
check.sh|2019-12-02 19:36:21|2019-12-02 19:36:42|21
Timing is on.
begin;
BEGIN
Time: 115.177 ms
truncate table tb_check2 ;
TRUNCATE TABLE
Time: 1118.819 ms
insert into tb_check2 select * from tb_check;
INSERT 0 10
Time: 2325.155 ms
commit;
COMMIT
Time: 9504.915 ms
check.sh|2019-12-02 19:37:04|2019-12-02 19:37:17|13
Timing is on.
begin;
BEGIN
Time: 82.418 ms
truncate table tb_check2 ;
TRUNCATE TABLE
Time: 1167.392 ms
insert into tb_check2 select * from tb_check;
INSERT 0 10
Time: 916.750 ms
commit;
COMMIT
Time: 12280.289 ms
check.sh|2019-12-02 19:37:27|2019-12-02 19:37:41|14
Timing is on.
begin;
BEGIN
Time: 63.753 ms
truncate table tb_check2 ;
TRUNCATE TABLE
Time: 1477.485 ms
insert into tb_check2 select * from tb_check;
INSERT 0 10
Time: 2205.201 ms
commit;
COMMIT
Time: 2676.071 ms
check.sh|2019-12-02 19:38:21|2019-12-02 19:38:27|6
Timing is on.
begin;
BEGIN
Time: 75.588 ms
truncate table tb_check2 ;
TRUNCATE TABLE
Time: 1530.110 ms
insert into tb_check2 select * from tb_check;
INSERT 0 10
Time: 1348.085 ms
commit;
COMMIT
Time: 4693.117 ms
check.sh|2019-12-02 19:38:29|2019-12-02 19:38:37|8
Timing is on.
begin;
BEGIN
Time: 70.988 ms
truncate table tb_check2 ;
TRUNCATE TABLE
Time: 1116.064 ms
insert into tb_check2 select * from tb_check;
INSERT 0 10
Time: 15195.156 ms
commit;
COMMIT
Time: 72279.396 ms
check.sh|2019-12-02 19:38:37|2019-12-02 19:40:06|89
Timing is on.
begin;
BEGIN
Time: 63.027 ms
truncate table tb_check2 ;
TRUNCATE TABLE
Time: 5197.233 ms
insert into tb_check2 select * from tb_check;
INSERT 0 10
Time: 2911.446 ms
commit;
COMMIT
Time: 3626.141 ms
check.sh|2019-12-02 19:40:10|2019-12-02 19:40:22|12
Timing is on.
begin;
BEGIN
Time: 62.405 ms
truncate table tb_check2 ;
TRUNCATE TABLE
Time: 675.379 ms
insert into tb_check2 select * from tb_check;
INSERT 0 10
Time: 1007.262 ms
commit;
COMMIT
Time: 5035.613 ms
check.sh|2019-12-02 19:40:23|2019-12-02 19:40:30|7
Timing is on.
begin;
BEGIN
Time: 96.572 ms
truncate table tb_check2 ;
TRUNCATE TABLE
Time: 8765.878 ms
insert into tb_check2 select * from tb_check;
INSERT 0 10
Time: 1286.160 ms
commit;
COMMIT
Time: 21903.246 ms
check.sh|2019-12-02 19:40:43|2019-12-02 19:41:15|32
Timing is on.
begin;
BEGIN
Time: 99.297 ms
truncate table tb_check2 ;
TRUNCATE TABLE
Time: 875.730 ms
insert into tb_check2 select * from tb_check;
INSERT 0 10
Time: 1585.994 ms
commit;
COMMIT
Time: 5907.920 ms
check.sh|2019-12-02 19:41:18|2019-12-02 19:41:27|9
Timing is on.
begin;
BEGIN
Time: 88.946 ms
truncate table tb_check2 ;
TRUNCATE TABLE
Time: 912.134 ms
insert into tb_check2 select * from tb_check;
INSERT 0 10
Time: 1007.882 ms
commit;
COMMIT
Time: 6056.187 ms
check.sh|2019-12-02 19:41:28|2019-12-02 19:41:36|8
Timing is on.
begin;
BEGIN
Time: 116.445 ms
truncate table tb_check2 ;
TRUNCATE TABLE
Time: 22189.648 ms
insert into tb_check2 select * from tb_check;
INSERT 0 10
Time: 2125.862 ms
commit;
COMMIT
Time: 3230.389 ms
check.sh|2019-12-02 19:41:55|2019-12-02 19:42:23|28
Timing is on.
begin;
BEGIN
Time: 91.381 ms
truncate table tb_check2 ;
TRUNCATE TABLE
Time: 605.487 ms
insert into tb_check2 select * from tb_check;
INSERT 0 10
Time: 1840.061 ms
commit;
COMMIT
Time: 4496.655 ms
check.sh|2019-12-02 19:42:26|2019-12-02 19:42:33|7
Timing is on.
begin;
BEGIN
Time: 69.050 ms
truncate table tb_check2 ;
TRUNCATE TABLE
Time: 941.172 ms
insert into tb_check2 select * from tb_check;
INSERT 0 10
Time: 883.062 ms
commit;
COMMIT
Time: 6185.055 ms
check.sh|2019-12-02 19:42:35|2019-12-02 19:42:43|8
Timing is on.
begin;
BEGIN
Time: 68.376 ms
truncate table tb_check2 ;
TRUNCATE TABLE
Time: 1691.508 ms
insert into tb_check2 select * from tb_check;
INSERT 0 10
Time: 2595.104 ms
commit;
COMMIT
Time: 3659.581 ms
check.sh|2019-12-02 19:42:44|2019-12-02 19:42:52|8
Timing is on.
begin;
BEGIN
Time: 74.241 ms
truncate table tb_check2 ;
TRUNCATE TABLE
Time: 1657.170 ms
insert into tb_check2 select * from tb_check;
INSERT 0 10
Time: 979.757 ms
commit;
COMMIT
Time: 9916.424 ms
check.sh|2019-12-02 19:42:55|2019-12-02 19:43:08|13
Timing is on.
begin;
BEGIN
Time: 117.236 ms
truncate table tb_check2 ;
TRUNCATE TABLE
Time: 2073.595 ms
insert into tb_check2 select * from tb_check;
INSERT 0 10
Time: 1618.482 ms
commit;
COMMIT
Time: 62559.632 ms
check.sh|2019-12-02 19:43:10|2019-12-02 19:44:17|67
Timing is on.
begin;
BEGIN
Time: 85.883 ms
truncate table tb_check2 ;
TRUNCATE TABLE
Time: 819.627 ms
insert into tb_check2 select * from tb_check;
INSERT 0 10
Time: 1722.410 ms
commit;
COMMIT
Time: 4266.709 ms
check.sh|2019-12-02 19:44:17|2019-12-02 19:44:24|7
Timing is on.
begin;
BEGIN
Time: 63.825 ms
truncate table tb_check2 ;
TRUNCATE TABLE
Time: 46746.436 ms
insert into tb_check2 select * from tb_check;
INSERT 0 10
Time: 7167.461 ms
commit;
COMMIT
Time: 393555.052 ms
check.sh|2019-12-02 19:44:27|2019-12-02 19:51:54|447
Timing is on.
begin;
BEGIN
Time: 78.630 ms
truncate table tb_check2 ;
TRUNCATE TABLE
Time: 546.419 ms
insert into tb_check2 select * from tb_check;
INSERT 0 10
Time: 1543.248 ms
commit;
COMMIT
Time: 48552.156 ms
check.sh|2019-12-02 19:51:58|2019-12-02 19:52:49|51
Timing is on.
begin;
BEGIN
Time: 145.396 ms
truncate table tb_check2 ;
TRUNCATE TABLE
Time: 54051.058 ms
insert into tb_check2 select * from tb_check;
INSERT 0 10
Time: 12866.593 ms
commit;
COMMIT
Time: 29694.049 ms
check.sh|2019-12-02 19:53:29|2019-12-02 19:55:06|97
Timing is on.
begin;
BEGIN
Time: 66.553 ms
truncate table tb_check2 ;
TRUNCATE TABLE
Time: 8240.466 ms
insert into tb_check2 select * from tb_check;
INSERT 0 10
Time: 926.746 ms
commit;
COMMIT
Time: 3334.517 ms
check.sh|2019-12-02 19:55:09|2019-12-02 19:55:22|13
Timing is on.
begin;
BEGIN
Time: 63.196 ms
truncate table tb_check2 ;
TRUNCATE TABLE
Time: 871.947 ms
insert into tb_check2 select * from tb_check;
INSERT 0 10
Time: 1483.289 ms
commit;
COMMIT
Time: 5505.647 ms
check.sh|2019-12-02 19:55:23|2019-12-02 19:55:31|8
Timing is on.
begin;
BEGIN
Time: 61.467 ms
truncate table tb_check2 ;
TRUNCATE TABLE
Time: 826.141 ms
insert into tb_check2 select * from tb_check;
INSERT 0 10
Time: 956.397 ms
commit;
COMMIT
Time: 37302.515 ms
check.sh|2019-12-02 19:55:33|2019-12-02 19:56:13|40
Timing is on.
begin;
BEGIN
Time: 80.619 ms
truncate table tb_check2 ;
TRUNCATE TABLE
Time: 1316.924 ms
insert into tb_check2 select * from tb_check;
INSERT 0 10
Time: 1572.254 ms
commit;
COMMIT
Time: 1848.199 ms
check.sh|2019-12-02 19:56:19|2019-12-02 19:56:24|5
Timing is on.
begin;
BEGIN
Time: 84.188 ms
truncate table tb_check2 ;
TRUNCATE TABLE
Time: 628.626 ms
insert into tb_check2 select * from tb_check;
INSERT 0 10
Time: 1610.961 ms
commit;
COMMIT
Time: 7646.500 ms
check.sh|2019-12-02 19:56:27|2019-12-02 19:56:37|10
Timing is on.
begin;
BEGIN
Time: 110.622 ms
truncate table tb_check2 ;
TRUNCATE TABLE
Time: 1758.468 ms
insert into tb_check2 select * from tb_check;
INSERT 0 10
Time: 2545.270 ms
commit;
COMMIT
Time: 35909.975 ms
check.sh|2019-12-02 19:56:38|2019-12-02 19:57:19|41
Timing is on.
begin;
BEGIN
Time: 81.620 ms
truncate table tb_check2 ;
TRUNCATE TABLE
Time: 1352.215 ms
insert into tb_check2 select * from tb_check;
INSERT 0 10
Time: 1451.916 ms
commit;
COMMIT
Time: 5124.508 ms
check.sh|2019-12-02 19:57:20|2019-12-02 19:57:28|8
Timing is on.
begin;
BEGIN
Time: 87.875 ms
truncate table tb_check2 ;
TRUNCATE TABLE
Time: 3199.634 ms
insert into tb_check2 select * from tb_check;
INSERT 0 10
Time: 1222.952 ms
commit;
COMMIT
Time: 14426.477 ms
check.sh|2019-12-02 19:57:29|2019-12-02 19:57:48|19
