Timing is on.
begin;
BEGIN
Time: 86.646 ms
truncate table tb_check5 ;
TRUNCATE TABLE
Time: 4394.822 ms
insert into tb_check5 select * from tb_check;
INSERT 0 10
Time: 1207.302 ms
commit;
COMMIT
Time: 3732.803 ms
check.sh|2019-12-02 17:06:09|2019-12-02 17:06:18|9
Timing is on.
begin;
BEGIN
Time: 117.819 ms
truncate table tb_check5 ;
TRUNCATE TABLE
Time: 6255.387 ms
insert into tb_check5 select * from tb_check;
INSERT 0 10
Time: 2034.479 ms
commit;
COMMIT
Time: 11578.164 ms
check.sh|2019-12-02 17:06:19|2019-12-02 17:06:39|20
Timing is on.
begin;
BEGIN
Time: 82.166 ms
truncate table tb_check5 ;
TRUNCATE TABLE
Time: 2529.257 ms
insert into tb_check5 select * from tb_check;
INSERT 0 10
Time: 3275.107 ms
commit;
COMMIT
Time: 5221.551 ms
check.sh|2019-12-02 17:06:40|2019-12-02 17:06:51|11
Timing is on.
begin;
BEGIN
Time: 77.405 ms
truncate table tb_check5 ;
TRUNCATE TABLE
Time: 7025.665 ms
insert into tb_check5 select * from tb_check;
INSERT 0 10
Time: 625.901 ms
commit;
COMMIT
Time: 6403.837 ms
check.sh|2019-12-02 17:06:51|2019-12-02 17:07:05|14
Timing is on.
begin;
BEGIN
Time: 60.361 ms
truncate table tb_check5 ;
TRUNCATE TABLE
Time: 19922.426 ms
insert into tb_check5 select * from tb_check;
INSERT 0 10
Time: 662.905 ms
commit;
COMMIT
Time: 7688.465 ms
check.sh|2019-12-02 17:07:06|2019-12-02 17:07:34|28
Timing is on.
begin;
BEGIN
Time: 124.668 ms
truncate table tb_check5 ;
TRUNCATE TABLE
Time: 3480.241 ms
insert into tb_check5 select * from tb_check;
INSERT 0 10
Time: 2922.628 ms
commit;
COMMIT
Time: 4800.057 ms
check.sh|2019-12-02 17:07:35|2019-12-02 17:07:46|11
Timing is on.
begin;
BEGIN
Time: 143.702 ms
truncate table tb_check5 ;
TRUNCATE TABLE
Time: 1227.973 ms
insert into tb_check5 select * from tb_check;
INSERT 0 10
Time: 1911.145 ms
commit;
COMMIT
Time: 5370.121 ms
check.sh|2019-12-02 17:07:47|2019-12-02 17:07:55|8
Timing is on.
begin;
BEGIN
Time: 67.086 ms
truncate table tb_check5 ;
TRUNCATE TABLE
Time: 12061.151 ms
insert into tb_check5 select * from tb_check;
INSERT 0 10
Time: 629.319 ms
commit;
COMMIT
Time: 10533.600 ms
check.sh|2019-12-02 17:07:56|2019-12-02 17:08:19|23
Timing is on.
begin;
BEGIN
Time: 57.359 ms
truncate table tb_check5 ;
TRUNCATE TABLE
Time: 13480.908 ms
insert into tb_check5 select * from tb_check;
INSERT 0 10
Time: 1401.780 ms
commit;
COMMIT
Time: 3003.152 ms
check.sh|2019-12-02 17:08:20|2019-12-02 17:08:38|18
Timing is on.
begin;
BEGIN
Time: 85.702 ms
truncate table tb_check5 ;
TRUNCATE TABLE
Time: 984.281 ms
insert into tb_check5 select * from tb_check;
INSERT 0 10
Time: 1730.068 ms
commit;
COMMIT
Time: 6126.754 ms
check.sh|2019-12-02 17:08:38|2019-12-02 17:08:47|9
Timing is on.
begin;
BEGIN
Time: 88.622 ms
truncate table tb_check5 ;
TRUNCATE TABLE
Time: 15548.588 ms
insert into tb_check5 select * from tb_check;
INSERT 0 10
Time: 2077.484 ms
commit;
COMMIT
Time: 4402.065 ms
check.sh|2019-12-02 17:08:48|2019-12-02 17:09:10|22
Timing is on.
begin;
BEGIN
Time: 75.853 ms
truncate table tb_check5 ;
TRUNCATE TABLE
Time: 1928.728 ms
insert into tb_check5 select * from tb_check;
INSERT 0 10
Time: 1160.946 ms
commit;
COMMIT
Time: 14206.433 ms
check.sh|2019-12-02 17:09:11|2019-12-02 17:09:29|18
Timing is on.
begin;
BEGIN
Time: 174.862 ms
truncate table tb_check5 ;
TRUNCATE TABLE
Time: 5771.930 ms
insert into tb_check5 select * from tb_check;
INSERT 0 10
Time: 721.861 ms
commit;
COMMIT
Time: 7678.040 ms
check.sh|2019-12-02 17:09:29|2019-12-02 17:09:43|14
Timing is on.
begin;
BEGIN
Time: 75.153 ms
truncate table tb_check5 ;
TRUNCATE TABLE
Time: 2545.844 ms
insert into tb_check5 select * from tb_check;
INSERT 0 10
Time: 1322.882 ms
commit;
COMMIT
Time: 5201.670 ms
check.sh|2019-12-02 17:09:44|2019-12-02 17:09:53|9
Timing is on.
begin;
BEGIN
Time: 67.782 ms
truncate table tb_check5 ;
TRUNCATE TABLE
Time: 2649.675 ms
insert into tb_check5 select * from tb_check;
INSERT 0 10
Time: 879.505 ms
commit;
COMMIT
Time: 17860.245 ms
check.sh|2019-12-02 17:09:54|2019-12-02 17:10:15|21
Timing is on.
begin;
BEGIN
Time: 138.037 ms
truncate table tb_check5 ;
TRUNCATE TABLE
Time: 8119.922 ms
insert into tb_check5 select * from tb_check;
INSERT 0 10
Time: 625.438 ms
commit;
COMMIT
Time: 21243.615 ms
check.sh|2019-12-02 17:10:16|2019-12-02 17:10:46|30
Timing is on.
begin;
BEGIN
Time: 57.841 ms
truncate table tb_check5 ;
TRUNCATE TABLE
Time: 2105.680 ms
insert into tb_check5 select * from tb_check;
INSERT 0 10
Time: 1324.462 ms
commit;
COMMIT
Time: 4587.131 ms
check.sh|2019-12-02 17:10:46|2019-12-02 17:10:54|8
Timing is on.
begin;
BEGIN
Time: 80.594 ms
truncate table tb_check5 ;
TRUNCATE TABLE
Time: 691.142 ms
insert into tb_check5 select * from tb_check;
INSERT 0 10
Time: 2087.653 ms
commit;
COMMIT
Time: 19543.601 ms
check.sh|2019-12-02 17:10:55|2019-12-02 17:11:18|23
Timing is on.
begin;
BEGIN
Time: 103.997 ms
truncate table tb_check5 ;
TRUNCATE TABLE
Time: 4662.811 ms
insert into tb_check5 select * from tb_check;
INSERT 0 10
Time: 958.736 ms
commit;
COMMIT
Time: 11911.603 ms
check.sh|2019-12-02 17:11:18|2019-12-02 17:11:36|18
Timing is on.
begin;
BEGIN
Time: 63.868 ms
truncate table tb_check5 ;
TRUNCATE TABLE
Time: 1527.989 ms
insert into tb_check5 select * from tb_check;
INSERT 0 10
Time: 1243.695 ms
commit;
COMMIT
Time: 5740.224 ms
check.sh|2019-12-02 17:11:37|2019-12-02 17:11:45|8
Timing is on.
begin;
BEGIN
Time: 123.675 ms
truncate table tb_check5 ;
TRUNCATE TABLE
Time: 11003.871 ms
insert into tb_check5 select * from tb_check;
INSERT 0 10
Time: 728.069 ms
commit;
COMMIT
Time: 6515.670 ms
check.sh|2019-12-02 17:11:47|2019-12-02 17:12:05|18
Timing is on.
begin;
BEGIN
Time: 91.968 ms
truncate table tb_check5 ;
TRUNCATE TABLE
Time: 2976.480 ms
insert into tb_check5 select * from tb_check;
INSERT 0 10
Time: 1580.706 ms
commit;
COMMIT
Time: 5427.295 ms
check.sh|2019-12-02 17:12:06|2019-12-02 17:12:17|11
Timing is on.
begin;
BEGIN
Time: 123.029 ms
truncate table tb_check5 ;
TRUNCATE TABLE
Time: 1801.126 ms
insert into tb_check5 select * from tb_check;
INSERT 0 10
Time: 854.835 ms
commit;
COMMIT
Time: 4585.090 ms
check.sh|2019-12-02 17:12:17|2019-12-02 17:12:25|8
Timing is on.
begin;
BEGIN
Time: 68.202 ms
truncate table tb_check5 ;
TRUNCATE TABLE
Time: 4799.938 ms
insert into tb_check5 select * from tb_check;
INSERT 0 10
Time: 1166.064 ms
commit;
COMMIT
Time: 6478.204 ms
check.sh|2019-12-02 17:12:25|2019-12-02 17:12:38|13
Timing is on.
begin;
BEGIN
Time: 91.351 ms
truncate table tb_check5 ;
TRUNCATE TABLE
Time: 2343.034 ms
insert into tb_check5 select * from tb_check;
INSERT 0 10
Time: 1599.395 ms
commit;
COMMIT
Time: 4286.299 ms
check.sh|2019-12-02 17:12:38|2019-12-02 17:12:46|8
Timing is on.
begin;
BEGIN
Time: 81.978 ms
truncate table tb_check5 ;
TRUNCATE TABLE
Time: 1641.139 ms
insert into tb_check5 select * from tb_check;
INSERT 0 10
Time: 1408.361 ms
commit;
COMMIT
Time: 10161.807 ms
check.sh|2019-12-02 17:12:47|2019-12-02 17:13:00|13
Timing is on.
begin;
BEGIN
Time: 111.604 ms
truncate table tb_check5 ;
TRUNCATE TABLE
Time: 1875.640 ms
insert into tb_check5 select * from tb_check;
INSERT 0 10
Time: 1738.583 ms
commit;
COMMIT
Time: 5041.502 ms
check.sh|2019-12-02 17:13:01|2019-12-02 17:13:10|9
Timing is on.
begin;
BEGIN
Time: 105.328 ms
truncate table tb_check5 ;
TRUNCATE TABLE
Time: 2063.058 ms
insert into tb_check5 select * from tb_check;
INSERT 0 10
Time: 1147.125 ms
commit;
COMMIT
Time: 28823.709 ms
check.sh|2019-12-02 17:13:11|2019-12-02 17:13:43|32
Timing is on.
begin;
BEGIN
Time: 89.930 ms
truncate table tb_check5 ;
TRUNCATE TABLE
Time: 3277.337 ms
insert into tb_check5 select * from tb_check;
INSERT 0 10
Time: 2956.068 ms
commit;
COMMIT
Time: 3131.354 ms
check.sh|2019-12-02 17:13:47|2019-12-02 17:13:57|10
Timing is on.
begin;
BEGIN
Time: 89.753 ms
truncate table tb_check5 ;
TRUNCATE TABLE
Time: 2024.859 ms
insert into tb_check5 select * from tb_check;
INSERT 0 10
Time: 1167.583 ms
commit;
COMMIT
Time: 4357.585 ms
check.sh|2019-12-02 17:13:57|2019-12-02 17:14:05|8
Timing is on.
begin;
BEGIN
Time: 101.216 ms
truncate table tb_check5 ;
TRUNCATE TABLE
Time: 17617.806 ms
insert into tb_check5 select * from tb_check;
INSERT 0 10
Time: 651.393 ms
commit;
COMMIT
Time: 5845.453 ms
check.sh|2019-12-02 17:14:05|2019-12-02 17:14:29|24
Timing is on.
begin;
BEGIN
Time: 139.895 ms
truncate table tb_check5 ;
TRUNCATE TABLE
Time: 916.728 ms
insert into tb_check5 select * from tb_check;
INSERT 0 10
Time: 2280.593 ms
commit;
COMMIT
Time: 3736.584 ms
check.sh|2019-12-02 17:14:30|2019-12-02 17:14:37|7
Timing is on.
begin;
BEGIN
Time: 65.237 ms
truncate table tb_check5 ;
TRUNCATE TABLE
Time: 4259.319 ms
insert into tb_check5 select * from tb_check;
INSERT 0 10
Time: 1338.265 ms
commit;
COMMIT
Time: 13261.375 ms
check.sh|2019-12-02 17:14:38|2019-12-02 17:14:57|19
Timing is on.
begin;
BEGIN
Time: 122.194 ms
truncate table tb_check5 ;
TRUNCATE TABLE
Time: 5077.898 ms
insert into tb_check5 select * from tb_check;
INSERT 0 10
Time: 1012.424 ms
commit;
COMMIT
Time: 6410.819 ms
check.sh|2019-12-02 17:14:57|2019-12-02 17:15:10|13
Timing is on.
begin;
BEGIN
Time: 119.574 ms
truncate table tb_check5 ;
TRUNCATE TABLE
Time: 2873.546 ms
insert into tb_check5 select * from tb_check;
INSERT 0 10
Time: 733.061 ms
commit;
COMMIT
Time: 6747.803 ms
check.sh|2019-12-02 17:15:11|2019-12-02 17:15:21|10
Timing is on.
begin;
BEGIN
Time: 81.005 ms
truncate table tb_check5 ;
TRUNCATE TABLE
Time: 24681.386 ms
insert into tb_check5 select * from tb_check;
INSERT 0 10
Time: 2292.599 ms
commit;
COMMIT
Time: 3226.291 ms
check.sh|2019-12-02 17:15:25|2019-12-02 17:15:56|31
Timing is on.
begin;
BEGIN
Time: 63.842 ms
truncate table tb_check5 ;
TRUNCATE TABLE
Time: 1107.488 ms
insert into tb_check5 select * from tb_check;
INSERT 0 10
Time: 1845.884 ms
commit;
COMMIT
Time: 3786.054 ms
check.sh|2019-12-02 17:15:57|2019-12-02 17:16:03|6
Timing is on.
begin;
BEGIN
Time: 58.070 ms
truncate table tb_check5 ;
TRUNCATE TABLE
Time: 10403.013 ms
insert into tb_check5 select * from tb_check;
INSERT 0 10
Time: 1091.072 ms
commit;
COMMIT
Time: 6381.697 ms
check.sh|2019-12-02 17:16:06|2019-12-02 17:16:24|18
Timing is on.
begin;
BEGIN
Time: 88.822 ms
truncate table tb_check5 ;
TRUNCATE TABLE
Time: 1804.835 ms
insert into tb_check5 select * from tb_check;
INSERT 0 10
Time: 995.640 ms
commit;
COMMIT
Time: 4756.715 ms
check.sh|2019-12-02 17:16:25|2019-12-02 17:16:33|8
Timing is on.
begin;
BEGIN
Time: 74.781 ms
truncate table tb_check5 ;
TRUNCATE TABLE
Time: 1816.443 ms
insert into tb_check5 select * from tb_check;
INSERT 0 10
Time: 1816.996 ms
commit;
COMMIT
Time: 16460.585 ms
check.sh|2019-12-02 17:16:33|2019-12-02 17:16:53|20
Timing is on.
begin;
BEGIN
Time: 58.277 ms
truncate table tb_check5 ;
TRUNCATE TABLE
Time: 1409.381 ms
insert into tb_check5 select * from tb_check;
INSERT 0 10
Time: 2860.043 ms
commit;
COMMIT
Time: 7048.625 ms
check.sh|2019-12-02 17:16:54|2019-12-02 17:17:05|11
Timing is on.
begin;
BEGIN
Time: 133.457 ms
truncate table tb_check5 ;
TRUNCATE TABLE
Time: 1892.166 ms
insert into tb_check5 select * from tb_check;
INSERT 0 10
Time: 1724.002 ms
commit;
COMMIT
Time: 15505.517 ms
check.sh|2019-12-02 17:17:06|2019-12-02 17:17:25|19
Timing is on.
begin;
BEGIN
Time: 59.583 ms
truncate table tb_check5 ;
TRUNCATE TABLE
Time: 1619.964 ms
insert into tb_check5 select * from tb_check;
INSERT 0 10
Time: 2101.964 ms
commit;
COMMIT
Time: 3865.619 ms
check.sh|2019-12-02 17:17:26|2019-12-02 17:17:33|7
Timing is on.
begin;
BEGIN
Time: 58.319 ms
truncate table tb_check5 ;
TRUNCATE TABLE
Time: 1381.015 ms
insert into tb_check5 select * from tb_check;
INSERT 0 10
Time: 1667.998 ms
commit;
COMMIT
Time: 6225.434 ms
check.sh|2019-12-02 17:17:34|2019-12-02 17:17:43|9
Timing is on.
begin;
BEGIN
Time: 127.856 ms
truncate table tb_check5 ;
TRUNCATE TABLE
Time: 6640.139 ms
insert into tb_check5 select * from tb_check;
INSERT 0 10
Time: 1529.446 ms
commit;
COMMIT
Time: 9208.862 ms
check.sh|2019-12-02 17:17:44|2019-12-02 17:18:01|17
Timing is on.
begin;
BEGIN
Time: 56.753 ms
truncate table tb_check5 ;
TRUNCATE TABLE
Time: 3451.254 ms
insert into tb_check5 select * from tb_check;
INSERT 0 10
Time: 1653.632 ms
commit;
COMMIT
Time: 4447.387 ms
check.sh|2019-12-02 17:18:02|2019-12-02 17:18:12|10
Timing is on.
begin;
BEGIN
Time: 75.459 ms
truncate table tb_check5 ;
TRUNCATE TABLE
Time: 1480.938 ms
insert into tb_check5 select * from tb_check;
INSERT 0 10
Time: 1419.729 ms
commit;
COMMIT
Time: 4393.024 ms
check.sh|2019-12-02 17:18:12|2019-12-02 17:18:20|8
Timing is on.
begin;
BEGIN
Time: 114.611 ms
truncate table tb_check5 ;
TRUNCATE TABLE
Time: 9996.273 ms
insert into tb_check5 select * from tb_check;
INSERT 0 10
Time: 2893.347 ms
commit;
COMMIT
Time: 6132.345 ms
check.sh|2019-12-02 17:18:20|2019-12-02 17:18:39|19
Timing is on.
begin;
BEGIN
Time: 81.006 ms
truncate table tb_check5 ;
TRUNCATE TABLE
Time: 5364.525 ms
insert into tb_check5 select * from tb_check;
INSERT 0 10
Time: 1155.812 ms
commit;
COMMIT
Time: 3905.816 ms
check.sh|2019-12-02 17:18:41|2019-12-02 17:18:52|11
Timing is on.
begin;
BEGIN
Time: 75.308 ms
truncate table tb_check5 ;
TRUNCATE TABLE
Time: 6957.072 ms
insert into tb_check5 select * from tb_check;
INSERT 0 10
Time: 668.974 ms
commit;
COMMIT
Time: 10491.067 ms
check.sh|2019-12-02 17:18:52|2019-12-02 17:19:10|18
Timing is on.
begin;
BEGIN
Time: 95.259 ms
truncate table tb_check5 ;
TRUNCATE TABLE
Time: 2360.621 ms
insert into tb_check5 select * from tb_check;
INSERT 0 10
Time: 1324.991 ms
commit;
COMMIT
Time: 4217.923 ms
check.sh|2019-12-02 17:19:11|2019-12-02 17:19:19|8
Timing is on.
begin;
BEGIN
Time: 98.809 ms
truncate table tb_check5 ;
TRUNCATE TABLE
Time: 3350.780 ms
insert into tb_check5 select * from tb_check;
INSERT 0 10
Time: 621.594 ms
commit;
COMMIT
Time: 7220.958 ms
check.sh|2019-12-02 17:19:19|2019-12-02 17:19:31|12
Timing is on.
begin;
BEGIN
Time: 103.326 ms
truncate table tb_check5 ;
TRUNCATE TABLE
Time: 9440.251 ms
insert into tb_check5 select * from tb_check;
INSERT 0 10
Time: 1981.352 ms
commit;
COMMIT
Time: 4690.523 ms
check.sh|2019-12-02 17:19:31|2019-12-02 17:19:48|17
Timing is on.
begin;
BEGIN
Time: 86.188 ms
truncate table tb_check5 ;
TRUNCATE TABLE
Time: 3197.518 ms
insert into tb_check5 select * from tb_check;
INSERT 0 10
Time: 831.502 ms
commit;
COMMIT
Time: 4587.263 ms
check.sh|2019-12-02 17:19:50|2019-12-02 17:19:59|9
Timing is on.
begin;
BEGIN
Time: 84.180 ms
truncate table tb_check5 ;
TRUNCATE TABLE
Time: 15893.574 ms
insert into tb_check5 select * from tb_check;
INSERT 0 10
Time: 800.082 ms
commit;
COMMIT
Time: 6602.440 ms
check.sh|2019-12-02 17:19:59|2019-12-02 17:20:22|23
Timing is on.
begin;
BEGIN
Time: 140.209 ms
truncate table tb_check5 ;
TRUNCATE TABLE
Time: 1841.911 ms
insert into tb_check5 select * from tb_check;
INSERT 0 10
Time: 1960.926 ms
commit;
COMMIT
Time: 26566.845 ms
check.sh|2019-12-02 17:20:23|2019-12-02 17:20:53|30
Timing is on.
begin;
BEGIN
Time: 91.103 ms
truncate table tb_check5 ;
TRUNCATE TABLE
Time: 1395.981 ms
insert into tb_check5 select * from tb_check;
INSERT 0 10
Time: 1691.057 ms
commit;
COMMIT
Time: 4563.147 ms
check.sh|2019-12-02 17:20:54|2019-12-02 17:21:02|8
Timing is on.
begin;
BEGIN
Time: 66.662 ms
truncate table tb_check5 ;
TRUNCATE TABLE
Time: 11456.376 ms
insert into tb_check5 select * from tb_check;
INSERT 0 10
Time: 1053.669 ms
commit;
COMMIT
Time: 11399.092 ms
check.sh|2019-12-02 17:21:03|2019-12-02 17:21:27|24
Timing is on.
begin;
BEGIN
Time: 95.319 ms
truncate table tb_check5 ;
TRUNCATE TABLE
Time: 2991.278 ms
insert into tb_check5 select * from tb_check;
INSERT 0 10
Time: 729.805 ms
commit;
COMMIT
Time: 4510.513 ms
check.sh|2019-12-02 17:21:27|2019-12-02 17:21:36|9
Timing is on.
begin;
BEGIN
Time: 62.172 ms
truncate table tb_check5 ;
TRUNCATE TABLE
Time: 1897.694 ms
insert into tb_check5 select * from tb_check;
INSERT 0 10
Time: 1294.533 ms
commit;
COMMIT
Time: 14517.696 ms
check.sh|2019-12-02 17:21:36|2019-12-02 17:21:54|18
Timing is on.
begin;
BEGIN
Time: 58.339 ms
truncate table tb_check5 ;
TRUNCATE TABLE
Time: 2612.144 ms
insert into tb_check5 select * from tb_check;
INSERT 0 10
Time: 1318.343 ms
commit;
COMMIT
Time: 4200.487 ms
check.sh|2019-12-02 17:21:55|2019-12-02 17:22:03|8
Timing is on.
begin;
BEGIN
Time: 57.090 ms
truncate table tb_check5 ;
TRUNCATE TABLE
Time: 76766.843 ms
insert into tb_check5 select * from tb_check;
INSERT 0 10
Time: 704.759 ms
commit;
COMMIT
Time: 5092.819 ms
check.sh|2019-12-02 17:22:04|2019-12-02 17:23:26|82
Timing is on.
begin;
BEGIN
Time: 131.724 ms
truncate table tb_check5 ;
TRUNCATE TABLE
Time: 612.846 ms
insert into tb_check5 select * from tb_check;
INSERT 0 10
Time: 2080.573 ms
commit;
COMMIT
Time: 14846.266 ms
check.sh|2019-12-02 17:23:27|2019-12-02 17:23:44|17
Timing is on.
begin;
BEGIN
Time: 79.183 ms
truncate table tb_check5 ;
TRUNCATE TABLE
Time: 2447.911 ms
insert into tb_check5 select * from tb_check;
INSERT 0 10
Time: 2383.829 ms
commit;
COMMIT
Time: 15054.536 ms
check.sh|2019-12-02 17:23:45|2019-12-02 17:24:05|20
Timing is on.
begin;
BEGIN
Time: 65.592 ms
truncate table tb_check5 ;
TRUNCATE TABLE
Time: 2244.765 ms
insert into tb_check5 select * from tb_check;
INSERT 0 10
Time: 1116.922 ms
commit;
COMMIT
Time: 16884.066 ms
check.sh|2019-12-02 17:24:06|2019-12-02 17:24:26|20
Timing is on.
begin;
BEGIN
Time: 99.300 ms
truncate table tb_check5 ;
TRUNCATE TABLE
Time: 3794.633 ms
insert into tb_check5 select * from tb_check;
INSERT 0 10
Time: 1853.097 ms
commit;
COMMIT
Time: 5445.321 ms
check.sh|2019-12-02 17:24:27|2019-12-02 17:24:38|11
Timing is on.
begin;
BEGIN
Time: 87.865 ms
truncate table tb_check5 ;
TRUNCATE TABLE
Time: 19640.732 ms
insert into tb_check5 select * from tb_check;
INSERT 0 10
Time: 985.388 ms
commit;
COMMIT
Time: 6271.650 ms
check.sh|2019-12-02 17:24:38|2019-12-02 17:25:05|27
Timing is on.
begin;
BEGIN
Time: 95.561 ms
truncate table tb_check5 ;
TRUNCATE TABLE
Time: 20298.623 ms
insert into tb_check5 select * from tb_check;
INSERT 0 10
Time: 2069.194 ms
commit;
COMMIT
Time: 36156.806 ms
check.sh|2019-12-02 17:25:06|2019-12-02 17:26:05|59
Timing is on.
begin;
BEGIN
Time: 150.133 ms
truncate table tb_check5 ;
TRUNCATE TABLE
Time: 1181.667 ms
insert into tb_check5 select * from tb_check;
INSERT 0 10
Time: 2000.102 ms
commit;
COMMIT
Time: 22387.542 ms
check.sh|2019-12-02 17:26:05|2019-12-02 17:26:31|26
Timing is on.
begin;
BEGIN
Time: 69.024 ms
truncate table tb_check5 ;
TRUNCATE TABLE
Time: 9349.890 ms
insert into tb_check5 select * from tb_check;
INSERT 0 10
Time: 1261.305 ms
commit;
COMMIT
Time: 14223.647 ms
check.sh|2019-12-02 17:26:32|2019-12-02 17:26:57|25
Timing is on.
begin;
BEGIN
Time: 71.101 ms
truncate table tb_check5 ;
TRUNCATE TABLE
Time: 1568.247 ms
insert into tb_check5 select * from tb_check;
INSERT 0 10
Time: 1428.848 ms
commit;
COMMIT
Time: 6431.107 ms
check.sh|2019-12-02 17:26:57|2019-12-02 17:27:07|10
Timing is on.
begin;
BEGIN
Time: 85.639 ms
truncate table tb_check5 ;
TRUNCATE TABLE
Time: 881.620 ms
insert into tb_check5 select * from tb_check;
INSERT 0 10
Time: 2255.972 ms
commit;
COMMIT
Time: 5544.447 ms
check.sh|2019-12-02 17:27:07|2019-12-02 17:27:16|9
Timing is on.
begin;
BEGIN
Time: 58.973 ms
truncate table tb_check5 ;
TRUNCATE TABLE
Time: 45006.842 ms
insert into tb_check5 select * from tb_check;
INSERT 0 10
Time: 4485.785 ms
commit;
COMMIT
Time: 5949.168 ms
check.sh|2019-12-02 17:27:17|2019-12-02 17:28:12|55
Timing is on.
begin;
BEGIN
Time: 62.398 ms
truncate table tb_check5 ;
TRUNCATE TABLE
Time: 2500.881 ms
insert into tb_check5 select * from tb_check;
INSERT 0 10
Time: 1830.519 ms
commit;
COMMIT
Time: 29049.508 ms
check.sh|2019-12-02 17:28:14|2019-12-02 17:28:47|33
Timing is on.
begin;
BEGIN
Time: 115.571 ms
truncate table tb_check5 ;
TRUNCATE TABLE
Time: 1249.905 ms
insert into tb_check5 select * from tb_check;
INSERT 0 10
Time: 1795.339 ms
commit;
COMMIT
Time: 4585.416 ms
check.sh|2019-12-02 17:28:50|2019-12-02 17:28:57|7
Timing is on.
begin;
BEGIN
Time: 133.061 ms
truncate table tb_check5 ;
TRUNCATE TABLE
Time: 10598.351 ms
insert into tb_check5 select * from tb_check;
INSERT 0 10
Time: 1365.303 ms
commit;
COMMIT
Time: 5893.646 ms
check.sh|2019-12-02 17:29:00|2019-12-02 17:29:18|18
Timing is on.
begin;
BEGIN
Time: 60.024 ms
truncate table tb_check5 ;
TRUNCATE TABLE
Time: 2460.769 ms
insert into tb_check5 select * from tb_check;
INSERT 0 10
Time: 715.060 ms
commit;
COMMIT
Time: 57713.471 ms
check.sh|2019-12-02 17:29:18|2019-12-02 17:30:19|61
Timing is on.
begin;
BEGIN
Time: 76.463 ms
truncate table tb_check5 ;
TRUNCATE TABLE
Time: 1648.646 ms
insert into tb_check5 select * from tb_check;
INSERT 0 10
Time: 1753.665 ms
commit;
COMMIT
Time: 39651.179 ms
check.sh|2019-12-02 17:30:19|2019-12-02 17:31:03|44
Timing is on.
begin;
BEGIN
Time: 58.693 ms
truncate table tb_check5 ;
TRUNCATE TABLE
Time: 3043.279 ms
insert into tb_check5 select * from tb_check;
INSERT 0 10
Time: 3120.418 ms
commit;
COMMIT
Time: 3573.770 ms
check.sh|2019-12-02 17:31:04|2019-12-02 17:31:13|9
Timing is on.
begin;
BEGIN
Time: 81.067 ms
truncate table tb_check5 ;
TRUNCATE TABLE
Time: 2245.575 ms
insert into tb_check5 select * from tb_check;
INSERT 0 10
Time: 815.553 ms
commit;
COMMIT
Time: 4657.405 ms
check.sh|2019-12-02 17:31:15|2019-12-02 17:31:23|8
Timing is on.
begin;
BEGIN
Time: 93.483 ms
truncate table tb_check5 ;
TRUNCATE TABLE
Time: 14892.217 ms
insert into tb_check5 select * from tb_check;
INSERT 0 10
Time: 13168.136 ms
commit;
COMMIT
Time: 17823.248 ms
check.sh|2019-12-02 17:31:24|2019-12-02 17:32:10|46
Timing is on.
begin;
BEGIN
Time: 89.270 ms
truncate table tb_check5 ;
TRUNCATE TABLE
Time: 1368.613 ms
insert into tb_check5 select * from tb_check;
INSERT 0 10
Time: 2251.968 ms
commit;
COMMIT
Time: 3106.276 ms
check.sh|2019-12-02 17:32:13|2019-12-02 17:32:20|7
Timing is on.
begin;
BEGIN
Time: 56.648 ms
truncate table tb_check5 ;
TRUNCATE TABLE
Time: 3134.317 ms
insert into tb_check5 select * from tb_check;
INSERT 0 10
Time: 1497.217 ms
commit;
COMMIT
Time: 9437.543 ms
check.sh|2019-12-02 17:32:21|2019-12-02 17:32:35|14
Timing is on.
begin;
BEGIN
Time: 98.396 ms
truncate table tb_check5 ;
TRUNCATE TABLE
Time: 77483.201 ms
insert into tb_check5 select * from tb_check;
INSERT 0 10
Time: 998.619 ms
commit;
COMMIT
Time: 3697.790 ms
check.sh|2019-12-02 17:32:44|2019-12-02 17:34:06|82
Timing is on.
begin;
BEGIN
Time: 67.035 ms
truncate table tb_check5 ;
TRUNCATE TABLE
Time: 1056.745 ms
insert into tb_check5 select * from tb_check;
INSERT 0 10
Time: 1979.702 ms
commit;
COMMIT
Time: 4977.852 ms
check.sh|2019-12-02 17:34:07|2019-12-02 17:34:15|8
Timing is on.
begin;
BEGIN
Time: 65.185 ms
truncate table tb_check5 ;
TRUNCATE TABLE
Time: 16234.986 ms
insert into tb_check5 select * from tb_check;
INSERT 0 10
Time: 2980.318 ms
commit;
COMMIT
Time: 22051.878 ms
check.sh|2019-12-02 17:34:16|2019-12-02 17:34:57|41
Timing is on.
begin;
BEGIN
Time: 90.656 ms
truncate table tb_check5 ;
TRUNCATE TABLE
Time: 1192.969 ms
insert into tb_check5 select * from tb_check;
INSERT 0 10
Time: 2322.439 ms
commit;
COMMIT
Time: 5815.238 ms
check.sh|2019-12-02 17:34:58|2019-12-02 17:35:08|10
Timing is on.
begin;
BEGIN
Time: 104.235 ms
truncate table tb_check5 ;
TRUNCATE TABLE
Time: 40089.974 ms
insert into tb_check5 select * from tb_check;
INSERT 0 10
Time: 839.660 ms
commit;
COMMIT
Time: 45029.347 ms
check.sh|2019-12-02 17:35:08|2019-12-02 17:36:34|86
Timing is on.
begin;
BEGIN
Time: 113.471 ms
truncate table tb_check5 ;
TRUNCATE TABLE
Time: 2146.243 ms
insert into tb_check5 select * from tb_check;
INSERT 0 10
Time: 1105.953 ms
commit;
COMMIT
Time: 4520.497 ms
check.sh|2019-12-02 17:36:35|2019-12-02 17:36:43|8
Timing is on.
begin;
BEGIN
Time: 57.432 ms
truncate table tb_check5 ;
TRUNCATE TABLE
Time: 8941.500 ms
insert into tb_check5 select * from tb_check;
INSERT 0 10
Time: 2170.065 ms
commit;
COMMIT
Time: 44241.954 ms
check.sh|2019-12-02 17:36:43|2019-12-02 17:37:38|55
Timing is on.
begin;
BEGIN
Time: 89.367 ms
truncate table tb_check5 ;
TRUNCATE TABLE
Time: 12970.347 ms
insert into tb_check5 select * from tb_check;
INSERT 0 10
Time: 2085.265 ms
commit;
COMMIT
Time: 3483.890 ms
check.sh|2019-12-02 17:37:39|2019-12-02 17:37:57|18
Timing is on.
begin;
BEGIN
Time: 100.448 ms
truncate table tb_check5 ;
TRUNCATE TABLE
Time: 1572.016 ms
insert into tb_check5 select * from tb_check;
INSERT 0 10
Time: 1688.017 ms
commit;
COMMIT
Time: 9951.453 ms
check.sh|2019-12-02 17:37:59|2019-12-02 17:38:12|13
Timing is on.
begin;
BEGIN
Time: 84.950 ms
truncate table tb_check5 ;
TRUNCATE TABLE
Time: 45003.409 ms
insert into tb_check5 select * from tb_check;
INSERT 0 10
Time: 1032.364 ms
commit;
COMMIT
Time: 6692.686 ms
check.sh|2019-12-02 17:38:13|2019-12-02 17:39:05|52
Timing is on.
begin;
BEGIN
Time: 141.020 ms
truncate table tb_check5 ;
TRUNCATE TABLE
Time: 2379.716 ms
insert into tb_check5 select * from tb_check;
INSERT 0 10
Time: 2650.092 ms
commit;
COMMIT
Time: 3897.067 ms
check.sh|2019-12-02 17:39:14|2019-12-02 17:39:23|9
Timing is on.
begin;
BEGIN
Time: 56.280 ms
truncate table tb_check5 ;
TRUNCATE TABLE
Time: 2156.654 ms
insert into tb_check5 select * from tb_check;
INSERT 0 10
Time: 1029.656 ms
commit;
COMMIT
Time: 22185.731 ms
check.sh|2019-12-02 17:39:23|2019-12-02 17:39:49|26
Timing is on.
begin;
BEGIN
Time: 142.785 ms
truncate table tb_check5 ;
TRUNCATE TABLE
Time: 26013.781 ms
insert into tb_check5 select * from tb_check;
INSERT 0 10
Time: 2532.418 ms
commit;
COMMIT
Time: 37999.302 ms
check.sh|2019-12-02 17:39:49|2019-12-02 17:40:56|67
Timing is on.
begin;
BEGIN
Time: 83.421 ms
truncate table tb_check5 ;
TRUNCATE TABLE
Time: 2799.758 ms
insert into tb_check5 select * from tb_check;
INSERT 0 10
Time: 3125.582 ms
commit;
COMMIT
Time: 5540.851 ms
check.sh|2019-12-02 17:40:59|2019-12-02 17:41:10|11
Timing is on.
begin;
BEGIN
Time: 68.016 ms
truncate table tb_check5 ;
TRUNCATE TABLE
Time: 3015.576 ms
insert into tb_check5 select * from tb_check;
INSERT 0 10
Time: 1703.647 ms
commit;
COMMIT
Time: 13551.732 ms
check.sh|2019-12-02 17:41:11|2019-12-02 17:41:29|18
Timing is on.
begin;
BEGIN
Time: 68.055 ms
truncate table tb_check5 ;
TRUNCATE TABLE
Time: 9880.628 ms
insert into tb_check5 select * from tb_check;
INSERT 0 10
Time: 1933.396 ms
commit;
COMMIT
Time: 5497.743 ms
check.sh|2019-12-02 17:41:29|2019-12-02 17:41:47|18
Timing is on.
begin;
BEGIN
Time: 60.392 ms
truncate table tb_check5 ;
TRUNCATE TABLE
Time: 5243.671 ms
insert into tb_check5 select * from tb_check;
INSERT 0 10
Time: 1763.898 ms
commit;
COMMIT
Time: 10276.787 ms
check.sh|2019-12-02 17:41:47|2019-12-02 17:42:05|18
Timing is on.
begin;
BEGIN
Time: 137.834 ms
truncate table tb_check5 ;
TRUNCATE TABLE
Time: 13135.707 ms
insert into tb_check5 select * from tb_check;
INSERT 0 10
Time: 709.318 ms
commit;
COMMIT
Time: 3391.141 ms
check.sh|2019-12-02 17:42:05|2019-12-02 17:42:22|17
Timing is on.
begin;
BEGIN
Time: 98.612 ms
truncate table tb_check5 ;
TRUNCATE TABLE
Time: 1522.088 ms
insert into tb_check5 select * from tb_check;
INSERT 0 10
Time: 1292.805 ms
commit;
COMMIT
Time: 72632.710 ms
check.sh|2019-12-02 17:42:23|2019-12-02 17:43:38|75
Timing is on.
begin;
BEGIN
Time: 80.900 ms
truncate table tb_check5 ;
TRUNCATE TABLE
Time: 5864.085 ms
insert into tb_check5 select * from tb_check;
INSERT 0 10
Time: 1192.753 ms
commit;
COMMIT
Time: 47814.767 ms
check.sh|2019-12-02 17:43:39|2019-12-02 17:44:34|55
Timing is on.
begin;
BEGIN
Time: 67.769 ms
truncate table tb_check5 ;
TRUNCATE TABLE
Time: 2712.829 ms
insert into tb_check5 select * from tb_check;
INSERT 0 10
Time: 1586.108 ms
commit;
COMMIT
Time: 3317.033 ms
check.sh|2019-12-02 17:44:34|2019-12-02 17:44:42|8
Timing is on.
begin;
BEGIN
Time: 115.874 ms
truncate table tb_check5 ;
TRUNCATE TABLE
Time: 1027.278 ms
insert into tb_check5 select * from tb_check;
INSERT 0 10
Time: 1750.109 ms
commit;
COMMIT
Time: 7864.335 ms
check.sh|2019-12-02 17:44:43|2019-12-02 17:44:54|11
Timing is on.
begin;
BEGIN
Time: 70.663 ms
truncate table tb_check5 ;
TRUNCATE TABLE
Time: 12911.843 ms
insert into tb_check5 select * from tb_check;
INSERT 0 10
Time: 1987.161 ms
commit;
COMMIT
Time: 78812.236 ms
check.sh|2019-12-02 17:44:55|2019-12-02 17:46:28|93
Timing is on.
begin;
BEGIN
Time: 139.804 ms
truncate table tb_check5 ;
TRUNCATE TABLE
Time: 3765.118 ms
insert into tb_check5 select * from tb_check;
INSERT 0 10
Time: 1638.928 ms
commit;
COMMIT
Time: 6426.132 ms
check.sh|2019-12-02 17:46:31|2019-12-02 17:46:43|12
Timing is on.
begin;
BEGIN
Time: 81.467 ms
truncate table tb_check5 ;
TRUNCATE TABLE
Time: 1035.639 ms
insert into tb_check5 select * from tb_check;
INSERT 0 10
Time: 1819.921 ms
commit;
COMMIT
Time: 56629.166 ms
check.sh|2019-12-02 17:46:44|2019-12-02 17:47:43|59
Timing is on.
begin;
BEGIN
Time: 94.614 ms
truncate table tb_check5 ;
TRUNCATE TABLE
Time: 13480.240 ms
insert into tb_check5 select * from tb_check;
INSERT 0 10
Time: 1046.005 ms
commit;
COMMIT
Time: 3371.429 ms
check.sh|2019-12-02 17:47:44|2019-12-02 17:48:02|18
Timing is on.
begin;
BEGIN
Time: 57.586 ms
truncate table tb_check5 ;
TRUNCATE TABLE
Time: 2473.256 ms
insert into tb_check5 select * from tb_check;
INSERT 0 10
Time: 1244.179 ms
commit;
COMMIT
Time: 3940.126 ms
check.sh|2019-12-02 17:48:03|2019-12-02 17:48:10|7
Timing is on.
begin;
BEGIN
Time: 84.766 ms
truncate table tb_check5 ;
TRUNCATE TABLE
Time: 30020.589 ms
insert into tb_check5 select * from tb_check;
INSERT 0 10
Time: 1662.288 ms
commit;
COMMIT
Time: 16957.533 ms
check.sh|2019-12-02 17:48:12|2019-12-02 17:49:01|49
Timing is on.
begin;
BEGIN
Time: 108.830 ms
truncate table tb_check5 ;
TRUNCATE TABLE
Time: 1174.135 ms
insert into tb_check5 select * from tb_check;
INSERT 0 10
Time: 1739.527 ms
commit;
COMMIT
Time: 3513.147 ms
check.sh|2019-12-02 17:49:02|2019-12-02 17:49:08|6
Timing is on.
begin;
BEGIN
Time: 75.660 ms
truncate table tb_check5 ;
TRUNCATE TABLE
Time: 17060.004 ms
insert into tb_check5 select * from tb_check;
INSERT 0 10
Time: 618.523 ms
commit;
COMMIT
Time: 36531.989 ms
check.sh|2019-12-02 17:49:33|2019-12-02 17:50:27|54
Timing is on.
begin;
BEGIN
Time: 151.508 ms
truncate table tb_check5 ;
TRUNCATE TABLE
Time: 19871.509 ms
insert into tb_check5 select * from tb_check;
INSERT 0 10
Time: 1067.475 ms
commit;
COMMIT
Time: 4010.964 ms
check.sh|2019-12-02 17:50:28|2019-12-02 17:50:53|25
Timing is on.
begin;
BEGIN
Time: 77.433 ms
truncate table tb_check5 ;
TRUNCATE TABLE
Time: 1285.235 ms
insert into tb_check5 select * from tb_check;
INSERT 0 10
Time: 1421.838 ms
commit;
COMMIT
Time: 15777.354 ms
check.sh|2019-12-02 17:50:55|2019-12-02 17:51:14|19
Timing is on.
begin;
BEGIN
Time: 137.322 ms
truncate table tb_check5 ;
TRUNCATE TABLE
Time: 48671.862 ms
insert into tb_check5 select * from tb_check;
INSERT 0 10
Time: 2494.618 ms
commit;
COMMIT
Time: 7289.152 ms
check.sh|2019-12-02 17:51:14|2019-12-02 17:52:13|59
Timing is on.
begin;
BEGIN
Time: 68.934 ms
truncate table tb_check5 ;
TRUNCATE TABLE
Time: 2109.637 ms
insert into tb_check5 select * from tb_check;
INSERT 0 10
Time: 1353.729 ms
commit;
COMMIT
Time: 5057.891 ms
check.sh|2019-12-02 17:52:13|2019-12-02 17:52:22|9
Timing is on.
begin;
BEGIN
Time: 68.334 ms
truncate table tb_check5 ;
TRUNCATE TABLE
Time: 5106.398 ms
insert into tb_check5 select * from tb_check;
INSERT 0 10
Time: 781.266 ms
commit;
COMMIT
Time: 3528.835 ms
check.sh|2019-12-02 17:52:22|2019-12-02 17:52:32|10
Timing is on.
begin;
BEGIN
Time: 85.827 ms
truncate table tb_check5 ;
TRUNCATE TABLE
Time: 1377.475 ms
insert into tb_check5 select * from tb_check;
INSERT 0 10
Time: 2711.494 ms
commit;
COMMIT
Time: 2219.158 ms
check.sh|2019-12-02 17:52:32|2019-12-02 17:52:39|7
Timing is on.
begin;
BEGIN
Time: 59.657 ms
truncate table tb_check5 ;
TRUNCATE TABLE
Time: 2168.356 ms
insert into tb_check5 select * from tb_check;
INSERT 0 10
Time: 946.845 ms
commit;
COMMIT
Time: 4222.772 ms
check.sh|2019-12-02 17:52:39|2019-12-02 17:52:47|8
Timing is on.
begin;
BEGIN
Time: 65.518 ms
truncate table tb_check5 ;
TRUNCATE TABLE
Time: 3091.216 ms
insert into tb_check5 select * from tb_check;
INSERT 0 10
Time: 4579.129 ms
commit;
COMMIT
Time: 2844.906 ms
check.sh|2019-12-02 17:52:47|2019-12-02 17:52:58|11
Timing is on.
begin;
BEGIN
Time: 59.295 ms
truncate table tb_check5 ;
TRUNCATE TABLE
Time: 1597.691 ms
insert into tb_check5 select * from tb_check;
INSERT 0 10
Time: 1573.604 ms
commit;
COMMIT
Time: 3946.878 ms
check.sh|2019-12-02 17:53:00|2019-12-02 17:53:07|7
Timing is on.
begin;
BEGIN
Time: 96.334 ms
truncate table tb_check5 ;
TRUNCATE TABLE
Time: 450946.839 ms
insert into tb_check5 select * from tb_check;
INSERT 0 10
Time: 1465.455 ms
commit;
COMMIT
Time: 5871.795 ms
check.sh|2019-12-02 17:53:08|2019-12-02 18:00:46|458
Timing is on.
begin;
BEGIN
Time: 72.565 ms
truncate table tb_check5 ;
TRUNCATE TABLE
Time: 2587.080 ms
insert into tb_check5 select * from tb_check;
INSERT 0 10
Time: 1402.484 ms
commit;
COMMIT
Time: 5404.786 ms
check.sh|2019-12-02 18:00:47|2019-12-02 18:00:56|9
Timing is on.
begin;
BEGIN
Time: 103.915 ms
truncate table tb_check5 ;
TRUNCATE TABLE
Time: 56335.165 ms
insert into tb_check5 select * from tb_check;
INSERT 0 10
Time: 639.917 ms
commit;
COMMIT
Time: 3953.820 ms
check.sh|2019-12-02 18:00:57|2019-12-02 18:01:58|61
Timing is on.
begin;
BEGIN
Time: 71.023 ms
truncate table tb_check5 ;
TRUNCATE TABLE
Time: 1676.494 ms
insert into tb_check5 select * from tb_check;
INSERT 0 10
Time: 2342.265 ms
commit;
COMMIT
Time: 4050.121 ms
check.sh|2019-12-02 18:01:58|2019-12-02 18:02:07|9
Timing is on.
begin;
BEGIN
Time: 142.113 ms
truncate table tb_check5 ;
TRUNCATE TABLE
Time: 71243.543 ms
insert into tb_check5 select * from tb_check;
INSERT 0 10
Time: 1387.139 ms
commit;
COMMIT
Time: 5476.146 ms
check.sh|2019-12-02 18:02:07|2019-12-02 18:03:25|78
Timing is on.
begin;
BEGIN
Time: 134.947 ms
truncate table tb_check5 ;
TRUNCATE TABLE
Time: 12385.663 ms
insert into tb_check5 select * from tb_check;
INSERT 0 10
Time: 734.255 ms
commit;
COMMIT
Time: 10994.271 ms
check.sh|2019-12-02 18:03:26|2019-12-02 18:03:50|24
Timing is on.
begin;
BEGIN
Time: 58.624 ms
truncate table tb_check5 ;
TRUNCATE TABLE
Time: 42451.577 ms
insert into tb_check5 select * from tb_check;
INSERT 0 10
Time: 2999.329 ms
commit;
COMMIT
Time: 2923.962 ms
check.sh|2019-12-02 18:03:51|2019-12-02 18:04:39|48
Timing is on.
begin;
BEGIN
Time: 126.272 ms
truncate table tb_check5 ;
TRUNCATE TABLE
Time: 1540.775 ms
insert into tb_check5 select * from tb_check;
INSERT 0 10
Time: 1804.697 ms
commit;
COMMIT
Time: 7423.500 ms
check.sh|2019-12-02 18:04:40|2019-12-02 18:04:51|11
Timing is on.
begin;
BEGIN
Time: 144.873 ms
truncate table tb_check5 ;
TRUNCATE TABLE
Time: 9278.739 ms
insert into tb_check5 select * from tb_check;
INSERT 0 10
Time: 3075.819 ms
commit;
COMMIT
Time: 29127.673 ms
check.sh|2019-12-02 18:04:52|2019-12-02 18:05:34|42
Timing is on.
begin;
BEGIN
Time: 84.608 ms
truncate table tb_check5 ;
TRUNCATE TABLE
Time: 6943.412 ms
insert into tb_check5 select * from tb_check;
INSERT 0 10
Time: 2329.302 ms
commit;
COMMIT
Time: 3297.450 ms
check.sh|2019-12-02 18:05:35|2019-12-02 18:05:47|12
Timing is on.
begin;
BEGIN
Time: 67.477 ms
truncate table tb_check5 ;
TRUNCATE TABLE
Time: 3339.953 ms
insert into tb_check5 select * from tb_check;
INSERT 0 10
Time: 1433.008 ms
commit;
COMMIT
Time: 24087.663 ms
check.sh|2019-12-02 18:05:48|2019-12-02 18:06:17|29
