Timing is on.
begin;
BEGIN
Time: 138.160 ms
truncate table tb_check1 ;
TRUNCATE TABLE
Time: 2077.232 ms
insert into tb_check1 select * from tb_check;
INSERT 0 10
Time: 668.624 ms
commit;
COMMIT
Time: 4867.266 ms
check.sh|2019-12-02 17:06:09|2019-12-02 17:06:16|7
Timing is on.
begin;
BEGIN
Time: 59.960 ms
truncate table tb_check1 ;
TRUNCATE TABLE
Time: 878.023 ms
insert into tb_check1 select * from tb_check;
INSERT 0 10
Time: 1249.614 ms
commit;
COMMIT
Time: 14951.237 ms
check.sh|2019-12-02 17:06:19|2019-12-02 17:06:36|17
Timing is on.
begin;
BEGIN
Time: 79.590 ms
truncate table tb_check1 ;
TRUNCATE TABLE
Time: 2525.099 ms
insert into tb_check1 select * from tb_check;
INSERT 0 10
Time: 2855.583 ms
commit;
COMMIT
Time: 4904.634 ms
check.sh|2019-12-02 17:06:39|2019-12-02 17:06:50|11
Timing is on.
begin;
BEGIN
Time: 113.107 ms
truncate table tb_check1 ;
TRUNCATE TABLE
Time: 435.378 ms
insert into tb_check1 select * from tb_check;
INSERT 0 10
Time: 1392.016 ms
commit;
COMMIT
Time: 10009.038 ms
check.sh|2019-12-02 17:06:51|2019-12-02 17:07:03|12
Timing is on.
begin;
BEGIN
Time: 55.633 ms
truncate table tb_check1 ;
TRUNCATE TABLE
Time: 3437.718 ms
insert into tb_check1 select * from tb_check;
INSERT 0 10
Time: 2464.634 ms
commit;
COMMIT
Time: 20628.273 ms
check.sh|2019-12-02 17:07:06|2019-12-02 17:07:32|26
Timing is on.
begin;
BEGIN
Time: 61.290 ms
truncate table tb_check1 ;
TRUNCATE TABLE
Time: 3392.900 ms
insert into tb_check1 select * from tb_check;
INSERT 0 10
Time: 3107.989 ms
commit;
COMMIT
Time: 4783.558 ms
check.sh|2019-12-02 17:07:34|2019-12-02 17:07:46|12
Timing is on.
begin;
BEGIN
Time: 76.969 ms
truncate table tb_check1 ;
TRUNCATE TABLE
Time: 750.800 ms
insert into tb_check1 select * from tb_check;
INSERT 0 10
Time: 1127.524 ms
commit;
COMMIT
Time: 6636.499 ms
check.sh|2019-12-02 17:07:46|2019-12-02 17:07:55|9
Timing is on.
begin;
BEGIN
Time: 60.883 ms
truncate table tb_check1 ;
TRUNCATE TABLE
Time: 4486.675 ms
insert into tb_check1 select * from tb_check;
INSERT 0 10
Time: 1137.265 ms
commit;
COMMIT
Time: 13282.125 ms
check.sh|2019-12-02 17:07:56|2019-12-02 17:08:15|19
Timing is on.
begin;
BEGIN
Time: 77.950 ms
truncate table tb_check1 ;
TRUNCATE TABLE
Time: 8348.154 ms
insert into tb_check1 select * from tb_check;
INSERT 0 10
Time: 2124.677 ms
commit;
COMMIT
Time: 5921.342 ms
check.sh|2019-12-02 17:08:19|2019-12-02 17:08:36|17
Timing is on.
begin;
BEGIN
Time: 74.719 ms
truncate table tb_check1 ;
TRUNCATE TABLE
Time: 237.891 ms
insert into tb_check1 select * from tb_check;
INSERT 0 10
Time: 1538.925 ms
commit;
COMMIT
Time: 6625.456 ms
check.sh|2019-12-02 17:08:38|2019-12-02 17:08:47|9
Timing is on.
begin;
BEGIN
Time: 74.907 ms
truncate table tb_check1 ;
TRUNCATE TABLE
Time: 15834.911 ms
insert into tb_check1 select * from tb_check;
INSERT 0 10
Time: 2169.888 ms
commit;
COMMIT
Time: 4441.378 ms
check.sh|2019-12-02 17:08:47|2019-12-02 17:09:10|23
Timing is on.
begin;
BEGIN
Time: 68.501 ms
truncate table tb_check1 ;
TRUNCATE TABLE
Time: 610.982 ms
insert into tb_check1 select * from tb_check;
INSERT 0 10
Time: 968.134 ms
commit;
COMMIT
Time: 13448.878 ms
check.sh|2019-12-02 17:09:11|2019-12-02 17:09:26|15
Timing is on.
begin;
BEGIN
Time: 114.519 ms
truncate table tb_check1 ;
TRUNCATE TABLE
Time: 2794.737 ms
insert into tb_check1 select * from tb_check;
INSERT 0 10
Time: 628.580 ms
commit;
COMMIT
Time: 8894.595 ms
check.sh|2019-12-02 17:09:29|2019-12-02 17:09:41|12
Timing is on.
begin;
BEGIN
Time: 83.766 ms
truncate table tb_check1 ;
TRUNCATE TABLE
Time: 740.278 ms
insert into tb_check1 select * from tb_check;
INSERT 0 10
Time: 1450.493 ms
commit;
COMMIT
Time: 5763.898 ms
check.sh|2019-12-02 17:09:43|2019-12-02 17:09:52|9
Timing is on.
begin;
BEGIN
Time: 61.137 ms
truncate table tb_check1 ;
TRUNCATE TABLE
Time: 526.168 ms
insert into tb_check1 select * from tb_check;
INSERT 0 10
Time: 715.299 ms
commit;
COMMIT
Time: 3786.171 ms
check.sh|2019-12-02 17:09:53|2019-12-02 17:09:58|5
Timing is on.
begin;
BEGIN
Time: 57.295 ms
truncate table tb_check1 ;
TRUNCATE TABLE
Time: 4662.096 ms
insert into tb_check1 select * from tb_check;
INSERT 0 10
Time: 706.051 ms
commit;
COMMIT
Time: 21536.636 ms
check.sh|2019-12-02 17:10:15|2019-12-02 17:10:42|27
Timing is on.
begin;
BEGIN
Time: 158.360 ms
truncate table tb_check1 ;
TRUNCATE TABLE
Time: 627.745 ms
insert into tb_check1 select * from tb_check;
INSERT 0 10
Time: 1166.218 ms
commit;
COMMIT
Time: 2496.057 ms
check.sh|2019-12-02 17:10:46|2019-12-02 17:10:50|4
Timing is on.
begin;
BEGIN
Time: 75.265 ms
truncate table tb_check1 ;
TRUNCATE TABLE
Time: 305.836 ms
insert into tb_check1 select * from tb_check;
INSERT 0 10
Time: 1110.746 ms
commit;
COMMIT
Time: 15543.701 ms
check.sh|2019-12-02 17:10:55|2019-12-02 17:11:12|17
Timing is on.
begin;
BEGIN
Time: 91.299 ms
truncate table tb_check1 ;
TRUNCATE TABLE
Time: 3715.567 ms
insert into tb_check1 select * from tb_check;
INSERT 0 10
Time: 660.720 ms
commit;
COMMIT
Time: 4823.502 ms
check.sh|2019-12-02 17:11:18|2019-12-02 17:11:27|9
Timing is on.
begin;
BEGIN
Time: 63.509 ms
truncate table tb_check1 ;
TRUNCATE TABLE
Time: 286.832 ms
insert into tb_check1 select * from tb_check;
INSERT 0 10
Time: 1038.254 ms
commit;
COMMIT
Time: 5021.043 ms
check.sh|2019-12-02 17:11:36|2019-12-02 17:11:43|7
Timing is on.
begin;
BEGIN
Time: 59.824 ms
truncate table tb_check1 ;
TRUNCATE TABLE
Time: 4741.758 ms
insert into tb_check1 select * from tb_check;
INSERT 0 10
Time: 1200.848 ms
commit;
COMMIT
Time: 11105.449 ms
check.sh|2019-12-02 17:11:46|2019-12-02 17:12:03|17
Timing is on.
begin;
BEGIN
Time: 67.024 ms
truncate table tb_check1 ;
TRUNCATE TABLE
Time: 1268.703 ms
insert into tb_check1 select * from tb_check;
INSERT 0 10
Time: 705.549 ms
commit;
COMMIT
Time: 7710.498 ms
check.sh|2019-12-02 17:12:06|2019-12-02 17:12:16|10
Timing is on.
begin;
BEGIN
Time: 59.077 ms
truncate table tb_check1 ;
TRUNCATE TABLE
Time: 226.574 ms
insert into tb_check1 select * from tb_check;
INSERT 0 10
Time: 1086.120 ms
commit;
COMMIT
Time: 4557.756 ms
check.sh|2019-12-02 17:12:17|2019-12-02 17:12:23|6
Timing is on.
begin;
BEGIN
Time: 60.563 ms
truncate table tb_check1 ;
TRUNCATE TABLE
Time: 1624.409 ms
insert into tb_check1 select * from tb_check;
INSERT 0 10
Time: 1583.272 ms
commit;
COMMIT
Time: 7719.854 ms
check.sh|2019-12-02 17:12:25|2019-12-02 17:12:36|11
Timing is on.
begin;
BEGIN
Time: 85.278 ms
truncate table tb_check1 ;
TRUNCATE TABLE
Time: 1344.508 ms
insert into tb_check1 select * from tb_check;
INSERT 0 10
Time: 1204.400 ms
commit;
COMMIT
Time: 3411.696 ms
check.sh|2019-12-02 17:12:38|2019-12-02 17:12:44|6
Timing is on.
begin;
BEGIN
Time: 100.307 ms
truncate table tb_check1 ;
TRUNCATE TABLE
Time: 599.809 ms
insert into tb_check1 select * from tb_check;
INSERT 0 10
Time: 1025.815 ms
commit;
COMMIT
Time: 9412.662 ms
check.sh|2019-12-02 17:12:47|2019-12-02 17:12:58|11
Timing is on.
begin;
BEGIN
Time: 71.140 ms
truncate table tb_check1 ;
TRUNCATE TABLE
Time: 400.225 ms
insert into tb_check1 select * from tb_check;
INSERT 0 10
Time: 1648.108 ms
commit;
COMMIT
Time: 3447.348 ms
check.sh|2019-12-02 17:13:01|2019-12-02 17:13:07|6
Timing is on.
begin;
BEGIN
Time: 82.178 ms
truncate table tb_check1 ;
TRUNCATE TABLE
Time: 757.442 ms
insert into tb_check1 select * from tb_check;
INSERT 0 10
Time: 791.969 ms
commit;
COMMIT
Time: 23593.296 ms
check.sh|2019-12-02 17:13:10|2019-12-02 17:13:35|25
Timing is on.
begin;
BEGIN
Time: 57.701 ms
truncate table tb_check1 ;
TRUNCATE TABLE
Time: 2822.074 ms
insert into tb_check1 select * from tb_check;
INSERT 0 10
Time: 2133.912 ms
commit;
COMMIT
Time: 2311.469 ms
check.sh|2019-12-02 17:13:47|2019-12-02 17:13:54|7
Timing is on.
begin;
BEGIN
Time: 59.458 ms
truncate table tb_check1 ;
TRUNCATE TABLE
Time: 261.970 ms
insert into tb_check1 select * from tb_check;
INSERT 0 10
Time: 942.354 ms
commit;
COMMIT
Time: 6557.234 ms
check.sh|2019-12-02 17:13:57|2019-12-02 17:14:05|8
Timing is on.
begin;
BEGIN
Time: 142.918 ms
truncate table tb_check1 ;
TRUNCATE TABLE
Time: 12156.038 ms
insert into tb_check1 select * from tb_check;
INSERT 0 10
Time: 1374.392 ms
commit;
COMMIT
Time: 8329.793 ms
check.sh|2019-12-02 17:14:05|2019-12-02 17:14:27|22
Timing is on.
begin;
BEGIN
Time: 82.344 ms
truncate table tb_check1 ;
TRUNCATE TABLE
Time: 215.598 ms
insert into tb_check1 select * from tb_check;
INSERT 0 10
Time: 2608.246 ms
commit;
COMMIT
Time: 3204.711 ms
check.sh|2019-12-02 17:14:30|2019-12-02 17:14:36|6
Timing is on.
begin;
BEGIN
Time: 133.571 ms
truncate table tb_check1 ;
TRUNCATE TABLE
Time: 1113.666 ms
insert into tb_check1 select * from tb_check;
INSERT 0 10
Time: 612.693 ms
commit;
COMMIT
Time: 5398.057 ms
check.sh|2019-12-02 17:14:38|2019-12-02 17:14:45|7
Timing is on.
begin;
BEGIN
Time: 58.341 ms
truncate table tb_check1 ;
TRUNCATE TABLE
Time: 3493.511 ms
insert into tb_check1 select * from tb_check;
INSERT 0 10
Time: 657.470 ms
commit;
COMMIT
Time: 5562.460 ms
check.sh|2019-12-02 17:14:57|2019-12-02 17:15:07|10
Timing is on.
begin;
BEGIN
Time: 95.539 ms
truncate table tb_check1 ;
TRUNCATE TABLE
Time: 672.796 ms
insert into tb_check1 select * from tb_check;
INSERT 0 10
Time: 656.326 ms
commit;
COMMIT
Time: 8591.798 ms
check.sh|2019-12-02 17:15:10|2019-12-02 17:15:20|10
Timing is on.
begin;
BEGIN
Time: 63.213 ms
truncate table tb_check1 ;
TRUNCATE TABLE
Time: 24116.909 ms
insert into tb_check1 select * from tb_check;
INSERT 0 10
Time: 1191.326 ms
commit;
COMMIT
Time: 5494.336 ms
check.sh|2019-12-02 17:15:25|2019-12-02 17:15:56|31
Timing is on.
begin;
BEGIN
Time: 177.349 ms
truncate table tb_check1 ;
TRUNCATE TABLE
Time: 454.782 ms
insert into tb_check1 select * from tb_check;
INSERT 0 10
Time: 1346.713 ms
commit;
COMMIT
Time: 7969.064 ms
check.sh|2019-12-02 17:15:56|2019-12-02 17:16:06|10
Timing is on.
begin;
BEGIN
Time: 56.288 ms
truncate table tb_check1 ;
TRUNCATE TABLE
Time: 4531.588 ms
insert into tb_check1 select * from tb_check;
INSERT 0 10
Time: 1018.404 ms
commit;
COMMIT
Time: 11341.210 ms
check.sh|2019-12-02 17:16:06|2019-12-02 17:16:23|17
Timing is on.
begin;
BEGIN
Time: 104.067 ms
truncate table tb_check1 ;
TRUNCATE TABLE
Time: 293.825 ms
insert into tb_check1 select * from tb_check;
INSERT 0 10
Time: 889.373 ms
commit;
COMMIT
Time: 3926.996 ms
check.sh|2019-12-02 17:16:25|2019-12-02 17:16:30|5
Timing is on.
begin;
BEGIN
Time: 122.921 ms
truncate table tb_check1 ;
TRUNCATE TABLE
Time: 1143.567 ms
insert into tb_check1 select * from tb_check;
INSERT 0 10
Time: 1123.520 ms
commit;
COMMIT
Time: 16062.408 ms
check.sh|2019-12-02 17:16:33|2019-12-02 17:16:51|18
Timing is on.
begin;
BEGIN
Time: 82.041 ms
truncate table tb_check1 ;
TRUNCATE TABLE
Time: 1042.249 ms
insert into tb_check1 select * from tb_check;
INSERT 0 10
Time: 2345.651 ms
commit;
COMMIT
Time: 6749.377 ms
check.sh|2019-12-02 17:16:53|2019-12-02 17:17:04|11
Timing is on.
begin;
BEGIN
Time: 90.229 ms
truncate table tb_check1 ;
TRUNCATE TABLE
Time: 1187.056 ms
insert into tb_check1 select * from tb_check;
INSERT 0 10
Time: 1022.775 ms
commit;
COMMIT
Time: 9261.624 ms
check.sh|2019-12-02 17:17:05|2019-12-02 17:17:17|12
Timing is on.
begin;
BEGIN
Time: 68.795 ms
truncate table tb_check1 ;
TRUNCATE TABLE
Time: 783.523 ms
insert into tb_check1 select * from tb_check;
INSERT 0 10
Time: 1090.077 ms
commit;
COMMIT
Time: 3398.087 ms
check.sh|2019-12-02 17:17:25|2019-12-02 17:17:31|6
Timing is on.
begin;
BEGIN
Time: 113.238 ms
truncate table tb_check1 ;
TRUNCATE TABLE
Time: 425.097 ms
insert into tb_check1 select * from tb_check;
INSERT 0 10
Time: 917.562 ms
commit;
COMMIT
Time: 3060.491 ms
check.sh|2019-12-02 17:17:34|2019-12-02 17:17:38|4
Timing is on.
begin;
BEGIN
Time: 62.164 ms
truncate table tb_check1 ;
TRUNCATE TABLE
Time: 1078.331 ms
insert into tb_check1 select * from tb_check;
INSERT 0 10
Time: 1086.979 ms
commit;
COMMIT
Time: 14655.052 ms
check.sh|2019-12-02 17:17:43|2019-12-02 17:18:00|17
Timing is on.
begin;
BEGIN
Time: 67.799 ms
truncate table tb_check1 ;
TRUNCATE TABLE
Time: 1965.893 ms
insert into tb_check1 select * from tb_check;
INSERT 0 10
Time: 676.908 ms
commit;
COMMIT
Time: 6302.484 ms
check.sh|2019-12-02 17:18:02|2019-12-02 17:18:11|9
Timing is on.
begin;
BEGIN
Time: 93.620 ms
truncate table tb_check1 ;
TRUNCATE TABLE
Time: 492.057 ms
insert into tb_check1 select * from tb_check;
INSERT 0 10
Time: 1656.152 ms
commit;
COMMIT
Time: 5290.101 ms
check.sh|2019-12-02 17:18:12|2019-12-02 17:18:19|7
Timing is on.
begin;
BEGIN
Time: 111.064 ms
truncate table tb_check1 ;
TRUNCATE TABLE
Time: 9687.468 ms
insert into tb_check1 select * from tb_check;
INSERT 0 10
Time: 3002.588 ms
commit;
COMMIT
Time: 6251.252 ms
check.sh|2019-12-02 17:18:20|2019-12-02 17:18:39|19
Timing is on.
begin;
BEGIN
Time: 60.873 ms
truncate table tb_check1 ;
TRUNCATE TABLE
Time: 980.054 ms
insert into tb_check1 select * from tb_check;
INSERT 0 10
Time: 629.384 ms
commit;
COMMIT
Time: 6747.460 ms
check.sh|2019-12-02 17:18:41|2019-12-02 17:18:49|8
Timing is on.
begin;
BEGIN
Time: 64.401 ms
truncate table tb_check1 ;
TRUNCATE TABLE
Time: 1932.864 ms
insert into tb_check1 select * from tb_check;
INSERT 0 10
Time: 1115.389 ms
commit;
COMMIT
Time: 14945.439 ms
check.sh|2019-12-02 17:18:52|2019-12-02 17:19:10|18
Timing is on.
begin;
BEGIN
Time: 150.970 ms
truncate table tb_check1 ;
TRUNCATE TABLE
Time: 628.573 ms
insert into tb_check1 select * from tb_check;
INSERT 0 10
Time: 861.134 ms
commit;
COMMIT
Time: 4052.662 ms
check.sh|2019-12-02 17:19:10|2019-12-02 17:19:16|6
Timing is on.
begin;
BEGIN
Time: 58.738 ms
truncate table tb_check1 ;
TRUNCATE TABLE
Time: 1533.401 ms
insert into tb_check1 select * from tb_check;
INSERT 0 10
Time: 1214.482 ms
commit;
COMMIT
Time: 7793.225 ms
check.sh|2019-12-02 17:19:19|2019-12-02 17:19:29|10
Timing is on.
begin;
BEGIN
Time: 82.992 ms
truncate table tb_check1 ;
TRUNCATE TABLE
Time: 8392.566 ms
insert into tb_check1 select * from tb_check;
INSERT 0 10
Time: 639.603 ms
commit;
COMMIT
Time: 4609.328 ms
check.sh|2019-12-02 17:19:31|2019-12-02 17:19:45|14
Timing is on.
begin;
BEGIN
Time: 57.654 ms
truncate table tb_check1 ;
TRUNCATE TABLE
Time: 715.106 ms
insert into tb_check1 select * from tb_check;
INSERT 0 10
Time: 711.968 ms
commit;
COMMIT
Time: 4999.753 ms
check.sh|2019-12-02 17:19:50|2019-12-02 17:19:56|6
Timing is on.
begin;
BEGIN
Time: 88.438 ms
truncate table tb_check1 ;
TRUNCATE TABLE
Time: 9910.003 ms
insert into tb_check1 select * from tb_check;
INSERT 0 10
Time: 1145.163 ms
commit;
COMMIT
Time: 11149.603 ms
check.sh|2019-12-02 17:19:59|2019-12-02 17:20:21|22
Timing is on.
begin;
BEGIN
Time: 76.194 ms
truncate table tb_check1 ;
TRUNCATE TABLE
Time: 647.148 ms
insert into tb_check1 select * from tb_check;
INSERT 0 10
Time: 2322.989 ms
commit;
COMMIT
Time: 27467.470 ms
check.sh|2019-12-02 17:20:23|2019-12-02 17:20:53|30
Timing is on.
begin;
BEGIN
Time: 124.134 ms
truncate table tb_check1 ;
TRUNCATE TABLE
Time: 577.880 ms
insert into tb_check1 select * from tb_check;
INSERT 0 10
Time: 1445.866 ms
commit;
COMMIT
Time: 6416.961 ms
check.sh|2019-12-02 17:20:54|2019-12-02 17:21:02|8
Timing is on.
begin;
BEGIN
Time: 63.869 ms
truncate table tb_check1 ;
TRUNCATE TABLE
Time: 3587.303 ms
insert into tb_check1 select * from tb_check;
INSERT 0 10
Time: 619.641 ms
commit;
COMMIT
Time: 17625.484 ms
check.sh|2019-12-02 17:21:02|2019-12-02 17:21:24|22
Timing is on.
begin;
BEGIN
Time: 86.845 ms
truncate table tb_check1 ;
TRUNCATE TABLE
Time: 501.241 ms
insert into tb_check1 select * from tb_check;
INSERT 0 10
Time: 908.299 ms
commit;
COMMIT
Time: 5220.615 ms
check.sh|2019-12-02 17:21:27|2019-12-02 17:21:34|7
Timing is on.
begin;
BEGIN
Time: 63.567 ms
truncate table tb_check1 ;
TRUNCATE TABLE
Time: 397.615 ms
insert into tb_check1 select * from tb_check;
INSERT 0 10
Time: 672.835 ms
commit;
COMMIT
Time: 10019.787 ms
check.sh|2019-12-02 17:21:36|2019-12-02 17:21:47|11
Timing is on.
begin;
BEGIN
Time: 90.822 ms
truncate table tb_check1 ;
TRUNCATE TABLE
Time: 894.079 ms
insert into tb_check1 select * from tb_check;
INSERT 0 10
Time: 613.462 ms
commit;
COMMIT
Time: 5012.694 ms
check.sh|2019-12-02 17:21:55|2019-12-02 17:22:01|6
Timing is on.
begin;
BEGIN
Time: 111.208 ms
truncate table tb_check1 ;
TRUNCATE TABLE
Time: 619.116 ms
insert into tb_check1 select * from tb_check;
INSERT 0 10
Time: 681.475 ms
commit;
COMMIT
Time: 81431.298 ms
check.sh|2019-12-02 17:22:03|2019-12-02 17:23:26|83
Timing is on.
begin;
BEGIN
Time: 70.486 ms
truncate table tb_check1 ;
TRUNCATE TABLE
Time: 255.322 ms
insert into tb_check1 select * from tb_check;
INSERT 0 10
Time: 1718.811 ms
commit;
COMMIT
Time: 16074.688 ms
check.sh|2019-12-02 17:23:26|2019-12-02 17:23:45|19
Timing is on.
begin;
BEGIN
Time: 81.619 ms
truncate table tb_check1 ;
TRUNCATE TABLE
Time: 1086.988 ms
insert into tb_check1 select * from tb_check;
INSERT 0 10
Time: 655.133 ms
commit;
COMMIT
Time: 4861.490 ms
check.sh|2019-12-02 17:23:45|2019-12-02 17:23:51|6
Timing is on.
begin;
BEGIN
Time: 67.106 ms
truncate table tb_check1 ;
TRUNCATE TABLE
Time: 860.930 ms
insert into tb_check1 select * from tb_check;
INSERT 0 10
Time: 1161.835 ms
commit;
COMMIT
Time: 8210.497 ms
check.sh|2019-12-02 17:24:06|2019-12-02 17:24:16|10
Timing is on.
begin;
BEGIN
Time: 56.983 ms
truncate table tb_check1 ;
TRUNCATE TABLE
Time: 2620.878 ms
insert into tb_check1 select * from tb_check;
INSERT 0 10
Time: 1111.433 ms
commit;
COMMIT
Time: 5070.524 ms
check.sh|2019-12-02 17:24:26|2019-12-02 17:24:35|9
Timing is on.
begin;
BEGIN
Time: 85.260 ms
truncate table tb_check1 ;
TRUNCATE TABLE
Time: 320.611 ms
insert into tb_check1 select * from tb_check;
INSERT 0 10
Time: 931.847 ms
commit;
COMMIT
Time: 25837.403 ms
check.sh|2019-12-02 17:24:38|2019-12-02 17:25:05|27
Timing is on.
begin;
BEGIN
Time: 71.655 ms
truncate table tb_check1 ;
TRUNCATE TABLE
Time: 356.822 ms
insert into tb_check1 select * from tb_check;
INSERT 0 10
Time: 639.045 ms
commit;
COMMIT
Time: 57588.564 ms
check.sh|2019-12-02 17:25:06|2019-12-02 17:26:05|59
Timing is on.
begin;
BEGIN
Time: 125.705 ms
truncate table tb_check1 ;
TRUNCATE TABLE
Time: 708.389 ms
insert into tb_check1 select * from tb_check;
INSERT 0 10
Time: 1720.179 ms
commit;
COMMIT
Time: 22590.133 ms
check.sh|2019-12-02 17:26:05|2019-12-02 17:26:30|25
Timing is on.
begin;
BEGIN
Time: 62.855 ms
truncate table tb_check1 ;
TRUNCATE TABLE
Time: 424.770 ms
insert into tb_check1 select * from tb_check;
INSERT 0 10
Time: 1448.241 ms
commit;
COMMIT
Time: 15360.733 ms
check.sh|2019-12-02 17:26:32|2019-12-02 17:26:49|17
Timing is on.
begin;
BEGIN
Time: 56.083 ms
truncate table tb_check1 ;
TRUNCATE TABLE
Time: 1220.249 ms
insert into tb_check1 select * from tb_check;
INSERT 0 10
Time: 641.186 ms
commit;
COMMIT
Time: 3981.972 ms
check.sh|2019-12-02 17:26:57|2019-12-02 17:27:03|6
Timing is on.
begin;
BEGIN
Time: 118.421 ms
truncate table tb_check1 ;
TRUNCATE TABLE
Time: 738.307 ms
insert into tb_check1 select * from tb_check;
INSERT 0 10
Time: 2166.329 ms
commit;
COMMIT
Time: 6222.714 ms
check.sh|2019-12-02 17:27:07|2019-12-02 17:27:16|9
Timing is on.
begin;
BEGIN
Time: 136.218 ms
truncate table tb_check1 ;
TRUNCATE TABLE
Time: 12970.715 ms
insert into tb_check1 select * from tb_check;
INSERT 0 10
Time: 6533.616 ms
commit;
COMMIT
Time: 36015.442 ms
check.sh|2019-12-02 17:27:16|2019-12-02 17:28:12|56
Timing is on.
begin;
BEGIN
Time: 57.005 ms
truncate table tb_check1 ;
TRUNCATE TABLE
Time: 1682.559 ms
insert into tb_check1 select * from tb_check;
INSERT 0 10
Time: 2002.421 ms
commit;
COMMIT
Time: 3810.994 ms
check.sh|2019-12-02 17:28:13|2019-12-02 17:28:21|8
Timing is on.
begin;
BEGIN
Time: 61.009 ms
truncate table tb_check1 ;
TRUNCATE TABLE
Time: 612.636 ms
insert into tb_check1 select * from tb_check;
INSERT 0 10
Time: 1921.214 ms
commit;
COMMIT
Time: 3748.355 ms
check.sh|2019-12-02 17:28:49|2019-12-02 17:28:56|7
Timing is on.
begin;
BEGIN
Time: 56.561 ms
truncate table tb_check1 ;
TRUNCATE TABLE
Time: 4270.717 ms
insert into tb_check1 select * from tb_check;
INSERT 0 10
Time: 3185.494 ms
commit;
COMMIT
Time: 9284.224 ms
check.sh|2019-12-02 17:28:59|2019-12-02 17:29:16|17
Timing is on.
begin;
BEGIN
Time: 115.527 ms
truncate table tb_check1 ;
TRUNCATE TABLE
Time: 569.473 ms
insert into tb_check1 select * from tb_check;
INSERT 0 10
Time: 720.553 ms
commit;
COMMIT
Time: 54548.360 ms
check.sh|2019-12-02 17:29:18|2019-12-02 17:30:14|56
Timing is on.
begin;
BEGIN
Time: 65.769 ms
truncate table tb_check1 ;
TRUNCATE TABLE
Time: 949.336 ms
insert into tb_check1 select * from tb_check;
INSERT 0 10
Time: 1195.421 ms
commit;
COMMIT
Time: 38483.077 ms
check.sh|2019-12-02 17:30:19|2019-12-02 17:31:00|41
Timing is on.
begin;
BEGIN
Time: 110.577 ms
truncate table tb_check1 ;
TRUNCATE TABLE
Time: 3197.611 ms
insert into tb_check1 select * from tb_check;
INSERT 0 10
Time: 3078.132 ms
commit;
COMMIT
Time: 4561.109 ms
check.sh|2019-12-02 17:31:03|2019-12-02 17:31:14|11
Timing is on.
begin;
BEGIN
Time: 83.453 ms
truncate table tb_check1 ;
TRUNCATE TABLE
Time: 526.234 ms
insert into tb_check1 select * from tb_check;
INSERT 0 10
Time: 766.860 ms
commit;
COMMIT
Time: 6306.488 ms
check.sh|2019-12-02 17:31:15|2019-12-02 17:31:23|8
Timing is on.
begin;
BEGIN
Time: 110.581 ms
truncate table tb_check1 ;
TRUNCATE TABLE
Time: 277.050 ms
insert into tb_check1 select * from tb_check;
INSERT 0 10
Time: 705.774 ms
commit;
COMMIT
Time: 39289.433 ms
check.sh|2019-12-02 17:31:24|2019-12-02 17:32:04|40
Timing is on.
begin;
BEGIN
Time: 88.756 ms
truncate table tb_check1 ;
TRUNCATE TABLE
Time: 642.084 ms
insert into tb_check1 select * from tb_check;
INSERT 0 10
Time: 1231.753 ms
commit;
COMMIT
Time: 1767.488 ms
check.sh|2019-12-02 17:32:13|2019-12-02 17:32:16|3
Timing is on.
begin;
BEGIN
Time: 67.658 ms
truncate table tb_check1 ;
TRUNCATE TABLE
Time: 1881.910 ms
insert into tb_check1 select * from tb_check;
INSERT 0 10
Time: 661.444 ms
commit;
COMMIT
Time: 4188.908 ms
check.sh|2019-12-02 17:32:20|2019-12-02 17:32:27|7
Timing is on.
begin;
BEGIN
Time: 58.000 ms
truncate table tb_check1 ;
TRUNCATE TABLE
Time: 74499.934 ms
insert into tb_check1 select * from tb_check;
INSERT 0 10
Time: 635.597 ms
commit;
COMMIT
Time: 5217.986 ms
check.sh|2019-12-02 17:32:43|2019-12-02 17:34:04|81
Timing is on.
begin;
BEGIN
Time: 72.938 ms
truncate table tb_check1 ;
TRUNCATE TABLE
Time: 503.160 ms
insert into tb_check1 select * from tb_check;
INSERT 0 10
Time: 949.186 ms
commit;
COMMIT
Time: 6347.712 ms
check.sh|2019-12-02 17:34:06|2019-12-02 17:34:14|8
Timing is on.
begin;
BEGIN
Time: 69.195 ms
truncate table tb_check1 ;
TRUNCATE TABLE
Time: 6407.215 ms
insert into tb_check1 select * from tb_check;
INSERT 0 10
Time: 2273.829 ms
commit;
COMMIT
Time: 22882.939 ms
check.sh|2019-12-02 17:34:15|2019-12-02 17:34:47|32
Timing is on.
begin;
BEGIN
Time: 96.392 ms
truncate table tb_check1 ;
TRUNCATE TABLE
Time: 535.386 ms
insert into tb_check1 select * from tb_check;
INSERT 0 10
Time: 2175.295 ms
commit;
COMMIT
Time: 3034.915 ms
check.sh|2019-12-02 17:34:58|2019-12-02 17:35:04|6
Timing is on.
begin;
BEGIN
Time: 65.503 ms
truncate table tb_check1 ;
TRUNCATE TABLE
Time: 436.974 ms
insert into tb_check1 select * from tb_check;
INSERT 0 10
Time: 693.617 ms
commit;
COMMIT
Time: 72427.143 ms
check.sh|2019-12-02 17:35:08|2019-12-02 17:36:21|73
Timing is on.
begin;
BEGIN
Time: 59.629 ms
truncate table tb_check1 ;
TRUNCATE TABLE
Time: 403.048 ms
insert into tb_check1 select * from tb_check;
INSERT 0 10
Time: 863.224 ms
commit;
COMMIT
Time: 6242.040 ms
check.sh|2019-12-02 17:36:34|2019-12-02 17:36:42|8
Timing is on.
begin;
BEGIN
Time: 109.068 ms
truncate table tb_check1 ;
TRUNCATE TABLE
Time: 460.963 ms
insert into tb_check1 select * from tb_check;
INSERT 0 10
Time: 830.455 ms
commit;
COMMIT
Time: 54390.617 ms
check.sh|2019-12-02 17:36:43|2019-12-02 17:37:38|55
Timing is on.
begin;
BEGIN
Time: 63.156 ms
truncate table tb_check1 ;
TRUNCATE TABLE
Time: 12475.077 ms
insert into tb_check1 select * from tb_check;
INSERT 0 10
Time: 1146.020 ms
commit;
COMMIT
Time: 5757.277 ms
check.sh|2019-12-02 17:37:38|2019-12-02 17:37:58|20
Timing is on.
begin;
BEGIN
Time: 73.421 ms
truncate table tb_check1 ;
TRUNCATE TABLE
Time: 701.691 ms
insert into tb_check1 select * from tb_check;
INSERT 0 10
Time: 740.051 ms
commit;
COMMIT
Time: 10284.590 ms
check.sh|2019-12-02 17:37:58|2019-12-02 17:38:10|12
Timing is on.
begin;
BEGIN
Time: 56.417 ms
truncate table tb_check1 ;
TRUNCATE TABLE
Time: 43512.129 ms
insert into tb_check1 select * from tb_check;
INSERT 0 10
Time: 686.011 ms
commit;
COMMIT
Time: 8856.519 ms
check.sh|2019-12-02 17:38:12|2019-12-02 17:39:05|53
Timing is on.
begin;
BEGIN
Time: 56.952 ms
truncate table tb_check1 ;
TRUNCATE TABLE
Time: 1530.609 ms
insert into tb_check1 select * from tb_check;
INSERT 0 10
Time: 625.264 ms
commit;
COMMIT
Time: 2169.849 ms
check.sh|2019-12-02 17:39:13|2019-12-02 17:39:18|5
Timing is on.
begin;
BEGIN
Time: 67.851 ms
truncate table tb_check1 ;
TRUNCATE TABLE
Time: 302.602 ms
insert into tb_check1 select * from tb_check;
INSERT 0 10
Time: 608.904 ms
commit;
COMMIT
Time: 19128.559 ms
check.sh|2019-12-02 17:39:23|2019-12-02 17:39:43|20
Timing is on.
begin;
BEGIN
Time: 56.400 ms
truncate table tb_check1 ;
TRUNCATE TABLE
Time: 4875.469 ms
insert into tb_check1 select * from tb_check;
INSERT 0 10
Time: 1745.894 ms
commit;
COMMIT
Time: 59403.145 ms
check.sh|2019-12-02 17:39:49|2019-12-02 17:40:55|66
Timing is on.
begin;
BEGIN
Time: 68.439 ms
truncate table tb_check1 ;
TRUNCATE TABLE
Time: 2825.284 ms
insert into tb_check1 select * from tb_check;
INSERT 0 10
Time: 3129.468 ms
commit;
COMMIT
Time: 5324.678 ms
check.sh|2019-12-02 17:40:58|2019-12-02 17:41:10|12
Timing is on.
begin;
BEGIN
Time: 62.116 ms
truncate table tb_check1 ;
TRUNCATE TABLE
Time: 2044.777 ms
insert into tb_check1 select * from tb_check;
INSERT 0 10
Time: 626.498 ms
commit;
COMMIT
Time: 4488.799 ms
check.sh|2019-12-02 17:41:10|2019-12-02 17:41:17|7
Timing is on.
begin;
BEGIN
Time: 57.911 ms
truncate table tb_check1 ;
TRUNCATE TABLE
Time: 6598.015 ms
insert into tb_check1 select * from tb_check;
INSERT 0 10
Time: 2094.274 ms
commit;
COMMIT
Time: 7460.516 ms
check.sh|2019-12-02 17:41:29|2019-12-02 17:41:45|16
Timing is on.
begin;
BEGIN
Time: 66.518 ms
truncate table tb_check1 ;
TRUNCATE TABLE
Time: 4538.067 ms
insert into tb_check1 select * from tb_check;
INSERT 0 10
Time: 1615.826 ms
commit;
COMMIT
Time: 9028.970 ms
check.sh|2019-12-02 17:41:47|2019-12-02 17:42:02|15
Timing is on.
begin;
BEGIN
Time: 87.422 ms
truncate table tb_check1 ;
TRUNCATE TABLE
Time: 8444.903 ms
insert into tb_check1 select * from tb_check;
INSERT 0 10
Time: 2086.940 ms
commit;
COMMIT
Time: 6424.645 ms
check.sh|2019-12-02 17:42:05|2019-12-02 17:42:22|17
Timing is on.
begin;
BEGIN
Time: 66.707 ms
truncate table tb_check1 ;
TRUNCATE TABLE
Time: 367.195 ms
insert into tb_check1 select * from tb_check;
INSERT 0 10
Time: 1000.667 ms
commit;
COMMIT
Time: 68368.379 ms
check.sh|2019-12-02 17:42:22|2019-12-02 17:43:32|70
Timing is on.
begin;
BEGIN
Time: 77.434 ms
truncate table tb_check1 ;
TRUNCATE TABLE
Time: 2264.055 ms
insert into tb_check1 select * from tb_check;
INSERT 0 10
Time: 2923.003 ms
commit;
COMMIT
Time: 20577.079 ms
check.sh|2019-12-02 17:43:39|2019-12-02 17:44:04|25
Timing is on.
begin;
BEGIN
Time: 60.338 ms
truncate table tb_check1 ;
TRUNCATE TABLE
Time: 701.200 ms
insert into tb_check1 select * from tb_check;
INSERT 0 10
Time: 646.739 ms
commit;
COMMIT
Time: 2929.027 ms
check.sh|2019-12-02 17:44:34|2019-12-02 17:44:38|4
Timing is on.
begin;
BEGIN
Time: 73.138 ms
truncate table tb_check1 ;
TRUNCATE TABLE
Time: 439.998 ms
insert into tb_check1 select * from tb_check;
INSERT 0 10
Time: 1322.155 ms
commit;
COMMIT
Time: 5102.150 ms
check.sh|2019-12-02 17:44:43|2019-12-02 17:44:50|7
Timing is on.
begin;
BEGIN
Time: 62.087 ms
truncate table tb_check1 ;
TRUNCATE TABLE
Time: 3781.940 ms
insert into tb_check1 select * from tb_check;
INSERT 0 10
Time: 1023.994 ms
commit;
COMMIT
Time: 86259.337 ms
check.sh|2019-12-02 17:44:54|2019-12-02 17:46:25|91
Timing is on.
begin;
BEGIN
Time: 59.187 ms
truncate table tb_check1 ;
TRUNCATE TABLE
Time: 2985.843 ms
insert into tb_check1 select * from tb_check;
INSERT 0 10
Time: 1257.867 ms
commit;
COMMIT
Time: 2678.031 ms
check.sh|2019-12-02 17:46:30|2019-12-02 17:46:37|7
Timing is on.
begin;
BEGIN
Time: 84.909 ms
truncate table tb_check1 ;
TRUNCATE TABLE
Time: 496.170 ms
insert into tb_check1 select * from tb_check;
INSERT 0 10
Time: 1173.168 ms
commit;
COMMIT
Time: 46856.645 ms
check.sh|2019-12-02 17:46:43|2019-12-02 17:47:32|49
Timing is on.
begin;
BEGIN
Time: 56.721 ms
truncate table tb_check1 ;
TRUNCATE TABLE
Time: 9924.864 ms
insert into tb_check1 select * from tb_check;
INSERT 0 10
Time: 792.055 ms
commit;
COMMIT
Time: 5284.372 ms
check.sh|2019-12-02 17:47:44|2019-12-02 17:48:00|16
Timing is on.
begin;
BEGIN
Time: 65.401 ms
truncate table tb_check1 ;
TRUNCATE TABLE
Time: 943.776 ms
insert into tb_check1 select * from tb_check;
INSERT 0 10
Time: 795.128 ms
commit;
COMMIT
Time: 4375.627 ms
check.sh|2019-12-02 17:48:02|2019-12-02 17:48:08|6
Timing is on.
begin;
BEGIN
Time: 85.872 ms
truncate table tb_check1 ;
TRUNCATE TABLE
Time: 4789.114 ms
insert into tb_check1 select * from tb_check;
INSERT 0 10
Time: 1852.575 ms
commit;
COMMIT
Time: 42409.337 ms
check.sh|2019-12-02 17:48:12|2019-12-02 17:49:01|49
Timing is on.
begin;
BEGIN
Time: 95.172 ms
truncate table tb_check1 ;
TRUNCATE TABLE
Time: 530.605 ms
insert into tb_check1 select * from tb_check;
INSERT 0 10
Time: 1076.985 ms
commit;
COMMIT
Time: 2546.463 ms
check.sh|2019-12-02 17:49:01|2019-12-02 17:49:05|4
Timing is on.
begin;
BEGIN
Time: 68.453 ms
truncate table tb_check1 ;
TRUNCATE TABLE
Time: 279.534 ms
insert into tb_check1 select * from tb_check;
INSERT 0 10
Time: 1287.406 ms
commit;
COMMIT
Time: 47384.453 ms
check.sh|2019-12-02 17:49:33|2019-12-02 17:50:22|49
Timing is on.
begin;
BEGIN
Time: 58.082 ms
truncate table tb_check1 ;
TRUNCATE TABLE
Time: 19642.000 ms
insert into tb_check1 select * from tb_check;
INSERT 0 10
Time: 669.253 ms
commit;
COMMIT
Time: 5092.049 ms
check.sh|2019-12-02 17:50:28|2019-12-02 17:50:53|25
Timing is on.
begin;
BEGIN
Time: 70.503 ms
truncate table tb_check1 ;
TRUNCATE TABLE
Time: 251.643 ms
insert into tb_check1 select * from tb_check;
INSERT 0 10
Time: 1285.596 ms
commit;
COMMIT
Time: 4107.836 ms
check.sh|2019-12-02 17:50:55|2019-12-02 17:51:01|6
Timing is on.
begin;
BEGIN
Time: 61.884 ms
truncate table tb_check1 ;
TRUNCATE TABLE
Time: 40370.482 ms
insert into tb_check1 select * from tb_check;
INSERT 0 10
Time: 3911.091 ms
commit;
COMMIT
Time: 13542.113 ms
check.sh|2019-12-02 17:51:14|2019-12-02 17:52:12|58
Timing is on.
begin;
BEGIN
Time: 62.339 ms
truncate table tb_check1 ;
TRUNCATE TABLE
Time: 292.039 ms
insert into tb_check1 select * from tb_check;
INSERT 0 10
Time: 632.915 ms
commit;
COMMIT
Time: 3249.445 ms
check.sh|2019-12-02 17:52:13|2019-12-02 17:52:17|4
Timing is on.
begin;
BEGIN
Time: 59.321 ms
truncate table tb_check1 ;
TRUNCATE TABLE
Time: 1876.149 ms
insert into tb_check1 select * from tb_check;
INSERT 0 10
Time: 1399.525 ms
commit;
COMMIT
Time: 5535.023 ms
check.sh|2019-12-02 17:52:22|2019-12-02 17:52:31|9
Timing is on.
begin;
BEGIN
Time: 101.109 ms
truncate table tb_check1 ;
TRUNCATE TABLE
Time: 843.304 ms
insert into tb_check1 select * from tb_check;
INSERT 0 10
Time: 2283.664 ms
commit;
COMMIT
Time: 2070.087 ms
check.sh|2019-12-02 17:52:32|2019-12-02 17:52:37|5
Timing is on.
begin;
BEGIN
Time: 65.521 ms
truncate table tb_check1 ;
TRUNCATE TABLE
Time: 652.853 ms
insert into tb_check1 select * from tb_check;
INSERT 0 10
Time: 898.841 ms
commit;
COMMIT
Time: 5547.797 ms
check.sh|2019-12-02 17:52:39|2019-12-02 17:52:46|7
Timing is on.
begin;
BEGIN
Time: 59.068 ms
truncate table tb_check1 ;
TRUNCATE TABLE
Time: 1105.103 ms
insert into tb_check1 select * from tb_check;
INSERT 0 10
Time: 1128.853 ms
commit;
COMMIT
Time: 6132.866 ms
check.sh|2019-12-02 17:52:47|2019-12-02 17:52:55|8
Timing is on.
begin;
BEGIN
Time: 67.073 ms
truncate table tb_check1 ;
TRUNCATE TABLE
Time: 701.305 ms
insert into tb_check1 select * from tb_check;
INSERT 0 10
Time: 826.909 ms
commit;
COMMIT
Time: 3509.484 ms
check.sh|2019-12-02 17:52:59|2019-12-02 17:53:05|6
Timing is on.
begin;
BEGIN
Time: 231.924 ms
truncate table tb_check1 ;
TRUNCATE TABLE
Time: 365836.491 ms
insert into tb_check1 select * from tb_check;
INSERT 0 10
Time: 745.364 ms
commit;
COMMIT
Time: 89252.295 ms
check.sh|2019-12-02 17:53:07|2019-12-02 18:00:43|456
Timing is on.
begin;
BEGIN
Time: 66.012 ms
truncate table tb_check1 ;
TRUNCATE TABLE
Time: 487.822 ms
insert into tb_check1 select * from tb_check;
INSERT 0 10
Time: 657.840 ms
commit;
COMMIT
Time: 3897.273 ms
check.sh|2019-12-02 18:00:46|2019-12-02 18:00:52|6
Timing is on.
begin;
BEGIN
Time: 77.754 ms
truncate table tb_check1 ;
TRUNCATE TABLE
Time: 22793.643 ms
insert into tb_check1 select * from tb_check;
INSERT 0 10
Time: 1833.092 ms
commit;
COMMIT
Time: 36122.754 ms
check.sh|2019-12-02 18:00:56|2019-12-02 18:01:57|61
Timing is on.
begin;
BEGIN
Time: 56.680 ms
truncate table tb_check1 ;
TRUNCATE TABLE
Time: 712.682 ms
insert into tb_check1 select * from tb_check;
INSERT 0 10
Time: 1910.721 ms
commit;
COMMIT
Time: 1527.024 ms
check.sh|2019-12-02 18:01:58|2019-12-02 18:02:02|4
Timing is on.
begin;
BEGIN
Time: 84.642 ms
truncate table tb_check1 ;
TRUNCATE TABLE
Time: 70055.685 ms
insert into tb_check1 select * from tb_check;
INSERT 0 10
Time: 633.846 ms
commit;
COMMIT
Time: 7593.543 ms
check.sh|2019-12-02 18:02:07|2019-12-02 18:03:25|78
Timing is on.
begin;
BEGIN
Time: 150.124 ms
truncate table tb_check1 ;
TRUNCATE TABLE
Time: 7895.633 ms
insert into tb_check1 select * from tb_check;
INSERT 0 10
Time: 3376.319 ms
commit;
COMMIT
Time: 9694.115 ms
check.sh|2019-12-02 18:03:25|2019-12-02 18:03:47|22
Timing is on.
begin;
BEGIN
Time: 88.093 ms
truncate table tb_check1 ;
TRUNCATE TABLE
Time: 42121.773 ms
insert into tb_check1 select * from tb_check;
INSERT 0 10
Time: 2378.526 ms
commit;
COMMIT
Time: 3891.255 ms
check.sh|2019-12-02 18:03:50|2019-12-02 18:04:39|49
Timing is on.
begin;
BEGIN
Time: 173.392 ms
truncate table tb_check1 ;
TRUNCATE TABLE
Time: 751.538 ms
insert into tb_check1 select * from tb_check;
INSERT 0 10
Time: 1308.753 ms
commit;
COMMIT
Time: 3936.767 ms
check.sh|2019-12-02 18:04:39|2019-12-02 18:04:45|6
Timing is on.
begin;
BEGIN
Time: 55.975 ms
truncate table tb_check1 ;
TRUNCATE TABLE
Time: 6695.821 ms
insert into tb_check1 select * from tb_check;
INSERT 0 10
Time: 2587.587 ms
commit;
COMMIT
Time: 8606.459 ms
check.sh|2019-12-02 18:04:52|2019-12-02 18:05:10|18
Timing is on.
begin;
BEGIN
Time: 123.546 ms
truncate table tb_check1 ;
TRUNCATE TABLE
Time: 6636.350 ms
insert into tb_check1 select * from tb_check;
INSERT 0 10
Time: 2283.455 ms
commit;
COMMIT
Time: 4148.467 ms
check.sh|2019-12-02 18:05:34|2019-12-02 18:05:47|13
Timing is on.
begin;
BEGIN
Time: 62.891 ms
truncate table tb_check1 ;
TRUNCATE TABLE
Time: 2958.395 ms
insert into tb_check1 select * from tb_check;
INSERT 0 10
Time: 1672.872 ms
commit;
COMMIT
Time: 24638.990 ms
check.sh|2019-12-02 18:05:48|2019-12-02 18:06:17|29
