Timing is on.
begin;
BEGIN
Time: 85.347 ms
truncate table tb_check2 ;
TRUNCATE TABLE
Time: 5005.056 ms
insert into tb_check2 select * from tb_check;
INSERT 0 10
Time: 1101.229 ms
commit;
COMMIT
Time: 3550.694 ms
check.sh|2019-12-02 17:06:09|2019-12-02 17:06:18|9
Timing is on.
begin;
BEGIN
Time: 134.344 ms
truncate table tb_check2 ;
TRUNCATE TABLE
Time: 2575.593 ms
insert into tb_check2 select * from tb_check;
INSERT 0 10
Time: 3077.449 ms
commit;
COMMIT
Time: 14870.214 ms
check.sh|2019-12-02 17:06:19|2019-12-02 17:06:39|20
Timing is on.
begin;
BEGIN
Time: 76.311 ms
truncate table tb_check2 ;
TRUNCATE TABLE
Time: 2571.261 ms
insert into tb_check2 select * from tb_check;
INSERT 0 10
Time: 3274.232 ms
commit;
COMMIT
Time: 5490.859 ms
check.sh|2019-12-02 17:06:39|2019-12-02 17:06:51|12
Timing is on.
begin;
BEGIN
Time: 79.965 ms
truncate table tb_check2 ;
TRUNCATE TABLE
Time: 552.746 ms
insert into tb_check2 select * from tb_check;
INSERT 0 10
Time: 1516.496 ms
commit;
COMMIT
Time: 12283.015 ms
check.sh|2019-12-02 17:06:51|2019-12-02 17:07:05|14
Timing is on.
begin;
BEGIN
Time: 60.718 ms
truncate table tb_check2 ;
TRUNCATE TABLE
Time: 4515.574 ms
insert into tb_check2 select * from tb_check;
INSERT 0 10
Time: 1714.826 ms
commit;
COMMIT
Time: 20335.786 ms
check.sh|2019-12-02 17:07:06|2019-12-02 17:07:32|26
Timing is on.
begin;
BEGIN
Time: 114.999 ms
truncate table tb_check2 ;
TRUNCATE TABLE
Time: 3073.187 ms
insert into tb_check2 select * from tb_check;
INSERT 0 10
Time: 2582.281 ms
commit;
COMMIT
Time: 3243.260 ms
check.sh|2019-12-02 17:07:34|2019-12-02 17:07:43|9
Timing is on.
begin;
BEGIN
Time: 86.048 ms
truncate table tb_check2 ;
TRUNCATE TABLE
Time: 1015.648 ms
insert into tb_check2 select * from tb_check;
INSERT 0 10
Time: 2141.525 ms
commit;
COMMIT
Time: 5144.719 ms
check.sh|2019-12-02 17:07:46|2019-12-02 17:07:55|9
Timing is on.
begin;
BEGIN
Time: 125.714 ms
truncate table tb_check2 ;
TRUNCATE TABLE
Time: 5677.036 ms
insert into tb_check2 select * from tb_check;
INSERT 0 10
Time: 1694.590 ms
commit;
COMMIT
Time: 12404.966 ms
check.sh|2019-12-02 17:07:56|2019-12-02 17:08:16|20
Timing is on.
begin;
BEGIN
Time: 67.150 ms
truncate table tb_check2 ;
TRUNCATE TABLE
Time: 9259.668 ms
insert into tb_check2 select * from tb_check;
INSERT 0 10
Time: 1112.780 ms
commit;
COMMIT
Time: 6539.230 ms
check.sh|2019-12-02 17:08:19|2019-12-02 17:08:36|17
Timing is on.
begin;
BEGIN
Time: 71.484 ms
truncate table tb_check2 ;
TRUNCATE TABLE
Time: 299.950 ms
insert into tb_check2 select * from tb_check;
INSERT 0 10
Time: 1897.301 ms
commit;
COMMIT
Time: 5117.630 ms
check.sh|2019-12-02 17:08:38|2019-12-02 17:08:46|8
Timing is on.
begin;
BEGIN
Time: 89.173 ms
truncate table tb_check2 ;
TRUNCATE TABLE
Time: 16170.547 ms
insert into tb_check2 select * from tb_check;
INSERT 0 10
Time: 1878.293 ms
commit;
COMMIT
Time: 5119.836 ms
check.sh|2019-12-02 17:08:48|2019-12-02 17:09:11|23
Timing is on.
begin;
BEGIN
Time: 153.276 ms
truncate table tb_check2 ;
TRUNCATE TABLE
Time: 650.273 ms
insert into tb_check2 select * from tb_check;
INSERT 0 10
Time: 1176.215 ms
commit;
COMMIT
Time: 12866.692 ms
check.sh|2019-12-02 17:09:11|2019-12-02 17:09:26|15
Timing is on.
begin;
BEGIN
Time: 60.777 ms
truncate table tb_check2 ;
TRUNCATE TABLE
Time: 3429.048 ms
insert into tb_check2 select * from tb_check;
INSERT 0 10
Time: 1164.491 ms
commit;
COMMIT
Time: 7793.390 ms
check.sh|2019-12-02 17:09:29|2019-12-02 17:09:41|12
Timing is on.
begin;
BEGIN
Time: 57.551 ms
truncate table tb_check2 ;
TRUNCATE TABLE
Time: 910.851 ms
insert into tb_check2 select * from tb_check;
INSERT 0 10
Time: 1653.156 ms
commit;
COMMIT
Time: 6583.376 ms
check.sh|2019-12-02 17:09:44|2019-12-02 17:09:53|9
Timing is on.
begin;
BEGIN
Time: 68.259 ms
truncate table tb_check2 ;
TRUNCATE TABLE
Time: 1392.850 ms
insert into tb_check2 select * from tb_check;
INSERT 0 10
Time: 1320.228 ms
commit;
COMMIT
Time: 11407.841 ms
check.sh|2019-12-02 17:09:53|2019-12-02 17:10:08|15
Timing is on.
begin;
BEGIN
Time: 149.983 ms
truncate table tb_check2 ;
TRUNCATE TABLE
Time: 5596.692 ms
insert into tb_check2 select * from tb_check;
INSERT 0 10
Time: 1199.723 ms
commit;
COMMIT
Time: 20111.599 ms
check.sh|2019-12-02 17:10:15|2019-12-02 17:10:42|27
Timing is on.
begin;
BEGIN
Time: 79.940 ms
truncate table tb_check2 ;
TRUNCATE TABLE
Time: 860.369 ms
insert into tb_check2 select * from tb_check;
INSERT 0 10
Time: 1132.851 ms
commit;
COMMIT
Time: 3033.120 ms
check.sh|2019-12-02 17:10:46|2019-12-02 17:10:51|5
Timing is on.
begin;
BEGIN
Time: 84.080 ms
truncate table tb_check2 ;
TRUNCATE TABLE
Time: 460.298 ms
insert into tb_check2 select * from tb_check;
INSERT 0 10
Time: 2091.166 ms
commit;
COMMIT
Time: 17923.396 ms
check.sh|2019-12-02 17:10:55|2019-12-02 17:11:16|21
Timing is on.
begin;
BEGIN
Time: 57.440 ms
truncate table tb_check2 ;
TRUNCATE TABLE
Time: 4521.777 ms
insert into tb_check2 select * from tb_check;
INSERT 0 10
Time: 1179.391 ms
commit;
COMMIT
Time: 11121.049 ms
check.sh|2019-12-02 17:11:18|2019-12-02 17:11:35|17
Timing is on.
begin;
BEGIN
Time: 67.313 ms
truncate table tb_check2 ;
TRUNCATE TABLE
Time: 458.563 ms
insert into tb_check2 select * from tb_check;
INSERT 0 10
Time: 1636.106 ms
commit;
COMMIT
Time: 7869.424 ms
check.sh|2019-12-02 17:11:36|2019-12-02 17:11:46|10
Timing is on.
begin;
BEGIN
Time: 157.062 ms
truncate table tb_check2 ;
TRUNCATE TABLE
Time: 9053.704 ms
insert into tb_check2 select * from tb_check;
INSERT 0 10
Time: 1297.992 ms
commit;
COMMIT
Time: 7465.442 ms
check.sh|2019-12-02 17:11:46|2019-12-02 17:12:04|18
Timing is on.
begin;
BEGIN
Time: 64.525 ms
truncate table tb_check2 ;
TRUNCATE TABLE
Time: 1727.989 ms
insert into tb_check2 select * from tb_check;
INSERT 0 10
Time: 1432.916 ms
commit;
COMMIT
Time: 7577.005 ms
check.sh|2019-12-02 17:12:06|2019-12-02 17:12:17|11
Timing is on.
begin;
BEGIN
Time: 111.169 ms
truncate table tb_check2 ;
TRUNCATE TABLE
Time: 375.535 ms
insert into tb_check2 select * from tb_check;
INSERT 0 10
Time: 1550.442 ms
commit;
COMMIT
Time: 4114.099 ms
check.sh|2019-12-02 17:12:17|2019-12-02 17:12:23|6
Timing is on.
begin;
BEGIN
Time: 108.715 ms
truncate table tb_check2 ;
TRUNCATE TABLE
Time: 2340.366 ms
insert into tb_check2 select * from tb_check;
INSERT 0 10
Time: 1197.005 ms
commit;
COMMIT
Time: 6275.414 ms
check.sh|2019-12-02 17:12:25|2019-12-02 17:12:35|10
Timing is on.
begin;
BEGIN
Time: 90.606 ms
truncate table tb_check2 ;
TRUNCATE TABLE
Time: 1546.345 ms
insert into tb_check2 select * from tb_check;
INSERT 0 10
Time: 1781.187 ms
commit;
COMMIT
Time: 2634.615 ms
check.sh|2019-12-02 17:12:38|2019-12-02 17:12:44|6
Timing is on.
begin;
BEGIN
Time: 78.770 ms
truncate table tb_check2 ;
TRUNCATE TABLE
Time: 829.866 ms
insert into tb_check2 select * from tb_check;
INSERT 0 10
Time: 1674.183 ms
commit;
COMMIT
Time: 8901.529 ms
check.sh|2019-12-02 17:12:47|2019-12-02 17:12:58|11
Timing is on.
begin;
BEGIN
Time: 63.424 ms
truncate table tb_check2 ;
TRUNCATE TABLE
Time: 812.478 ms
insert into tb_check2 select * from tb_check;
INSERT 0 10
Time: 2552.689 ms
commit;
COMMIT
Time: 4230.908 ms
check.sh|2019-12-02 17:13:01|2019-12-02 17:13:09|8
Timing is on.
begin;
BEGIN
Time: 77.875 ms
truncate table tb_check2 ;
TRUNCATE TABLE
Time: 1058.907 ms
insert into tb_check2 select * from tb_check;
INSERT 0 10
Time: 1202.287 ms
commit;
COMMIT
Time: 28012.933 ms
check.sh|2019-12-02 17:13:10|2019-12-02 17:13:41|31
Timing is on.
begin;
BEGIN
Time: 132.313 ms
truncate table tb_check2 ;
TRUNCATE TABLE
Time: 2923.622 ms
insert into tb_check2 select * from tb_check;
INSERT 0 10
Time: 3249.295 ms
commit;
COMMIT
Time: 3081.985 ms
check.sh|2019-12-02 17:13:47|2019-12-02 17:13:56|9
Timing is on.
begin;
BEGIN
Time: 72.445 ms
truncate table tb_check2 ;
TRUNCATE TABLE
Time: 486.331 ms
insert into tb_check2 select * from tb_check;
INSERT 0 10
Time: 1269.508 ms
commit;
COMMIT
Time: 5224.789 ms
check.sh|2019-12-02 17:13:57|2019-12-02 17:14:04|7
Timing is on.
begin;
BEGIN
Time: 70.328 ms
truncate table tb_check2 ;
TRUNCATE TABLE
Time: 12496.595 ms
insert into tb_check2 select * from tb_check;
INSERT 0 10
Time: 1552.875 ms
commit;
COMMIT
Time: 8400.905 ms
check.sh|2019-12-02 17:14:05|2019-12-02 17:14:28|23
Timing is on.
begin;
BEGIN
Time: 88.314 ms
truncate table tb_check2 ;
TRUNCATE TABLE
Time: 389.811 ms
insert into tb_check2 select * from tb_check;
INSERT 0 10
Time: 2713.689 ms
commit;
COMMIT
Time: 4759.758 ms
check.sh|2019-12-02 17:14:30|2019-12-02 17:14:38|8
Timing is on.
begin;
BEGIN
Time: 92.303 ms
truncate table tb_check2 ;
TRUNCATE TABLE
Time: 3536.369 ms
insert into tb_check2 select * from tb_check;
INSERT 0 10
Time: 1059.317 ms
commit;
COMMIT
Time: 13181.332 ms
check.sh|2019-12-02 17:14:38|2019-12-02 17:14:56|18
Timing is on.
begin;
BEGIN
Time: 129.612 ms
truncate table tb_check2 ;
TRUNCATE TABLE
Time: 3952.711 ms
insert into tb_check2 select * from tb_check;
INSERT 0 10
Time: 662.789 ms
commit;
COMMIT
Time: 8379.109 ms
check.sh|2019-12-02 17:14:57|2019-12-02 17:15:10|13
Timing is on.
begin;
BEGIN
Time: 104.433 ms
truncate table tb_check2 ;
TRUNCATE TABLE
Time: 1422.659 ms
insert into tb_check2 select * from tb_check;
INSERT 0 10
Time: 1469.392 ms
commit;
COMMIT
Time: 11340.925 ms
check.sh|2019-12-02 17:15:10|2019-12-02 17:15:25|15
Timing is on.
begin;
BEGIN
Time: 100.871 ms
truncate table tb_check2 ;
TRUNCATE TABLE
Time: 24233.797 ms
insert into tb_check2 select * from tb_check;
INSERT 0 10
Time: 1593.103 ms
commit;
COMMIT
Time: 4126.924 ms
check.sh|2019-12-02 17:15:25|2019-12-02 17:15:55|30
Timing is on.
begin;
BEGIN
Time: 98.133 ms
truncate table tb_check2 ;
TRUNCATE TABLE
Time: 695.428 ms
insert into tb_check2 select * from tb_check;
INSERT 0 10
Time: 2084.484 ms
commit;
COMMIT
Time: 4388.286 ms
check.sh|2019-12-02 17:15:56|2019-12-02 17:16:03|7
Timing is on.
begin;
BEGIN
Time: 108.349 ms
truncate table tb_check2 ;
TRUNCATE TABLE
Time: 7536.009 ms
insert into tb_check2 select * from tb_check;
INSERT 0 10
Time: 1759.336 ms
commit;
COMMIT
Time: 7573.763 ms
check.sh|2019-12-02 17:16:06|2019-12-02 17:16:23|17
Timing is on.
begin;
BEGIN
Time: 88.579 ms
truncate table tb_check2 ;
TRUNCATE TABLE
Time: 617.682 ms
insert into tb_check2 select * from tb_check;
INSERT 0 10
Time: 1411.465 ms
commit;
COMMIT
Time: 3412.568 ms
check.sh|2019-12-02 17:16:25|2019-12-02 17:16:30|5
Timing is on.
begin;
BEGIN
Time: 65.925 ms
truncate table tb_check2 ;
TRUNCATE TABLE
Time: 1388.266 ms
insert into tb_check2 select * from tb_check;
INSERT 0 10
Time: 1656.221 ms
commit;
COMMIT
Time: 13863.745 ms
check.sh|2019-12-02 17:16:33|2019-12-02 17:16:50|17
Timing is on.
begin;
BEGIN
Time: 63.179 ms
truncate table tb_check2 ;
TRUNCATE TABLE
Time: 1240.050 ms
insert into tb_check2 select * from tb_check;
INSERT 0 10
Time: 2964.166 ms
commit;
COMMIT
Time: 7536.308 ms
check.sh|2019-12-02 17:16:54|2019-12-02 17:17:05|11
Timing is on.
begin;
BEGIN
Time: 78.736 ms
truncate table tb_check2 ;
TRUNCATE TABLE
Time: 1386.240 ms
insert into tb_check2 select * from tb_check;
INSERT 0 10
Time: 1667.933 ms
commit;
COMMIT
Time: 14902.072 ms
check.sh|2019-12-02 17:17:06|2019-12-02 17:17:24|18
Timing is on.
begin;
BEGIN
Time: 68.353 ms
truncate table tb_check2 ;
TRUNCATE TABLE
Time: 1025.459 ms
insert into tb_check2 select * from tb_check;
INSERT 0 10
Time: 2682.354 ms
commit;
COMMIT
Time: 4408.169 ms
check.sh|2019-12-02 17:17:25|2019-12-02 17:17:33|8
Timing is on.
begin;
BEGIN
Time: 62.241 ms
truncate table tb_check2 ;
TRUNCATE TABLE
Time: 759.586 ms
insert into tb_check2 select * from tb_check;
INSERT 0 10
Time: 1784.646 ms
commit;
COMMIT
Time: 4845.728 ms
check.sh|2019-12-02 17:17:34|2019-12-02 17:17:41|7
Timing is on.
begin;
BEGIN
Time: 104.370 ms
truncate table tb_check2 ;
TRUNCATE TABLE
Time: 2796.900 ms
insert into tb_check2 select * from tb_check;
INSERT 0 10
Time: 2786.128 ms
commit;
COMMIT
Time: 12360.349 ms
check.sh|2019-12-02 17:17:44|2019-12-02 17:18:02|18
Timing is on.
begin;
BEGIN
Time: 77.457 ms
truncate table tb_check2 ;
TRUNCATE TABLE
Time: 2315.586 ms
insert into tb_check2 select * from tb_check;
INSERT 0 10
Time: 1285.953 ms
commit;
COMMIT
Time: 5462.662 ms
check.sh|2019-12-02 17:18:02|2019-12-02 17:18:11|9
Timing is on.
begin;
BEGIN
Time: 63.453 ms
truncate table tb_check2 ;
TRUNCATE TABLE
Time: 541.778 ms
insert into tb_check2 select * from tb_check;
INSERT 0 10
Time: 1863.841 ms
commit;
COMMIT
Time: 5021.252 ms
check.sh|2019-12-02 17:18:12|2019-12-02 17:18:19|7
Timing is on.
begin;
BEGIN
Time: 76.820 ms
truncate table tb_check2 ;
TRUNCATE TABLE
Time: 9704.129 ms
insert into tb_check2 select * from tb_check;
INSERT 0 10
Time: 2813.921 ms
commit;
COMMIT
Time: 7975.343 ms
check.sh|2019-12-02 17:18:20|2019-12-02 17:18:40|20
Timing is on.
begin;
BEGIN
Time: 57.465 ms
truncate table tb_check2 ;
TRUNCATE TABLE
Time: 2374.233 ms
insert into tb_check2 select * from tb_check;
INSERT 0 10
Time: 1154.132 ms
commit;
COMMIT
Time: 6585.046 ms
check.sh|2019-12-02 17:18:41|2019-12-02 17:18:51|10
Timing is on.
begin;
BEGIN
Time: 103.908 ms
truncate table tb_check2 ;
TRUNCATE TABLE
Time: 3431.483 ms
insert into tb_check2 select * from tb_check;
INSERT 0 10
Time: 784.998 ms
commit;
COMMIT
Time: 12976.615 ms
check.sh|2019-12-02 17:18:52|2019-12-02 17:19:09|17
Timing is on.
begin;
BEGIN
Time: 110.576 ms
truncate table tb_check2 ;
TRUNCATE TABLE
Time: 1142.961 ms
insert into tb_check2 select * from tb_check;
INSERT 0 10
Time: 1295.134 ms
commit;
COMMIT
Time: 5525.094 ms
check.sh|2019-12-02 17:19:10|2019-12-02 17:19:19|9
Timing is on.
begin;
BEGIN
Time: 126.328 ms
truncate table tb_check2 ;
TRUNCATE TABLE
Time: 1669.095 ms
insert into tb_check2 select * from tb_check;
INSERT 0 10
Time: 1753.937 ms
commit;
COMMIT
Time: 8029.446 ms
check.sh|2019-12-02 17:19:19|2019-12-02 17:19:31|12
Timing is on.
begin;
BEGIN
Time: 58.423 ms
truncate table tb_check2 ;
TRUNCATE TABLE
Time: 8961.577 ms
insert into tb_check2 select * from tb_check;
INSERT 0 10
Time: 1134.368 ms
commit;
COMMIT
Time: 3639.692 ms
check.sh|2019-12-02 17:19:31|2019-12-02 17:19:45|14
Timing is on.
begin;
BEGIN
Time: 104.029 ms
truncate table tb_check2 ;
TRUNCATE TABLE
Time: 1141.487 ms
insert into tb_check2 select * from tb_check;
INSERT 0 10
Time: 837.610 ms
commit;
COMMIT
Time: 6925.808 ms
check.sh|2019-12-02 17:19:50|2019-12-02 17:19:59|9
Timing is on.
begin;
BEGIN
Time: 68.606 ms
truncate table tb_check2 ;
TRUNCATE TABLE
Time: 11558.404 ms
insert into tb_check2 select * from tb_check;
INSERT 0 10
Time: 974.115 ms
commit;
COMMIT
Time: 10065.539 ms
check.sh|2019-12-02 17:19:59|2019-12-02 17:20:21|22
Timing is on.
begin;
BEGIN
Time: 63.818 ms
truncate table tb_check2 ;
TRUNCATE TABLE
Time: 671.335 ms
insert into tb_check2 select * from tb_check;
INSERT 0 10
Time: 2348.865 ms
commit;
COMMIT
Time: 27895.010 ms
check.sh|2019-12-02 17:20:23|2019-12-02 17:20:54|31
Timing is on.
begin;
BEGIN
Time: 80.878 ms
truncate table tb_check2 ;
TRUNCATE TABLE
Time: 714.597 ms
insert into tb_check2 select * from tb_check;
INSERT 0 10
Time: 1972.107 ms
commit;
COMMIT
Time: 4699.996 ms
check.sh|2019-12-02 17:20:54|2019-12-02 17:21:01|7
Timing is on.
begin;
BEGIN
Time: 97.341 ms
truncate table tb_check2 ;
TRUNCATE TABLE
Time: 8013.770 ms
insert into tb_check2 select * from tb_check;
INSERT 0 10
Time: 1957.428 ms
commit;
COMMIT
Time: 14278.360 ms
check.sh|2019-12-02 17:21:02|2019-12-02 17:21:27|25
Timing is on.
begin;
BEGIN
Time: 85.320 ms
truncate table tb_check2 ;
TRUNCATE TABLE
Time: 892.717 ms
insert into tb_check2 select * from tb_check;
INSERT 0 10
Time: 1208.539 ms
commit;
COMMIT
Time: 4430.217 ms
check.sh|2019-12-02 17:21:27|2019-12-02 17:21:34|7
Timing is on.
begin;
BEGIN
Time: 75.757 ms
truncate table tb_check2 ;
TRUNCATE TABLE
Time: 760.313 ms
insert into tb_check2 select * from tb_check;
INSERT 0 10
Time: 1195.227 ms
commit;
COMMIT
Time: 12245.124 ms
check.sh|2019-12-02 17:21:36|2019-12-02 17:21:50|14
Timing is on.
begin;
BEGIN
Time: 91.821 ms
truncate table tb_check2 ;
TRUNCATE TABLE
Time: 1713.389 ms
insert into tb_check2 select * from tb_check;
INSERT 0 10
Time: 1095.190 ms
commit;
COMMIT
Time: 4158.633 ms
check.sh|2019-12-02 17:21:55|2019-12-02 17:22:02|7
Timing is on.
begin;
BEGIN
Time: 114.479 ms
truncate table tb_check2 ;
TRUNCATE TABLE
Time: 1131.876 ms
insert into tb_check2 select * from tb_check;
INSERT 0 10
Time: 1074.038 ms
commit;
COMMIT
Time: 80348.521 ms
check.sh|2019-12-02 17:22:03|2019-12-02 17:23:26|83
Timing is on.
begin;
BEGIN
Time: 83.355 ms
truncate table tb_check2 ;
TRUNCATE TABLE
Time: 356.538 ms
insert into tb_check2 select * from tb_check;
INSERT 0 10
Time: 2173.552 ms
commit;
COMMIT
Time: 15342.685 ms
check.sh|2019-12-02 17:23:26|2019-12-02 17:23:44|18
Timing is on.
begin;
BEGIN
Time: 83.854 ms
truncate table tb_check2 ;
TRUNCATE TABLE
Time: 1891.182 ms
insert into tb_check2 select * from tb_check;
INSERT 0 10
Time: 2480.215 ms
commit;
COMMIT
Time: 14917.258 ms
check.sh|2019-12-02 17:23:45|2019-12-02 17:24:04|19
Timing is on.
begin;
BEGIN
Time: 119.345 ms
truncate table tb_check2 ;
TRUNCATE TABLE
Time: 897.210 ms
insert into tb_check2 select * from tb_check;
INSERT 0 10
Time: 1478.623 ms
commit;
COMMIT
Time: 11620.682 ms
check.sh|2019-12-02 17:24:06|2019-12-02 17:24:20|14
Timing is on.
begin;
BEGIN
Time: 130.147 ms
truncate table tb_check2 ;
TRUNCATE TABLE
Time: 3116.602 ms
insert into tb_check2 select * from tb_check;
INSERT 0 10
Time: 2033.643 ms
commit;
COMMIT
Time: 5625.141 ms
check.sh|2019-12-02 17:24:26|2019-12-02 17:24:37|11
Timing is on.
begin;
BEGIN
Time: 64.903 ms
truncate table tb_check2 ;
TRUNCATE TABLE
Time: 566.807 ms
insert into tb_check2 select * from tb_check;
INSERT 0 10
Time: 924.998 ms
commit;
COMMIT
Time: 24819.110 ms
check.sh|2019-12-02 17:24:38|2019-12-02 17:25:04|26
Timing is on.
begin;
BEGIN
Time: 74.923 ms
truncate table tb_check2 ;
TRUNCATE TABLE
Time: 1630.240 ms
insert into tb_check2 select * from tb_check;
INSERT 0 10
Time: 1698.116 ms
commit;
COMMIT
Time: 54288.197 ms
check.sh|2019-12-02 17:25:06|2019-12-02 17:26:04|58
Timing is on.
begin;
BEGIN
Time: 71.000 ms
truncate table tb_check2 ;
TRUNCATE TABLE
Time: 877.034 ms
insert into tb_check2 select * from tb_check;
INSERT 0 10
Time: 1968.580 ms
commit;
COMMIT
Time: 22386.716 ms
check.sh|2019-12-02 17:26:05|2019-12-02 17:26:30|25
Timing is on.
begin;
BEGIN
Time: 103.198 ms
truncate table tb_check2 ;
TRUNCATE TABLE
Time: 2096.743 ms
insert into tb_check2 select * from tb_check;
INSERT 0 10
Time: 1722.026 ms
commit;
COMMIT
Time: 19132.652 ms
check.sh|2019-12-02 17:26:32|2019-12-02 17:26:55|23
Timing is on.
begin;
BEGIN
Time: 140.769 ms
truncate table tb_check2 ;
TRUNCATE TABLE
Time: 2327.675 ms
insert into tb_check2 select * from tb_check;
INSERT 0 10
Time: 1433.402 ms
commit;
COMMIT
Time: 4439.626 ms
check.sh|2019-12-02 17:26:57|2019-12-02 17:27:05|8
Timing is on.
begin;
BEGIN
Time: 73.823 ms
truncate table tb_check2 ;
TRUNCATE TABLE
Time: 791.370 ms
insert into tb_check2 select * from tb_check;
INSERT 0 10
Time: 2315.556 ms
commit;
COMMIT
Time: 6143.453 ms
check.sh|2019-12-02 17:27:07|2019-12-02 17:27:16|9
Timing is on.
begin;
BEGIN
Time: 71.451 ms
truncate table tb_check2 ;
TRUNCATE TABLE
Time: 22665.725 ms
insert into tb_check2 select * from tb_check;
INSERT 0 10
Time: 2049.687 ms
commit;
COMMIT
Time: 31249.991 ms
check.sh|2019-12-02 17:27:17|2019-12-02 17:28:13|56
Timing is on.
begin;
BEGIN
Time: 126.686 ms
truncate table tb_check2 ;
TRUNCATE TABLE
Time: 1508.987 ms
insert into tb_check2 select * from tb_check;
INSERT 0 10
Time: 1929.634 ms
commit;
COMMIT
Time: 4099.734 ms
check.sh|2019-12-02 17:28:14|2019-12-02 17:28:21|7
Timing is on.
begin;
BEGIN
Time: 130.875 ms
truncate table tb_check2 ;
TRUNCATE TABLE
Time: 494.961 ms
insert into tb_check2 select * from tb_check;
INSERT 0 10
Time: 2131.728 ms
commit;
COMMIT
Time: 4245.520 ms
check.sh|2019-12-02 17:28:49|2019-12-02 17:28:56|7
Timing is on.
begin;
BEGIN
Time: 144.433 ms
truncate table tb_check2 ;
TRUNCATE TABLE
Time: 6925.193 ms
insert into tb_check2 select * from tb_check;
INSERT 0 10
Time: 2680.950 ms
commit;
COMMIT
Time: 6918.850 ms
check.sh|2019-12-02 17:28:59|2019-12-02 17:29:16|17
Timing is on.
begin;
BEGIN
Time: 77.483 ms
truncate table tb_check2 ;
TRUNCATE TABLE
Time: 1072.892 ms
insert into tb_check2 select * from tb_check;
INSERT 0 10
Time: 872.280 ms
commit;
COMMIT
Time: 58983.278 ms
check.sh|2019-12-02 17:29:18|2019-12-02 17:30:19|61
Timing is on.
begin;
BEGIN
Time: 57.510 ms
truncate table tb_check2 ;
TRUNCATE TABLE
Time: 1161.030 ms
insert into tb_check2 select * from tb_check;
INSERT 0 10
Time: 2054.269 ms
commit;
COMMIT
Time: 39906.313 ms
check.sh|2019-12-02 17:30:19|2019-12-02 17:31:02|43
Timing is on.
begin;
BEGIN
Time: 93.880 ms
truncate table tb_check2 ;
TRUNCATE TABLE
Time: 2843.853 ms
insert into tb_check2 select * from tb_check;
INSERT 0 10
Time: 2748.459 ms
commit;
COMMIT
Time: 4167.944 ms
check.sh|2019-12-02 17:31:03|2019-12-02 17:31:13|10
Timing is on.
begin;
BEGIN
Time: 72.519 ms
truncate table tb_check2 ;
TRUNCATE TABLE
Time: 914.254 ms
insert into tb_check2 select * from tb_check;
INSERT 0 10
Time: 917.445 ms
commit;
COMMIT
Time: 6818.007 ms
check.sh|2019-12-02 17:31:15|2019-12-02 17:31:24|9
Timing is on.
begin;
BEGIN
Time: 64.422 ms
truncate table tb_check2 ;
TRUNCATE TABLE
Time: 3692.501 ms
insert into tb_check2 select * from tb_check;
INSERT 0 10
Time: 2420.517 ms
commit;
COMMIT
Time: 37907.815 ms
check.sh|2019-12-02 17:31:24|2019-12-02 17:32:08|44
Timing is on.
begin;
BEGIN
Time: 88.479 ms
truncate table tb_check2 ;
TRUNCATE TABLE
Time: 1018.233 ms
insert into tb_check2 select * from tb_check;
INSERT 0 10
Time: 2447.787 ms
commit;
COMMIT
Time: 3075.804 ms
check.sh|2019-12-02 17:32:13|2019-12-02 17:32:19|6
Timing is on.
begin;
BEGIN
Time: 57.211 ms
truncate table tb_check2 ;
TRUNCATE TABLE
Time: 2356.958 ms
insert into tb_check2 select * from tb_check;
INSERT 0 10
Time: 659.727 ms
commit;
COMMIT
Time: 2952.424 ms
check.sh|2019-12-02 17:32:20|2019-12-02 17:32:26|6
Timing is on.
begin;
BEGIN
Time: 145.325 ms
truncate table tb_check2 ;
TRUNCATE TABLE
Time: 76608.955 ms
insert into tb_check2 select * from tb_check;
INSERT 0 10
Time: 973.773 ms
commit;
COMMIT
Time: 3470.506 ms
check.sh|2019-12-02 17:32:44|2019-12-02 17:34:05|81
Timing is on.
begin;
BEGIN
Time: 92.784 ms
truncate table tb_check2 ;
TRUNCATE TABLE
Time: 779.584 ms
insert into tb_check2 select * from tb_check;
INSERT 0 10
Time: 1901.067 ms
commit;
COMMIT
Time: 5997.293 ms
check.sh|2019-12-02 17:34:06|2019-12-02 17:34:15|9
Timing is on.
begin;
BEGIN
Time: 71.269 ms
truncate table tb_check2 ;
TRUNCATE TABLE
Time: 10053.101 ms
insert into tb_check2 select * from tb_check;
INSERT 0 10
Time: 2321.937 ms
commit;
COMMIT
Time: 22013.465 ms
check.sh|2019-12-02 17:34:16|2019-12-02 17:34:50|34
Timing is on.
begin;
BEGIN
Time: 82.105 ms
truncate table tb_check2 ;
TRUNCATE TABLE
Time: 704.165 ms
insert into tb_check2 select * from tb_check;
INSERT 0 10
Time: 2708.565 ms
commit;
COMMIT
Time: 4735.083 ms
check.sh|2019-12-02 17:34:58|2019-12-02 17:35:06|8
Timing is on.
begin;
BEGIN
Time: 72.719 ms
truncate table tb_check2 ;
TRUNCATE TABLE
Time: 852.099 ms
insert into tb_check2 select * from tb_check;
INSERT 0 10
Time: 716.689 ms
commit;
COMMIT
Time: 73780.824 ms
check.sh|2019-12-02 17:35:08|2019-12-02 17:36:23|75
Timing is on.
begin;
BEGIN
Time: 76.098 ms
truncate table tb_check2 ;
TRUNCATE TABLE
Time: 651.977 ms
insert into tb_check2 select * from tb_check;
INSERT 0 10
Time: 913.847 ms
commit;
COMMIT
Time: 5543.656 ms
check.sh|2019-12-02 17:36:34|2019-12-02 17:36:42|8
Timing is on.
begin;
BEGIN
Time: 62.466 ms
truncate table tb_check2 ;
TRUNCATE TABLE
Time: 809.745 ms
insert into tb_check2 select * from tb_check;
INSERT 0 10
Time: 852.188 ms
commit;
COMMIT
Time: 46557.140 ms
check.sh|2019-12-02 17:36:43|2019-12-02 17:37:31|48
Timing is on.
begin;
BEGIN
Time: 57.957 ms
truncate table tb_check2 ;
TRUNCATE TABLE
Time: 12672.231 ms
insert into tb_check2 select * from tb_check;
INSERT 0 10
Time: 2089.747 ms
commit;
COMMIT
Time: 4031.338 ms
check.sh|2019-12-02 17:37:39|2019-12-02 17:37:57|18
Timing is on.
begin;
BEGIN
Time: 58.935 ms
truncate table tb_check2 ;
TRUNCATE TABLE
Time: 1093.617 ms
insert into tb_check2 select * from tb_check;
INSERT 0 10
Time: 1738.385 ms
commit;
COMMIT
Time: 10400.507 ms
check.sh|2019-12-02 17:37:58|2019-12-02 17:38:12|14
Timing is on.
begin;
BEGIN
Time: 108.762 ms
truncate table tb_check2 ;
TRUNCATE TABLE
Time: 43849.292 ms
insert into tb_check2 select * from tb_check;
INSERT 0 10
Time: 686.369 ms
commit;
COMMIT
Time: 6832.457 ms
check.sh|2019-12-02 17:38:12|2019-12-02 17:39:04|52
Timing is on.
begin;
BEGIN
Time: 125.400 ms
truncate table tb_check2 ;
TRUNCATE TABLE
Time: 2578.366 ms
insert into tb_check2 select * from tb_check;
INSERT 0 10
Time: 2388.127 ms
commit;
COMMIT
Time: 4257.345 ms
check.sh|2019-12-02 17:39:14|2019-12-02 17:39:23|9
Timing is on.
begin;
BEGIN
Time: 58.940 ms
truncate table tb_check2 ;
TRUNCATE TABLE
Time: 1077.352 ms
insert into tb_check2 select * from tb_check;
INSERT 0 10
Time: 837.895 ms
commit;
COMMIT
Time: 19272.405 ms
check.sh|2019-12-02 17:39:23|2019-12-02 17:39:44|21
Timing is on.
begin;
BEGIN
Time: 108.382 ms
truncate table tb_check2 ;
TRUNCATE TABLE
Time: 9086.847 ms
insert into tb_check2 select * from tb_check;
INSERT 0 10
Time: 14044.440 ms
commit;
COMMIT
Time: 43630.205 ms
check.sh|2019-12-02 17:39:49|2019-12-02 17:40:56|67
Timing is on.
begin;
BEGIN
Time: 94.875 ms
truncate table tb_check2 ;
TRUNCATE TABLE
Time: 2511.500 ms
insert into tb_check2 select * from tb_check;
INSERT 0 10
Time: 2486.205 ms
commit;
COMMIT
Time: 3954.839 ms
check.sh|2019-12-02 17:40:58|2019-12-02 17:41:07|9
Timing is on.
begin;
BEGIN
Time: 59.488 ms
truncate table tb_check2 ;
TRUNCATE TABLE
Time: 2709.233 ms
insert into tb_check2 select * from tb_check;
INSERT 0 10
Time: 1900.712 ms
commit;
COMMIT
Time: 9877.324 ms
check.sh|2019-12-02 17:41:10|2019-12-02 17:41:25|15
Timing is on.
begin;
BEGIN
Time: 108.665 ms
truncate table tb_check2 ;
TRUNCATE TABLE
Time: 6423.389 ms
insert into tb_check2 select * from tb_check;
INSERT 0 10
Time: 2086.560 ms
commit;
COMMIT
Time: 7014.563 ms
check.sh|2019-12-02 17:41:29|2019-12-02 17:41:45|16
Timing is on.
begin;
BEGIN
Time: 58.375 ms
truncate table tb_check2 ;
TRUNCATE TABLE
Time: 4571.742 ms
insert into tb_check2 select * from tb_check;
INSERT 0 10
Time: 1953.843 ms
commit;
COMMIT
Time: 10970.070 ms
check.sh|2019-12-02 17:41:47|2019-12-02 17:42:04|17
Timing is on.
begin;
BEGIN
Time: 64.026 ms
truncate table tb_check2 ;
TRUNCATE TABLE
Time: 10401.497 ms
insert into tb_check2 select * from tb_check;
INSERT 0 10
Time: 1211.167 ms
commit;
COMMIT
Time: 5190.033 ms
check.sh|2019-12-02 17:42:05|2019-12-02 17:42:22|17
Timing is on.
begin;
BEGIN
Time: 170.348 ms
truncate table tb_check2 ;
TRUNCATE TABLE
Time: 420.955 ms
insert into tb_check2 select * from tb_check;
INSERT 0 10
Time: 1492.611 ms
commit;
COMMIT
Time: 73473.579 ms
check.sh|2019-12-02 17:42:23|2019-12-02 17:43:38|75
Timing is on.
begin;
BEGIN
Time: 90.312 ms
truncate table tb_check2 ;
TRUNCATE TABLE
Time: 2269.330 ms
insert into tb_check2 select * from tb_check;
INSERT 0 10
Time: 2851.356 ms
commit;
COMMIT
Time: 21552.906 ms
check.sh|2019-12-02 17:43:39|2019-12-02 17:44:05|26
Timing is on.
begin;
BEGIN
Time: 83.707 ms
truncate table tb_check2 ;
TRUNCATE TABLE
Time: 1252.031 ms
insert into tb_check2 select * from tb_check;
INSERT 0 10
Time: 1414.036 ms
commit;
COMMIT
Time: 3979.918 ms
check.sh|2019-12-02 17:44:34|2019-12-02 17:44:41|7
Timing is on.
begin;
BEGIN
Time: 81.015 ms
truncate table tb_check2 ;
TRUNCATE TABLE
Time: 585.839 ms
insert into tb_check2 select * from tb_check;
INSERT 0 10
Time: 2025.112 ms
commit;
COMMIT
Time: 4992.979 ms
check.sh|2019-12-02 17:44:43|2019-12-02 17:44:51|8
Timing is on.
begin;
BEGIN
Time: 73.450 ms
truncate table tb_check2 ;
TRUNCATE TABLE
Time: 5647.429 ms
insert into tb_check2 select * from tb_check;
INSERT 0 10
Time: 1321.221 ms
commit;
COMMIT
Time: 35948.813 ms
check.sh|2019-12-02 17:44:54|2019-12-02 17:45:37|43
Timing is on.
begin;
BEGIN
Time: 72.035 ms
truncate table tb_check2 ;
TRUNCATE TABLE
Time: 3391.746 ms
insert into tb_check2 select * from tb_check;
INSERT 0 10
Time: 1333.534 ms
commit;
COMMIT
Time: 4081.517 ms
check.sh|2019-12-02 17:46:31|2019-12-02 17:46:39|8
Timing is on.
begin;
BEGIN
Time: 61.193 ms
truncate table tb_check2 ;
TRUNCATE TABLE
Time: 656.606 ms
insert into tb_check2 select * from tb_check;
INSERT 0 10
Time: 1978.214 ms
commit;
COMMIT
Time: 57775.755 ms
check.sh|2019-12-02 17:46:43|2019-12-02 17:47:44|61
Timing is on.
begin;
BEGIN
Time: 138.115 ms
truncate table tb_check2 ;
TRUNCATE TABLE
Time: 7448.545 ms
insert into tb_check2 select * from tb_check;
INSERT 0 10
Time: 840.027 ms
commit;
COMMIT
Time: 7296.097 ms
check.sh|2019-12-02 17:47:44|2019-12-02 17:48:00|16
Timing is on.
begin;
BEGIN
Time: 85.250 ms
truncate table tb_check2 ;
TRUNCATE TABLE
Time: 1159.210 ms
insert into tb_check2 select * from tb_check;
INSERT 0 10
Time: 828.898 ms
commit;
COMMIT
Time: 4762.651 ms
check.sh|2019-12-02 17:48:02|2019-12-02 17:48:09|7
Timing is on.
begin;
BEGIN
Time: 55.923 ms
truncate table tb_check2 ;
TRUNCATE TABLE
Time: 29558.735 ms
insert into tb_check2 select * from tb_check;
INSERT 0 10
Time: 2557.266 ms
commit;
COMMIT
Time: 16916.714 ms
check.sh|2019-12-02 17:48:12|2019-12-02 17:49:01|49
Timing is on.
begin;
BEGIN
Time: 94.493 ms
truncate table tb_check2 ;
TRUNCATE TABLE
Time: 617.741 ms
insert into tb_check2 select * from tb_check;
INSERT 0 10
Time: 1856.388 ms
commit;
COMMIT
Time: 10161.494 ms
check.sh|2019-12-02 17:49:01|2019-12-02 17:49:14|13
Timing is on.
begin;
BEGIN
Time: 110.072 ms
truncate table tb_check2 ;
TRUNCATE TABLE
Time: 346.405 ms
insert into tb_check2 select * from tb_check;
INSERT 0 10
Time: 1769.778 ms
commit;
COMMIT
Time: 48227.015 ms
check.sh|2019-12-02 17:49:33|2019-12-02 17:50:23|50
Timing is on.
begin;
BEGIN
Time: 125.486 ms
truncate table tb_check2 ;
TRUNCATE TABLE
Time: 22016.703 ms
insert into tb_check2 select * from tb_check;
INSERT 0 10
Time: 1702.330 ms
commit;
COMMIT
Time: 2738.851 ms
check.sh|2019-12-02 17:50:28|2019-12-02 17:50:54|26
Timing is on.
begin;
BEGIN
Time: 73.807 ms
truncate table tb_check2 ;
TRUNCATE TABLE
Time: 372.012 ms
insert into tb_check2 select * from tb_check;
INSERT 0 10
Time: 1786.652 ms
commit;
COMMIT
Time: 6698.626 ms
check.sh|2019-12-02 17:50:55|2019-12-02 17:51:04|9
Timing is on.
begin;
BEGIN
Time: 57.535 ms
truncate table tb_check2 ;
TRUNCATE TABLE
Time: 44975.691 ms
insert into tb_check2 select * from tb_check;
INSERT 0 10
Time: 4033.738 ms
commit;
COMMIT
Time: 9643.678 ms
check.sh|2019-12-02 17:51:14|2019-12-02 17:52:13|59
Timing is on.
begin;
BEGIN
Time: 59.766 ms
truncate table tb_check2 ;
TRUNCATE TABLE
Time: 1399.209 ms
insert into tb_check2 select * from tb_check;
INSERT 0 10
Time: 804.279 ms
commit;
COMMIT
Time: 2934.613 ms
check.sh|2019-12-02 17:52:13|2019-12-02 17:52:18|5
Timing is on.
begin;
BEGIN
Time: 88.815 ms
truncate table tb_check2 ;
TRUNCATE TABLE
Time: 3254.891 ms
insert into tb_check2 select * from tb_check;
INSERT 0 10
Time: 1450.224 ms
commit;
COMMIT
Time: 4617.780 ms
check.sh|2019-12-02 17:52:22|2019-12-02 17:52:31|9
Timing is on.
begin;
BEGIN
Time: 99.919 ms
truncate table tb_check2 ;
TRUNCATE TABLE
Time: 993.132 ms
insert into tb_check2 select * from tb_check;
INSERT 0 10
Time: 2701.139 ms
commit;
COMMIT
Time: 3221.982 ms
check.sh|2019-12-02 17:52:32|2019-12-02 17:52:39|7
Timing is on.
begin;
BEGIN
Time: 57.799 ms
truncate table tb_check2 ;
TRUNCATE TABLE
Time: 860.409 ms
insert into tb_check2 select * from tb_check;
INSERT 0 10
Time: 1177.613 ms
commit;
COMMIT
Time: 3050.500 ms
check.sh|2019-12-02 17:52:39|2019-12-02 17:52:44|5
Timing is on.
begin;
BEGIN
Time: 58.863 ms
truncate table tb_check2 ;
TRUNCATE TABLE
Time: 2594.845 ms
insert into tb_check2 select * from tb_check;
INSERT 0 10
Time: 1676.812 ms
commit;
COMMIT
Time: 5835.764 ms
check.sh|2019-12-02 17:52:47|2019-12-02 17:52:57|10
Timing is on.
begin;
BEGIN
Time: 114.695 ms
truncate table tb_check2 ;
TRUNCATE TABLE
Time: 928.418 ms
insert into tb_check2 select * from tb_check;
INSERT 0 10
Time: 1409.166 ms
commit;
COMMIT
Time: 5117.752 ms
check.sh|2019-12-02 17:53:00|2019-12-02 17:53:07|7
Timing is on.
begin;
BEGIN
Time: 170.512 ms
truncate table tb_check2 ;
TRUNCATE TABLE
Time: 405796.846 ms
insert into tb_check2 select * from tb_check;
INSERT 0 10
Time: 618.882 ms
commit;
COMMIT
Time: 51079.832 ms
check.sh|2019-12-02 17:53:07|2019-12-02 18:00:45|458
Timing is on.
begin;
BEGIN
Time: 59.115 ms
truncate table tb_check2 ;
TRUNCATE TABLE
Time: 1213.833 ms
insert into tb_check2 select * from tb_check;
INSERT 0 10
Time: 954.592 ms
commit;
COMMIT
Time: 5027.683 ms
check.sh|2019-12-02 18:00:47|2019-12-02 18:00:54|7
Timing is on.
begin;
BEGIN
Time: 55.848 ms
truncate table tb_check2 ;
TRUNCATE TABLE
Time: 37783.013 ms
insert into tb_check2 select * from tb_check;
INSERT 0 10
Time: 735.704 ms
commit;
COMMIT
Time: 22387.332 ms
check.sh|2019-12-02 18:00:56|2019-12-02 18:01:57|61
Timing is on.
begin;
BEGIN
Time: 143.879 ms
truncate table tb_check2 ;
TRUNCATE TABLE
Time: 657.481 ms
insert into tb_check2 select * from tb_check;
INSERT 0 10
Time: 2646.136 ms
commit;
COMMIT
Time: 4598.055 ms
check.sh|2019-12-02 18:01:58|2019-12-02 18:02:06|8
Timing is on.
begin;
BEGIN
Time: 76.165 ms
truncate table tb_check2 ;
TRUNCATE TABLE
Time: 70713.555 ms
insert into tb_check2 select * from tb_check;
INSERT 0 10
Time: 1816.908 ms
commit;
COMMIT
Time: 4551.498 ms
check.sh|2019-12-02 18:02:07|2019-12-02 18:03:24|77
Timing is on.
begin;
BEGIN
Time: 99.863 ms
truncate table tb_check2 ;
TRUNCATE TABLE
Time: 9487.063 ms
insert into tb_check2 select * from tb_check;
INSERT 0 10
Time: 2389.709 ms
commit;
COMMIT
Time: 11925.294 ms
check.sh|2019-12-02 18:03:26|2019-12-02 18:03:49|23
Timing is on.
begin;
BEGIN
Time: 62.656 ms
truncate table tb_check2 ;
TRUNCATE TABLE
Time: 42278.858 ms
insert into tb_check2 select * from tb_check;
INSERT 0 10
Time: 3134.384 ms
commit;
COMMIT
Time: 3121.719 ms
check.sh|2019-12-02 18:03:50|2019-12-02 18:04:39|49
Timing is on.
begin;
BEGIN
Time: 91.719 ms
truncate table tb_check2 ;
TRUNCATE TABLE
Time: 971.251 ms
insert into tb_check2 select * from tb_check;
INSERT 0 10
Time: 1800.722 ms
commit;
COMMIT
Time: 4478.840 ms
check.sh|2019-12-02 18:04:39|2019-12-02 18:04:47|8
Timing is on.
begin;
BEGIN
Time: 131.797 ms
truncate table tb_check2 ;
TRUNCATE TABLE
Time: 10672.848 ms
insert into tb_check2 select * from tb_check;
INSERT 0 10
Time: 2158.999 ms
commit;
COMMIT
Time: 27752.907 ms
check.sh|2019-12-02 18:04:52|2019-12-02 18:05:33|41
Timing is on.
begin;
BEGIN
Time: 62.887 ms
truncate table tb_check2 ;
TRUNCATE TABLE
Time: 6610.277 ms
insert into tb_check2 select * from tb_check;
INSERT 0 10
Time: 2358.644 ms
commit;
COMMIT
Time: 4357.076 ms
check.sh|2019-12-02 18:05:34|2019-12-02 18:05:48|14
Timing is on.
begin;
BEGIN
Time: 84.662 ms
truncate table tb_check2 ;
TRUNCATE TABLE
Time: 1882.204 ms
insert into tb_check2 select * from tb_check;
INSERT 0 10
Time: 612.384 ms
commit;
COMMIT
Time: 2400.352 ms
check.sh|2019-12-02 18:05:48|2019-12-02 18:05:53|5
