Timing is on.
begin;
BEGIN
Time: 62.747 ms
truncate table tb_check3 ;
TRUNCATE TABLE
Time: 3084.579 ms
insert into tb_check3 select * from tb_check;
INSERT 0 10
Time: 782.855 ms
commit;
COMMIT
Time: 4197.172 ms
check.sh|2019-12-02 17:06:09|2019-12-02 17:06:17|8
Timing is on.
begin;
BEGIN
Time: 72.526 ms
truncate table tb_check3 ;
TRUNCATE TABLE
Time: 2836.215 ms
insert into tb_check3 select * from tb_check;
INSERT 0 10
Time: 3510.289 ms
commit;
COMMIT
Time: 13924.710 ms
check.sh|2019-12-02 17:06:19|2019-12-02 17:06:39|20
Timing is on.
begin;
BEGIN
Time: 79.523 ms
truncate table tb_check3 ;
TRUNCATE TABLE
Time: 2546.886 ms
insert into tb_check3 select * from tb_check;
INSERT 0 10
Time: 3358.214 ms
commit;
COMMIT
Time: 4577.711 ms
check.sh|2019-12-02 17:06:40|2019-12-02 17:06:50|10
Timing is on.
begin;
BEGIN
Time: 63.285 ms
truncate table tb_check3 ;
TRUNCATE TABLE
Time: 687.722 ms
insert into tb_check3 select * from tb_check;
INSERT 0 10
Time: 1376.909 ms
commit;
COMMIT
Time: 12209.609 ms
check.sh|2019-12-02 17:06:51|2019-12-02 17:07:05|14
Timing is on.
begin;
BEGIN
Time: 148.659 ms
truncate table tb_check3 ;
TRUNCATE TABLE
Time: 14469.720 ms
insert into tb_check3 select * from tb_check;
INSERT 0 10
Time: 626.987 ms
commit;
COMMIT
Time: 11962.764 ms
check.sh|2019-12-02 17:07:06|2019-12-02 17:07:33|27
Timing is on.
begin;
BEGIN
Time: 107.295 ms
truncate table tb_check3 ;
TRUNCATE TABLE
Time: 3253.698 ms
insert into tb_check3 select * from tb_check;
INSERT 0 10
Time: 3088.272 ms
commit;
COMMIT
Time: 2717.470 ms
check.sh|2019-12-02 17:07:34|2019-12-02 17:07:44|10
Timing is on.
begin;
BEGIN
Time: 77.294 ms
truncate table tb_check3 ;
TRUNCATE TABLE
Time: 1130.381 ms
insert into tb_check3 select * from tb_check;
INSERT 0 10
Time: 1986.469 ms
commit;
COMMIT
Time: 4941.270 ms
check.sh|2019-12-02 17:07:46|2019-12-02 17:07:54|8
Timing is on.
begin;
BEGIN
Time: 62.243 ms
truncate table tb_check3 ;
TRUNCATE TABLE
Time: 8925.363 ms
insert into tb_check3 select * from tb_check;
INSERT 0 10
Time: 1132.955 ms
commit;
COMMIT
Time: 11507.908 ms
check.sh|2019-12-02 17:07:56|2019-12-02 17:08:17|21
Timing is on.
begin;
BEGIN
Time: 118.247 ms
truncate table tb_check3 ;
TRUNCATE TABLE
Time: 12038.968 ms
insert into tb_check3 select * from tb_check;
INSERT 0 10
Time: 637.468 ms
commit;
COMMIT
Time: 4141.449 ms
check.sh|2019-12-02 17:08:20|2019-12-02 17:08:37|17
Timing is on.
begin;
BEGIN
Time: 64.351 ms
truncate table tb_check3 ;
TRUNCATE TABLE
Time: 565.039 ms
insert into tb_check3 select * from tb_check;
INSERT 0 10
Time: 2142.724 ms
commit;
COMMIT
Time: 4702.482 ms
check.sh|2019-12-02 17:08:38|2019-12-02 17:08:46|8
Timing is on.
begin;
BEGIN
Time: 87.520 ms
truncate table tb_check3 ;
TRUNCATE TABLE
Time: 15753.465 ms
insert into tb_check3 select * from tb_check;
INSERT 0 10
Time: 2067.711 ms
commit;
COMMIT
Time: 4935.049 ms
check.sh|2019-12-02 17:08:48|2019-12-02 17:09:10|22
Timing is on.
begin;
BEGIN
Time: 72.612 ms
truncate table tb_check3 ;
TRUNCATE TABLE
Time: 1217.416 ms
insert into tb_check3 select * from tb_check;
INSERT 0 10
Time: 1253.837 ms
commit;
COMMIT
Time: 12397.579 ms
check.sh|2019-12-02 17:09:11|2019-12-02 17:09:26|15
Timing is on.
begin;
BEGIN
Time: 87.554 ms
truncate table tb_check3 ;
TRUNCATE TABLE
Time: 3838.632 ms
insert into tb_check3 select * from tb_check;
INSERT 0 10
Time: 1090.677 ms
commit;
COMMIT
Time: 9381.104 ms
check.sh|2019-12-02 17:09:29|2019-12-02 17:09:43|14
Timing is on.
begin;
BEGIN
Time: 194.853 ms
truncate table tb_check3 ;
TRUNCATE TABLE
Time: 1340.715 ms
insert into tb_check3 select * from tb_check;
INSERT 0 10
Time: 1606.243 ms
commit;
COMMIT
Time: 5672.802 ms
check.sh|2019-12-02 17:09:44|2019-12-02 17:09:53|9
Timing is on.
begin;
BEGIN
Time: 61.626 ms
truncate table tb_check3 ;
TRUNCATE TABLE
Time: 1464.071 ms
insert into tb_check3 select * from tb_check;
INSERT 0 10
Time: 1265.466 ms
commit;
COMMIT
Time: 14146.091 ms
check.sh|2019-12-02 17:09:53|2019-12-02 17:10:10|17
Timing is on.
begin;
BEGIN
Time: 74.757 ms
truncate table tb_check3 ;
TRUNCATE TABLE
Time: 5934.744 ms
insert into tb_check3 select * from tb_check;
INSERT 0 10
Time: 1020.905 ms
commit;
COMMIT
Time: 20106.895 ms
check.sh|2019-12-02 17:10:15|2019-12-02 17:10:42|27
Timing is on.
begin;
BEGIN
Time: 60.032 ms
truncate table tb_check3 ;
TRUNCATE TABLE
Time: 1761.370 ms
insert into tb_check3 select * from tb_check;
INSERT 0 10
Time: 1193.302 ms
commit;
COMMIT
Time: 5051.741 ms
check.sh|2019-12-02 17:10:46|2019-12-02 17:10:54|8
Timing is on.
begin;
BEGIN
Time: 91.316 ms
truncate table tb_check3 ;
TRUNCATE TABLE
Time: 750.799 ms
insert into tb_check3 select * from tb_check;
INSERT 0 10
Time: 2211.353 ms
commit;
COMMIT
Time: 19928.813 ms
check.sh|2019-12-02 17:10:55|2019-12-02 17:11:18|23
Timing is on.
begin;
BEGIN
Time: 96.048 ms
truncate table tb_check3 ;
TRUNCATE TABLE
Time: 7266.554 ms
insert into tb_check3 select * from tb_check;
INSERT 0 10
Time: 1349.221 ms
commit;
COMMIT
Time: 8986.146 ms
check.sh|2019-12-02 17:11:18|2019-12-02 17:11:36|18
Timing is on.
begin;
BEGIN
Time: 60.433 ms
truncate table tb_check3 ;
TRUNCATE TABLE
Time: 672.220 ms
insert into tb_check3 select * from tb_check;
INSERT 0 10
Time: 1682.766 ms
commit;
COMMIT
Time: 4904.568 ms
check.sh|2019-12-02 17:11:36|2019-12-02 17:11:44|8
Timing is on.
begin;
BEGIN
Time: 100.194 ms
truncate table tb_check3 ;
TRUNCATE TABLE
Time: 9128.270 ms
insert into tb_check3 select * from tb_check;
INSERT 0 10
Time: 1156.759 ms
commit;
COMMIT
Time: 9057.718 ms
check.sh|2019-12-02 17:11:46|2019-12-02 17:12:06|20
Timing is on.
begin;
BEGIN
Time: 93.751 ms
truncate table tb_check3 ;
TRUNCATE TABLE
Time: 2092.576 ms
insert into tb_check3 select * from tb_check;
INSERT 0 10
Time: 1998.232 ms
commit;
COMMIT
Time: 6064.630 ms
check.sh|2019-12-02 17:12:06|2019-12-02 17:12:16|10
Timing is on.
begin;
BEGIN
Time: 71.436 ms
truncate table tb_check3 ;
TRUNCATE TABLE
Time: 633.754 ms
insert into tb_check3 select * from tb_check;
INSERT 0 10
Time: 1558.225 ms
commit;
COMMIT
Time: 3553.245 ms
check.sh|2019-12-02 17:12:17|2019-12-02 17:12:23|6
Timing is on.
begin;
BEGIN
Time: 61.322 ms
truncate table tb_check3 ;
TRUNCATE TABLE
Time: 2818.597 ms
insert into tb_check3 select * from tb_check;
INSERT 0 10
Time: 1828.959 ms
commit;
COMMIT
Time: 6346.326 ms
check.sh|2019-12-02 17:12:25|2019-12-02 17:12:36|11
Timing is on.
begin;
BEGIN
Time: 83.975 ms
truncate table tb_check3 ;
TRUNCATE TABLE
Time: 1889.424 ms
insert into tb_check3 select * from tb_check;
INSERT 0 10
Time: 1785.577 ms
commit;
COMMIT
Time: 4571.608 ms
check.sh|2019-12-02 17:12:38|2019-12-02 17:12:46|8
Timing is on.
begin;
BEGIN
Time: 118.384 ms
truncate table tb_check3 ;
TRUNCATE TABLE
Time: 854.858 ms
insert into tb_check3 select * from tb_check;
INSERT 0 10
Time: 1824.066 ms
commit;
COMMIT
Time: 10390.031 ms
check.sh|2019-12-02 17:12:47|2019-12-02 17:13:00|13
Timing is on.
begin;
BEGIN
Time: 140.828 ms
truncate table tb_check3 ;
TRUNCATE TABLE
Time: 936.593 ms
insert into tb_check3 select * from tb_check;
INSERT 0 10
Time: 2405.452 ms
commit;
COMMIT
Time: 5243.736 ms
check.sh|2019-12-02 17:13:01|2019-12-02 17:13:10|9
Timing is on.
begin;
BEGIN
Time: 99.788 ms
truncate table tb_check3 ;
TRUNCATE TABLE
Time: 1296.377 ms
insert into tb_check3 select * from tb_check;
INSERT 0 10
Time: 1356.117 ms
commit;
COMMIT
Time: 29448.735 ms
check.sh|2019-12-02 17:13:10|2019-12-02 17:13:43|33
Timing is on.
begin;
BEGIN
Time: 72.847 ms
truncate table tb_check3 ;
TRUNCATE TABLE
Time: 3083.941 ms
insert into tb_check3 select * from tb_check;
INSERT 0 10
Time: 3145.823 ms
commit;
COMMIT
Time: 3408.187 ms
check.sh|2019-12-02 17:13:47|2019-12-02 17:13:57|10
Timing is on.
begin;
BEGIN
Time: 62.206 ms
truncate table tb_check3 ;
TRUNCATE TABLE
Time: 664.428 ms
insert into tb_check3 select * from tb_check;
INSERT 0 10
Time: 1154.526 ms
commit;
COMMIT
Time: 4949.368 ms
check.sh|2019-12-02 17:13:57|2019-12-02 17:14:04|7
Timing is on.
begin;
BEGIN
Time: 56.513 ms
truncate table tb_check3 ;
TRUNCATE TABLE
Time: 12956.544 ms
insert into tb_check3 select * from tb_check;
INSERT 0 10
Time: 1525.123 ms
commit;
COMMIT
Time: 9596.903 ms
check.sh|2019-12-02 17:14:05|2019-12-02 17:14:29|24
Timing is on.
begin;
BEGIN
Time: 99.647 ms
truncate table tb_check3 ;
TRUNCATE TABLE
Time: 512.457 ms
insert into tb_check3 select * from tb_check;
INSERT 0 10
Time: 2693.266 ms
commit;
COMMIT
Time: 4058.908 ms
check.sh|2019-12-02 17:14:30|2019-12-02 17:14:37|7
Timing is on.
begin;
BEGIN
Time: 68.316 ms
truncate table tb_check3 ;
TRUNCATE TABLE
Time: 3632.710 ms
insert into tb_check3 select * from tb_check;
INSERT 0 10
Time: 1492.595 ms
commit;
COMMIT
Time: 8275.656 ms
check.sh|2019-12-02 17:14:38|2019-12-02 17:14:51|13
Timing is on.
begin;
BEGIN
Time: 69.817 ms
truncate table tb_check3 ;
TRUNCATE TABLE
Time: 4414.524 ms
insert into tb_check3 select * from tb_check;
INSERT 0 10
Time: 914.903 ms
commit;
COMMIT
Time: 7553.624 ms
check.sh|2019-12-02 17:14:57|2019-12-02 17:15:10|13
Timing is on.
begin;
BEGIN
Time: 86.305 ms
truncate table tb_check3 ;
TRUNCATE TABLE
Time: 1605.401 ms
insert into tb_check3 select * from tb_check;
INSERT 0 10
Time: 1342.698 ms
commit;
COMMIT
Time: 7666.492 ms
check.sh|2019-12-02 17:15:11|2019-12-02 17:15:21|10
Timing is on.
begin;
BEGIN
Time: 62.605 ms
truncate table tb_check3 ;
TRUNCATE TABLE
Time: 24965.668 ms
insert into tb_check3 select * from tb_check;
INSERT 0 10
Time: 2166.184 ms
commit;
COMMIT
Time: 3100.808 ms
check.sh|2019-12-02 17:15:25|2019-12-02 17:15:55|30
Timing is on.
begin;
BEGIN
Time: 58.800 ms
truncate table tb_check3 ;
TRUNCATE TABLE
Time: 749.842 ms
insert into tb_check3 select * from tb_check;
INSERT 0 10
Time: 2166.766 ms
commit;
COMMIT
Time: 5700.515 ms
check.sh|2019-12-02 17:15:56|2019-12-02 17:16:05|9
Timing is on.
begin;
BEGIN
Time: 73.451 ms
truncate table tb_check3 ;
TRUNCATE TABLE
Time: 7495.471 ms
insert into tb_check3 select * from tb_check;
INSERT 0 10
Time: 1804.273 ms
commit;
COMMIT
Time: 7667.118 ms
check.sh|2019-12-02 17:16:06|2019-12-02 17:16:23|17
Timing is on.
begin;
BEGIN
Time: 57.632 ms
truncate table tb_check3 ;
TRUNCATE TABLE
Time: 672.652 ms
insert into tb_check3 select * from tb_check;
INSERT 0 10
Time: 1418.192 ms
commit;
COMMIT
Time: 3285.761 ms
check.sh|2019-12-02 17:16:25|2019-12-02 17:16:30|5
Timing is on.
begin;
BEGIN
Time: 56.506 ms
truncate table tb_check3 ;
TRUNCATE TABLE
Time: 1668.237 ms
insert into tb_check3 select * from tb_check;
INSERT 0 10
Time: 1939.351 ms
commit;
COMMIT
Time: 14613.410 ms
check.sh|2019-12-02 17:16:33|2019-12-02 17:16:51|18
Timing is on.
begin;
BEGIN
Time: 65.185 ms
truncate table tb_check3 ;
TRUNCATE TABLE
Time: 1318.639 ms
insert into tb_check3 select * from tb_check;
INSERT 0 10
Time: 3014.156 ms
commit;
COMMIT
Time: 4983.018 ms
check.sh|2019-12-02 17:16:54|2019-12-02 17:17:03|9
Timing is on.
begin;
BEGIN
Time: 73.004 ms
truncate table tb_check3 ;
TRUNCATE TABLE
Time: 1707.278 ms
insert into tb_check3 select * from tb_check;
INSERT 0 10
Time: 1971.713 ms
commit;
COMMIT
Time: 14729.314 ms
check.sh|2019-12-02 17:17:06|2019-12-02 17:17:24|18
Timing is on.
begin;
BEGIN
Time: 98.766 ms
truncate table tb_check3 ;
TRUNCATE TABLE
Time: 890.956 ms
insert into tb_check3 select * from tb_check;
INSERT 0 10
Time: 2655.227 ms
commit;
COMMIT
Time: 4599.811 ms
check.sh|2019-12-02 17:17:25|2019-12-02 17:17:34|9
Timing is on.
begin;
BEGIN
Time: 142.950 ms
truncate table tb_check3 ;
TRUNCATE TABLE
Time: 733.771 ms
insert into tb_check3 select * from tb_check;
INSERT 0 10
Time: 1940.282 ms
commit;
COMMIT
Time: 4231.371 ms
check.sh|2019-12-02 17:17:34|2019-12-02 17:17:41|7
Timing is on.
begin;
BEGIN
Time: 66.385 ms
truncate table tb_check3 ;
TRUNCATE TABLE
Time: 2761.280 ms
insert into tb_check3 select * from tb_check;
INSERT 0 10
Time: 2792.860 ms
commit;
COMMIT
Time: 11609.318 ms
check.sh|2019-12-02 17:17:44|2019-12-02 17:18:01|17
Timing is on.
begin;
BEGIN
Time: 57.620 ms
truncate table tb_check3 ;
TRUNCATE TABLE
Time: 2777.343 ms
insert into tb_check3 select * from tb_check;
INSERT 0 10
Time: 1837.332 ms
commit;
COMMIT
Time: 4992.223 ms
check.sh|2019-12-02 17:18:02|2019-12-02 17:18:12|10
Timing is on.
begin;
BEGIN
Time: 58.233 ms
truncate table tb_check3 ;
TRUNCATE TABLE
Time: 584.890 ms
insert into tb_check3 select * from tb_check;
INSERT 0 10
Time: 1999.434 ms
commit;
COMMIT
Time: 4409.871 ms
check.sh|2019-12-02 17:18:12|2019-12-02 17:18:19|7
Timing is on.
begin;
BEGIN
Time: 71.431 ms
truncate table tb_check3 ;
TRUNCATE TABLE
Time: 10039.738 ms
insert into tb_check3 select * from tb_check;
INSERT 0 10
Time: 2957.213 ms
commit;
COMMIT
Time: 7214.388 ms
check.sh|2019-12-02 17:18:20|2019-12-02 17:18:40|20
Timing is on.
begin;
BEGIN
Time: 73.751 ms
truncate table tb_check3 ;
TRUNCATE TABLE
Time: 5476.014 ms
insert into tb_check3 select * from tb_check;
INSERT 0 10
Time: 1208.368 ms
commit;
COMMIT
Time: 3673.010 ms
check.sh|2019-12-02 17:18:41|2019-12-02 17:18:51|10
Timing is on.
begin;
BEGIN
Time: 62.690 ms
truncate table tb_check3 ;
TRUNCATE TABLE
Time: 3738.715 ms
insert into tb_check3 select * from tb_check;
INSERT 0 10
Time: 1467.413 ms
commit;
COMMIT
Time: 12550.768 ms
check.sh|2019-12-02 17:18:52|2019-12-02 17:19:10|18
Timing is on.
begin;
BEGIN
Time: 77.911 ms
truncate table tb_check3 ;
TRUNCATE TABLE
Time: 1457.837 ms
insert into tb_check3 select * from tb_check;
INSERT 0 10
Time: 1515.450 ms
commit;
COMMIT
Time: 5138.781 ms
check.sh|2019-12-02 17:19:11|2019-12-02 17:19:19|8
Timing is on.
begin;
BEGIN
Time: 120.147 ms
truncate table tb_check3 ;
TRUNCATE TABLE
Time: 1792.671 ms
insert into tb_check3 select * from tb_check;
INSERT 0 10
Time: 1760.752 ms
commit;
COMMIT
Time: 7984.518 ms
check.sh|2019-12-02 17:19:19|2019-12-02 17:19:31|12
Timing is on.
begin;
BEGIN
Time: 92.320 ms
truncate table tb_check3 ;
TRUNCATE TABLE
Time: 9027.236 ms
insert into tb_check3 select * from tb_check;
INSERT 0 10
Time: 2015.840 ms
commit;
COMMIT
Time: 7123.170 ms
check.sh|2019-12-02 17:19:31|2019-12-02 17:19:50|19
Timing is on.
begin;
BEGIN
Time: 66.920 ms
truncate table tb_check3 ;
TRUNCATE TABLE
Time: 1531.059 ms
insert into tb_check3 select * from tb_check;
INSERT 0 10
Time: 900.679 ms
commit;
COMMIT
Time: 4761.316 ms
check.sh|2019-12-02 17:19:50|2019-12-02 17:19:57|7
Timing is on.
begin;
BEGIN
Time: 118.594 ms
truncate table tb_check3 ;
TRUNCATE TABLE
Time: 14165.174 ms
insert into tb_check3 select * from tb_check;
INSERT 0 10
Time: 1126.787 ms
commit;
COMMIT
Time: 6869.516 ms
check.sh|2019-12-02 17:19:59|2019-12-02 17:20:21|22
Timing is on.
begin;
BEGIN
Time: 78.782 ms
truncate table tb_check3 ;
TRUNCATE TABLE
Time: 768.792 ms
insert into tb_check3 select * from tb_check;
INSERT 0 10
Time: 2312.985 ms
commit;
COMMIT
Time: 27632.601 ms
check.sh|2019-12-02 17:20:23|2019-12-02 17:20:54|31
Timing is on.
begin;
BEGIN
Time: 59.243 ms
truncate table tb_check3 ;
TRUNCATE TABLE
Time: 841.818 ms
insert into tb_check3 select * from tb_check;
INSERT 0 10
Time: 2097.372 ms
commit;
COMMIT
Time: 4035.436 ms
check.sh|2019-12-02 17:20:54|2019-12-02 17:21:01|7
Timing is on.
begin;
BEGIN
Time: 63.825 ms
truncate table tb_check3 ;
TRUNCATE TABLE
Time: 10028.169 ms
insert into tb_check3 select * from tb_check;
INSERT 0 10
Time: 2356.158 ms
commit;
COMMIT
Time: 10355.814 ms
check.sh|2019-12-02 17:21:02|2019-12-02 17:21:25|23
Timing is on.
begin;
BEGIN
Time: 88.723 ms
truncate table tb_check3 ;
TRUNCATE TABLE
Time: 1055.610 ms
insert into tb_check3 select * from tb_check;
INSERT 0 10
Time: 1246.781 ms
commit;
COMMIT
Time: 5420.191 ms
check.sh|2019-12-02 17:21:27|2019-12-02 17:21:35|8
Timing is on.
begin;
BEGIN
Time: 127.996 ms
truncate table tb_check3 ;
TRUNCATE TABLE
Time: 867.884 ms
insert into tb_check3 select * from tb_check;
INSERT 0 10
Time: 1422.565 ms
commit;
COMMIT
Time: 12977.254 ms
check.sh|2019-12-02 17:21:36|2019-12-02 17:21:51|15
Timing is on.
begin;
BEGIN
Time: 90.461 ms
truncate table tb_check3 ;
TRUNCATE TABLE
Time: 1993.853 ms
insert into tb_check3 select * from tb_check;
INSERT 0 10
Time: 1222.438 ms
commit;
COMMIT
Time: 5130.624 ms
check.sh|2019-12-02 17:21:55|2019-12-02 17:22:03|8
Timing is on.
begin;
BEGIN
Time: 112.899 ms
truncate table tb_check3 ;
TRUNCATE TABLE
Time: 1236.332 ms
insert into tb_check3 select * from tb_check;
INSERT 0 10
Time: 1285.824 ms
commit;
COMMIT
Time: 79850.980 ms
check.sh|2019-12-02 17:22:04|2019-12-02 17:23:26|82
Timing is on.
begin;
BEGIN
Time: 58.988 ms
truncate table tb_check3 ;
TRUNCATE TABLE
Time: 519.305 ms
insert into tb_check3 select * from tb_check;
INSERT 0 10
Time: 2400.011 ms
commit;
COMMIT
Time: 14945.003 ms
check.sh|2019-12-02 17:23:27|2019-12-02 17:23:45|18
Timing is on.
begin;
BEGIN
Time: 79.866 ms
truncate table tb_check3 ;
TRUNCATE TABLE
Time: 2174.730 ms
insert into tb_check3 select * from tb_check;
INSERT 0 10
Time: 2728.645 ms
commit;
COMMIT
Time: 15792.068 ms
check.sh|2019-12-02 17:23:45|2019-12-02 17:24:06|21
Timing is on.
begin;
BEGIN
Time: 72.185 ms
truncate table tb_check3 ;
TRUNCATE TABLE
Time: 1258.310 ms
insert into tb_check3 select * from tb_check;
INSERT 0 10
Time: 1646.103 ms
commit;
COMMIT
Time: 10853.701 ms
check.sh|2019-12-02 17:24:06|2019-12-02 17:24:20|14
Timing is on.
begin;
BEGIN
Time: 113.629 ms
truncate table tb_check3 ;
TRUNCATE TABLE
Time: 2688.926 ms
insert into tb_check3 select * from tb_check;
INSERT 0 10
Time: 1817.524 ms
commit;
COMMIT
Time: 5503.512 ms
check.sh|2019-12-02 17:24:27|2019-12-02 17:24:37|10
Timing is on.
begin;
BEGIN
Time: 112.584 ms
truncate table tb_check3 ;
TRUNCATE TABLE
Time: 1813.746 ms
insert into tb_check3 select * from tb_check;
INSERT 0 10
Time: 604.068 ms
commit;
COMMIT
Time: 20085.707 ms
check.sh|2019-12-02 17:24:38|2019-12-02 17:25:01|23
Timing is on.
begin;
BEGIN
Time: 94.379 ms
truncate table tb_check3 ;
TRUNCATE TABLE
Time: 1513.376 ms
insert into tb_check3 select * from tb_check;
INSERT 0 10
Time: 1694.184 ms
commit;
COMMIT
Time: 54432.991 ms
check.sh|2019-12-02 17:25:06|2019-12-02 17:26:04|58
Timing is on.
begin;
BEGIN
Time: 63.996 ms
truncate table tb_check3 ;
TRUNCATE TABLE
Time: 953.088 ms
insert into tb_check3 select * from tb_check;
INSERT 0 10
Time: 2177.337 ms
commit;
COMMIT
Time: 22408.816 ms
check.sh|2019-12-02 17:26:05|2019-12-02 17:26:31|26
Timing is on.
begin;
BEGIN
Time: 67.361 ms
truncate table tb_check3 ;
TRUNCATE TABLE
Time: 3061.369 ms
insert into tb_check3 select * from tb_check;
INSERT 0 10
Time: 1620.168 ms
commit;
COMMIT
Time: 18611.190 ms
check.sh|2019-12-02 17:26:32|2019-12-02 17:26:55|23
Timing is on.
begin;
BEGIN
Time: 77.179 ms
truncate table tb_check3 ;
TRUNCATE TABLE
Time: 2758.892 ms
insert into tb_check3 select * from tb_check;
INSERT 0 10
Time: 1139.423 ms
commit;
COMMIT
Time: 4335.552 ms
check.sh|2019-12-02 17:26:57|2019-12-02 17:27:05|8
Timing is on.
begin;
BEGIN
Time: 75.621 ms
truncate table tb_check3 ;
TRUNCATE TABLE
Time: 849.712 ms
insert into tb_check3 select * from tb_check;
INSERT 0 10
Time: 2383.339 ms
commit;
COMMIT
Time: 6036.451 ms
check.sh|2019-12-02 17:27:07|2019-12-02 17:27:16|9
Timing is on.
begin;
BEGIN
Time: 55.934 ms
truncate table tb_check3 ;
TRUNCATE TABLE
Time: 24381.951 ms
insert into tb_check3 select * from tb_check;
INSERT 0 10
Time: 2195.595 ms
commit;
COMMIT
Time: 28958.618 ms
check.sh|2019-12-02 17:27:17|2019-12-02 17:28:12|55
Timing is on.
begin;
BEGIN
Time: 74.612 ms
truncate table tb_check3 ;
TRUNCATE TABLE
Time: 1630.234 ms
insert into tb_check3 select * from tb_check;
INSERT 0 10
Time: 2095.657 ms
commit;
COMMIT
Time: 3638.026 ms
check.sh|2019-12-02 17:28:14|2019-12-02 17:28:21|7
Timing is on.
begin;
BEGIN
Time: 70.543 ms
truncate table tb_check3 ;
TRUNCATE TABLE
Time: 727.897 ms
insert into tb_check3 select * from tb_check;
INSERT 0 10
Time: 2275.586 ms
commit;
COMMIT
Time: 3845.422 ms
check.sh|2019-12-02 17:28:49|2019-12-02 17:28:56|7
Timing is on.
begin;
BEGIN
Time: 84.089 ms
truncate table tb_check3 ;
TRUNCATE TABLE
Time: 6888.008 ms
insert into tb_check3 select * from tb_check;
INSERT 0 10
Time: 2684.353 ms
commit;
COMMIT
Time: 7651.497 ms
check.sh|2019-12-02 17:28:59|2019-12-02 17:29:17|18
Timing is on.
begin;
BEGIN
Time: 153.623 ms
truncate table tb_check3 ;
TRUNCATE TABLE
Time: 1319.118 ms
insert into tb_check3 select * from tb_check;
INSERT 0 10
Time: 945.335 ms
commit;
COMMIT
Time: 58219.349 ms
check.sh|2019-12-02 17:29:18|2019-12-02 17:30:19|61
Timing is on.
begin;
BEGIN
Time: 118.611 ms
truncate table tb_check3 ;
TRUNCATE TABLE
Time: 1110.957 ms
insert into tb_check3 select * from tb_check;
INSERT 0 10
Time: 2088.978 ms
commit;
COMMIT
Time: 40598.352 ms
check.sh|2019-12-02 17:30:19|2019-12-02 17:31:03|44
Timing is on.
begin;
BEGIN
Time: 83.600 ms
truncate table tb_check3 ;
TRUNCATE TABLE
Time: 2820.979 ms
insert into tb_check3 select * from tb_check;
INSERT 0 10
Time: 2804.541 ms
commit;
COMMIT
Time: 5050.193 ms
check.sh|2019-12-02 17:31:03|2019-12-02 17:31:14|11
Timing is on.
begin;
BEGIN
Time: 60.297 ms
truncate table tb_check3 ;
TRUNCATE TABLE
Time: 1349.671 ms
insert into tb_check3 select * from tb_check;
INSERT 0 10
Time: 1096.572 ms
commit;
COMMIT
Time: 5949.901 ms
check.sh|2019-12-02 17:31:15|2019-12-02 17:31:24|9
Timing is on.
begin;
BEGIN
Time: 85.594 ms
truncate table tb_check3 ;
TRUNCATE TABLE
Time: 5341.001 ms
insert into tb_check3 select * from tb_check;
INSERT 0 10
Time: 10397.701 ms
commit;
COMMIT
Time: 32544.753 ms
check.sh|2019-12-02 17:31:24|2019-12-02 17:32:12|48
Timing is on.
begin;
BEGIN
Time: 82.988 ms
truncate table tb_check3 ;
TRUNCATE TABLE
Time: 1090.172 ms
insert into tb_check3 select * from tb_check;
INSERT 0 10
Time: 2341.839 ms
commit;
COMMIT
Time: 3506.740 ms
check.sh|2019-12-02 17:32:13|2019-12-02 17:32:20|7
Timing is on.
begin;
BEGIN
Time: 140.292 ms
truncate table tb_check3 ;
TRUNCATE TABLE
Time: 3034.620 ms
insert into tb_check3 select * from tb_check;
INSERT 0 10
Time: 1598.751 ms
commit;
COMMIT
Time: 18289.046 ms
check.sh|2019-12-02 17:32:20|2019-12-02 17:32:43|23
Timing is on.
begin;
BEGIN
Time: 91.197 ms
truncate table tb_check3 ;
TRUNCATE TABLE
Time: 76778.169 ms
insert into tb_check3 select * from tb_check;
INSERT 0 10
Time: 1046.705 ms
commit;
COMMIT
Time: 2929.970 ms
check.sh|2019-12-02 17:32:44|2019-12-02 17:34:04|80
Timing is on.
begin;
BEGIN
Time: 59.621 ms
truncate table tb_check3 ;
TRUNCATE TABLE
Time: 1152.623 ms
insert into tb_check3 select * from tb_check;
INSERT 0 10
Time: 2167.526 ms
commit;
COMMIT
Time: 5567.453 ms
check.sh|2019-12-02 17:34:06|2019-12-02 17:34:15|9
Timing is on.
begin;
BEGIN
Time: 61.213 ms
truncate table tb_check3 ;
TRUNCATE TABLE
Time: 10009.661 ms
insert into tb_check3 select * from tb_check;
INSERT 0 10
Time: 2345.498 ms
commit;
COMMIT
Time: 29729.909 ms
check.sh|2019-12-02 17:34:16|2019-12-02 17:34:58|42
Timing is on.
begin;
BEGIN
Time: 76.745 ms
truncate table tb_check3 ;
TRUNCATE TABLE
Time: 955.780 ms
insert into tb_check3 select * from tb_check;
INSERT 0 10
Time: 2496.447 ms
commit;
COMMIT
Time: 4886.389 ms
check.sh|2019-12-02 17:34:58|2019-12-02 17:35:06|8
Timing is on.
begin;
BEGIN
Time: 63.896 ms
truncate table tb_check3 ;
TRUNCATE TABLE
Time: 10143.887 ms
insert into tb_check3 select * from tb_check;
INSERT 0 10
Time: 1238.053 ms
commit;
COMMIT
Time: 69125.031 ms
check.sh|2019-12-02 17:35:08|2019-12-02 17:36:28|80
Timing is on.
begin;
BEGIN
Time: 63.451 ms
truncate table tb_check3 ;
TRUNCATE TABLE
Time: 1402.513 ms
insert into tb_check3 select * from tb_check;
INSERT 0 10
Time: 1039.095 ms
commit;
COMMIT
Time: 2571.901 ms
check.sh|2019-12-02 17:36:34|2019-12-02 17:36:39|5
Timing is on.
begin;
BEGIN
Time: 116.842 ms
truncate table tb_check3 ;
TRUNCATE TABLE
Time: 1213.193 ms
insert into tb_check3 select * from tb_check;
INSERT 0 10
Time: 2751.066 ms
commit;
COMMIT
Time: 47585.116 ms
check.sh|2019-12-02 17:36:43|2019-12-02 17:37:34|51
Timing is on.
begin;
BEGIN
Time: 142.317 ms
truncate table tb_check3 ;
TRUNCATE TABLE
Time: 12898.090 ms
insert into tb_check3 select * from tb_check;
INSERT 0 10
Time: 2166.321 ms
commit;
COMMIT
Time: 3326.969 ms
check.sh|2019-12-02 17:37:39|2019-12-02 17:37:57|18
Timing is on.
begin;
BEGIN
Time: 94.033 ms
truncate table tb_check3 ;
TRUNCATE TABLE
Time: 1199.067 ms
insert into tb_check3 select * from tb_check;
INSERT 0 10
Time: 1921.131 ms
commit;
COMMIT
Time: 10412.915 ms
check.sh|2019-12-02 17:37:59|2019-12-02 17:38:12|13
Timing is on.
begin;
BEGIN
Time: 72.092 ms
truncate table tb_check3 ;
TRUNCATE TABLE
Time: 44828.328 ms
insert into tb_check3 select * from tb_check;
INSERT 0 10
Time: 1086.053 ms
commit;
COMMIT
Time: 7189.502 ms
check.sh|2019-12-02 17:38:12|2019-12-02 17:39:06|54
Timing is on.
begin;
BEGIN
Time: 83.562 ms
truncate table tb_check3 ;
TRUNCATE TABLE
Time: 2512.619 ms
insert into tb_check3 select * from tb_check;
INSERT 0 10
Time: 2348.466 ms
commit;
COMMIT
Time: 2369.794 ms
check.sh|2019-12-02 17:39:14|2019-12-02 17:39:21|7
Timing is on.
begin;
BEGIN
Time: 63.612 ms
truncate table tb_check3 ;
TRUNCATE TABLE
Time: 1460.075 ms
insert into tb_check3 select * from tb_check;
INSERT 0 10
Time: 1112.811 ms
commit;
COMMIT
Time: 22256.318 ms
check.sh|2019-12-02 17:39:23|2019-12-02 17:39:48|25
Timing is on.
begin;
BEGIN
Time: 79.571 ms
truncate table tb_check3 ;
TRUNCATE TABLE
Time: 24682.654 ms
insert into tb_check3 select * from tb_check;
INSERT 0 10
Time: 4152.567 ms
commit;
COMMIT
Time: 38386.620 ms
check.sh|2019-12-02 17:39:49|2019-12-02 17:40:56|67
Timing is on.
begin;
BEGIN
Time: 74.777 ms
truncate table tb_check3 ;
TRUNCATE TABLE
Time: 2613.394 ms
insert into tb_check3 select * from tb_check;
INSERT 0 10
Time: 3126.820 ms
commit;
COMMIT
Time: 5500.425 ms
check.sh|2019-12-02 17:40:58|2019-12-02 17:41:10|12
Timing is on.
begin;
BEGIN
Time: 122.181 ms
truncate table tb_check3 ;
TRUNCATE TABLE
Time: 2584.744 ms
insert into tb_check3 select * from tb_check;
INSERT 0 10
Time: 1897.959 ms
commit;
COMMIT
Time: 10597.979 ms
check.sh|2019-12-02 17:41:10|2019-12-02 17:41:26|16
Timing is on.
begin;
BEGIN
Time: 60.310 ms
truncate table tb_check3 ;
TRUNCATE TABLE
Time: 10087.852 ms
insert into tb_check3 select * from tb_check;
INSERT 0 10
Time: 1960.531 ms
commit;
COMMIT
Time: 5090.799 ms
check.sh|2019-12-02 17:41:29|2019-12-02 17:41:46|17
Timing is on.
begin;
BEGIN
Time: 141.159 ms
truncate table tb_check3 ;
TRUNCATE TABLE
Time: 4646.763 ms
insert into tb_check3 select * from tb_check;
INSERT 0 10
Time: 2086.265 ms
commit;
COMMIT
Time: 9965.420 ms
check.sh|2019-12-02 17:41:47|2019-12-02 17:42:04|17
Timing is on.
begin;
BEGIN
Time: 65.944 ms
truncate table tb_check3 ;
TRUNCATE TABLE
Time: 12544.477 ms
insert into tb_check3 select * from tb_check;
INSERT 0 10
Time: 1032.526 ms
commit;
COMMIT
Time: 3795.633 ms
check.sh|2019-12-02 17:42:05|2019-12-02 17:42:22|17
Timing is on.
begin;
BEGIN
Time: 99.557 ms
truncate table tb_check3 ;
TRUNCATE TABLE
Time: 955.197 ms
insert into tb_check3 select * from tb_check;
INSERT 0 10
Time: 1831.414 ms
commit;
COMMIT
Time: 72953.113 ms
check.sh|2019-12-02 17:42:23|2019-12-02 17:43:38|75
Timing is on.
begin;
BEGIN
Time: 64.084 ms
truncate table tb_check3 ;
TRUNCATE TABLE
Time: 4355.950 ms
insert into tb_check3 select * from tb_check;
INSERT 0 10
Time: 2408.414 ms
commit;
COMMIT
Time: 48330.919 ms
check.sh|2019-12-02 17:43:39|2019-12-02 17:44:34|55
Timing is on.
begin;
BEGIN
Time: 59.693 ms
truncate table tb_check3 ;
TRUNCATE TABLE
Time: 1758.995 ms
insert into tb_check3 select * from tb_check;
INSERT 0 10
Time: 1358.624 ms
commit;
COMMIT
Time: 3766.974 ms
check.sh|2019-12-02 17:44:34|2019-12-02 17:44:41|7
Timing is on.
begin;
BEGIN
Time: 61.285 ms
truncate table tb_check3 ;
TRUNCATE TABLE
Time: 653.763 ms
insert into tb_check3 select * from tb_check;
INSERT 0 10
Time: 2116.744 ms
commit;
COMMIT
Time: 5703.891 ms
check.sh|2019-12-02 17:44:43|2019-12-02 17:44:52|9
Timing is on.
begin;
BEGIN
Time: 126.983 ms
truncate table tb_check3 ;
TRUNCATE TABLE
Time: 8329.963 ms
insert into tb_check3 select * from tb_check;
INSERT 0 10
Time: 2605.147 ms
commit;
COMMIT
Time: 80077.572 ms
check.sh|2019-12-02 17:44:54|2019-12-02 17:46:26|92
Timing is on.
begin;
BEGIN
Time: 68.939 ms
truncate table tb_check3 ;
TRUNCATE TABLE
Time: 4618.904 ms
insert into tb_check3 select * from tb_check;
INSERT 0 10
Time: 1297.902 ms
commit;
COMMIT
Time: 6279.037 ms
check.sh|2019-12-02 17:46:31|2019-12-02 17:46:43|12
Timing is on.
begin;
BEGIN
Time: 116.711 ms
truncate table tb_check3 ;
TRUNCATE TABLE
Time: 724.528 ms
insert into tb_check3 select * from tb_check;
INSERT 0 10
Time: 2118.634 ms
commit;
COMMIT
Time: 56984.265 ms
check.sh|2019-12-02 17:46:43|2019-12-02 17:47:43|60
Timing is on.
begin;
BEGIN
Time: 91.064 ms
truncate table tb_check3 ;
TRUNCATE TABLE
Time: 13241.134 ms
insert into tb_check3 select * from tb_check;
INSERT 0 10
Time: 781.049 ms
commit;
COMMIT
Time: 3605.104 ms
check.sh|2019-12-02 17:47:44|2019-12-02 17:48:02|18
Timing is on.
begin;
BEGIN
Time: 58.131 ms
truncate table tb_check3 ;
TRUNCATE TABLE
Time: 2029.296 ms
insert into tb_check3 select * from tb_check;
INSERT 0 10
Time: 1382.192 ms
commit;
COMMIT
Time: 3825.452 ms
check.sh|2019-12-02 17:48:02|2019-12-02 17:48:10|8
Timing is on.
begin;
BEGIN
Time: 131.852 ms
truncate table tb_check3 ;
TRUNCATE TABLE
Time: 12647.754 ms
insert into tb_check3 select * from tb_check;
INSERT 0 10
Time: 17730.827 ms
commit;
COMMIT
Time: 18191.972 ms
check.sh|2019-12-02 17:48:12|2019-12-02 17:49:01|49
Timing is on.
begin;
BEGIN
Time: 109.709 ms
truncate table tb_check3 ;
TRUNCATE TABLE
Time: 944.330 ms
insert into tb_check3 select * from tb_check;
INSERT 0 10
Time: 1896.854 ms
commit;
COMMIT
Time: 28204.095 ms
check.sh|2019-12-02 17:49:01|2019-12-02 17:49:32|31
Timing is on.
begin;
BEGIN
Time: 62.146 ms
truncate table tb_check3 ;
TRUNCATE TABLE
Time: 451.607 ms
insert into tb_check3 select * from tb_check;
INSERT 0 10
Time: 1655.848 ms
commit;
COMMIT
Time: 47304.693 ms
check.sh|2019-12-02 17:49:33|2019-12-02 17:50:22|49
Timing is on.
begin;
BEGIN
Time: 71.073 ms
truncate table tb_check3 ;
TRUNCATE TABLE
Time: 19975.814 ms
insert into tb_check3 select * from tb_check;
INSERT 0 10
Time: 1020.484 ms
commit;
COMMIT
Time: 4040.060 ms
check.sh|2019-12-02 17:50:28|2019-12-02 17:50:53|25
Timing is on.
begin;
BEGIN
Time: 64.785 ms
truncate table tb_check3 ;
TRUNCATE TABLE
Time: 587.350 ms
insert into tb_check3 select * from tb_check;
INSERT 0 10
Time: 1999.303 ms
commit;
COMMIT
Time: 6850.309 ms
check.sh|2019-12-02 17:50:55|2019-12-02 17:51:05|10
Timing is on.
begin;
BEGIN
Time: 126.823 ms
truncate table tb_check3 ;
TRUNCATE TABLE
Time: 48168.813 ms
insert into tb_check3 select * from tb_check;
INSERT 0 10
Time: 1785.599 ms
commit;
COMMIT
Time: 8137.137 ms
check.sh|2019-12-02 17:51:14|2019-12-02 17:52:12|58
Timing is on.
begin;
BEGIN
Time: 58.717 ms
truncate table tb_check3 ;
TRUNCATE TABLE
Time: 1769.221 ms
insert into tb_check3 select * from tb_check;
INSERT 0 10
Time: 1406.646 ms
commit;
COMMIT
Time: 3341.601 ms
check.sh|2019-12-02 17:52:13|2019-12-02 17:52:20|7
Timing is on.
begin;
BEGIN
Time: 58.001 ms
truncate table tb_check3 ;
TRUNCATE TABLE
Time: 3776.551 ms
insert into tb_check3 select * from tb_check;
INSERT 0 10
Time: 1148.329 ms
commit;
COMMIT
Time: 4183.340 ms
check.sh|2019-12-02 17:52:22|2019-12-02 17:52:31|9
Timing is on.
begin;
BEGIN
Time: 84.666 ms
truncate table tb_check3 ;
TRUNCATE TABLE
Time: 1301.076 ms
insert into tb_check3 select * from tb_check;
INSERT 0 10
Time: 2601.663 ms
commit;
COMMIT
Time: 2810.331 ms
check.sh|2019-12-02 17:52:32|2019-12-02 17:52:39|7
Timing is on.
begin;
BEGIN
Time: 142.038 ms
truncate table tb_check3 ;
TRUNCATE TABLE
Time: 1357.662 ms
insert into tb_check3 select * from tb_check;
INSERT 0 10
Time: 1399.177 ms
commit;
COMMIT
Time: 4680.555 ms
check.sh|2019-12-02 17:52:39|2019-12-02 17:52:47|8
Timing is on.
begin;
BEGIN
Time: 65.148 ms
truncate table tb_check3 ;
TRUNCATE TABLE
Time: 2713.587 ms
insert into tb_check3 select * from tb_check;
INSERT 0 10
Time: 1450.112 ms
commit;
COMMIT
Time: 5551.886 ms
check.sh|2019-12-02 17:52:47|2019-12-02 17:52:57|10
Timing is on.
begin;
BEGIN
Time: 68.214 ms
truncate table tb_check3 ;
TRUNCATE TABLE
Time: 1297.396 ms
insert into tb_check3 select * from tb_check;
INSERT 0 10
Time: 1716.578 ms
commit;
COMMIT
Time: 4237.899 ms
check.sh|2019-12-02 17:53:00|2019-12-02 17:53:07|7
Timing is on.
begin;
BEGIN
Time: 144.013 ms
truncate table tb_check3 ;
TRUNCATE TABLE
Time: 451269.327 ms
insert into tb_check3 select * from tb_check;
INSERT 0 10
Time: 1471.560 ms
commit;
COMMIT
Time: 5961.158 ms
check.sh|2019-12-02 17:53:08|2019-12-02 18:00:46|458
Timing is on.
begin;
BEGIN
Time: 68.687 ms
truncate table tb_check3 ;
TRUNCATE TABLE
Time: 2455.276 ms
insert into tb_check3 select * from tb_check;
INSERT 0 10
Time: 1518.548 ms
commit;
COMMIT
Time: 3490.428 ms
check.sh|2019-12-02 18:00:47|2019-12-02 18:00:54|7
Timing is on.
begin;
BEGIN
Time: 111.887 ms
truncate table tb_check3 ;
TRUNCATE TABLE
Time: 38804.882 ms
insert into tb_check3 select * from tb_check;
INSERT 0 10
Time: 646.718 ms
commit;
COMMIT
Time: 21166.216 ms
check.sh|2019-12-02 18:00:57|2019-12-02 18:01:57|60
Timing is on.
begin;
BEGIN
Time: 82.161 ms
truncate table tb_check3 ;
TRUNCATE TABLE
Time: 912.592 ms
insert into tb_check3 select * from tb_check;
INSERT 0 10
Time: 2753.478 ms
commit;
COMMIT
Time: 4432.727 ms
check.sh|2019-12-02 18:01:58|2019-12-02 18:02:06|8
Timing is on.
begin;
BEGIN
Time: 128.845 ms
truncate table tb_check3 ;
TRUNCATE TABLE
Time: 70638.609 ms
insert into tb_check3 select * from tb_check;
INSERT 0 10
Time: 1731.497 ms
commit;
COMMIT
Time: 5741.735 ms
check.sh|2019-12-02 18:02:07|2019-12-02 18:03:25|78
Timing is on.
begin;
BEGIN
Time: 62.948 ms
truncate table tb_check3 ;
TRUNCATE TABLE
Time: 9858.341 ms
insert into tb_check3 select * from tb_check;
INSERT 0 10
Time: 1965.483 ms
commit;
COMMIT
Time: 12463.026 ms
check.sh|2019-12-02 18:03:26|2019-12-02 18:03:50|24
Timing is on.
begin;
BEGIN
Time: 146.063 ms
truncate table tb_check3 ;
TRUNCATE TABLE
Time: 42211.575 ms
insert into tb_check3 select * from tb_check;
INSERT 0 10
Time: 3211.652 ms
commit;
COMMIT
Time: 3208.468 ms
check.sh|2019-12-02 18:03:50|2019-12-02 18:04:39|49
Timing is on.
begin;
BEGIN
Time: 68.024 ms
truncate table tb_check3 ;
TRUNCATE TABLE
Time: 1222.396 ms
insert into tb_check3 select * from tb_check;
INSERT 0 10
Time: 2196.652 ms
commit;
COMMIT
Time: 7197.265 ms
check.sh|2019-12-02 18:04:39|2019-12-02 18:04:50|11
Timing is on.
begin;
BEGIN
Time: 79.115 ms
truncate table tb_check3 ;
TRUNCATE TABLE
Time: 9841.919 ms
insert into tb_check3 select * from tb_check;
INSERT 0 10
Time: 2777.496 ms
commit;
COMMIT
Time: 29054.634 ms
check.sh|2019-12-02 18:04:52|2019-12-02 18:05:34|42
Timing is on.
begin;
BEGIN
Time: 56.921 ms
truncate table tb_check3 ;
TRUNCATE TABLE
Time: 6945.468 ms
insert into tb_check3 select * from tb_check;
INSERT 0 10
Time: 2435.955 ms
commit;
COMMIT
Time: 2957.819 ms
check.sh|2019-12-02 18:05:34|2019-12-02 18:05:47|13
Timing is on.
begin;
BEGIN
Time: 64.879 ms
truncate table tb_check3 ;
TRUNCATE TABLE
Time: 2529.989 ms
insert into tb_check3 select * from tb_check;
INSERT 0 10
Time: 1615.519 ms
commit;
COMMIT
Time: 23254.065 ms
check.sh|2019-12-02 18:05:48|2019-12-02 18:06:15|27
