Timing is on.
begin;
BEGIN
Time: 116.082 ms
commit;
COMMIT
Time: 2966.855 ms
commit.sh|2019-12-02 17:06:09|2019-12-02 17:06:12|3
Timing is on.
begin;
BEGIN
Time: 184.385 ms
commit;
COMMIT
Time: 1629.838 ms
commit.sh|2019-12-02 17:06:12|2019-12-02 17:06:14|2
Timing is on.
begin;
BEGIN
Time: 150.436 ms
commit;
COMMIT
Time: 1985.864 ms
commit.sh|2019-12-02 17:06:14|2019-12-02 17:06:16|2
Timing is on.
begin;
BEGIN
Time: 114.440 ms
commit;
COMMIT
Time: 1358.209 ms
commit.sh|2019-12-02 17:06:16|2019-12-02 17:06:17|1
Timing is on.
begin;
BEGIN
Time: 112.862 ms
commit;
COMMIT
Time: 1200.162 ms
commit.sh|2019-12-02 17:06:17|2019-12-02 17:06:19|2
Timing is on.
begin;
BEGIN
Time: 70.522 ms
commit;
COMMIT
Time: 4623.991 ms
commit.sh|2019-12-02 17:06:19|2019-12-02 17:06:23|4
Timing is on.
begin;
BEGIN
Time: 130.534 ms
commit;
COMMIT
Time: 6463.673 ms
commit.sh|2019-12-02 17:06:23|2019-12-02 17:06:30|7
Timing is on.
begin;
BEGIN
Time: 83.229 ms
commit;
COMMIT
Time: 3694.220 ms
commit.sh|2019-12-02 17:06:30|2019-12-02 17:06:34|4
Timing is on.
begin;
BEGIN
Time: 89.749 ms
commit;
COMMIT
Time: 4325.262 ms
commit.sh|2019-12-02 17:06:34|2019-12-02 17:06:38|4
Timing is on.
begin;
BEGIN
Time: 134.854 ms
commit;
COMMIT
Time: 2390.101 ms
commit.sh|2019-12-02 17:06:38|2019-12-02 17:06:41|3
Timing is on.
begin;
BEGIN
Time: 59.326 ms
commit;
COMMIT
Time: 1000.943 ms
commit.sh|2019-12-02 17:06:41|2019-12-02 17:06:42|1
Timing is on.
begin;
BEGIN
Time: 184.744 ms
commit;
COMMIT
Time: 1103.974 ms
commit.sh|2019-12-02 17:06:42|2019-12-02 17:06:43|1
Timing is on.
begin;
BEGIN
Time: 174.676 ms
commit;
COMMIT
Time: 2916.224 ms
commit.sh|2019-12-02 17:06:43|2019-12-02 17:06:47|4
Timing is on.
begin;
BEGIN
Time: 57.172 ms
commit;
COMMIT
Time: 1930.491 ms
commit.sh|2019-12-02 17:06:47|2019-12-02 17:06:49|2
Timing is on.
begin;
BEGIN
Time: 69.393 ms
commit;
COMMIT
Time: 1655.794 ms
commit.sh|2019-12-02 17:06:49|2019-12-02 17:06:50|1
Timing is on.
begin;
BEGIN
Time: 75.635 ms
commit;
COMMIT
Time: 655.052 ms
commit.sh|2019-12-02 17:06:50|2019-12-02 17:06:51|1
Timing is on.
begin;
BEGIN
Time: 65.532 ms
commit;
COMMIT
Time: 1086.210 ms
commit.sh|2019-12-02 17:06:51|2019-12-02 17:06:52|1
Timing is on.
begin;
BEGIN
Time: 141.272 ms
commit;
COMMIT
Time: 5048.413 ms
commit.sh|2019-12-02 17:06:52|2019-12-02 17:06:58|6
Timing is on.
begin;
BEGIN
Time: 94.224 ms
commit;
COMMIT
Time: 2262.254 ms
commit.sh|2019-12-02 17:06:58|2019-12-02 17:07:00|2
Timing is on.
begin;
BEGIN
Time: 109.220 ms
commit;
COMMIT
Time: 1423.561 ms
commit.sh|2019-12-02 17:07:00|2019-12-02 17:07:02|2
Timing is on.
begin;
BEGIN
Time: 145.861 ms
commit;
COMMIT
Time: 9551.239 ms
commit.sh|2019-12-02 17:07:02|2019-12-02 17:07:11|9
Timing is on.
begin;
BEGIN
Time: 148.748 ms
commit;
COMMIT
Time: 15591.335 ms
commit.sh|2019-12-02 17:07:11|2019-12-02 17:07:27|16
Timing is on.
begin;
BEGIN
Time: 75.409 ms
commit;
COMMIT
Time: 4522.389 ms
commit.sh|2019-12-02 17:07:27|2019-12-02 17:07:32|5
Timing is on.
begin;
BEGIN
Time: 71.564 ms
commit;
COMMIT
Time: 4881.531 ms
commit.sh|2019-12-02 17:07:32|2019-12-02 17:07:37|5
Timing is on.
begin;
BEGIN
Time: 82.628 ms
commit;
COMMIT
Time: 1244.908 ms
commit.sh|2019-12-02 17:07:37|2019-12-02 17:07:38|1
Timing is on.
begin;
BEGIN
Time: 195.967 ms
commit;
COMMIT
Time: 628.362 ms
commit.sh|2019-12-02 17:07:38|2019-12-02 17:07:39|1
Timing is on.
begin;
BEGIN
Time: 209.285 ms
commit;
COMMIT
Time: 678.270 ms
commit.sh|2019-12-02 17:07:39|2019-12-02 17:07:40|1
Timing is on.
begin;
BEGIN
Time: 171.714 ms
commit;
COMMIT
Time: 1255.316 ms
commit.sh|2019-12-02 17:07:40|2019-12-02 17:07:41|1
Timing is on.
begin;
BEGIN
Time: 58.467 ms
commit;
COMMIT
Time: 1989.091 ms
commit.sh|2019-12-02 17:07:41|2019-12-02 17:07:43|2
Timing is on.
begin;
BEGIN
Time: 108.067 ms
commit;
COMMIT
Time: 2122.735 ms
commit.sh|2019-12-02 17:07:44|2019-12-02 17:07:46|2
Timing is on.
begin;
BEGIN
Time: 107.648 ms
commit;
COMMIT
Time: 1666.035 ms
commit.sh|2019-12-02 17:07:46|2019-12-02 17:07:48|2
Timing is on.
begin;
BEGIN
Time: 159.918 ms
commit;
COMMIT
Time: 1929.153 ms
commit.sh|2019-12-02 17:07:48|2019-12-02 17:07:50|2
Timing is on.
begin;
BEGIN
Time: 88.718 ms
commit;
COMMIT
Time: 1520.420 ms
commit.sh|2019-12-02 17:07:50|2019-12-02 17:07:51|1
Timing is on.
begin;
BEGIN
Time: 67.179 ms
commit;
COMMIT
Time: 2372.711 ms
commit.sh|2019-12-02 17:07:51|2019-12-02 17:07:54|3
Timing is on.
begin;
BEGIN
Time: 89.419 ms
commit;
COMMIT
Time: 4072.971 ms
commit.sh|2019-12-02 17:07:54|2019-12-02 17:07:58|4
Timing is on.
begin;
BEGIN
Time: 87.538 ms
commit;
COMMIT
Time: 6538.196 ms
commit.sh|2019-12-02 17:07:58|2019-12-02 17:08:05|7
Timing is on.
begin;
BEGIN
Time: 57.734 ms
commit;
COMMIT
Time: 4393.563 ms
commit.sh|2019-12-02 17:08:05|2019-12-02 17:08:09|4
Timing is on.
begin;
BEGIN
Time: 84.191 ms
commit;
COMMIT
Time: 3727.594 ms
commit.sh|2019-12-02 17:08:09|2019-12-02 17:08:13|4
Timing is on.
begin;
BEGIN
Time: 90.999 ms
commit;
COMMIT
Time: 4447.214 ms
commit.sh|2019-12-02 17:08:13|2019-12-02 17:08:18|5
Timing is on.
begin;
BEGIN
Time: 68.791 ms
commit;
COMMIT
Time: 13949.547 ms
commit.sh|2019-12-02 17:08:18|2019-12-02 17:08:32|14
Timing is on.
begin;
BEGIN
Time: 67.154 ms
commit;
COMMIT
Time: 1750.548 ms
commit.sh|2019-12-02 17:08:32|2019-12-02 17:08:34|2
Timing is on.
begin;
BEGIN
Time: 154.322 ms
commit;
COMMIT
Time: 1182.200 ms
commit.sh|2019-12-02 17:08:34|2019-12-02 17:08:35|1
Timing is on.
begin;
BEGIN
Time: 109.280 ms
commit;
COMMIT
Time: 1319.299 ms
commit.sh|2019-12-02 17:08:35|2019-12-02 17:08:36|1
Timing is on.
begin;
BEGIN
Time: 80.498 ms
commit;
COMMIT
Time: 1521.561 ms
commit.sh|2019-12-02 17:08:37|2019-12-02 17:08:38|1
Timing is on.
begin;
BEGIN
Time: 73.683 ms
commit;
COMMIT
Time: 803.163 ms
commit.sh|2019-12-02 17:08:38|2019-12-02 17:08:39|1
Timing is on.
begin;
BEGIN
Time: 123.188 ms
commit;
COMMIT
Time: 3016.352 ms
commit.sh|2019-12-02 17:08:39|2019-12-02 17:08:42|3
Timing is on.
begin;
BEGIN
Time: 77.242 ms
commit;
COMMIT
Time: 2331.116 ms
commit.sh|2019-12-02 17:08:42|2019-12-02 17:08:45|3
Timing is on.
begin;
BEGIN
Time: 90.908 ms
commit;
COMMIT
Time: 10293.525 ms
commit.sh|2019-12-02 17:08:45|2019-12-02 17:08:55|10
Timing is on.
begin;
BEGIN
Time: 84.813 ms
commit;
COMMIT
Time: 7072.988 ms
commit.sh|2019-12-02 17:08:55|2019-12-02 17:09:02|7
Timing is on.
begin;
BEGIN
Time: 69.725 ms
commit;
COMMIT
Time: 2083.800 ms
commit.sh|2019-12-02 17:09:02|2019-12-02 17:09:04|2
Timing is on.
begin;
BEGIN
Time: 189.929 ms
commit;
COMMIT
Time: 3028.999 ms
commit.sh|2019-12-02 17:09:04|2019-12-02 17:09:08|4
Timing is on.
begin;
BEGIN
Time: 93.767 ms
commit;
COMMIT
Time: 1938.849 ms
commit.sh|2019-12-02 17:09:08|2019-12-02 17:09:10|2
Timing is on.
begin;
BEGIN
Time: 85.646 ms
commit;
COMMIT
Time: 1514.693 ms
commit.sh|2019-12-02 17:09:10|2019-12-02 17:09:11|1
Timing is on.
begin;
BEGIN
Time: 81.541 ms
commit;
COMMIT
Time: 1364.780 ms
commit.sh|2019-12-02 17:09:11|2019-12-02 17:09:13|2
Timing is on.
begin;
BEGIN
Time: 133.521 ms
commit;
COMMIT
Time: 3222.129 ms
commit.sh|2019-12-02 17:09:13|2019-12-02 17:09:16|3
Timing is on.
begin;
BEGIN
Time: 62.862 ms
commit;
COMMIT
Time: 7273.026 ms
commit.sh|2019-12-02 17:09:16|2019-12-02 17:09:24|8
Timing is on.
begin;
BEGIN
Time: 62.515 ms
commit;
COMMIT
Time: 2592.911 ms
commit.sh|2019-12-02 17:09:24|2019-12-02 17:09:26|2
Timing is on.
begin;
BEGIN
Time: 80.150 ms
commit;
COMMIT
Time: 4951.709 ms
commit.sh|2019-12-02 17:09:26|2019-12-02 17:09:31|5
Timing is on.
begin;
BEGIN
Time: 93.532 ms
commit;
COMMIT
Time: 3454.211 ms
commit.sh|2019-12-02 17:09:31|2019-12-02 17:09:35|4
Timing is on.
begin;
BEGIN
Time: 83.293 ms
commit;
COMMIT
Time: 3451.476 ms
commit.sh|2019-12-02 17:09:35|2019-12-02 17:09:39|4
Timing is on.
begin;
BEGIN
Time: 112.207 ms
commit;
COMMIT
Time: 2750.569 ms
commit.sh|2019-12-02 17:09:39|2019-12-02 17:09:42|3
Timing is on.
begin;
BEGIN
Time: 76.462 ms
commit;
COMMIT
Time: 2025.922 ms
commit.sh|2019-12-02 17:09:42|2019-12-02 17:09:44|2
Timing is on.
begin;
BEGIN
Time: 144.661 ms
commit;
COMMIT
Time: 1745.511 ms
commit.sh|2019-12-02 17:09:44|2019-12-02 17:09:46|2
Timing is on.
begin;
BEGIN
Time: 145.065 ms
commit;
COMMIT
Time: 2139.542 ms
commit.sh|2019-12-02 17:09:46|2019-12-02 17:09:48|2
Timing is on.
begin;
BEGIN
Time: 83.930 ms
commit;
COMMIT
Time: 4092.152 ms
commit.sh|2019-12-02 17:09:48|2019-12-02 17:09:52|4
Timing is on.
begin;
BEGIN
Time: 122.209 ms
commit;
COMMIT
Time: 776.414 ms
commit.sh|2019-12-02 17:09:52|2019-12-02 17:09:53|1
Timing is on.
begin;
BEGIN
Time: 68.050 ms
commit;
COMMIT
Time: 1047.298 ms
commit.sh|2019-12-02 17:09:53|2019-12-02 17:09:54|1
Timing is on.
begin;
BEGIN
Time: 126.903 ms
commit;
COMMIT
Time: 1210.450 ms
commit.sh|2019-12-02 17:09:54|2019-12-02 17:09:56|2
Timing is on.
begin;
BEGIN
Time: 151.745 ms
commit;
COMMIT
Time: 1614.531 ms
commit.sh|2019-12-02 17:09:56|2019-12-02 17:09:57|1
Timing is on.
begin;
BEGIN
Time: 148.263 ms
commit;
COMMIT
Time: 8525.647 ms
commit.sh|2019-12-02 17:09:58|2019-12-02 17:10:06|8
Timing is on.
begin;
BEGIN
Time: 56.605 ms
commit;
COMMIT
Time: 8171.087 ms
commit.sh|2019-12-02 17:10:06|2019-12-02 17:10:14|8
Timing is on.
begin;
BEGIN
Time: 57.137 ms
commit;
COMMIT
Time: 6411.069 ms
commit.sh|2019-12-02 17:10:15|2019-12-02 17:10:21|6
Timing is on.
begin;
BEGIN
Time: 191.238 ms
commit;
COMMIT
Time: 17662.918 ms
commit.sh|2019-12-02 17:10:21|2019-12-02 17:10:39|18
Timing is on.
begin;
BEGIN
Time: 58.423 ms
commit;
COMMIT
Time: 6312.036 ms
commit.sh|2019-12-02 17:10:39|2019-12-02 17:10:45|6
Timing is on.
begin;
BEGIN
Time: 74.524 ms
commit;
COMMIT
Time: 651.343 ms
commit.sh|2019-12-02 17:10:45|2019-12-02 17:10:46|1
Timing is on.
begin;
BEGIN
Time: 60.338 ms
commit;
COMMIT
Time: 1723.688 ms
commit.sh|2019-12-02 17:10:46|2019-12-02 17:10:48|2
Timing is on.
begin;
BEGIN
Time: 100.048 ms
commit;
COMMIT
Time: 1090.411 ms
commit.sh|2019-12-02 17:10:48|2019-12-02 17:10:49|1
Timing is on.
begin;
BEGIN
Time: 133.439 ms
commit;
COMMIT
Time: 1704.472 ms
commit.sh|2019-12-02 17:10:49|2019-12-02 17:10:51|2
Timing is on.
begin;
BEGIN
Time: 58.757 ms
commit;
COMMIT
Time: 1899.087 ms
commit.sh|2019-12-02 17:10:51|2019-12-02 17:10:53|2
Timing is on.
begin;
BEGIN
Time: 108.579 ms
commit;
COMMIT
Time: 1872.778 ms
commit.sh|2019-12-02 17:10:53|2019-12-02 17:10:55|2
Timing is on.
begin;
BEGIN
Time: 71.528 ms
commit;
COMMIT
Time: 719.344 ms
commit.sh|2019-12-02 17:10:55|2019-12-02 17:10:56|1
Timing is on.
begin;
BEGIN
Time: 189.978 ms
commit;
COMMIT
Time: 816.600 ms
commit.sh|2019-12-02 17:10:56|2019-12-02 17:10:57|1
Timing is on.
begin;
BEGIN
Time: 252.507 ms
commit;
COMMIT
Time: 10122.154 ms
commit.sh|2019-12-02 17:10:57|2019-12-02 17:11:07|10
Timing is on.
begin;
BEGIN
Time: 59.759 ms
commit;
COMMIT
Time: 6003.723 ms
commit.sh|2019-12-02 17:11:07|2019-12-02 17:11:13|6
Timing is on.
begin;
BEGIN
Time: 88.090 ms
commit;
COMMIT
Time: 4349.313 ms
commit.sh|2019-12-02 17:11:14|2019-12-02 17:11:18|4
Timing is on.
begin;
BEGIN
Time: 102.966 ms
commit;
COMMIT
Time: 1911.512 ms
commit.sh|2019-12-02 17:11:18|2019-12-02 17:11:20|2
Timing is on.
begin;
BEGIN
Time: 57.042 ms
commit;
COMMIT
Time: 798.038 ms
commit.sh|2019-12-02 17:11:20|2019-12-02 17:11:21|1
Timing is on.
begin;
BEGIN
Time: 65.807 ms
commit;
COMMIT
Time: 1096.015 ms
commit.sh|2019-12-02 17:11:21|2019-12-02 17:11:22|1
Timing is on.
begin;
BEGIN
Time: 122.843 ms
commit;
COMMIT
Time: 2786.463 ms
commit.sh|2019-12-02 17:11:22|2019-12-02 17:11:25|3
Timing is on.
begin;
BEGIN
Time: 116.914 ms
commit;
COMMIT
Time: 1208.090 ms
commit.sh|2019-12-02 17:11:25|2019-12-02 17:11:26|1
Timing is on.
begin;
BEGIN
Time: 135.027 ms
commit;
COMMIT
Time: 7750.483 ms
commit.sh|2019-12-02 17:11:26|2019-12-02 17:11:34|8
Timing is on.
begin;
BEGIN
Time: 126.209 ms
commit;
COMMIT
Time: 1366.382 ms
commit.sh|2019-12-02 17:11:34|2019-12-02 17:11:36|2
Timing is on.
begin;
BEGIN
Time: 60.259 ms
commit;
COMMIT
Time: 611.716 ms
commit.sh|2019-12-02 17:11:36|2019-12-02 17:11:37|1
Timing is on.
begin;
BEGIN
Time: 142.697 ms
commit;
COMMIT
Time: 1125.783 ms
commit.sh|2019-12-02 17:11:37|2019-12-02 17:11:38|1
Timing is on.
begin;
BEGIN
Time: 174.628 ms
commit;
COMMIT
Time: 2451.840 ms
commit.sh|2019-12-02 17:11:38|2019-12-02 17:11:41|3
Timing is on.
begin;
BEGIN
Time: 81.605 ms
commit;
COMMIT
Time: 1241.128 ms
commit.sh|2019-12-02 17:11:41|2019-12-02 17:11:42|1
Timing is on.
begin;
BEGIN
Time: 83.713 ms
commit;
COMMIT
Time: 1388.557 ms
commit.sh|2019-12-02 17:11:42|2019-12-02 17:11:43|1
Timing is on.
begin;
BEGIN
Time: 77.621 ms
commit;
COMMIT
Time: 10588.122 ms
commit.sh|2019-12-02 17:11:44|2019-12-02 17:11:54|10
Timing is on.
begin;
BEGIN
Time: 58.326 ms
commit;
COMMIT
Time: 5059.671 ms
commit.sh|2019-12-02 17:11:54|2019-12-02 17:11:59|5
Timing is on.
begin;
BEGIN
Time: 62.294 ms
commit;
COMMIT
Time: 3440.977 ms
commit.sh|2019-12-02 17:11:59|2019-12-02 17:12:03|4
Timing is on.
begin;
BEGIN
Time: 61.937 ms
commit;
COMMIT
Time: 2388.449 ms
commit.sh|2019-12-02 17:12:03|2019-12-02 17:12:05|2
Timing is on.
begin;
BEGIN
Time: 70.156 ms
commit;
COMMIT
Time: 1732.515 ms
commit.sh|2019-12-02 17:12:05|2019-12-02 17:12:07|2
Timing is on.
begin;
BEGIN
Time: 107.203 ms
commit;
COMMIT
Time: 1780.155 ms
commit.sh|2019-12-02 17:12:07|2019-12-02 17:12:09|2
Timing is on.
begin;
BEGIN
Time: 163.141 ms
commit;
COMMIT
Time: 4289.667 ms
commit.sh|2019-12-02 17:12:09|2019-12-02 17:12:14|5
Timing is on.
begin;
BEGIN
Time: 88.819 ms
commit;
COMMIT
Time: 2072.602 ms
commit.sh|2019-12-02 17:12:14|2019-12-02 17:12:16|2
Timing is on.
begin;
BEGIN
Time: 67.703 ms
commit;
COMMIT
Time: 750.766 ms
commit.sh|2019-12-02 17:12:16|2019-12-02 17:12:17|1
Timing is on.
begin;
BEGIN
Time: 93.429 ms
commit;
COMMIT
Time: 751.741 ms
commit.sh|2019-12-02 17:12:17|2019-12-02 17:12:18|1
Timing is on.
begin;
BEGIN
Time: 126.067 ms
commit;
COMMIT
Time: 1795.750 ms
commit.sh|2019-12-02 17:12:18|2019-12-02 17:12:20|2
Timing is on.
begin;
BEGIN
Time: 150.770 ms
commit;
COMMIT
Time: 1737.695 ms
commit.sh|2019-12-02 17:12:20|2019-12-02 17:12:21|1
Timing is on.
begin;
BEGIN
Time: 103.176 ms
commit;
COMMIT
Time: 2359.761 ms
commit.sh|2019-12-02 17:12:21|2019-12-02 17:12:24|3
Timing is on.
begin;
BEGIN
Time: 66.402 ms
commit;
COMMIT
Time: 1906.528 ms
commit.sh|2019-12-02 17:12:24|2019-12-02 17:12:26|2
Timing is on.
begin;
BEGIN
Time: 72.941 ms
commit;
COMMIT
Time: 3994.412 ms
commit.sh|2019-12-02 17:12:26|2019-12-02 17:12:30|4
Timing is on.
begin;
BEGIN
Time: 115.712 ms
commit;
COMMIT
Time: 2885.427 ms
commit.sh|2019-12-02 17:12:30|2019-12-02 17:12:33|3
Timing is on.
begin;
BEGIN
Time: 79.067 ms
commit;
COMMIT
Time: 2775.603 ms
commit.sh|2019-12-02 17:12:33|2019-12-02 17:12:36|3
Timing is on.
begin;
BEGIN
Time: 63.045 ms
commit;
COMMIT
Time: 2671.103 ms
commit.sh|2019-12-02 17:12:36|2019-12-02 17:12:39|3
Timing is on.
begin;
BEGIN
Time: 94.750 ms
commit;
COMMIT
Time: 1082.965 ms
commit.sh|2019-12-02 17:12:39|2019-12-02 17:12:40|1
Timing is on.
begin;
BEGIN
Time: 156.371 ms
commit;
COMMIT
Time: 1483.473 ms
commit.sh|2019-12-02 17:12:40|2019-12-02 17:12:42|2
Timing is on.
begin;
BEGIN
Time: 151.654 ms
commit;
COMMIT
Time: 2206.637 ms
commit.sh|2019-12-02 17:12:42|2019-12-02 17:12:44|2
Timing is on.
begin;
BEGIN
Time: 98.365 ms
commit;
COMMIT
Time: 1997.496 ms
commit.sh|2019-12-02 17:12:44|2019-12-02 17:12:46|2
Timing is on.
begin;
BEGIN
Time: 76.641 ms
commit;
COMMIT
Time: 963.733 ms
commit.sh|2019-12-02 17:12:46|2019-12-02 17:12:47|1
Timing is on.
begin;
BEGIN
Time: 58.917 ms
commit;
COMMIT
Time: 1498.605 ms
commit.sh|2019-12-02 17:12:47|2019-12-02 17:12:49|2
Timing is on.
begin;
BEGIN
Time: 160.932 ms
commit;
COMMIT
Time: 4660.883 ms
commit.sh|2019-12-02 17:12:49|2019-12-02 17:12:54|5
Timing is on.
begin;
BEGIN
Time: 117.319 ms
commit;
COMMIT
Time: 3489.211 ms
commit.sh|2019-12-02 17:12:54|2019-12-02 17:12:57|3
Timing is on.
begin;
BEGIN
Time: 65.498 ms
commit;
COMMIT
Time: 2961.479 ms
commit.sh|2019-12-02 17:12:57|2019-12-02 17:13:01|4
Timing is on.
begin;
BEGIN
Time: 58.489 ms
commit;
COMMIT
Time: 1132.957 ms
commit.sh|2019-12-02 17:13:01|2019-12-02 17:13:02|1
Timing is on.
begin;
BEGIN
Time: 132.967 ms
commit;
COMMIT
Time: 1428.227 ms
commit.sh|2019-12-02 17:13:02|2019-12-02 17:13:03|1
Timing is on.
begin;
BEGIN
Time: 159.396 ms
commit;
COMMIT
Time: 1413.087 ms
commit.sh|2019-12-02 17:13:03|2019-12-02 17:13:05|2
Timing is on.
begin;
BEGIN
Time: 97.910 ms
commit;
COMMIT
Time: 1598.145 ms
commit.sh|2019-12-02 17:13:05|2019-12-02 17:13:07|2
Timing is on.
begin;
BEGIN
Time: 75.805 ms
commit;
COMMIT
Time: 1547.122 ms
commit.sh|2019-12-02 17:13:07|2019-12-02 17:13:08|1
Timing is on.
begin;
BEGIN
Time: 63.980 ms
commit;
COMMIT
Time: 2338.139 ms
commit.sh|2019-12-02 17:13:08|2019-12-02 17:13:11|3
Timing is on.
begin;
BEGIN
Time: 90.991 ms
commit;
COMMIT
Time: 1362.320 ms
commit.sh|2019-12-02 17:13:11|2019-12-02 17:13:12|1
Timing is on.
begin;
BEGIN
Time: 155.259 ms
commit;
COMMIT
Time: 9155.643 ms
commit.sh|2019-12-02 17:13:12|2019-12-02 17:13:22|10
Timing is on.
begin;
BEGIN
Time: 103.643 ms
commit;
COMMIT
Time: 14269.722 ms
commit.sh|2019-12-02 17:13:22|2019-12-02 17:13:36|14
Timing is on.
begin;
BEGIN
Time: 72.878 ms
commit;
COMMIT
Time: 6646.049 ms
commit.sh|2019-12-02 17:13:36|2019-12-02 17:13:43|7
Timing is on.
begin;
BEGIN
Time: 69.395 ms
commit;
COMMIT
Time: 7023.274 ms
commit.sh|2019-12-02 17:13:43|2019-12-02 17:13:50|7
Timing is on.
begin;
BEGIN
Time: 162.123 ms
commit;
COMMIT
Time: 620.958 ms
commit.sh|2019-12-02 17:13:50|2019-12-02 17:13:51|1
Timing is on.
begin;
BEGIN
Time: 120.248 ms
commit;
COMMIT
Time: 1924.784 ms
commit.sh|2019-12-02 17:13:51|2019-12-02 17:13:53|2
Timing is on.
begin;
BEGIN
Time: 137.505 ms
commit;
COMMIT
Time: 1159.598 ms
commit.sh|2019-12-02 17:13:53|2019-12-02 17:13:54|1
Timing is on.
begin;
BEGIN
Time: 128.953 ms
commit;
COMMIT
Time: 1139.824 ms
commit.sh|2019-12-02 17:13:54|2019-12-02 17:13:56|2
Timing is on.
begin;
BEGIN
Time: 68.996 ms
commit;
COMMIT
Time: 1045.701 ms
commit.sh|2019-12-02 17:13:56|2019-12-02 17:13:57|1
Timing is on.
begin;
BEGIN
Time: 70.460 ms
commit;
COMMIT
Time: 1203.934 ms
commit.sh|2019-12-02 17:13:57|2019-12-02 17:13:58|1
Timing is on.
begin;
BEGIN
Time: 145.136 ms
commit;
COMMIT
Time: 1533.325 ms
commit.sh|2019-12-02 17:13:58|2019-12-02 17:14:00|2
Timing is on.
begin;
BEGIN
Time: 136.149 ms
commit;
COMMIT
Time: 1241.724 ms
commit.sh|2019-12-02 17:14:00|2019-12-02 17:14:01|1
Timing is on.
begin;
BEGIN
Time: 119.818 ms
commit;
COMMIT
Time: 2231.308 ms
commit.sh|2019-12-02 17:14:01|2019-12-02 17:14:04|3
Timing is on.
begin;
BEGIN
Time: 121.944 ms
commit;
COMMIT
Time: 11969.735 ms
commit.sh|2019-12-02 17:14:04|2019-12-02 17:14:16|12
Timing is on.
begin;
BEGIN
Time: 57.263 ms
commit;
COMMIT
Time: 2181.577 ms
commit.sh|2019-12-02 17:14:16|2019-12-02 17:14:18|2
Timing is on.
begin;
BEGIN
Time: 129.824 ms
commit;
COMMIT
Time: 5531.898 ms
commit.sh|2019-12-02 17:14:18|2019-12-02 17:14:24|6
Timing is on.
begin;
BEGIN
Time: 60.858 ms
commit;
COMMIT
Time: 2814.560 ms
commit.sh|2019-12-02 17:14:24|2019-12-02 17:14:27|3
Timing is on.
begin;
BEGIN
Time: 68.339 ms
commit;
COMMIT
Time: 1801.490 ms
commit.sh|2019-12-02 17:14:27|2019-12-02 17:14:28|1
Timing is on.
begin;
BEGIN
Time: 71.512 ms
commit;
COMMIT
Time: 1421.975 ms
commit.sh|2019-12-02 17:14:28|2019-12-02 17:14:30|2
Timing is on.
begin;
BEGIN
Time: 136.818 ms
commit;
COMMIT
Time: 788.314 ms
commit.sh|2019-12-02 17:14:30|2019-12-02 17:14:31|1
Timing is on.
begin;
BEGIN
Time: 159.412 ms
commit;
COMMIT
Time: 854.996 ms
commit.sh|2019-12-02 17:14:31|2019-12-02 17:14:32|1
Timing is on.
begin;
BEGIN
Time: 234.445 ms
commit;
COMMIT
Time: 1254.126 ms
commit.sh|2019-12-02 17:14:32|2019-12-02 17:14:34|2
Timing is on.
begin;
BEGIN
Time: 264.794 ms
commit;
COMMIT
Time: 2087.255 ms
commit.sh|2019-12-02 17:14:34|2019-12-02 17:14:36|2
Timing is on.
begin;
BEGIN
Time: 106.121 ms
commit;
COMMIT
Time: 1425.953 ms
commit.sh|2019-12-02 17:14:36|2019-12-02 17:14:38|2
Timing is on.
begin;
BEGIN
Time: 169.514 ms
commit;
COMMIT
Time: 3607.970 ms
commit.sh|2019-12-02 17:14:38|2019-12-02 17:14:41|3
Timing is on.
begin;
BEGIN
Time: 70.085 ms
commit;
COMMIT
Time: 1131.589 ms
commit.sh|2019-12-02 17:14:41|2019-12-02 17:14:43|2
Timing is on.
begin;
BEGIN
Time: 150.837 ms
commit;
COMMIT
Time: 1834.605 ms
commit.sh|2019-12-02 17:14:43|2019-12-02 17:14:45|2
Timing is on.
begin;
BEGIN
Time: 59.367 ms
commit;
COMMIT
Time: 8629.960 ms
commit.sh|2019-12-02 17:14:45|2019-12-02 17:14:53|8
Timing is on.
begin;
BEGIN
Time: 89.144 ms
commit;
COMMIT
Time: 7134.996 ms
commit.sh|2019-12-02 17:14:53|2019-12-02 17:15:01|8
Timing is on.
begin;
BEGIN
Time: 77.365 ms
commit;
COMMIT
Time: 1381.670 ms
commit.sh|2019-12-02 17:15:01|2019-12-02 17:15:02|1
Timing is on.
begin;
BEGIN
Time: 126.502 ms
commit;
COMMIT
Time: 2689.442 ms
commit.sh|2019-12-02 17:15:02|2019-12-02 17:15:05|3
Timing is on.
begin;
BEGIN
Time: 107.728 ms
commit;
COMMIT
Time: 2464.441 ms
commit.sh|2019-12-02 17:15:05|2019-12-02 17:15:08|3
Timing is on.
begin;
BEGIN
Time: 71.360 ms
commit;
COMMIT
Time: 2236.577 ms
commit.sh|2019-12-02 17:15:08|2019-12-02 17:15:10|2
Timing is on.
begin;
BEGIN
Time: 68.823 ms
commit;
COMMIT
Time: 529.241 ms
commit.sh|2019-12-02 17:15:10|2019-12-02 17:15:11|1
Timing is on.
begin;
BEGIN
Time: 61.582 ms
commit;
COMMIT
Time: 1429.943 ms
commit.sh|2019-12-02 17:15:11|2019-12-02 17:15:12|1
Timing is on.
begin;
BEGIN
Time: 151.293 ms
commit;
COMMIT
Time: 3297.815 ms
commit.sh|2019-12-02 17:15:12|2019-12-02 17:15:16|4
Timing is on.
begin;
BEGIN
Time: 105.639 ms
commit;
COMMIT
Time: 2040.032 ms
commit.sh|2019-12-02 17:15:16|2019-12-02 17:15:18|2
Timing is on.
begin;
BEGIN
Time: 106.630 ms
commit;
COMMIT
Time: 7796.830 ms
commit.sh|2019-12-02 17:15:18|2019-12-02 17:15:26|8
Timing is on.
begin;
BEGIN
Time: 98.656 ms
commit;
COMMIT
Time: 23936.241 ms
commit.sh|2019-12-02 17:15:26|2019-12-02 17:15:50|24
Timing is on.
begin;
BEGIN
Time: 160.400 ms
commit;
COMMIT
Time: 2243.901 ms
commit.sh|2019-12-02 17:15:50|2019-12-02 17:15:52|2
Timing is on.
begin;
BEGIN
Time: 132.266 ms
commit;
COMMIT
Time: 610.760 ms
commit.sh|2019-12-02 17:15:52|2019-12-02 17:15:53|1
Timing is on.
begin;
BEGIN
Time: 176.331 ms
commit;
COMMIT
Time: 1748.340 ms
commit.sh|2019-12-02 17:15:53|2019-12-02 17:15:55|2
Timing is on.
begin;
BEGIN
Time: 84.512 ms
commit;
COMMIT
Time: 1132.144 ms
commit.sh|2019-12-02 17:15:55|2019-12-02 17:15:56|1
Timing is on.
begin;
BEGIN
Time: 62.202 ms
commit;
COMMIT
Time: 933.697 ms
commit.sh|2019-12-02 17:15:56|2019-12-02 17:15:57|1
Timing is on.
begin;
BEGIN
Time: 172.489 ms
commit;
COMMIT
Time: 2215.483 ms
commit.sh|2019-12-02 17:15:57|2019-12-02 17:16:00|3
Timing is on.
begin;
BEGIN
Time: 57.709 ms
commit;
COMMIT
Time: 2106.345 ms
commit.sh|2019-12-02 17:16:00|2019-12-02 17:16:02|2
Timing is on.
begin;
BEGIN
Time: 119.121 ms
commit;
COMMIT
Time: 1175.971 ms
commit.sh|2019-12-02 17:16:02|2019-12-02 17:16:03|1
Timing is on.
begin;
BEGIN
Time: 59.748 ms
commit;
COMMIT
Time: 5351.540 ms
commit.sh|2019-12-02 17:16:03|2019-12-02 17:16:09|6
Timing is on.
begin;
BEGIN
Time: 67.761 ms
commit;
COMMIT
Time: 6224.499 ms
commit.sh|2019-12-02 17:16:09|2019-12-02 17:16:15|6
Timing is on.
begin;
BEGIN
Time: 129.064 ms
commit;
COMMIT
Time: 4531.302 ms
commit.sh|2019-12-02 17:16:15|2019-12-02 17:16:20|5
Timing is on.
begin;
BEGIN
Time: 61.006 ms
commit;
COMMIT
Time: 2945.152 ms
commit.sh|2019-12-02 17:16:20|2019-12-02 17:16:23|3
Timing is on.
begin;
BEGIN
Time: 61.569 ms
commit;
COMMIT
Time: 1401.629 ms
commit.sh|2019-12-02 17:16:23|2019-12-02 17:16:24|1
Timing is on.
begin;
BEGIN
Time: 106.702 ms
commit;
COMMIT
Time: 846.955 ms
commit.sh|2019-12-02 17:16:24|2019-12-02 17:16:25|1
Timing is on.
begin;
BEGIN
Time: 139.927 ms
commit;
COMMIT
Time: 1513.434 ms
commit.sh|2019-12-02 17:16:25|2019-12-02 17:16:27|2
Timing is on.
begin;
BEGIN
Time: 121.149 ms
commit;
COMMIT
Time: 1353.421 ms
commit.sh|2019-12-02 17:16:27|2019-12-02 17:16:29|2
Timing is on.
begin;
BEGIN
Time: 59.037 ms
commit;
COMMIT
Time: 1796.729 ms
commit.sh|2019-12-02 17:16:29|2019-12-02 17:16:30|1
Timing is on.
begin;
BEGIN
Time: 91.594 ms
commit;
COMMIT
Time: 2041.033 ms
commit.sh|2019-12-02 17:16:31|2019-12-02 17:16:33|2
Timing is on.
begin;
BEGIN
Time: 80.714 ms
commit;
COMMIT
Time: 1701.457 ms
commit.sh|2019-12-02 17:16:33|2019-12-02 17:16:34|1
Timing is on.
begin;
BEGIN
Time: 138.755 ms
commit;
COMMIT
Time: 1764.770 ms
commit.sh|2019-12-02 17:16:35|2019-12-02 17:16:36|1
Timing is on.
begin;
BEGIN
Time: 169.289 ms
commit;
COMMIT
Time: 7523.858 ms
commit.sh|2019-12-02 17:16:36|2019-12-02 17:16:44|8
Timing is on.
begin;
BEGIN
Time: 56.811 ms
commit;
COMMIT
Time: 5914.938 ms
commit.sh|2019-12-02 17:16:44|2019-12-02 17:16:50|6
Timing is on.
begin;
BEGIN
Time: 65.282 ms
commit;
COMMIT
Time: 3907.912 ms
commit.sh|2019-12-02 17:16:50|2019-12-02 17:16:54|4
Timing is on.
begin;
BEGIN
Time: 78.209 ms
commit;
COMMIT
Time: 818.058 ms
commit.sh|2019-12-02 17:16:54|2019-12-02 17:16:55|1
Timing is on.
begin;
BEGIN
Time: 137.096 ms
commit;
COMMIT
Time: 390.970 ms
commit.sh|2019-12-02 17:16:55|2019-12-02 17:16:56|1
Timing is on.
begin;
BEGIN
Time: 168.901 ms
commit;
COMMIT
Time: 4130.067 ms
commit.sh|2019-12-02 17:16:56|2019-12-02 17:17:00|4
Timing is on.
begin;
BEGIN
Time: 63.970 ms
commit;
COMMIT
Time: 2130.158 ms
commit.sh|2019-12-02 17:17:00|2019-12-02 17:17:02|2
Timing is on.
begin;
BEGIN
Time: 71.625 ms
commit;
COMMIT
Time: 1551.147 ms
commit.sh|2019-12-02 17:17:02|2019-12-02 17:17:04|2
Timing is on.
begin;
BEGIN
Time: 79.809 ms
commit;
COMMIT
Time: 2417.143 ms
commit.sh|2019-12-02 17:17:04|2019-12-02 17:17:06|2
Timing is on.
begin;
BEGIN
Time: 68.179 ms
commit;
COMMIT
Time: 856.628 ms
commit.sh|2019-12-02 17:17:06|2019-12-02 17:17:07|1
Timing is on.
begin;
BEGIN
Time: 171.227 ms
commit;
COMMIT
Time: 1059.861 ms
commit.sh|2019-12-02 17:17:07|2019-12-02 17:17:09|2
Timing is on.
begin;
BEGIN
Time: 158.459 ms
commit;
COMMIT
Time: 4421.861 ms
commit.sh|2019-12-02 17:17:09|2019-12-02 17:17:13|4
Timing is on.
begin;
BEGIN
Time: 88.426 ms
commit;
COMMIT
Time: 6383.879 ms
commit.sh|2019-12-02 17:17:13|2019-12-02 17:17:20|7
Timing is on.
begin;
BEGIN
Time: 77.299 ms
commit;
COMMIT
Time: 5564.749 ms
commit.sh|2019-12-02 17:17:20|2019-12-02 17:17:26|6
Timing is on.
begin;
BEGIN
Time: 60.525 ms
commit;
COMMIT
Time: 961.790 ms
commit.sh|2019-12-02 17:17:26|2019-12-02 17:17:27|1
Timing is on.
begin;
BEGIN
Time: 160.845 ms
commit;
COMMIT
Time: 918.024 ms
commit.sh|2019-12-02 17:17:27|2019-12-02 17:17:28|1
Timing is on.
begin;
BEGIN
Time: 542.206 ms
commit;
COMMIT
Time: 2285.055 ms
commit.sh|2019-12-02 17:17:28|2019-12-02 17:17:31|3
Timing is on.
begin;
BEGIN
Time: 135.996 ms
commit;
COMMIT
Time: 1721.334 ms
commit.sh|2019-12-02 17:17:31|2019-12-02 17:17:33|2
Timing is on.
begin;
BEGIN
Time: 63.637 ms
commit;
COMMIT
Time: 1421.360 ms
commit.sh|2019-12-02 17:17:33|2019-12-02 17:17:34|1
Timing is on.
begin;
BEGIN
Time: 61.768 ms
commit;
COMMIT
Time: 976.495 ms
commit.sh|2019-12-02 17:17:34|2019-12-02 17:17:35|1
Timing is on.
begin;
BEGIN
Time: 159.067 ms
commit;
COMMIT
Time: 1708.306 ms
commit.sh|2019-12-02 17:17:35|2019-12-02 17:17:37|2
Timing is on.
begin;
BEGIN
Time: 196.676 ms
commit;
COMMIT
Time: 1399.160 ms
commit.sh|2019-12-02 17:17:37|2019-12-02 17:17:39|2
Timing is on.
begin;
BEGIN
Time: 76.507 ms
commit;
COMMIT
Time: 1736.992 ms
commit.sh|2019-12-02 17:17:39|2019-12-02 17:17:41|2
Timing is on.
begin;
BEGIN
Time: 60.258 ms
commit;
COMMIT
Time: 2821.652 ms
commit.sh|2019-12-02 17:17:41|2019-12-02 17:17:43|2
Timing is on.
begin;
BEGIN
Time: 62.677 ms
commit;
COMMIT
Time: 2820.931 ms
commit.sh|2019-12-02 17:17:43|2019-12-02 17:17:46|3
Timing is on.
begin;
BEGIN
Time: 135.656 ms
commit;
COMMIT
Time: 9196.819 ms
commit.sh|2019-12-02 17:17:46|2019-12-02 17:17:56|10
Timing is on.
begin;
BEGIN
Time: 77.459 ms
commit;
COMMIT
Time: 4021.426 ms
commit.sh|2019-12-02 17:17:56|2019-12-02 17:18:00|4
Timing is on.
begin;
BEGIN
Time: 78.036 ms
commit;
COMMIT
Time: 2901.660 ms
commit.sh|2019-12-02 17:18:00|2019-12-02 17:18:03|3
Timing is on.
begin;
BEGIN
Time: 56.332 ms
commit;
COMMIT
Time: 2024.166 ms
commit.sh|2019-12-02 17:18:03|2019-12-02 17:18:05|2
Timing is on.
begin;
BEGIN
Time: 164.386 ms
commit;
COMMIT
Time: 2540.597 ms
commit.sh|2019-12-02 17:18:05|2019-12-02 17:18:08|3
Timing is on.
begin;
BEGIN
Time: 117.948 ms
commit;
COMMIT
Time: 2261.999 ms
commit.sh|2019-12-02 17:18:08|2019-12-02 17:18:10|2
Timing is on.
begin;
BEGIN
Time: 75.983 ms
commit;
COMMIT
Time: 1017.907 ms
commit.sh|2019-12-02 17:18:10|2019-12-02 17:18:11|1
Timing is on.
begin;
BEGIN
Time: 71.937 ms
commit;
COMMIT
Time: 630.891 ms
commit.sh|2019-12-02 17:18:11|2019-12-02 17:18:12|1
Timing is on.
begin;
BEGIN
Time: 74.794 ms
commit;
COMMIT
Time: 1384.996 ms
commit.sh|2019-12-02 17:18:12|2019-12-02 17:18:14|2
Timing is on.
begin;
BEGIN
Time: 185.448 ms
commit;
COMMIT
Time: 2137.459 ms
commit.sh|2019-12-02 17:18:14|2019-12-02 17:18:16|2
Timing is on.
begin;
BEGIN
Time: 90.890 ms
commit;
COMMIT
Time: 2171.475 ms
commit.sh|2019-12-02 17:18:16|2019-12-02 17:18:18|2
Timing is on.
begin;
BEGIN
Time: 106.550 ms
commit;
COMMIT
Time: 2535.164 ms
commit.sh|2019-12-02 17:18:18|2019-12-02 17:18:21|3
Timing is on.
begin;
BEGIN
Time: 68.884 ms
commit;
COMMIT
Time: 8854.832 ms
commit.sh|2019-12-02 17:18:21|2019-12-02 17:18:30|9
Timing is on.
begin;
BEGIN
Time: 180.956 ms
commit;
COMMIT
Time: 1244.878 ms
commit.sh|2019-12-02 17:18:30|2019-12-02 17:18:31|1
Timing is on.
begin;
BEGIN
Time: 178.991 ms
commit;
COMMIT
Time: 1637.489 ms
commit.sh|2019-12-02 17:18:32|2019-12-02 17:18:33|1
Timing is on.
begin;
BEGIN
Time: 125.348 ms
commit;
COMMIT
Time: 3979.616 ms
commit.sh|2019-12-02 17:18:33|2019-12-02 17:18:37|4
Timing is on.
begin;
BEGIN
Time: 105.251 ms
commit;
COMMIT
Time: 2538.849 ms
commit.sh|2019-12-02 17:18:38|2019-12-02 17:18:40|2
Timing is on.
begin;
BEGIN
Time: 89.282 ms
commit;
COMMIT
Time: 1448.390 ms
commit.sh|2019-12-02 17:18:40|2019-12-02 17:18:42|2
Timing is on.
begin;
BEGIN
Time: 90.019 ms
commit;
COMMIT
Time: 3841.800 ms
commit.sh|2019-12-02 17:18:42|2019-12-02 17:18:46|4
Timing is on.
begin;
BEGIN
Time: 59.694 ms
commit;
COMMIT
Time: 1942.823 ms
commit.sh|2019-12-02 17:18:46|2019-12-02 17:18:48|2
Timing is on.
begin;
BEGIN
Time: 107.200 ms
commit;
COMMIT
Time: 1812.888 ms
commit.sh|2019-12-02 17:18:48|2019-12-02 17:18:50|2
Timing is on.
begin;
BEGIN
Time: 108.041 ms
commit;
COMMIT
Time: 1707.686 ms
commit.sh|2019-12-02 17:18:50|2019-12-02 17:18:52|2
Timing is on.
begin;
BEGIN
Time: 66.786 ms
commit;
COMMIT
Time: 3891.308 ms
commit.sh|2019-12-02 17:18:52|2019-12-02 17:18:56|4
Timing is on.
begin;
BEGIN
Time: 119.641 ms
commit;
COMMIT
Time: 9879.931 ms
commit.sh|2019-12-02 17:18:56|2019-12-02 17:19:06|10
Timing is on.
begin;
BEGIN
Time: 79.228 ms
commit;
COMMIT
Time: 2700.521 ms
commit.sh|2019-12-02 17:19:06|2019-12-02 17:19:09|3
Timing is on.
begin;
BEGIN
Time: 85.988 ms
commit;
COMMIT
Time: 2379.918 ms
commit.sh|2019-12-02 17:19:09|2019-12-02 17:19:11|2
Timing is on.
begin;
BEGIN
Time: 87.915 ms
commit;
COMMIT
Time: 1629.262 ms
commit.sh|2019-12-02 17:19:11|2019-12-02 17:19:13|2
Timing is on.
begin;
BEGIN
Time: 158.023 ms
commit;
COMMIT
Time: 2672.389 ms
commit.sh|2019-12-02 17:19:13|2019-12-02 17:19:16|3
Timing is on.
begin;
BEGIN
Time: 71.883 ms
commit;
COMMIT
Time: 2609.456 ms
commit.sh|2019-12-02 17:19:16|2019-12-02 17:19:18|2
Timing is on.
begin;
BEGIN
Time: 93.218 ms
commit;
COMMIT
Time: 1678.790 ms
commit.sh|2019-12-02 17:19:19|2019-12-02 17:19:20|1
Timing is on.
begin;
BEGIN
Time: 73.282 ms
commit;
COMMIT
Time: 889.499 ms
commit.sh|2019-12-02 17:19:20|2019-12-02 17:19:21|1
Timing is on.
begin;
BEGIN
Time: 157.626 ms
commit;
COMMIT
Time: 5506.526 ms
commit.sh|2019-12-02 17:19:21|2019-12-02 17:19:27|6
Timing is on.
begin;
BEGIN
Time: 97.121 ms
commit;
COMMIT
Time: 1468.497 ms
commit.sh|2019-12-02 17:19:27|2019-12-02 17:19:29|2
Timing is on.
begin;
BEGIN
Time: 120.659 ms
commit;
COMMIT
Time: 1077.400 ms
commit.sh|2019-12-02 17:19:29|2019-12-02 17:19:30|1
Timing is on.
begin;
BEGIN
Time: 62.775 ms
commit;
COMMIT
Time: 8814.157 ms
commit.sh|2019-12-02 17:19:30|2019-12-02 17:19:39|9
Timing is on.
begin;
BEGIN
Time: 74.931 ms
commit;
COMMIT
Time: 1593.054 ms
commit.sh|2019-12-02 17:19:39|2019-12-02 17:19:41|2
Timing is on.
begin;
BEGIN
Time: 131.086 ms
commit;
COMMIT
Time: 765.177 ms
commit.sh|2019-12-02 17:19:41|2019-12-02 17:19:41|0
Timing is on.
begin;
BEGIN
Time: 228.851 ms
commit;
COMMIT
Time: 1689.118 ms
commit.sh|2019-12-02 17:19:41|2019-12-02 17:19:43|2
Timing is on.
begin;
BEGIN
Time: 78.043 ms
commit;
COMMIT
Time: 2646.784 ms
commit.sh|2019-12-02 17:19:43|2019-12-02 17:19:46|3
Timing is on.
begin;
BEGIN
Time: 68.770 ms
commit;
COMMIT
Time: 2064.871 ms
commit.sh|2019-12-02 17:19:46|2019-12-02 17:19:48|2
Timing is on.
begin;
BEGIN
Time: 105.849 ms
commit;
COMMIT
Time: 2382.442 ms
commit.sh|2019-12-02 17:19:48|2019-12-02 17:19:51|3
Timing is on.
begin;
BEGIN
Time: 130.210 ms
commit;
COMMIT
Time: 2481.606 ms
commit.sh|2019-12-02 17:19:51|2019-12-02 17:19:54|3
Timing is on.
begin;
BEGIN
Time: 117.706 ms
commit;
COMMIT
Time: 1843.462 ms
commit.sh|2019-12-02 17:19:54|2019-12-02 17:19:56|2
Timing is on.
begin;
BEGIN
Time: 75.010 ms
commit;
COMMIT
Time: 1352.801 ms
commit.sh|2019-12-02 17:19:56|2019-12-02 17:19:57|1
Timing is on.
begin;
BEGIN
Time: 59.225 ms
commit;
COMMIT
Time: 1628.010 ms
commit.sh|2019-12-02 17:19:57|2019-12-02 17:19:59|2
Timing is on.
begin;
BEGIN
Time: 92.541 ms
commit;
COMMIT
Time: 10393.310 ms
commit.sh|2019-12-02 17:19:59|2019-12-02 17:20:09|10
Timing is on.
begin;
BEGIN
Time: 71.365 ms
commit;
COMMIT
Time: 6177.278 ms
commit.sh|2019-12-02 17:20:09|2019-12-02 17:20:16|7
Timing is on.
begin;
BEGIN
Time: 129.495 ms
commit;
COMMIT
Time: 4658.993 ms
commit.sh|2019-12-02 17:20:16|2019-12-02 17:20:20|4
Timing is on.
begin;
BEGIN
Time: 106.185 ms
commit;
COMMIT
Time: 964.785 ms
commit.sh|2019-12-02 17:20:20|2019-12-02 17:20:21|1
Timing is on.
begin;
BEGIN
Time: 66.533 ms
commit;
COMMIT
Time: 2133.690 ms
commit.sh|2019-12-02 17:20:21|2019-12-02 17:20:24|3
Timing is on.
begin;
BEGIN
Time: 163.070 ms
commit;
COMMIT
Time: 25743.025 ms
commit.sh|2019-12-02 17:20:24|2019-12-02 17:20:50|26
Timing is on.
begin;
BEGIN
Time: 79.720 ms
commit;
COMMIT
Time: 1614.480 ms
commit.sh|2019-12-02 17:20:50|2019-12-02 17:20:51|1
Timing is on.
begin;
BEGIN
Time: 73.283 ms
commit;
COMMIT
Time: 1839.363 ms
commit.sh|2019-12-02 17:20:51|2019-12-02 17:20:53|2
Timing is on.
begin;
BEGIN
Time: 73.953 ms
commit;
COMMIT
Time: 940.046 ms
commit.sh|2019-12-02 17:20:53|2019-12-02 17:20:54|1
Timing is on.
begin;
BEGIN
Time: 68.246 ms
commit;
COMMIT
Time: 1171.478 ms
commit.sh|2019-12-02 17:20:54|2019-12-02 17:20:56|2
Timing is on.
begin;
BEGIN
Time: 151.147 ms
commit;
COMMIT
Time: 1283.583 ms
commit.sh|2019-12-02 17:20:56|2019-12-02 17:20:57|1
Timing is on.
begin;
BEGIN
Time: 101.152 ms
commit;
COMMIT
Time: 2778.632 ms
commit.sh|2019-12-02 17:20:57|2019-12-02 17:21:00|3
Timing is on.
begin;
BEGIN
Time: 57.471 ms
commit;
COMMIT
Time: 1305.655 ms
commit.sh|2019-12-02 17:21:00|2019-12-02 17:21:01|1
Timing is on.
begin;
BEGIN
Time: 111.730 ms
commit;
COMMIT
Time: 8917.953 ms
commit.sh|2019-12-02 17:21:01|2019-12-02 17:21:11|10
Timing is on.
begin;
BEGIN
Time: 62.103 ms
commit;
COMMIT
Time: 5482.870 ms
commit.sh|2019-12-02 17:21:11|2019-12-02 17:21:16|5
Timing is on.
begin;
BEGIN
Time: 57.562 ms
commit;
COMMIT
Time: 6894.489 ms
commit.sh|2019-12-02 17:21:16|2019-12-02 17:21:23|7
Timing is on.
begin;
BEGIN
Time: 88.366 ms
commit;
COMMIT
Time: 1752.140 ms
commit.sh|2019-12-02 17:21:23|2019-12-02 17:21:25|2
Timing is on.
begin;
BEGIN
Time: 92.727 ms
commit;
COMMIT
Time: 1696.433 ms
commit.sh|2019-12-02 17:21:25|2019-12-02 17:21:27|2
Timing is on.
begin;
BEGIN
Time: 81.958 ms
commit;
COMMIT
Time: 1723.533 ms
commit.sh|2019-12-02 17:21:27|2019-12-02 17:21:29|2
Timing is on.
begin;
BEGIN
Time: 146.724 ms
commit;
COMMIT
Time: 1717.010 ms
commit.sh|2019-12-02 17:21:29|2019-12-02 17:21:31|2
Timing is on.
begin;
BEGIN
Time: 113.938 ms
commit;
COMMIT
Time: 735.307 ms
commit.sh|2019-12-02 17:21:31|2019-12-02 17:21:31|0
Timing is on.
begin;
BEGIN
Time: 76.935 ms
commit;
COMMIT
Time: 2055.971 ms
commit.sh|2019-12-02 17:21:31|2019-12-02 17:21:34|3
Timing is on.
begin;
BEGIN
Time: 56.939 ms
commit;
COMMIT
Time: 1654.401 ms
commit.sh|2019-12-02 17:21:34|2019-12-02 17:21:35|1
Timing is on.
begin;
BEGIN
Time: 83.736 ms
commit;
COMMIT
Time: 1214.598 ms
commit.sh|2019-12-02 17:21:35|2019-12-02 17:21:37|2
Timing is on.
begin;
BEGIN
Time: 110.670 ms
commit;
COMMIT
Time: 1403.513 ms
commit.sh|2019-12-02 17:21:37|2019-12-02 17:21:38|1
Timing is on.
begin;
BEGIN
Time: 144.408 ms
commit;
COMMIT
Time: 6517.922 ms
commit.sh|2019-12-02 17:21:38|2019-12-02 17:21:45|7
Timing is on.
begin;
BEGIN
Time: 81.777 ms
commit;
COMMIT
Time: 6279.258 ms
commit.sh|2019-12-02 17:21:45|2019-12-02 17:21:51|6
Timing is on.
begin;
BEGIN
Time: 68.434 ms
commit;
COMMIT
Time: 3486.820 ms
commit.sh|2019-12-02 17:21:51|2019-12-02 17:21:55|4
Timing is on.
begin;
BEGIN
Time: 75.825 ms
commit;
COMMIT
Time: 2315.349 ms
commit.sh|2019-12-02 17:21:55|2019-12-02 17:21:57|2
Timing is on.
begin;
BEGIN
Time: 156.842 ms
commit;
COMMIT
Time: 1379.553 ms
commit.sh|2019-12-02 17:21:57|2019-12-02 17:21:59|2
Timing is on.
begin;
BEGIN
Time: 86.750 ms
commit;
COMMIT
Time: 2787.958 ms
commit.sh|2019-12-02 17:21:59|2019-12-02 17:22:02|3
Timing is on.
begin;
BEGIN
Time: 98.870 ms
commit;
COMMIT
Time: 1713.370 ms
commit.sh|2019-12-02 17:22:02|2019-12-02 17:22:04|2
Timing is on.
begin;
BEGIN
Time: 57.649 ms
commit;
COMMIT
Time: 1261.580 ms
commit.sh|2019-12-02 17:22:04|2019-12-02 17:22:05|1
Timing is on.
begin;
BEGIN
Time: 125.936 ms
commit;
COMMIT
Time: 75961.733 ms
commit.sh|2019-12-02 17:22:05|2019-12-02 17:23:21|76
Timing is on.
begin;
BEGIN
Time: 128.772 ms
commit;
COMMIT
Time: 1202.149 ms
commit.sh|2019-12-02 17:23:21|2019-12-02 17:23:23|2
Timing is on.
begin;
BEGIN
Time: 64.606 ms
commit;
COMMIT
Time: 3605.654 ms
commit.sh|2019-12-02 17:23:23|2019-12-02 17:23:26|3
Timing is on.
begin;
BEGIN
Time: 102.425 ms
commit;
COMMIT
Time: 764.826 ms
commit.sh|2019-12-02 17:23:26|2019-12-02 17:23:27|1
Timing is on.
begin;
BEGIN
Time: 177.236 ms
commit;
COMMIT
Time: 613.905 ms
commit.sh|2019-12-02 17:23:27|2019-12-02 17:23:28|1
Timing is on.
begin;
BEGIN
Time: 214.207 ms
commit;
COMMIT
Time: 11217.158 ms
commit.sh|2019-12-02 17:23:28|2019-12-02 17:23:39|11
Timing is on.
begin;
BEGIN
Time: 127.926 ms
commit;
COMMIT
Time: 3222.811 ms
commit.sh|2019-12-02 17:23:40|2019-12-02 17:23:43|3
Timing is on.
begin;
BEGIN
Time: 67.347 ms
commit;
COMMIT
Time: 2079.507 ms
commit.sh|2019-12-02 17:23:43|2019-12-02 17:23:45|2
Timing is on.
begin;
BEGIN
Time: 90.530 ms
commit;
COMMIT
Time: 1641.944 ms
commit.sh|2019-12-02 17:23:45|2019-12-02 17:23:47|2
Timing is on.
begin;
BEGIN
Time: 138.820 ms
commit;
COMMIT
Time: 1921.519 ms
commit.sh|2019-12-02 17:23:47|2019-12-02 17:23:49|2
Timing is on.
begin;
BEGIN
Time: 159.396 ms
commit;
COMMIT
Time: 1209.163 ms
commit.sh|2019-12-02 17:23:49|2019-12-02 17:23:50|1
Timing is on.
begin;
BEGIN
Time: 64.506 ms
commit;
COMMIT
Time: 7199.783 ms
commit.sh|2019-12-02 17:23:50|2019-12-02 17:23:58|8
Timing is on.
begin;
BEGIN
Time: 56.447 ms
commit;
COMMIT
Time: 7267.298 ms
commit.sh|2019-12-02 17:23:58|2019-12-02 17:24:05|7
Timing is on.
begin;
BEGIN
Time: 73.117 ms
commit;
COMMIT
Time: 1028.862 ms
commit.sh|2019-12-02 17:24:05|2019-12-02 17:24:06|1
Timing is on.
begin;
BEGIN
Time: 60.233 ms
commit;
COMMIT
Time: 1137.859 ms
commit.sh|2019-12-02 17:24:06|2019-12-02 17:24:07|1
Timing is on.
begin;
BEGIN
Time: 171.817 ms
commit;
COMMIT
Time: 1573.168 ms
commit.sh|2019-12-02 17:24:07|2019-12-02 17:24:09|2
Timing is on.
begin;
BEGIN
Time: 117.489 ms
commit;
COMMIT
Time: 5522.643 ms
commit.sh|2019-12-02 17:24:09|2019-12-02 17:24:15|6
Timing is on.
begin;
BEGIN
Time: 60.376 ms
commit;
COMMIT
Time: 8666.481 ms
commit.sh|2019-12-02 17:24:15|2019-12-02 17:24:24|9
Timing is on.
begin;
BEGIN
Time: 127.446 ms
commit;
COMMIT
Time: 5371.322 ms
commit.sh|2019-12-02 17:24:24|2019-12-02 17:24:29|5
Timing is on.
begin;
BEGIN
Time: 121.650 ms
commit;
COMMIT
Time: 1627.203 ms
commit.sh|2019-12-02 17:24:29|2019-12-02 17:24:31|2
Timing is on.
begin;
BEGIN
Time: 142.092 ms
commit;
COMMIT
Time: 3518.325 ms
commit.sh|2019-12-02 17:24:31|2019-12-02 17:24:35|4
Timing is on.
begin;
BEGIN
Time: 88.846 ms
commit;
COMMIT
Time: 2154.915 ms
commit.sh|2019-12-02 17:24:35|2019-12-02 17:24:37|2
Timing is on.
begin;
BEGIN
Time: 92.931 ms
commit;
COMMIT
Time: 844.735 ms
commit.sh|2019-12-02 17:24:37|2019-12-02 17:24:38|1
Timing is on.
begin;
BEGIN
Time: 89.657 ms
commit;
COMMIT
Time: 727.403 ms
commit.sh|2019-12-02 17:24:38|2019-12-02 17:24:39|1
Timing is on.
begin;
BEGIN
Time: 117.495 ms
commit;
COMMIT
Time: 19371.274 ms
commit.sh|2019-12-02 17:24:39|2019-12-02 17:24:58|19
Timing is on.
begin;
BEGIN
Time: 145.389 ms
commit;
COMMIT
Time: 1501.651 ms
commit.sh|2019-12-02 17:24:58|2019-12-02 17:25:00|2
Timing is on.
begin;
BEGIN
Time: 63.220 ms
commit;
COMMIT
Time: 5025.014 ms
commit.sh|2019-12-02 17:25:00|2019-12-02 17:25:05|5
Timing is on.
begin;
BEGIN
Time: 59.964 ms
commit;
COMMIT
Time: 793.398 ms
commit.sh|2019-12-02 17:25:05|2019-12-02 17:25:06|1
Timing is on.
begin;
BEGIN
Time: 103.845 ms
commit;
COMMIT
Time: 2802.419 ms
commit.sh|2019-12-02 17:25:06|2019-12-02 17:25:09|3
Timing is on.
begin;
BEGIN
Time: 142.736 ms
commit;
COMMIT
Time: 52915.503 ms
commit.sh|2019-12-02 17:25:09|2019-12-02 17:26:02|53
Timing is on.
begin;
BEGIN
Time: 114.373 ms
commit;
COMMIT
Time: 1660.904 ms
commit.sh|2019-12-02 17:26:02|2019-12-02 17:26:04|2
Timing is on.
begin;
BEGIN
Time: 142.873 ms
commit;
COMMIT
Time: 1070.187 ms
commit.sh|2019-12-02 17:26:04|2019-12-02 17:26:05|1
Timing is on.
begin;
BEGIN
Time: 60.835 ms
commit;
COMMIT
Time: 1363.869 ms
commit.sh|2019-12-02 17:26:05|2019-12-02 17:26:07|2
Timing is on.
begin;
BEGIN
Time: 164.210 ms
commit;
COMMIT
Time: 586.024 ms
commit.sh|2019-12-02 17:26:07|2019-12-02 17:26:07|0
Timing is on.
begin;
BEGIN
Time: 192.874 ms
commit;
COMMIT
Time: 838.053 ms
commit.sh|2019-12-02 17:26:07|2019-12-02 17:26:09|2
Timing is on.
begin;
BEGIN
Time: 165.210 ms
commit;
COMMIT
Time: 20525.868 ms
commit.sh|2019-12-02 17:26:09|2019-12-02 17:26:29|20
Timing is on.
begin;
BEGIN
Time: 58.830 ms
commit;
COMMIT
Time: 1311.427 ms
commit.sh|2019-12-02 17:26:29|2019-12-02 17:26:31|2
Timing is on.
begin;
BEGIN
Time: 115.274 ms
commit;
COMMIT
Time: 931.818 ms
commit.sh|2019-12-02 17:26:31|2019-12-02 17:26:32|1
Timing is on.
begin;
BEGIN
Time: 69.668 ms
commit;
COMMIT
Time: 4840.082 ms
commit.sh|2019-12-02 17:26:32|2019-12-02 17:26:37|5
Timing is on.
begin;
BEGIN
Time: 154.656 ms
commit;
COMMIT
Time: 7444.226 ms
commit.sh|2019-12-02 17:26:37|2019-12-02 17:26:44|7
Timing is on.
begin;
BEGIN
Time: 60.477 ms
commit;
COMMIT
Time: 10117.541 ms
commit.sh|2019-12-02 17:26:44|2019-12-02 17:26:55|11
Timing is on.
begin;
BEGIN
Time: 107.716 ms
commit;
COMMIT
Time: 2923.282 ms
commit.sh|2019-12-02 17:26:55|2019-12-02 17:26:58|3
Timing is on.
begin;
BEGIN
Time: 63.200 ms
commit;
COMMIT
Time: 1792.674 ms
commit.sh|2019-12-02 17:26:58|2019-12-02 17:27:00|2
Timing is on.
begin;
BEGIN
Time: 161.066 ms
commit;
COMMIT
Time: 1423.827 ms
commit.sh|2019-12-02 17:27:00|2019-12-02 17:27:01|1
Timing is on.
begin;
BEGIN
Time: 179.903 ms
commit;
COMMIT
Time: 2390.822 ms
commit.sh|2019-12-02 17:27:01|2019-12-02 17:27:04|3
Timing is on.
begin;
BEGIN
Time: 107.425 ms
commit;
COMMIT
Time: 2723.576 ms
commit.sh|2019-12-02 17:27:04|2019-12-02 17:27:07|3
Timing is on.
begin;
BEGIN
Time: 79.640 ms
commit;
COMMIT
Time: 1283.907 ms
commit.sh|2019-12-02 17:27:07|2019-12-02 17:27:08|1
Timing is on.
begin;
BEGIN
Time: 168.054 ms
commit;
COMMIT
Time: 4347.190 ms
commit.sh|2019-12-02 17:27:08|2019-12-02 17:27:13|5
Timing is on.
begin;
BEGIN
Time: 71.720 ms
commit;
COMMIT
Time: 1571.615 ms
commit.sh|2019-12-02 17:27:13|2019-12-02 17:27:14|1
Timing is on.
begin;
BEGIN
Time: 85.090 ms
commit;
COMMIT
Time: 1504.733 ms
commit.sh|2019-12-02 17:27:14|2019-12-02 17:27:16|2
Timing is on.
begin;
BEGIN
Time: 74.434 ms
commit;
COMMIT
Time: 720.806 ms
commit.sh|2019-12-02 17:27:16|2019-12-02 17:27:17|1
Timing is on.
begin;
BEGIN
Time: 62.834 ms
commit;
COMMIT
Time: 25041.377 ms
commit.sh|2019-12-02 17:27:17|2019-12-02 17:27:42|25
Timing is on.
begin;
BEGIN
Time: 127.921 ms
commit;
COMMIT
Time: 26110.719 ms
commit.sh|2019-12-02 17:27:42|2019-12-02 17:28:08|26
Timing is on.
begin;
BEGIN
Time: 107.065 ms
commit;
COMMIT
Time: 3497.830 ms
commit.sh|2019-12-02 17:28:08|2019-12-02 17:28:12|4
Timing is on.
begin;
BEGIN
Time: 57.297 ms
commit;
COMMIT
Time: 1821.786 ms
commit.sh|2019-12-02 17:28:12|2019-12-02 17:28:14|2
Timing is on.
begin;
BEGIN
Time: 74.595 ms
commit;
COMMIT
Time: 2293.557 ms
commit.sh|2019-12-02 17:28:14|2019-12-02 17:28:16|2
Timing is on.
begin;
BEGIN
Time: 173.323 ms
commit;
COMMIT
Time: 1346.362 ms
commit.sh|2019-12-02 17:28:16|2019-12-02 17:28:18|2
Timing is on.
begin;
BEGIN
Time: 123.211 ms
commit;
COMMIT
Time: 1112.905 ms
commit.sh|2019-12-02 17:28:18|2019-12-02 17:28:19|1
Timing is on.
begin;
BEGIN
Time: 106.188 ms
commit;
COMMIT
Time: 1912.385 ms
commit.sh|2019-12-02 17:28:19|2019-12-02 17:28:21|2
Timing is on.
begin;
BEGIN
Time: 82.795 ms
commit;
COMMIT
Time: 27932.159 ms
commit.sh|2019-12-02 17:28:21|2019-12-02 17:28:49|28
Timing is on.
begin;
BEGIN
Time: 79.569 ms
commit;
COMMIT
Time: 1086.978 ms
commit.sh|2019-12-02 17:28:49|2019-12-02 17:28:50|1
Timing is on.
begin;
BEGIN
Time: 151.890 ms
commit;
COMMIT
Time: 1440.463 ms
commit.sh|2019-12-02 17:28:50|2019-12-02 17:28:52|2
Timing is on.
begin;
BEGIN
Time: 165.366 ms
commit;
COMMIT
Time: 1345.350 ms
commit.sh|2019-12-02 17:28:52|2019-12-02 17:28:54|2
Timing is on.
begin;
BEGIN
Time: 79.005 ms
commit;
COMMIT
Time: 1428.694 ms
commit.sh|2019-12-02 17:28:54|2019-12-02 17:28:55|1
Timing is on.
begin;
BEGIN
Time: 60.256 ms
commit;
COMMIT
Time: 7996.249 ms
commit.sh|2019-12-02 17:28:55|2019-12-02 17:29:03|8
Timing is on.
begin;
BEGIN
Time: 109.230 ms
commit;
COMMIT
Time: 5881.213 ms
commit.sh|2019-12-02 17:29:03|2019-12-02 17:29:09|6
Timing is on.
begin;
BEGIN
Time: 264.262 ms
commit;
COMMIT
Time: 4117.951 ms
commit.sh|2019-12-02 17:29:09|2019-12-02 17:29:14|5
Timing is on.
begin;
BEGIN
Time: 70.620 ms
commit;
COMMIT
Time: 1772.256 ms
commit.sh|2019-12-02 17:29:14|2019-12-02 17:29:16|2
Timing is on.
begin;
BEGIN
Time: 84.330 ms
commit;
COMMIT
Time: 1898.885 ms
commit.sh|2019-12-02 17:29:16|2019-12-02 17:29:18|2
Timing is on.
begin;
BEGIN
Time: 98.572 ms
commit;
COMMIT
Time: 1696.730 ms
commit.sh|2019-12-02 17:29:18|2019-12-02 17:29:19|1
Timing is on.
begin;
BEGIN
Time: 126.652 ms
commit;
COMMIT
Time: 2216.705 ms
commit.sh|2019-12-02 17:29:19|2019-12-02 17:29:22|3
Timing is on.
begin;
BEGIN
Time: 90.838 ms
commit;
COMMIT
Time: 50726.499 ms
commit.sh|2019-12-02 17:29:22|2019-12-02 17:30:13|51
Timing is on.
begin;
BEGIN
Time: 70.685 ms
commit;
COMMIT
Time: 4719.216 ms
commit.sh|2019-12-02 17:30:13|2019-12-02 17:30:18|5
Timing is on.
begin;
BEGIN
Time: 116.020 ms
commit;
COMMIT
Time: 1342.536 ms
commit.sh|2019-12-02 17:30:18|2019-12-02 17:30:19|1
Timing is on.
begin;
BEGIN
Time: 61.769 ms
commit;
COMMIT
Time: 1431.742 ms
commit.sh|2019-12-02 17:30:19|2019-12-02 17:30:21|2
Timing is on.
begin;
BEGIN
Time: 151.051 ms
commit;
COMMIT
Time: 1314.875 ms
commit.sh|2019-12-02 17:30:21|2019-12-02 17:30:22|1
Timing is on.
begin;
BEGIN
Time: 171.096 ms
commit;
COMMIT
Time: 36112.679 ms
commit.sh|2019-12-02 17:30:22|2019-12-02 17:30:58|36
Timing is on.
begin;
BEGIN
Time: 99.868 ms
commit;
COMMIT
Time: 7660.357 ms
commit.sh|2019-12-02 17:30:58|2019-12-02 17:31:06|8
Timing is on.
begin;
BEGIN
Time: 134.629 ms
commit;
COMMIT
Time: 600.881 ms
commit.sh|2019-12-02 17:31:06|2019-12-02 17:31:07|1
Timing is on.
begin;
BEGIN
Time: 204.463 ms
commit;
COMMIT
Time: 495.198 ms
commit.sh|2019-12-02 17:31:07|2019-12-02 17:31:08|1
Timing is on.
begin;
BEGIN
Time: 155.814 ms
commit;
COMMIT
Time: 729.798 ms
commit.sh|2019-12-02 17:31:08|2019-12-02 17:31:09|1
Timing is on.
begin;
BEGIN
Time: 205.276 ms
commit;
COMMIT
Time: 852.634 ms
commit.sh|2019-12-02 17:31:09|2019-12-02 17:31:10|1
Timing is on.
begin;
BEGIN
Time: 138.759 ms
commit;
COMMIT
Time: 1808.874 ms
commit.sh|2019-12-02 17:31:10|2019-12-02 17:31:12|2
Timing is on.
begin;
BEGIN
Time: 120.540 ms
commit;
COMMIT
Time: 1761.456 ms
commit.sh|2019-12-02 17:31:12|2019-12-02 17:31:14|2
Timing is on.
begin;
BEGIN
Time: 77.209 ms
commit;
COMMIT
Time: 1280.003 ms
commit.sh|2019-12-02 17:31:14|2019-12-02 17:31:15|1
Timing is on.
begin;
BEGIN
Time: 74.322 ms
commit;
COMMIT
Time: 1630.064 ms
commit.sh|2019-12-02 17:31:15|2019-12-02 17:31:17|2
Timing is on.
begin;
BEGIN
Time: 151.728 ms
commit;
COMMIT
Time: 1552.374 ms
commit.sh|2019-12-02 17:31:17|2019-12-02 17:31:19|2
Timing is on.
begin;
BEGIN
Time: 78.228 ms
commit;
COMMIT
Time: 2405.168 ms
commit.sh|2019-12-02 17:31:19|2019-12-02 17:31:21|2
Timing is on.
begin;
BEGIN
Time: 111.417 ms
commit;
COMMIT
Time: 1923.079 ms
commit.sh|2019-12-02 17:31:21|2019-12-02 17:31:23|2
Timing is on.
begin;
BEGIN
Time: 91.013 ms
commit;
COMMIT
Time: 1229.836 ms
commit.sh|2019-12-02 17:31:23|2019-12-02 17:31:25|2
Timing is on.
begin;
BEGIN
Time: 136.731 ms
commit;
COMMIT
Time: 31064.171 ms
commit.sh|2019-12-02 17:31:25|2019-12-02 17:31:56|31
Timing is on.
begin;
BEGIN
Time: 77.715 ms
commit;
COMMIT
Time: 6199.719 ms
commit.sh|2019-12-02 17:31:56|2019-12-02 17:32:02|6
Timing is on.
begin;
BEGIN
Time: 82.954 ms
commit;
COMMIT
Time: 5135.539 ms
commit.sh|2019-12-02 17:32:02|2019-12-02 17:32:07|5
Timing is on.
begin;
BEGIN
Time: 93.254 ms
commit;
COMMIT
Time: 5693.355 ms
commit.sh|2019-12-02 17:32:07|2019-12-02 17:32:13|6
Timing is on.
begin;
BEGIN
Time: 80.929 ms
commit;
COMMIT
Time: 1169.008 ms
commit.sh|2019-12-02 17:32:13|2019-12-02 17:32:14|1
Timing is on.
begin;
BEGIN
Time: 176.355 ms
commit;
COMMIT
Time: 895.666 ms
commit.sh|2019-12-02 17:32:14|2019-12-02 17:32:16|2
Timing is on.
begin;
BEGIN
Time: 199.872 ms
commit;
COMMIT
Time: 735.040 ms
commit.sh|2019-12-02 17:32:16|2019-12-02 17:32:17|1
Timing is on.
begin;
BEGIN
Time: 90.366 ms
commit;
COMMIT
Time: 1296.548 ms
commit.sh|2019-12-02 17:32:17|2019-12-02 17:32:18|1
Timing is on.
begin;
BEGIN
Time: 85.118 ms
commit;
COMMIT
Time: 1063.187 ms
commit.sh|2019-12-02 17:32:18|2019-12-02 17:32:19|1
Timing is on.
begin;
BEGIN
Time: 75.713 ms
commit;
COMMIT
Time: 811.493 ms
commit.sh|2019-12-02 17:32:19|2019-12-02 17:32:20|1
Timing is on.
begin;
BEGIN
Time: 63.394 ms
commit;
COMMIT
Time: 1845.987 ms
commit.sh|2019-12-02 17:32:20|2019-12-02 17:32:22|2
Timing is on.
begin;
BEGIN
Time: 74.620 ms
commit;
COMMIT
Time: 1165.554 ms
commit.sh|2019-12-02 17:32:22|2019-12-02 17:32:23|1
Timing is on.
begin;
BEGIN
Time: 234.138 ms
commit;
COMMIT
Time: 1154.395 ms
commit.sh|2019-12-02 17:32:23|2019-12-02 17:32:25|2
Timing is on.
begin;
BEGIN
Time: 189.168 ms
commit;
COMMIT
Time: 2436.342 ms
commit.sh|2019-12-02 17:32:25|2019-12-02 17:32:27|2
Timing is on.
begin;
BEGIN
Time: 83.685 ms
commit;
COMMIT
Time: 4389.277 ms
commit.sh|2019-12-02 17:32:27|2019-12-02 17:32:32|5
Timing is on.
begin;
BEGIN
Time: 58.053 ms
commit;
COMMIT
Time: 86990.544 ms
commit.sh|2019-12-02 17:32:32|2019-12-02 17:33:59|87
Timing is on.
begin;
BEGIN
Time: 68.716 ms
commit;
COMMIT
Time: 2636.806 ms
commit.sh|2019-12-02 17:33:59|2019-12-02 17:34:02|3
Timing is on.
begin;
BEGIN
Time: 123.575 ms
commit;
COMMIT
Time: 1837.140 ms
commit.sh|2019-12-02 17:34:02|2019-12-02 17:34:04|2
Timing is on.
begin;
BEGIN
Time: 78.121 ms
commit;
COMMIT
Time: 1572.497 ms
commit.sh|2019-12-02 17:34:04|2019-12-02 17:34:06|2
Timing is on.
begin;
BEGIN
Time: 108.878 ms
commit;
COMMIT
Time: 1040.408 ms
commit.sh|2019-12-02 17:34:06|2019-12-02 17:34:07|1
Timing is on.
begin;
BEGIN
Time: 90.239 ms
commit;
COMMIT
Time: 1313.495 ms
commit.sh|2019-12-02 17:34:07|2019-12-02 17:34:08|1
Timing is on.
begin;
BEGIN
Time: 133.294 ms
commit;
COMMIT
Time: 1797.054 ms
commit.sh|2019-12-02 17:34:08|2019-12-02 17:34:10|2
Timing is on.
begin;
BEGIN
Time: 102.776 ms
commit;
COMMIT
Time: 2498.751 ms
commit.sh|2019-12-02 17:34:10|2019-12-02 17:34:13|3
Timing is on.
begin;
BEGIN
Time: 64.011 ms
commit;
COMMIT
Time: 2352.825 ms
commit.sh|2019-12-02 17:34:13|2019-12-02 17:34:15|2
Timing is on.
begin;
BEGIN
Time: 67.894 ms
commit;
COMMIT
Time: 7895.702 ms
commit.sh|2019-12-02 17:34:15|2019-12-02 17:34:23|8
Timing is on.
begin;
BEGIN
Time: 55.379 ms
commit;
COMMIT
Time: 21261.812 ms
commit.sh|2019-12-02 17:34:23|2019-12-02 17:34:45|22
Timing is on.
begin;
BEGIN
Time: 57.184 ms
commit;
COMMIT
Time: 3707.060 ms
commit.sh|2019-12-02 17:34:45|2019-12-02 17:34:48|3
Timing is on.
begin;
BEGIN
Time: 59.502 ms
commit;
COMMIT
Time: 8171.717 ms
commit.sh|2019-12-02 17:34:48|2019-12-02 17:34:57|9
Timing is on.
begin;
BEGIN
Time: 57.627 ms
commit;
COMMIT
Time: 1685.399 ms
commit.sh|2019-12-02 17:34:57|2019-12-02 17:34:58|1
Timing is on.
begin;
BEGIN
Time: 100.628 ms
commit;
COMMIT
Time: 813.385 ms
commit.sh|2019-12-02 17:34:58|2019-12-02 17:34:59|1
Timing is on.
begin;
BEGIN
Time: 158.776 ms
commit;
COMMIT
Time: 1259.620 ms
commit.sh|2019-12-02 17:34:59|2019-12-02 17:35:01|2
Timing is on.
begin;
BEGIN
Time: 146.181 ms
commit;
COMMIT
Time: 934.043 ms
commit.sh|2019-12-02 17:35:01|2019-12-02 17:35:02|1
Timing is on.
begin;
BEGIN
Time: 151.672 ms
commit;
COMMIT
Time: 2350.979 ms
commit.sh|2019-12-02 17:35:02|2019-12-02 17:35:05|3
Timing is on.
begin;
BEGIN
Time: 76.029 ms
commit;
COMMIT
Time: 2122.600 ms
commit.sh|2019-12-02 17:35:05|2019-12-02 17:35:07|2
Timing is on.
begin;
BEGIN
Time: 69.778 ms
commit;
COMMIT
Time: 822.096 ms
commit.sh|2019-12-02 17:35:07|2019-12-02 17:35:08|1
Timing is on.
begin;
BEGIN
Time: 69.664 ms
commit;
COMMIT
Time: 2364.983 ms
commit.sh|2019-12-02 17:35:08|2019-12-02 17:35:10|2
Timing is on.
begin;
BEGIN
Time: 61.852 ms
commit;
COMMIT
Time: 38416.770 ms
commit.sh|2019-12-02 17:35:10|2019-12-02 17:35:49|39
Timing is on.
begin;
BEGIN
Time: 102.644 ms
commit;
COMMIT
Time: 41979.496 ms
commit.sh|2019-12-02 17:35:49|2019-12-02 17:36:31|42
Timing is on.
begin;
BEGIN
Time: 83.723 ms
commit;
COMMIT
Time: 3069.899 ms
commit.sh|2019-12-02 17:36:31|2019-12-02 17:36:34|3
Timing is on.
begin;
BEGIN
Time: 60.050 ms
commit;
COMMIT
Time: 978.558 ms
commit.sh|2019-12-02 17:36:34|2019-12-02 17:36:35|1
Timing is on.
begin;
BEGIN
Time: 120.532 ms
commit;
COMMIT
Time: 1515.872 ms
commit.sh|2019-12-02 17:36:35|2019-12-02 17:36:37|2
Timing is on.
begin;
BEGIN
Time: 111.188 ms
commit;
COMMIT
Time: 742.446 ms
commit.sh|2019-12-02 17:36:37|2019-12-02 17:36:38|1
Timing is on.
begin;
BEGIN
Time: 111.977 ms
commit;
COMMIT
Time: 1453.717 ms
commit.sh|2019-12-02 17:36:38|2019-12-02 17:36:39|1
Timing is on.
begin;
BEGIN
Time: 60.155 ms
commit;
COMMIT
Time: 2062.163 ms
commit.sh|2019-12-02 17:36:39|2019-12-02 17:36:41|2
Timing is on.
begin;
BEGIN
Time: 66.302 ms
commit;
COMMIT
Time: 1348.992 ms
commit.sh|2019-12-02 17:36:41|2019-12-02 17:36:43|2
Timing is on.
begin;
BEGIN
Time: 67.519 ms
commit;
COMMIT
Time: 7794.617 ms
commit.sh|2019-12-02 17:36:43|2019-12-02 17:36:51|8
Timing is on.
begin;
BEGIN
Time: 63.242 ms
commit;
COMMIT
Time: 34001.049 ms
commit.sh|2019-12-02 17:36:51|2019-12-02 17:37:25|34
Timing is on.
begin;
BEGIN
Time: 75.816 ms
commit;
COMMIT
Time: 6889.465 ms
commit.sh|2019-12-02 17:37:25|2019-12-02 17:37:32|7
Timing is on.
begin;
BEGIN
Time: 132.166 ms
commit;
COMMIT
Time: 6362.609 ms
commit.sh|2019-12-02 17:37:32|2019-12-02 17:37:38|6
Timing is on.
begin;
BEGIN
Time: 62.905 ms
commit;
COMMIT
Time: 13069.665 ms
commit.sh|2019-12-02 17:37:38|2019-12-02 17:37:52|14
Timing is on.
begin;
BEGIN
Time: 136.417 ms
commit;
COMMIT
Time: 1477.817 ms
commit.sh|2019-12-02 17:37:52|2019-12-02 17:37:53|1
Timing is on.
begin;
BEGIN
Time: 134.553 ms
commit;
COMMIT
Time: 1831.611 ms
commit.sh|2019-12-02 17:37:53|2019-12-02 17:37:55|2
Timing is on.
begin;
BEGIN
Time: 92.713 ms
commit;
COMMIT
Time: 1531.657 ms
commit.sh|2019-12-02 17:37:55|2019-12-02 17:37:57|2
Timing is on.
begin;
BEGIN
Time: 77.249 ms
commit;
COMMIT
Time: 1341.582 ms
commit.sh|2019-12-02 17:37:57|2019-12-02 17:37:58|1
Timing is on.
begin;
BEGIN
Time: 63.662 ms
commit;
COMMIT
Time: 1671.808 ms
commit.sh|2019-12-02 17:37:58|2019-12-02 17:38:00|2
Timing is on.
begin;
BEGIN
Time: 136.117 ms
commit;
COMMIT
Time: 1321.105 ms
commit.sh|2019-12-02 17:38:00|2019-12-02 17:38:02|2
Timing is on.
begin;
BEGIN
Time: 133.510 ms
commit;
COMMIT
Time: 7300.432 ms
commit.sh|2019-12-02 17:38:02|2019-12-02 17:38:09|7
Timing is on.
begin;
BEGIN
Time: 126.049 ms
commit;
COMMIT
Time: 1975.848 ms
commit.sh|2019-12-02 17:38:09|2019-12-02 17:38:11|2
Timing is on.
begin;
BEGIN
Time: 70.483 ms
commit;
COMMIT
Time: 1405.172 ms
commit.sh|2019-12-02 17:38:11|2019-12-02 17:38:13|2
Timing is on.
begin;
BEGIN
Time: 83.570 ms
commit;
COMMIT
Time: 45688.376 ms
commit.sh|2019-12-02 17:38:13|2019-12-02 17:38:59|46
Timing is on.
begin;
BEGIN
Time: 115.411 ms
commit;
COMMIT
Time: 3650.305 ms
commit.sh|2019-12-02 17:38:59|2019-12-02 17:39:02|3
Timing is on.
begin;
BEGIN
Time: 65.627 ms
commit;
COMMIT
Time: 1378.544 ms
commit.sh|2019-12-02 17:39:02|2019-12-02 17:39:04|2
Timing is on.
begin;
BEGIN
Time: 132.184 ms
commit;
COMMIT
Time: 6087.119 ms
commit.sh|2019-12-02 17:39:04|2019-12-02 17:39:10|6
Timing is on.
begin;
BEGIN
Time: 56.870 ms
commit;
COMMIT
Time: 5720.828 ms
commit.sh|2019-12-02 17:39:10|2019-12-02 17:39:16|6
Timing is on.
begin;
BEGIN
Time: 117.662 ms
commit;
COMMIT
Time: 826.599 ms
commit.sh|2019-12-02 17:39:16|2019-12-02 17:39:17|1
Timing is on.
begin;
BEGIN
Time: 186.462 ms
commit;
COMMIT
Time: 710.999 ms
commit.sh|2019-12-02 17:39:17|2019-12-02 17:39:18|1
Timing is on.
begin;
BEGIN
Time: 203.381 ms
commit;
COMMIT
Time: 638.010 ms
commit.sh|2019-12-02 17:39:18|2019-12-02 17:39:19|1
Timing is on.
begin;
BEGIN
Time: 199.267 ms
commit;
COMMIT
Time: 1652.587 ms
commit.sh|2019-12-02 17:39:19|2019-12-02 17:39:21|2
Timing is on.
begin;
BEGIN
Time: 102.717 ms
commit;
COMMIT
Time: 1400.664 ms
commit.sh|2019-12-02 17:39:21|2019-12-02 17:39:22|1
Timing is on.
begin;
BEGIN
Time: 102.207 ms
commit;
COMMIT
Time: 855.526 ms
commit.sh|2019-12-02 17:39:22|2019-12-02 17:39:23|1
Timing is on.
begin;
BEGIN
Time: 60.100 ms
commit;
COMMIT
Time: 1540.851 ms
commit.sh|2019-12-02 17:39:23|2019-12-02 17:39:25|2
Timing is on.
begin;
BEGIN
Time: 130.528 ms
commit;
COMMIT
Time: 1193.820 ms
commit.sh|2019-12-02 17:39:25|2019-12-02 17:39:26|1
Timing is on.
begin;
BEGIN
Time: 139.243 ms
commit;
COMMIT
Time: 16147.528 ms
commit.sh|2019-12-02 17:39:26|2019-12-02 17:39:43|17
Timing is on.
begin;
BEGIN
Time: 107.509 ms
commit;
COMMIT
Time: 1356.371 ms
commit.sh|2019-12-02 17:39:43|2019-12-02 17:39:44|1
Timing is on.
begin;
BEGIN
Time: 90.239 ms
commit;
COMMIT
Time: 6396.279 ms
commit.sh|2019-12-02 17:39:44|2019-12-02 17:39:51|7
Timing is on.
begin;
BEGIN
Time: 60.931 ms
commit;
COMMIT
Time: 24121.432 ms
commit.sh|2019-12-02 17:39:51|2019-12-02 17:40:15|24
Timing is on.
begin;
BEGIN
Time: 89.016 ms
commit;
COMMIT
Time: 34460.781 ms
commit.sh|2019-12-02 17:40:15|2019-12-02 17:40:49|34
Timing is on.
begin;
BEGIN
Time: 92.250 ms
commit;
COMMIT
Time: 11281.058 ms
commit.sh|2019-12-02 17:40:49|2019-12-02 17:41:01|12
Timing is on.
begin;
BEGIN
Time: 139.106 ms
commit;
COMMIT
Time: 654.964 ms
commit.sh|2019-12-02 17:41:01|2019-12-02 17:41:02|1
Timing is on.
begin;
BEGIN
Time: 175.067 ms
commit;
COMMIT
Time: 470.414 ms
commit.sh|2019-12-02 17:41:02|2019-12-02 17:41:02|0
Timing is on.
begin;
BEGIN
Time: 174.702 ms
commit;
COMMIT
Time: 1132.394 ms
commit.sh|2019-12-02 17:41:02|2019-12-02 17:41:04|2
Timing is on.
begin;
BEGIN
Time: 167.183 ms
commit;
COMMIT
Time: 2035.090 ms
commit.sh|2019-12-02 17:41:04|2019-12-02 17:41:06|2
Timing is on.
begin;
BEGIN
Time: 90.354 ms
commit;
COMMIT
Time: 2084.641 ms
commit.sh|2019-12-02 17:41:06|2019-12-02 17:41:08|2
Timing is on.
begin;
BEGIN
Time: 76.343 ms
commit;
COMMIT
Time: 1691.668 ms
commit.sh|2019-12-02 17:41:08|2019-12-02 17:41:10|2
Timing is on.
begin;
BEGIN
Time: 97.385 ms
commit;
COMMIT
Time: 2055.671 ms
commit.sh|2019-12-02 17:41:10|2019-12-02 17:41:12|2
Timing is on.
begin;
BEGIN
Time: 93.908 ms
commit;
COMMIT
Time: 1091.203 ms
commit.sh|2019-12-02 17:41:12|2019-12-02 17:41:13|1
Timing is on.
begin;
BEGIN
Time: 132.691 ms
commit;
COMMIT
Time: 1996.005 ms
commit.sh|2019-12-02 17:41:13|2019-12-02 17:41:16|3
Timing is on.
begin;
BEGIN
Time: 144.474 ms
commit;
COMMIT
Time: 4037.095 ms
commit.sh|2019-12-02 17:41:16|2019-12-02 17:41:20|4
Timing is on.
begin;
BEGIN
Time: 69.834 ms
commit;
COMMIT
Time: 8189.421 ms
commit.sh|2019-12-02 17:41:20|2019-12-02 17:41:28|8
Timing is on.
begin;
BEGIN
Time: 65.495 ms
commit;
COMMIT
Time: 8744.362 ms
commit.sh|2019-12-02 17:41:28|2019-12-02 17:41:37|9
Timing is on.
begin;
BEGIN
Time: 136.776 ms
commit;
COMMIT
Time: 2602.200 ms
commit.sh|2019-12-02 17:41:37|2019-12-02 17:41:40|3
Timing is on.
begin;
BEGIN
Time: 94.391 ms
commit;
COMMIT
Time: 2405.343 ms
commit.sh|2019-12-02 17:41:40|2019-12-02 17:41:42|2
Timing is on.
begin;
BEGIN
Time: 59.628 ms
commit;
COMMIT
Time: 2628.587 ms
commit.sh|2019-12-02 17:41:42|2019-12-02 17:41:45|3
Timing is on.
begin;
BEGIN
Time: 95.477 ms
commit;
COMMIT
Time: 1410.062 ms
commit.sh|2019-12-02 17:41:45|2019-12-02 17:41:47|2
Timing is on.
begin;
BEGIN
Time: 66.911 ms
commit;
COMMIT
Time: 5133.826 ms
commit.sh|2019-12-02 17:41:47|2019-12-02 17:41:52|5
Timing is on.
begin;
BEGIN
Time: 154.571 ms
commit;
COMMIT
Time: 759.494 ms
commit.sh|2019-12-02 17:41:52|2019-12-02 17:41:53|1
Timing is on.
begin;
BEGIN
Time: 160.340 ms
commit;
COMMIT
Time: 5669.018 ms
commit.sh|2019-12-02 17:41:53|2019-12-02 17:41:59|6
Timing is on.
begin;
BEGIN
Time: 69.172 ms
commit;
COMMIT
Time: 2418.821 ms
commit.sh|2019-12-02 17:41:59|2019-12-02 17:42:01|2
Timing is on.
begin;
BEGIN
Time: 68.750 ms
commit;
COMMIT
Time: 2402.692 ms
commit.sh|2019-12-02 17:42:01|2019-12-02 17:42:04|3
Timing is on.
begin;
BEGIN
Time: 63.042 ms
commit;
COMMIT
Time: 898.746 ms
commit.sh|2019-12-02 17:42:04|2019-12-02 17:42:05|1
Timing is on.
begin;
BEGIN
Time: 60.553 ms
commit;
COMMIT
Time: 11847.424 ms
commit.sh|2019-12-02 17:42:05|2019-12-02 17:42:17|12
Timing is on.
begin;
BEGIN
Time: 99.556 ms
commit;
COMMIT
Time: 2852.419 ms
commit.sh|2019-12-02 17:42:17|2019-12-02 17:42:20|3
Timing is on.
begin;
BEGIN
Time: 82.640 ms
commit;
COMMIT
Time: 1912.306 ms
commit.sh|2019-12-02 17:42:20|2019-12-02 17:42:22|2
Timing is on.
begin;
BEGIN
Time: 67.115 ms
commit;
COMMIT
Time: 1077.172 ms
commit.sh|2019-12-02 17:42:22|2019-12-02 17:42:23|1
Timing is on.
begin;
BEGIN
Time: 117.797 ms
commit;
COMMIT
Time: 1396.892 ms
commit.sh|2019-12-02 17:42:23|2019-12-02 17:42:24|1
Timing is on.
begin;
BEGIN
Time: 169.101 ms
commit;
COMMIT
Time: 1146.055 ms
commit.sh|2019-12-02 17:42:25|2019-12-02 17:42:26|1
Timing is on.
begin;
BEGIN
Time: 198.511 ms
commit;
COMMIT
Time: 8665.746 ms
commit.sh|2019-12-02 17:42:26|2019-12-02 17:42:35|9
Timing is on.
begin;
BEGIN
Time: 125.117 ms
commit;
COMMIT
Time: 63433.310 ms
commit.sh|2019-12-02 17:42:35|2019-12-02 17:43:38|63
Timing is on.
begin;
BEGIN
Time: 88.706 ms
commit;
COMMIT
Time: 2361.712 ms
commit.sh|2019-12-02 17:43:38|2019-12-02 17:43:41|3
Timing is on.
begin;
BEGIN
Time: 152.136 ms
commit;
COMMIT
Time: 8298.010 ms
commit.sh|2019-12-02 17:43:41|2019-12-02 17:43:49|8
Timing is on.
begin;
BEGIN
Time: 62.526 ms
commit;
COMMIT
Time: 12609.151 ms
commit.sh|2019-12-02 17:43:49|2019-12-02 17:44:02|13
Timing is on.
begin;
BEGIN
Time: 116.114 ms
commit;
COMMIT
Time: 30767.450 ms
commit.sh|2019-12-02 17:44:02|2019-12-02 17:44:33|31
Timing is on.
begin;
BEGIN
Time: 106.421 ms
commit;
COMMIT
Time: 2739.356 ms
commit.sh|2019-12-02 17:44:33|2019-12-02 17:44:36|3
Timing is on.
begin;
BEGIN
Time: 133.800 ms
commit;
COMMIT
Time: 1430.948 ms
commit.sh|2019-12-02 17:44:36|2019-12-02 17:44:38|2
Timing is on.
begin;
BEGIN
Time: 146.643 ms
commit;
COMMIT
Time: 1575.727 ms
commit.sh|2019-12-02 17:44:38|2019-12-02 17:44:39|1
Timing is on.
begin;
BEGIN
Time: 121.107 ms
commit;
COMMIT
Time: 2031.828 ms
commit.sh|2019-12-02 17:44:39|2019-12-02 17:44:42|3
Timing is on.
begin;
BEGIN
Time: 72.633 ms
commit;
COMMIT
Time: 1474.197 ms
commit.sh|2019-12-02 17:44:42|2019-12-02 17:44:43|1
Timing is on.
begin;
BEGIN
Time: 61.926 ms
commit;
COMMIT
Time: 921.699 ms
commit.sh|2019-12-02 17:44:43|2019-12-02 17:44:44|1
Timing is on.
begin;
BEGIN
Time: 174.905 ms
commit;
COMMIT
Time: 1976.088 ms
commit.sh|2019-12-02 17:44:44|2019-12-02 17:44:46|2
Timing is on.
begin;
BEGIN
Time: 145.547 ms
commit;
COMMIT
Time: 2320.736 ms
commit.sh|2019-12-02 17:44:46|2019-12-02 17:44:49|3
Timing is on.
begin;
BEGIN
Time: 64.962 ms
commit;
COMMIT
Time: 2245.506 ms
commit.sh|2019-12-02 17:44:49|2019-12-02 17:44:51|2
Timing is on.
begin;
BEGIN
Time: 104.236 ms
commit;
COMMIT
Time: 1243.167 ms
commit.sh|2019-12-02 17:44:51|2019-12-02 17:44:53|2
Timing is on.
begin;
BEGIN
Time: 62.520 ms
commit;
COMMIT
Time: 12184.366 ms
commit.sh|2019-12-02 17:44:53|2019-12-02 17:45:05|12
Timing is on.
begin;
BEGIN
Time: 104.511 ms
commit;
COMMIT
Time: 23042.026 ms
commit.sh|2019-12-02 17:45:05|2019-12-02 17:45:28|23
Timing is on.
begin;
BEGIN
Time: 57.706 ms
commit;
COMMIT
Time: 62510.591 ms
commit.sh|2019-12-02 17:45:28|2019-12-02 17:46:31|63
Timing is on.
begin;
BEGIN
Time: 64.578 ms
commit;
COMMIT
Time: 2080.721 ms
commit.sh|2019-12-02 17:46:31|2019-12-02 17:46:33|2
Timing is on.
begin;
BEGIN
Time: 78.753 ms
commit;
COMMIT
Time: 1583.686 ms
commit.sh|2019-12-02 17:46:33|2019-12-02 17:46:35|2
Timing is on.
begin;
BEGIN
Time: 189.702 ms
commit;
COMMIT
Time: 1264.509 ms
commit.sh|2019-12-02 17:46:35|2019-12-02 17:46:36|1
Timing is on.
begin;
BEGIN
Time: 159.346 ms
commit;
COMMIT
Time: 1365.051 ms
commit.sh|2019-12-02 17:46:36|2019-12-02 17:46:38|2
Timing is on.
begin;
BEGIN
Time: 62.980 ms
commit;
COMMIT
Time: 2321.459 ms
commit.sh|2019-12-02 17:46:38|2019-12-02 17:46:40|2
Timing is on.
begin;
BEGIN
Time: 111.258 ms
commit;
COMMIT
Time: 2655.600 ms
commit.sh|2019-12-02 17:46:40|2019-12-02 17:46:43|3
Timing is on.
begin;
BEGIN
Time: 67.357 ms
commit;
COMMIT
Time: 979.794 ms
commit.sh|2019-12-02 17:46:43|2019-12-02 17:46:44|1
Timing is on.
begin;
BEGIN
Time: 148.109 ms
commit;
COMMIT
Time: 677.354 ms
commit.sh|2019-12-02 17:46:44|2019-12-02 17:46:45|1
Timing is on.
begin;
BEGIN
Time: 162.823 ms
commit;
COMMIT
Time: 1528.216 ms
commit.sh|2019-12-02 17:46:45|2019-12-02 17:46:47|2
Timing is on.
begin;
BEGIN
Time: 146.231 ms
commit;
COMMIT
Time: 34627.944 ms
commit.sh|2019-12-02 17:46:47|2019-12-02 17:47:21|34
Timing is on.
begin;
BEGIN
Time: 62.172 ms
commit;
COMMIT
Time: 21712.054 ms
commit.sh|2019-12-02 17:47:21|2019-12-02 17:47:43|22
Timing is on.
begin;
BEGIN
Time: 74.465 ms
commit;
COMMIT
Time: 8265.683 ms
commit.sh|2019-12-02 17:47:43|2019-12-02 17:47:52|9
Timing is on.
begin;
BEGIN
Time: 109.533 ms
commit;
COMMIT
Time: 5952.947 ms
commit.sh|2019-12-02 17:47:52|2019-12-02 17:47:58|6
Timing is on.
begin;
BEGIN
Time: 141.491 ms
commit;
COMMIT
Time: 1666.259 ms
commit.sh|2019-12-02 17:47:58|2019-12-02 17:48:00|2
Timing is on.
begin;
BEGIN
Time: 78.506 ms
commit;
COMMIT
Time: 1161.282 ms
commit.sh|2019-12-02 17:48:00|2019-12-02 17:48:01|1
Timing is on.
begin;
BEGIN
Time: 91.105 ms
commit;
COMMIT
Time: 878.123 ms
commit.sh|2019-12-02 17:48:01|2019-12-02 17:48:02|1
Timing is on.
begin;
BEGIN
Time: 70.503 ms
commit;
COMMIT
Time: 1031.565 ms
commit.sh|2019-12-02 17:48:02|2019-12-02 17:48:03|1
Timing is on.
begin;
BEGIN
Time: 80.081 ms
commit;
COMMIT
Time: 1922.995 ms
commit.sh|2019-12-02 17:48:03|2019-12-02 17:48:05|2
Timing is on.
begin;
BEGIN
Time: 146.870 ms
commit;
COMMIT
Time: 2513.559 ms
commit.sh|2019-12-02 17:48:05|2019-12-02 17:48:08|3
Timing is on.
begin;
BEGIN
Time: 62.448 ms
commit;
COMMIT
Time: 1140.089 ms
commit.sh|2019-12-02 17:48:08|2019-12-02 17:48:09|1
Timing is on.
begin;
BEGIN
Time: 83.476 ms
commit;
COMMIT
Time: 1533.141 ms
commit.sh|2019-12-02 17:48:09|2019-12-02 17:48:11|2
Timing is on.
begin;
BEGIN
Time: 83.065 ms
commit;
COMMIT
Time: 13768.769 ms
commit.sh|2019-12-02 17:48:11|2019-12-02 17:48:25|14
Timing is on.
begin;
BEGIN
Time: 86.835 ms
commit;
COMMIT
Time: 28929.405 ms
commit.sh|2019-12-02 17:48:25|2019-12-02 17:48:54|29
Timing is on.
begin;
BEGIN
Time: 76.590 ms
commit;
COMMIT
Time: 6894.066 ms
commit.sh|2019-12-02 17:48:54|2019-12-02 17:49:01|7
Timing is on.
begin;
BEGIN
Time: 113.596 ms
commit;
COMMIT
Time: 467.293 ms
commit.sh|2019-12-02 17:49:01|2019-12-02 17:49:01|0
Timing is on.
begin;
BEGIN
Time: 104.222 ms
commit;
COMMIT
Time: 910.944 ms
commit.sh|2019-12-02 17:49:01|2019-12-02 17:49:02|1
Timing is on.
begin;
BEGIN
Time: 134.528 ms
commit;
COMMIT
Time: 795.758 ms
commit.sh|2019-12-02 17:49:02|2019-12-02 17:49:03|1
Timing is on.
begin;
BEGIN
Time: 169.554 ms
commit;
COMMIT
Time: 1726.547 ms
commit.sh|2019-12-02 17:49:03|2019-12-02 17:49:05|2
Timing is on.
begin;
BEGIN
Time: 60.491 ms
commit;
COMMIT
Time: 1909.483 ms
commit.sh|2019-12-02 17:49:05|2019-12-02 17:49:07|2
Timing is on.
begin;
BEGIN
Time: 78.740 ms
commit;
COMMIT
Time: 2131.916 ms
commit.sh|2019-12-02 17:49:07|2019-12-02 17:49:09|2
Timing is on.
begin;
BEGIN
Time: 56.185 ms
commit;
COMMIT
Time: 22688.113 ms
commit.sh|2019-12-02 17:49:09|2019-12-02 17:49:32|23
Timing is on.
begin;
BEGIN
Time: 82.863 ms
commit;
COMMIT
Time: 767.925 ms
commit.sh|2019-12-02 17:49:32|2019-12-02 17:49:33|1
Timing is on.
begin;
BEGIN
Time: 146.732 ms
commit;
COMMIT
Time: 20871.533 ms
commit.sh|2019-12-02 17:49:33|2019-12-02 17:49:54|21
Timing is on.
begin;
BEGIN
Time: 89.713 ms
commit;
COMMIT
Time: 24246.670 ms
commit.sh|2019-12-02 17:49:54|2019-12-02 17:50:19|25
Timing is on.
begin;
BEGIN
Time: 106.258 ms
commit;
COMMIT
Time: 28520.772 ms
commit.sh|2019-12-02 17:50:19|2019-12-02 17:50:47|28
Timing is on.
begin;
BEGIN
Time: 71.653 ms
commit;
COMMIT
Time: 1636.742 ms
commit.sh|2019-12-02 17:50:47|2019-12-02 17:50:49|2
Timing is on.
begin;
BEGIN
Time: 116.576 ms
commit;
COMMIT
Time: 1114.398 ms
commit.sh|2019-12-02 17:50:49|2019-12-02 17:50:50|1
Timing is on.
begin;
BEGIN
Time: 125.761 ms
commit;
COMMIT
Time: 2099.275 ms
commit.sh|2019-12-02 17:50:50|2019-12-02 17:50:53|3
Timing is on.
begin;
BEGIN
Time: 135.971 ms
commit;
COMMIT
Time: 1205.252 ms
commit.sh|2019-12-02 17:50:53|2019-12-02 17:50:54|1
Timing is on.
begin;
BEGIN
Time: 57.434 ms
commit;
COMMIT
Time: 747.864 ms
commit.sh|2019-12-02 17:50:54|2019-12-02 17:50:55|1
Timing is on.
begin;
BEGIN
Time: 71.288 ms
commit;
COMMIT
Time: 835.783 ms
commit.sh|2019-12-02 17:50:55|2019-12-02 17:50:56|1
Timing is on.
begin;
BEGIN
Time: 152.216 ms
commit;
COMMIT
Time: 1284.540 ms
commit.sh|2019-12-02 17:50:56|2019-12-02 17:50:57|1
Timing is on.
begin;
BEGIN
Time: 166.073 ms
commit;
COMMIT
Time: 2550.855 ms
commit.sh|2019-12-02 17:50:57|2019-12-02 17:51:00|3
Timing is on.
begin;
BEGIN
Time: 110.725 ms
commit;
COMMIT
Time: 2069.127 ms
commit.sh|2019-12-02 17:51:00|2019-12-02 17:51:02|2
Timing is on.
begin;
BEGIN
Time: 107.840 ms
commit;
COMMIT
Time: 1529.458 ms
commit.sh|2019-12-02 17:51:02|2019-12-02 17:51:04|2
Timing is on.
begin;
BEGIN
Time: 72.022 ms
commit;
COMMIT
Time: 51724.797 ms
commit.sh|2019-12-02 17:51:04|2019-12-02 17:51:56|52
Timing is on.
begin;
BEGIN
Time: 58.140 ms
commit;
COMMIT
Time: 7760.304 ms
commit.sh|2019-12-02 17:51:56|2019-12-02 17:52:04|8
Timing is on.
begin;
BEGIN
Time: 143.521 ms
commit;
COMMIT
Time: 5376.936 ms
commit.sh|2019-12-02 17:52:04|2019-12-02 17:52:09|5
Timing is on.
begin;
BEGIN
Time: 68.528 ms
commit;
COMMIT
Time: 3118.324 ms
commit.sh|2019-12-02 17:52:09|2019-12-02 17:52:12|3
Timing is on.
begin;
BEGIN
Time: 147.327 ms
commit;
COMMIT
Time: 669.552 ms
commit.sh|2019-12-02 17:52:12|2019-12-02 17:52:13|1
Timing is on.
begin;
BEGIN
Time: 90.220 ms
commit;
COMMIT
Time: 1571.706 ms
commit.sh|2019-12-02 17:52:13|2019-12-02 17:52:15|2
Timing is on.
begin;
BEGIN
Time: 135.615 ms
commit;
COMMIT
Time: 1219.136 ms
commit.sh|2019-12-02 17:52:15|2019-12-02 17:52:16|1
Timing is on.
begin;
BEGIN
Time: 167.505 ms
commit;
COMMIT
Time: 1452.395 ms
commit.sh|2019-12-02 17:52:16|2019-12-02 17:52:18|2
Timing is on.
begin;
BEGIN
Time: 98.939 ms
commit;
COMMIT
Time: 1153.160 ms
commit.sh|2019-12-02 17:52:18|2019-12-02 17:52:19|1
Timing is on.
begin;
BEGIN
Time: 104.918 ms
commit;
COMMIT
Time: 2312.432 ms
commit.sh|2019-12-02 17:52:19|2019-12-02 17:52:22|3
Timing is on.
begin;
BEGIN
Time: 117.330 ms
commit;
COMMIT
Time: 4047.134 ms
commit.sh|2019-12-02 17:52:22|2019-12-02 17:52:26|4
Timing is on.
begin;
BEGIN
Time: 131.085 ms
commit;
COMMIT
Time: 2011.066 ms
commit.sh|2019-12-02 17:52:26|2019-12-02 17:52:28|2
Timing is on.
begin;
BEGIN
Time: 118.113 ms
commit;
COMMIT
Time: 1243.877 ms
commit.sh|2019-12-02 17:52:28|2019-12-02 17:52:29|1
Timing is on.
begin;
BEGIN
Time: 75.743 ms
commit;
COMMIT
Time: 1644.888 ms
commit.sh|2019-12-02 17:52:30|2019-12-02 17:52:31|1
Timing is on.
begin;
BEGIN
Time: 63.410 ms
commit;
COMMIT
Time: 589.011 ms
commit.sh|2019-12-02 17:52:31|2019-12-02 17:52:32|1
Timing is on.
begin;
BEGIN
Time: 102.253 ms
commit;
COMMIT
Time: 962.013 ms
commit.sh|2019-12-02 17:52:32|2019-12-02 17:52:33|1
Timing is on.
begin;
BEGIN
Time: 127.199 ms
commit;
COMMIT
Time: 1126.404 ms
commit.sh|2019-12-02 17:52:33|2019-12-02 17:52:34|1
Timing is on.
begin;
BEGIN
Time: 195.668 ms
commit;
COMMIT
Time: 817.158 ms
commit.sh|2019-12-02 17:52:34|2019-12-02 17:52:35|1
Timing is on.
begin;
BEGIN
Time: 176.373 ms
commit;
COMMIT
Time: 1189.499 ms
commit.sh|2019-12-02 17:52:35|2019-12-02 17:52:37|2
Timing is on.
begin;
BEGIN
Time: 108.174 ms
commit;
COMMIT
Time: 1565.761 ms
commit.sh|2019-12-02 17:52:37|2019-12-02 17:52:39|2
Timing is on.
begin;
BEGIN
Time: 117.057 ms
commit;
COMMIT
Time: 809.325 ms
commit.sh|2019-12-02 17:52:39|2019-12-02 17:52:40|1
Timing is on.
begin;
BEGIN
Time: 90.221 ms
commit;
COMMIT
Time: 1394.176 ms
commit.sh|2019-12-02 17:52:40|2019-12-02 17:52:41|1
Timing is on.
begin;
BEGIN
Time: 153.634 ms
commit;
COMMIT
Time: 1476.591 ms
commit.sh|2019-12-02 17:52:41|2019-12-02 17:52:43|2
Timing is on.
begin;
BEGIN
Time: 179.253 ms
commit;
COMMIT
Time: 1226.923 ms
commit.sh|2019-12-02 17:52:43|2019-12-02 17:52:44|1
Timing is on.
begin;
BEGIN
Time: 91.827 ms
commit;
COMMIT
Time: 2013.613 ms
commit.sh|2019-12-02 17:52:44|2019-12-02 17:52:46|2
Timing is on.
begin;
BEGIN
Time: 64.723 ms
commit;
COMMIT
Time: 3190.060 ms
commit.sh|2019-12-02 17:52:46|2019-12-02 17:52:50|4
Timing is on.
begin;
BEGIN
Time: 82.791 ms
commit;
COMMIT
Time: 4204.532 ms
commit.sh|2019-12-02 17:52:50|2019-12-02 17:52:54|4
Timing is on.
begin;
BEGIN
Time: 166.952 ms
commit;
COMMIT
Time: 1343.628 ms
commit.sh|2019-12-02 17:52:54|2019-12-02 17:52:55|1
Timing is on.
begin;
BEGIN
Time: 112.468 ms
commit;
COMMIT
Time: 1411.747 ms
commit.sh|2019-12-02 17:52:56|2019-12-02 17:52:57|1
Timing is on.
begin;
BEGIN
Time: 144.471 ms
commit;
COMMIT
Time: 2015.841 ms
commit.sh|2019-12-02 17:52:57|2019-12-02 17:52:59|2
Timing is on.
begin;
BEGIN
Time: 126.810 ms
commit;
COMMIT
Time: 1393.460 ms
commit.sh|2019-12-02 17:52:59|2019-12-02 17:53:01|2
Timing is on.
begin;
BEGIN
Time: 147.624 ms
commit;
COMMIT
Time: 1078.882 ms
commit.sh|2019-12-02 17:53:01|2019-12-02 17:53:02|1
Timing is on.
begin;
BEGIN
Time: 153.266 ms
commit;
COMMIT
Time: 1436.009 ms
commit.sh|2019-12-02 17:53:02|2019-12-02 17:53:04|2
Timing is on.
begin;
BEGIN
Time: 102.894 ms
commit;
COMMIT
Time: 1134.304 ms
commit.sh|2019-12-02 17:53:04|2019-12-02 17:53:05|1
Timing is on.
begin;
BEGIN
Time: 89.498 ms
commit;
COMMIT
Time: 2040.385 ms
commit.sh|2019-12-02 17:53:05|2019-12-02 17:53:07|2
Timing is on.
begin;
BEGIN
Time: 261.799 ms
commit;
COMMIT
Time: 391037.398 ms
commit.sh|2019-12-02 17:53:07|2019-12-02 17:59:39|392
Timing is on.
begin;
BEGIN
Time: 89.723 ms
commit;
COMMIT
Time: 63342.352 ms
commit.sh|2019-12-02 17:59:39|2019-12-02 18:00:42|63
Timing is on.
begin;
BEGIN
Time: 93.857 ms
commit;
COMMIT
Time: 2537.559 ms
commit.sh|2019-12-02 18:00:42|2019-12-02 18:00:45|3
Timing is on.
begin;
BEGIN
Time: 130.086 ms
commit;
COMMIT
Time: 1228.119 ms
commit.sh|2019-12-02 18:00:45|2019-12-02 18:00:46|1
Timing is on.
begin;
BEGIN
Time: 58.914 ms
commit;
COMMIT
Time: 956.149 ms
commit.sh|2019-12-02 18:00:46|2019-12-02 18:00:47|1
Timing is on.
begin;
BEGIN
Time: 113.349 ms
commit;
COMMIT
Time: 1448.091 ms
commit.sh|2019-12-02 18:00:47|2019-12-02 18:00:49|2
Timing is on.
begin;
BEGIN
Time: 89.485 ms
commit;
COMMIT
Time: 1392.290 ms
commit.sh|2019-12-02 18:00:49|2019-12-02 18:00:50|1
Timing is on.
begin;
BEGIN
Time: 181.002 ms
commit;
COMMIT
Time: 1938.162 ms
commit.sh|2019-12-02 18:00:50|2019-12-02 18:00:53|3
Timing is on.
begin;
BEGIN
Time: 84.330 ms
commit;
COMMIT
Time: 2350.077 ms
commit.sh|2019-12-02 18:00:53|2019-12-02 18:00:55|2
Timing is on.
begin;
BEGIN
Time: 57.704 ms
commit;
COMMIT
Time: 39822.989 ms
commit.sh|2019-12-02 18:00:55|2019-12-02 18:01:35|40
Timing is on.
begin;
BEGIN
Time: 130.140 ms
commit;
COMMIT
Time: 18996.227 ms
commit.sh|2019-12-02 18:01:35|2019-12-02 18:01:54|19
Timing is on.
begin;
BEGIN
Time: 156.461 ms
commit;
COMMIT
Time: 1550.408 ms
commit.sh|2019-12-02 18:01:54|2019-12-02 18:01:56|2
Timing is on.
begin;
BEGIN
Time: 60.604 ms
commit;
COMMIT
Time: 1649.795 ms
commit.sh|2019-12-02 18:01:56|2019-12-02 18:01:58|2
Timing is on.
begin;
BEGIN
Time: 75.582 ms
commit;
COMMIT
Time: 1154.931 ms
commit.sh|2019-12-02 18:01:58|2019-12-02 18:01:59|1
Timing is on.
begin;
BEGIN
Time: 88.358 ms
commit;
COMMIT
Time: 1132.063 ms
commit.sh|2019-12-02 18:01:59|2019-12-02 18:02:00|1
Timing is on.
begin;
BEGIN
Time: 186.753 ms
commit;
COMMIT
Time: 574.274 ms
commit.sh|2019-12-02 18:02:00|2019-12-02 18:02:01|1
Timing is on.
begin;
BEGIN
Time: 222.674 ms
commit;
COMMIT
Time: 913.247 ms
commit.sh|2019-12-02 18:02:01|2019-12-02 18:02:02|1
Timing is on.
begin;
BEGIN
Time: 164.130 ms
commit;
COMMIT
Time: 985.092 ms
commit.sh|2019-12-02 18:02:02|2019-12-02 18:02:03|1
Timing is on.
begin;
BEGIN
Time: 73.793 ms
commit;
COMMIT
Time: 1633.995 ms
commit.sh|2019-12-02 18:02:03|2019-12-02 18:02:05|2
Timing is on.
begin;
BEGIN
Time: 88.767 ms
commit;
COMMIT
Time: 1809.091 ms
commit.sh|2019-12-02 18:02:05|2019-12-02 18:02:07|2
Timing is on.
begin;
BEGIN
Time: 64.659 ms
commit;
COMMIT
Time: 70469.362 ms
commit.sh|2019-12-02 18:02:07|2019-12-02 18:03:18|71
Timing is on.
begin;
BEGIN
Time: 180.934 ms
commit;
COMMIT
Time: 778.890 ms
commit.sh|2019-12-02 18:03:18|2019-12-02 18:03:19|1
Timing is on.
begin;
BEGIN
Time: 167.367 ms
commit;
COMMIT
Time: 1817.944 ms
commit.sh|2019-12-02 18:03:19|2019-12-02 18:03:21|2
Timing is on.
begin;
BEGIN
Time: 65.829 ms
commit;
COMMIT
Time: 3010.085 ms
commit.sh|2019-12-02 18:03:21|2019-12-02 18:03:24|3
Timing is on.
begin;
BEGIN
Time: 59.465 ms
commit;
COMMIT
Time: 1771.064 ms
commit.sh|2019-12-02 18:03:24|2019-12-02 18:03:26|2
Timing is on.
begin;
BEGIN
Time: 96.509 ms
commit;
COMMIT
Time: 9483.478 ms
commit.sh|2019-12-02 18:03:26|2019-12-02 18:03:35|9
Timing is on.
begin;
BEGIN
Time: 64.652 ms
commit;
COMMIT
Time: 6681.830 ms
commit.sh|2019-12-02 18:03:35|2019-12-02 18:03:42|7
Timing is on.
begin;
BEGIN
Time: 65.448 ms
commit;
COMMIT
Time: 3258.117 ms
commit.sh|2019-12-02 18:03:42|2019-12-02 18:03:45|3
Timing is on.
begin;
BEGIN
Time: 57.777 ms
commit;
COMMIT
Time: 3993.484 ms
commit.sh|2019-12-02 18:03:45|2019-12-02 18:03:49|4
Timing is on.
begin;
BEGIN
Time: 88.413 ms
commit;
COMMIT
Time: 41936.597 ms
commit.sh|2019-12-02 18:03:49|2019-12-02 18:04:31|42
Timing is on.
begin;
BEGIN
Time: 64.400 ms
commit;
COMMIT
Time: 1136.993 ms
commit.sh|2019-12-02 18:04:31|2019-12-02 18:04:33|2
Timing is on.
begin;
BEGIN
Time: 162.139 ms
commit;
COMMIT
Time: 486.672 ms
commit.sh|2019-12-02 18:04:33|2019-12-02 18:04:33|0
Timing is on.
begin;
BEGIN
Time: 154.009 ms
commit;
COMMIT
Time: 431.446 ms
commit.sh|2019-12-02 18:04:33|2019-12-02 18:04:34|1
Timing is on.
begin;
BEGIN
Time: 207.281 ms
commit;
COMMIT
Time: 3133.243 ms
commit.sh|2019-12-02 18:04:34|2019-12-02 18:04:37|3
Timing is on.
begin;
BEGIN
Time: 80.737 ms
commit;
COMMIT
Time: 989.136 ms
commit.sh|2019-12-02 18:04:37|2019-12-02 18:04:39|2
Timing is on.
begin;
BEGIN
Time: 107.634 ms
commit;
COMMIT
Time: 802.051 ms
commit.sh|2019-12-02 18:04:39|2019-12-02 18:04:39|0
Timing is on.
begin;
BEGIN
Time: 60.013 ms
commit;
COMMIT
Time: 1132.174 ms
commit.sh|2019-12-02 18:04:39|2019-12-02 18:04:41|2
Timing is on.
begin;
BEGIN
Time: 169.546 ms
commit;
COMMIT
Time: 1355.946 ms
commit.sh|2019-12-02 18:04:41|2019-12-02 18:04:42|1
Timing is on.
begin;
BEGIN
Time: 150.842 ms
commit;
COMMIT
Time: 1832.736 ms
commit.sh|2019-12-02 18:04:42|2019-12-02 18:04:44|2
Timing is on.
begin;
BEGIN
Time: 106.996 ms
commit;
COMMIT
Time: 1581.556 ms
commit.sh|2019-12-02 18:04:44|2019-12-02 18:04:46|2
Timing is on.
begin;
BEGIN
Time: 116.846 ms
commit;
COMMIT
Time: 4097.570 ms
commit.sh|2019-12-02 18:04:46|2019-12-02 18:04:50|4
Timing is on.
begin;
BEGIN
Time: 57.029 ms
commit;
COMMIT
Time: 11319.435 ms
commit.sh|2019-12-02 18:04:50|2019-12-02 18:05:02|12
Timing is on.
begin;
BEGIN
Time: 1268.158 ms
commit;
COMMIT
Time: 5845.067 ms
commit.sh|2019-12-02 18:05:02|2019-12-02 18:05:09|7
Timing is on.
begin;
BEGIN
Time: 344.518 ms
commit;
COMMIT
Time: 1246.698 ms
commit.sh|2019-12-02 18:05:09|2019-12-02 18:05:10|1
Timing is on.
begin;
BEGIN
Time: 88.449 ms
commit;
COMMIT
Time: 30151.893 ms
commit.sh|2019-12-02 18:05:11|2019-12-02 18:05:41|30
Timing is on.
begin;
BEGIN
Time: 89.567 ms
commit;
COMMIT
Time: 2958.533 ms
commit.sh|2019-12-02 18:05:41|2019-12-02 18:05:44|3
Timing is on.
begin;
BEGIN
Time: 110.722 ms
commit;
COMMIT
Time: 2481.405 ms
commit.sh|2019-12-02 18:05:44|2019-12-02 18:05:47|3
Timing is on.
begin;
BEGIN
Time: 109.969 ms
commit;
COMMIT
Time: 983.424 ms
commit.sh|2019-12-02 18:05:47|2019-12-02 18:05:48|1
Timing is on.
begin;
BEGIN
Time: 75.857 ms
commit;
COMMIT
Time: 1879.868 ms
commit.sh|2019-12-02 18:05:48|2019-12-02 18:05:50|2
Timing is on.
begin;
BEGIN
Time: 94.292 ms
commit;
COMMIT
Time: 1365.847 ms
commit.sh|2019-12-02 18:05:50|2019-12-02 18:05:51|1
Timing is on.
begin;
BEGIN
Time: 167.074 ms
commit;
COMMIT
Time: 1222.158 ms
commit.sh|2019-12-02 18:05:51|2019-12-02 18:05:53|2
Timing is on.
begin;
BEGIN
Time: 145.954 ms
commit;
COMMIT
Time: 20299.537 ms
commit.sh|2019-12-02 18:05:53|2019-12-02 18:06:13|20
