Timing is on.
begin;
BEGIN
Time: 90.844 ms
truncate table tb_check5 ;
TRUNCATE TABLE
Time: 3736.815 ms
insert into tb_check5 select * from tb_check;
INSERT 0 10
Time: 2428.060 ms
commit;
COMMIT
Time: 6647.653 ms
check.sh|2019-12-02 15:44:22|2019-12-02 15:44:35|13
Timing is on.
begin;
BEGIN
Time: 62.444 ms
truncate table tb_check5 ;
TRUNCATE TABLE
Time: 17835.003 ms
insert into tb_check5 select * from tb_check;
INSERT 0 10
Time: 785.539 ms
commit;
COMMIT
Time: 18746.128 ms
check.sh|2019-12-02 15:44:36|2019-12-02 15:45:14|38
Timing is on.
begin;
BEGIN
Time: 63.081 ms
truncate table tb_check5 ;
TRUNCATE TABLE
Time: 1104.661 ms
insert into tb_check5 select * from tb_check;
INSERT 0 10
Time: 2098.306 ms
commit;
COMMIT
Time: 8029.346 ms
check.sh|2019-12-02 15:45:14|2019-12-02 15:45:25|11
Timing is on.
begin;
BEGIN
Time: 62.415 ms
truncate table tb_check5 ;
TRUNCATE TABLE
Time: 35664.081 ms
insert into tb_check5 select * from tb_check;
INSERT 0 10
Time: 1088.684 ms
commit;
COMMIT
Time: 7854.639 ms
check.sh|2019-12-02 15:45:26|2019-12-02 15:46:11|45
Timing is on.
begin;
BEGIN
Time: 69.335 ms
truncate table tb_check5 ;
TRUNCATE TABLE
Time: 1716.633 ms
insert into tb_check5 select * from tb_check;
INSERT 0 10
Time: 1679.975 ms
commit;
COMMIT
Time: 7032.486 ms
check.sh|2019-12-02 15:46:11|2019-12-02 15:46:22|11
Timing is on.
begin;
BEGIN
Time: 76.378 ms
truncate table tb_check5 ;
TRUNCATE TABLE
Time: 5696.756 ms
insert into tb_check5 select * from tb_check;
INSERT 0 10
Time: 1243.628 ms
commit;
COMMIT
Time: 12729.820 ms
check.sh|2019-12-02 15:46:22|2019-12-02 15:46:42|20
Timing is on.
begin;
BEGIN
Time: 71.218 ms
truncate table tb_check5 ;
TRUNCATE TABLE
Time: 3245.472 ms
insert into tb_check5 select * from tb_check;
INSERT 0 10
Time: 2013.166 ms
commit;
COMMIT
Time: 13634.347 ms
check.sh|2019-12-02 15:46:42|2019-12-02 15:47:01|19
Timing is on.
begin;
BEGIN
Time: 59.947 ms
truncate table tb_check5 ;
TRUNCATE TABLE
Time: 5694.912 ms
insert into tb_check5 select * from tb_check;
INSERT 0 10
Time: 758.221 ms
commit;
COMMIT
Time: 6717.333 ms
check.sh|2019-12-02 15:47:02|2019-12-02 15:47:15|13
Timing is on.
begin;
BEGIN
Time: 60.155 ms
truncate table tb_check5 ;
TRUNCATE TABLE
Time: 19385.801 ms
insert into tb_check5 select * from tb_check;
INSERT 0 10
Time: 907.712 ms
commit;
COMMIT
Time: 8774.913 ms
check.sh|2019-12-02 15:47:17|2019-12-02 15:47:46|29
Timing is on.
begin;
BEGIN
Time: 68.865 ms
truncate table tb_check5 ;
TRUNCATE TABLE
Time: 4802.945 ms
insert into tb_check5 select * from tb_check;
INSERT 0 10
Time: 1134.895 ms
commit;
COMMIT
Time: 9014.129 ms
check.sh|2019-12-02 15:47:46|2019-12-02 15:48:01|15
Timing is on.
begin;
BEGIN
Time: 87.850 ms
truncate table tb_check5 ;
TRUNCATE TABLE
Time: 13560.284 ms
insert into tb_check5 select * from tb_check;
INSERT 0 10
Time: 908.875 ms
commit;
COMMIT
Time: 8159.119 ms
check.sh|2019-12-02 15:48:02|2019-12-02 15:48:24|22
Timing is on.
begin;
BEGIN
Time: 63.494 ms
truncate table tb_check5 ;
TRUNCATE TABLE
Time: 4967.956 ms
insert into tb_check5 select * from tb_check;
INSERT 0 10
Time: 2936.715 ms
commit;
COMMIT
Time: 8848.840 ms
check.sh|2019-12-02 15:48:25|2019-12-02 15:48:42|17
Timing is on.
begin;
BEGIN
Time: 108.416 ms
truncate table tb_check5 ;
TRUNCATE TABLE
Time: 2255.152 ms
insert into tb_check5 select * from tb_check;
INSERT 0 10
Time: 925.568 ms
commit;
COMMIT
Time: 8031.664 ms
check.sh|2019-12-02 15:48:42|2019-12-02 15:48:53|11
Timing is on.
begin;
BEGIN
Time: 61.747 ms
truncate table tb_check5 ;
TRUNCATE TABLE
Time: 5929.364 ms
insert into tb_check5 select * from tb_check;
INSERT 0 10
Time: 2000.082 ms
commit;
COMMIT
Time: 8439.243 ms
check.sh|2019-12-02 15:48:54|2019-12-02 15:49:10|16
Timing is on.
begin;
BEGIN
Time: 75.413 ms
truncate table tb_check5 ;
TRUNCATE TABLE
Time: 7912.061 ms
insert into tb_check5 select * from tb_check;
INSERT 0 10
Time: 704.155 ms
commit;
COMMIT
Time: 10897.381 ms
check.sh|2019-12-02 15:49:11|2019-12-02 15:49:31|20
Timing is on.
begin;
BEGIN
Time: 58.502 ms
truncate table tb_check5 ;
TRUNCATE TABLE
Time: 12493.710 ms
insert into tb_check5 select * from tb_check;
INSERT 0 10
Time: 779.814 ms
commit;
COMMIT
Time: 8659.838 ms
check.sh|2019-12-02 15:49:31|2019-12-02 15:49:53|22
Timing is on.
begin;
BEGIN
Time: 68.947 ms
truncate table tb_check5 ;
TRUNCATE TABLE
Time: 2899.108 ms
insert into tb_check5 select * from tb_check;
INSERT 0 10
Time: 2661.508 ms
commit;
COMMIT
Time: 4881.826 ms
check.sh|2019-12-02 15:49:54|2019-12-02 15:50:04|10
Timing is on.
begin;
BEGIN
Time: 64.100 ms
truncate table tb_check5 ;
TRUNCATE TABLE
Time: 3477.562 ms
insert into tb_check5 select * from tb_check;
INSERT 0 10
Time: 1153.810 ms
commit;
COMMIT
Time: 6472.295 ms
check.sh|2019-12-02 15:50:06|2019-12-02 15:50:17|11
Timing is on.
begin;
BEGIN
Time: 67.986 ms
truncate table tb_check5 ;
TRUNCATE TABLE
Time: 28919.727 ms
insert into tb_check5 select * from tb_check;
INSERT 0 10
Time: 1025.415 ms
commit;
COMMIT
Time: 47576.784 ms
check.sh|2019-12-02 15:50:20|2019-12-02 15:51:37|77
Timing is on.
begin;
BEGIN
Time: 100.626 ms
truncate table tb_check5 ;
TRUNCATE TABLE
Time: 1100.210 ms
insert into tb_check5 select * from tb_check;
INSERT 0 10
Time: 2042.687 ms
commit;
COMMIT
Time: 13556.259 ms
check.sh|2019-12-02 15:51:38|2019-12-02 15:51:55|17
Timing is on.
begin;
BEGIN
Time: 59.156 ms
truncate table tb_check5 ;
TRUNCATE TABLE
Time: 12786.102 ms
insert into tb_check5 select * from tb_check;
INSERT 0 10
Time: 1845.266 ms
commit;
COMMIT
Time: 9826.793 ms
check.sh|2019-12-02 15:52:07|2019-12-02 15:52:31|24
Timing is on.
begin;
BEGIN
Time: 66.243 ms
truncate table tb_check5 ;
TRUNCATE TABLE
Time: 3092.724 ms
insert into tb_check5 select * from tb_check;
INSERT 0 10
Time: 828.301 ms
commit;
COMMIT
Time: 48886.675 ms
check.sh|2019-12-02 15:52:32|2019-12-02 15:53:25|53
Timing is on.
begin;
BEGIN
Time: 63.043 ms
truncate table tb_check5 ;
TRUNCATE TABLE
Time: 7695.083 ms
insert into tb_check5 select * from tb_check;
INSERT 0 10
Time: 1588.358 ms
commit;
COMMIT
Time: 10111.021 ms
check.sh|2019-12-02 15:53:25|2019-12-02 15:53:45|20
Timing is on.
begin;
BEGIN
Time: 66.486 ms
truncate table tb_check5 ;
TRUNCATE TABLE
Time: 4194.618 ms
insert into tb_check5 select * from tb_check;
INSERT 0 10
Time: 700.537 ms
commit;
COMMIT
Time: 47089.969 ms
check.sh|2019-12-02 15:53:45|2019-12-02 15:54:37|52
Timing is on.
begin;
BEGIN
Time: 65.108 ms
truncate table tb_check5 ;
TRUNCATE TABLE
Time: 1908.501 ms
insert into tb_check5 select * from tb_check;
INSERT 0 10
Time: 1877.691 ms
commit;
COMMIT
Time: 20734.896 ms
check.sh|2019-12-02 15:54:38|2019-12-02 15:55:02|24
Timing is on.
begin;
BEGIN
Time: 71.383 ms
truncate table tb_check5 ;
TRUNCATE TABLE
Time: 4684.535 ms
insert into tb_check5 select * from tb_check;
INSERT 0 10
Time: 716.598 ms
commit;
COMMIT
Time: 17205.844 ms
check.sh|2019-12-02 15:55:03|2019-12-02 15:55:26|23
Timing is on.
begin;
BEGIN
Time: 69.637 ms
truncate table tb_check5 ;
TRUNCATE TABLE
Time: 2315.124 ms
insert into tb_check5 select * from tb_check;
INSERT 0 10
Time: 1060.658 ms
commit;
COMMIT
Time: 7696.424 ms
check.sh|2019-12-02 15:55:26|2019-12-02 15:55:37|11
Timing is on.
begin;
BEGIN
Time: 59.567 ms
truncate table tb_check5 ;
TRUNCATE TABLE
Time: 56333.467 ms
insert into tb_check5 select * from tb_check;
INSERT 0 10
Time: 1781.059 ms
commit;
COMMIT
Time: 9468.582 ms
check.sh|2019-12-02 15:55:38|2019-12-02 15:56:45|67
Timing is on.
begin;
BEGIN
Time: 60.524 ms
truncate table tb_check5 ;
TRUNCATE TABLE
Time: 12012.790 ms
insert into tb_check5 select * from tb_check;
INSERT 0 10
Time: 712.739 ms
commit;
COMMIT
Time: 26702.757 ms
check.sh|2019-12-02 15:56:46|2019-12-02 15:57:25|39
Timing is on.
begin;
BEGIN
Time: 61.947 ms
truncate table tb_check5 ;
TRUNCATE TABLE
Time: 27099.876 ms
insert into tb_check5 select * from tb_check;
INSERT 0 10
Time: 691.790 ms
commit;
COMMIT
Time: 7644.458 ms
check.sh|2019-12-02 15:57:26|2019-12-02 15:58:01|35
Timing is on.
begin;
BEGIN
Time: 66.824 ms
truncate table tb_check5 ;
TRUNCATE TABLE
Time: 1743.831 ms
insert into tb_check5 select * from tb_check;
INSERT 0 10
Time: 1509.802 ms
commit;
COMMIT
Time: 8819.548 ms
check.sh|2019-12-02 15:58:02|2019-12-02 15:58:14|12
Timing is on.
begin;
BEGIN
Time: 58.487 ms
truncate table tb_check5 ;
TRUNCATE TABLE
Time: 11986.739 ms
insert into tb_check5 select * from tb_check;
INSERT 0 10
Time: 2087.456 ms
commit;
COMMIT
Time: 12030.521 ms
check.sh|2019-12-02 15:58:14|2019-12-02 15:58:40|26
Timing is on.
begin;
BEGIN
Time: 116.968 ms
truncate table tb_check5 ;
TRUNCATE TABLE
Time: 1080.070 ms
insert into tb_check5 select * from tb_check;
INSERT 0 10
Time: 2026.645 ms
commit;
COMMIT
Time: 8339.107 ms
check.sh|2019-12-02 15:58:41|2019-12-02 15:58:52|11
Timing is on.
begin;
BEGIN
Time: 60.233 ms
truncate table tb_check5 ;
TRUNCATE TABLE
Time: 17247.986 ms
insert into tb_check5 select * from tb_check;
INSERT 0 10
Time: 705.624 ms
commit;
COMMIT
Time: 22625.870 ms
check.sh|2019-12-02 15:59:04|2019-12-02 15:59:45|41
Timing is on.
begin;
BEGIN
Time: 110.400 ms
truncate table tb_check5 ;
TRUNCATE TABLE
Time: 1005.678 ms
insert into tb_check5 select * from tb_check;
INSERT 0 10
Time: 2137.902 ms
commit;
COMMIT
Time: 76939.896 ms
check.sh|2019-12-02 15:59:46|2019-12-02 16:01:06|80
Timing is on.
begin;
BEGIN
Time: 62.751 ms
truncate table tb_check5 ;
TRUNCATE TABLE
Time: 15730.508 ms
insert into tb_check5 select * from tb_check;
INSERT 0 10
Time: 1404.073 ms
commit;
COMMIT
Time: 283089.844 ms
check.sh|2019-12-02 16:01:15|2019-12-02 16:06:15|300
Timing is on.
begin;
BEGIN
Time: 65.246 ms
truncate table tb_check5 ;
TRUNCATE TABLE
Time: 44781.390 ms
insert into tb_check5 select * from tb_check;
INSERT 0 10
Time: 2516.578 ms
commit;
COMMIT
Time: 42328.208 ms
check.sh|2019-12-02 16:06:16|2019-12-02 16:07:45|89
Timing is on.
begin;
BEGIN
Time: 84.577 ms
truncate table tb_check5 ;
TRUNCATE TABLE
Time: 2051.871 ms
insert into tb_check5 select * from tb_check;
INSERT 0 10
Time: 1238.254 ms
commit;
COMMIT
Time: 11535.645 ms
check.sh|2019-12-02 16:07:46|2019-12-02 16:08:01|15
Timing is on.
begin;
BEGIN
Time: 59.232 ms
truncate table tb_check5 ;
TRUNCATE TABLE
Time: 1722.874 ms
insert into tb_check5 select * from tb_check;
INSERT 0 10
Time: 1673.032 ms
commit;
COMMIT
Time: 109812.116 ms
check.sh|2019-12-02 16:08:02|2019-12-02 16:09:55|113
Timing is on.
begin;
BEGIN
Time: 65.787 ms
truncate table tb_check5 ;
TRUNCATE TABLE
Time: 3037.164 ms
insert into tb_check5 select * from tb_check;
INSERT 0 10
Time: 914.598 ms
commit;
COMMIT
Time: 5808.060 ms
check.sh|2019-12-02 16:09:55|2019-12-02 16:10:05|10
Timing is on.
begin;
BEGIN
Time: 69.948 ms
truncate table tb_check5 ;
TRUNCATE TABLE
Time: 2147.513 ms
insert into tb_check5 select * from tb_check;
INSERT 0 10
Time: 1589.512 ms
commit;
COMMIT
Time: 6909.015 ms
check.sh|2019-12-02 16:10:10|2019-12-02 16:10:20|10
Timing is on.
begin;
BEGIN
Time: 62.320 ms
truncate table tb_check5 ;
TRUNCATE TABLE
Time: 34063.136 ms
insert into tb_check5 select * from tb_check;
INSERT 0 10
Time: 1464.166 ms
commit;
COMMIT
Time: 35494.522 ms
check.sh|2019-12-02 16:10:21|2019-12-02 16:11:32|71
Timing is on.
begin;
BEGIN
Time: 68.380 ms
truncate table tb_check5 ;
TRUNCATE TABLE
Time: 2424.800 ms
insert into tb_check5 select * from tb_check;
INSERT 0 10
Time: 1452.438 ms
commit;
COMMIT
Time: 11122.509 ms
check.sh|2019-12-02 16:11:33|2019-12-02 16:11:48|15
Timing is on.
begin;
BEGIN
Time: 63.664 ms
truncate table tb_check5 ;
TRUNCATE TABLE
Time: 1824.335 ms
insert into tb_check5 select * from tb_check;
INSERT 0 10
Time: 1760.642 ms
commit;
COMMIT
Time: 103806.184 ms
check.sh|2019-12-02 16:11:48|2019-12-02 16:13:36|108
Timing is on.
begin;
BEGIN
Time: 59.983 ms
truncate table tb_check5 ;
TRUNCATE TABLE
Time: 9262.008 ms
insert into tb_check5 select * from tb_check;
INSERT 0 10
Time: 1836.841 ms
commit;
COMMIT
Time: 10339.498 ms
check.sh|2019-12-02 16:13:37|2019-12-02 16:13:58|21
Timing is on.
begin;
BEGIN
Time: 67.189 ms
truncate table tb_check5 ;
TRUNCATE TABLE
Time: 2707.052 ms
insert into tb_check5 select * from tb_check;
INSERT 0 10
Time: 1698.210 ms
commit;
COMMIT
Time: 6821.543 ms
check.sh|2019-12-02 16:14:00|2019-12-02 16:14:11|11
Timing is on.
begin;
BEGIN
Time: 66.795 ms
truncate table tb_check5 ;
TRUNCATE TABLE
Time: 2351.560 ms
insert into tb_check5 select * from tb_check;
INSERT 0 10
Time: 1701.732 ms
commit;
COMMIT
Time: 30299.409 ms
check.sh|2019-12-02 16:14:12|2019-12-02 16:14:46|34
Timing is on.
begin;
BEGIN
Time: 68.320 ms
truncate table tb_check5 ;
TRUNCATE TABLE
Time: 15022.205 ms
insert into tb_check5 select * from tb_check;
INSERT 0 10
Time: 1001.810 ms
commit;
COMMIT
Time: 4368.062 ms
check.sh|2019-12-02 16:14:46|2019-12-02 16:15:07|21
Timing is on.
begin;
BEGIN
Time: 62.235 ms
truncate table tb_check5 ;
TRUNCATE TABLE
Time: 2414.177 ms
insert into tb_check5 select * from tb_check;
INSERT 0 10
Time: 1308.754 ms
commit;
COMMIT
Time: 10223.329 ms
check.sh|2019-12-02 16:15:07|2019-12-02 16:15:21|14
Timing is on.
begin;
BEGIN
Time: 83.815 ms
truncate table tb_check5 ;
TRUNCATE TABLE
Time: 14298.308 ms
insert into tb_check5 select * from tb_check;
INSERT 0 10
Time: 1192.057 ms
commit;
COMMIT
Time: 42452.285 ms
check.sh|2019-12-02 16:15:22|2019-12-02 16:16:20|58
Timing is on.
begin;
BEGIN
Time: 65.962 ms
truncate table tb_check5 ;
TRUNCATE TABLE
Time: 2530.369 ms
insert into tb_check5 select * from tb_check;
INSERT 0 10
Time: 2211.744 ms
commit;
COMMIT
Time: 5286.386 ms
check.sh|2019-12-02 16:16:21|2019-12-02 16:16:31|10
Timing is on.
begin;
BEGIN
Time: 73.351 ms
truncate table tb_check5 ;
TRUNCATE TABLE
Time: 8382.961 ms
insert into tb_check5 select * from tb_check;
INSERT 0 10
Time: 707.481 ms
commit;
COMMIT
Time: 11842.917 ms
check.sh|2019-12-02 16:16:31|2019-12-02 16:16:52|21
Timing is on.
begin;
BEGIN
Time: 65.704 ms
truncate table tb_check5 ;
TRUNCATE TABLE
Time: 4152.990 ms
insert into tb_check5 select * from tb_check;
INSERT 0 10
Time: 3237.009 ms
commit;
COMMIT
Time: 5081.672 ms
check.sh|2019-12-02 16:16:53|2019-12-02 16:17:05|12
Timing is on.
begin;
BEGIN
Time: 67.768 ms
truncate table tb_check5 ;
TRUNCATE TABLE
Time: 12486.333 ms
insert into tb_check5 select * from tb_check;
INSERT 0 10
Time: 683.629 ms
commit;
COMMIT
Time: 8162.373 ms
check.sh|2019-12-02 16:17:06|2019-12-02 16:17:27|21
Timing is on.
begin;
BEGIN
Time: 60.199 ms
truncate table tb_check5 ;
TRUNCATE TABLE
Time: 7881.299 ms
insert into tb_check5 select * from tb_check;
INSERT 0 10
Time: 697.740 ms
commit;
COMMIT
Time: 16764.014 ms
check.sh|2019-12-02 16:17:28|2019-12-02 16:17:54|26
Timing is on.
begin;
BEGIN
Time: 64.415 ms
truncate table tb_check5 ;
TRUNCATE TABLE
Time: 5575.715 ms
insert into tb_check5 select * from tb_check;
INSERT 0 10
Time: 1372.937 ms
commit;
COMMIT
Time: 5155.885 ms
check.sh|2019-12-02 16:17:54|2019-12-02 16:18:06|12
Timing is on.
begin;
BEGIN
Time: 69.054 ms
truncate table tb_check5 ;
TRUNCATE TABLE
Time: 1530.090 ms
insert into tb_check5 select * from tb_check;
INSERT 0 10
Time: 1832.191 ms
commit;
COMMIT
Time: 9246.130 ms
check.sh|2019-12-02 16:18:07|2019-12-02 16:18:20|13
Timing is on.
begin;
BEGIN
Time: 66.630 ms
truncate table tb_check5 ;
TRUNCATE TABLE
Time: 12347.288 ms
insert into tb_check5 select * from tb_check;
INSERT 0 10
Time: 1191.349 ms
commit;
COMMIT
Time: 15988.940 ms
check.sh|2019-12-02 16:18:20|2019-12-02 16:18:50|30
Timing is on.
begin;
BEGIN
Time: 76.589 ms
truncate table tb_check5 ;
TRUNCATE TABLE
Time: 10345.302 ms
insert into tb_check5 select * from tb_check;
INSERT 0 10
Time: 1550.963 ms
commit;
COMMIT
Time: 3193.425 ms
check.sh|2019-12-02 16:18:52|2019-12-02 16:19:07|15
Timing is on.
begin;
BEGIN
Time: 63.752 ms
truncate table tb_check5 ;
TRUNCATE TABLE
Time: 3390.182 ms
insert into tb_check5 select * from tb_check;
INSERT 0 10
Time: 1164.125 ms
commit;
COMMIT
Time: 12405.941 ms
check.sh|2019-12-02 16:19:08|2019-12-02 16:19:25|17
Timing is on.
begin;
BEGIN
Time: 63.988 ms
truncate table tb_check5 ;
TRUNCATE TABLE
Time: 11035.887 ms
insert into tb_check5 select * from tb_check;
INSERT 0 10
Time: 1260.394 ms
commit;
COMMIT
Time: 11860.488 ms
check.sh|2019-12-02 16:19:26|2019-12-02 16:19:50|24
Timing is on.
begin;
BEGIN
Time: 61.588 ms
truncate table tb_check5 ;
TRUNCATE TABLE
Time: 1859.965 ms
insert into tb_check5 select * from tb_check;
INSERT 0 10
Time: 2229.090 ms
commit;
COMMIT
Time: 5921.457 ms
check.sh|2019-12-02 16:19:51|2019-12-02 16:20:01|10
Timing is on.
begin;
BEGIN
Time: 800.769 ms
truncate table tb_check5 ;
TRUNCATE TABLE
Time: 4770.083 ms
insert into tb_check5 select * from tb_check;
INSERT 0 10
Time: 1102.135 ms
commit;
COMMIT
Time: 8079.488 ms
check.sh|2019-12-02 16:20:01|2019-12-02 16:20:16|15
Timing is on.
begin;
BEGIN
Time: 9433.550 ms
truncate table tb_check5 ;
TRUNCATE TABLE
Time: 2379.753 ms
insert into tb_check5 select * from tb_check;
INSERT 0 10
Time: 1969.594 ms
commit;
COMMIT
Time: 37874.649 ms
check.sh|2019-12-02 16:20:18|2019-12-02 16:21:09|51
Timing is on.
begin;
BEGIN
Time: 66.658 ms
truncate table tb_check5 ;
TRUNCATE TABLE
Time: 2931.528 ms
insert into tb_check5 select * from tb_check;
INSERT 0 10
Time: 2518.151 ms
commit;
COMMIT
Time: 6816.716 ms
check.sh|2019-12-02 16:21:10|2019-12-02 16:21:23|13
Timing is on.
begin;
BEGIN
Time: 65.558 ms
truncate table tb_check5 ;
TRUNCATE TABLE
Time: 1633.528 ms
insert into tb_check5 select * from tb_check;
INSERT 0 10
Time: 11985.647 ms
commit;
COMMIT
Time: 7181.784 ms
check.sh|2019-12-02 16:21:23|2019-12-02 16:21:44|21
Timing is on.
begin;
BEGIN
Time: 112.021 ms
truncate table tb_check5 ;
TRUNCATE TABLE
Time: 1913.591 ms
insert into tb_check5 select * from tb_check;
INSERT 0 10
Time: 1836.875 ms
commit;
COMMIT
Time: 8084.048 ms
check.sh|2019-12-02 16:21:44|2019-12-02 16:21:56|12
Timing is on.
begin;
BEGIN
Time: 57.697 ms
truncate table tb_check5 ;
TRUNCATE TABLE
Time: 5869.412 ms
insert into tb_check5 select * from tb_check;
INSERT 0 10
Time: 1779.942 ms
commit;
COMMIT
Time: 85703.109 ms
check.sh|2019-12-02 16:21:57|2019-12-02 16:23:30|93
Timing is on.
begin;
BEGIN
Time: 63.925 ms
truncate table tb_check5 ;
TRUNCATE TABLE
Time: 10543.879 ms
insert into tb_check5 select * from tb_check;
INSERT 0 10
Time: 1072.374 ms
commit;
COMMIT
Time: 4169.868 ms
check.sh|2019-12-02 16:23:31|2019-12-02 16:23:47|16
Timing is on.
begin;
BEGIN
Time: 63.267 ms
truncate table tb_check5 ;
TRUNCATE TABLE
Time: 5549.296 ms
insert into tb_check5 select * from tb_check;
INSERT 0 10
Time: 842.303 ms
commit;
COMMIT
Time: 34498.513 ms
check.sh|2019-12-02 16:23:48|2019-12-02 16:24:29|41
Timing is on.
begin;
BEGIN
Time: 60.808 ms
truncate table tb_check5 ;
TRUNCATE TABLE
Time: 5412.955 ms
insert into tb_check5 select * from tb_check;
INSERT 0 10
Time: 1912.900 ms
commit;
COMMIT
Time: 26168.585 ms
check.sh|2019-12-02 16:24:48|2019-12-02 16:25:22|34
Timing is on.
begin;
BEGIN
Time: 60.117 ms
truncate table tb_check5 ;
TRUNCATE TABLE
Time: 3867.904 ms
insert into tb_check5 select * from tb_check;
INSERT 0 10
Time: 1166.283 ms
commit;
COMMIT
Time: 11621.560 ms
check.sh|2019-12-02 16:25:22|2019-12-02 16:25:39|17
Timing is on.
begin;
BEGIN
Time: 62.896 ms
truncate table tb_check5 ;
TRUNCATE TABLE
Time: 31529.890 ms
insert into tb_check5 select * from tb_check;
INSERT 0 10
Time: 3188.272 ms
commit;
COMMIT
Time: 3459.424 ms
check.sh|2019-12-02 16:25:39|2019-12-02 16:26:18|39
Timing is on.
begin;
BEGIN
Time: 67.342 ms
truncate table tb_check5 ;
TRUNCATE TABLE
Time: 4191.026 ms
insert into tb_check5 select * from tb_check;
INSERT 0 10
Time: 936.493 ms
commit;
COMMIT
Time: 15641.015 ms
check.sh|2019-12-02 16:26:19|2019-12-02 16:26:40|21
Timing is on.
begin;
BEGIN
Time: 63.734 ms
truncate table tb_check5 ;
TRUNCATE TABLE
Time: 20020.093 ms
insert into tb_check5 select * from tb_check;
INSERT 0 10
Time: 2282.921 ms
commit;
COMMIT
Time: 3624.354 ms
check.sh|2019-12-02 16:26:48|2019-12-02 16:27:14|26
Timing is on.
begin;
BEGIN
Time: 66.611 ms
truncate table tb_check5 ;
TRUNCATE TABLE
Time: 2264.758 ms
insert into tb_check5 select * from tb_check;
INSERT 0 10
Time: 1230.169 ms
commit;
COMMIT
Time: 4858.056 ms
check.sh|2019-12-02 16:27:15|2019-12-02 16:27:23|8
Timing is on.
begin;
BEGIN
Time: 70.027 ms
truncate table tb_check5 ;
TRUNCATE TABLE
Time: 1642.373 ms
insert into tb_check5 select * from tb_check;
INSERT 0 10
Time: 1793.475 ms
commit;
COMMIT
Time: 44832.216 ms
check.sh|2019-12-02 16:27:23|2019-12-02 16:28:12|49
Timing is on.
begin;
BEGIN
Time: 63.740 ms
truncate table tb_check5 ;
TRUNCATE TABLE
Time: 3518.673 ms
insert into tb_check5 select * from tb_check;
INSERT 0 10
Time: 2621.251 ms
commit;
COMMIT
Time: 4165.816 ms
check.sh|2019-12-02 16:28:13|2019-12-02 16:28:24|11
Timing is on.
begin;
BEGIN
Time: 64.331 ms
truncate table tb_check5 ;
TRUNCATE TABLE
Time: 5523.223 ms
insert into tb_check5 select * from tb_check;
INSERT 0 10
Time: 703.948 ms
commit;
COMMIT
Time: 28842.272 ms
check.sh|2019-12-02 16:28:24|2019-12-02 16:28:59|35
Timing is on.
begin;
BEGIN
Time: 62.958 ms
truncate table tb_check5 ;
TRUNCATE TABLE
Time: 8511.001 ms
insert into tb_check5 select * from tb_check;
INSERT 0 10
Time: 4048.278 ms
commit;
COMMIT
Time: 15176.682 ms
check.sh|2019-12-02 16:29:00|2019-12-02 16:29:28|28
Timing is on.
begin;
BEGIN
Time: 105.039 ms
truncate table tb_check5 ;
TRUNCATE TABLE
Time: 2234.922 ms
insert into tb_check5 select * from tb_check;
INSERT 0 10
Time: 1562.290 ms
commit;
COMMIT
Time: 4111.293 ms
check.sh|2019-12-02 16:29:28|2019-12-02 16:29:36|8
Timing is on.
begin;
BEGIN
Time: 59.585 ms
truncate table tb_check5 ;
TRUNCATE TABLE
Time: 6022.103 ms
insert into tb_check5 select * from tb_check;
INSERT 0 10
Time: 689.630 ms
commit;
COMMIT
Time: 28641.433 ms
check.sh|2019-12-02 16:29:38|2019-12-02 16:30:13|35
Timing is on.
begin;
BEGIN
Time: 62.395 ms
truncate table tb_check5 ;
TRUNCATE TABLE
Time: 3909.933 ms
insert into tb_check5 select * from tb_check;
INSERT 0 10
Time: 765.295 ms
commit;
COMMIT
Time: 14748.527 ms
check.sh|2019-12-02 16:30:14|2019-12-02 16:30:33|19
Timing is on.
begin;
BEGIN
Time: 66.670 ms
truncate table tb_check5 ;
TRUNCATE TABLE
Time: 23637.823 ms
insert into tb_check5 select * from tb_check;
INSERT 0 10
Time: 1616.276 ms
commit;
COMMIT
Time: 5970.757 ms
check.sh|2019-12-02 16:30:34|2019-12-02 16:31:05|31
Timing is on.
begin;
BEGIN
Time: 80.807 ms
truncate table tb_check5 ;
TRUNCATE TABLE
Time: 6318.315 ms
insert into tb_check5 select * from tb_check;
INSERT 0 10
Time: 1900.471 ms
commit;
COMMIT
Time: 38805.165 ms
check.sh|2019-12-02 16:31:06|2019-12-02 16:31:53|47
Timing is on.
begin;
BEGIN
Time: 64.301 ms
truncate table tb_check5 ;
TRUNCATE TABLE
Time: 2897.648 ms
insert into tb_check5 select * from tb_check;
INSERT 0 10
Time: 3533.368 ms
commit;
COMMIT
Time: 4437.887 ms
check.sh|2019-12-02 16:31:53|2019-12-02 16:32:04|11
Timing is on.
begin;
BEGIN
Time: 63.832 ms
truncate table tb_check5 ;
TRUNCATE TABLE
Time: 6261.623 ms
insert into tb_check5 select * from tb_check;
INSERT 0 10
Time: 780.060 ms
commit;
COMMIT
Time: 6450.365 ms
check.sh|2019-12-02 16:32:05|2019-12-02 16:32:19|14
Timing is on.
begin;
BEGIN
Time: 59.348 ms
truncate table tb_check5 ;
TRUNCATE TABLE
Time: 5908.796 ms
insert into tb_check5 select * from tb_check;
INSERT 0 10
Time: 1172.380 ms
commit;
COMMIT
Time: 3733.555 ms
check.sh|2019-12-02 16:32:19|2019-12-02 16:32:30|11
Timing is on.
begin;
BEGIN
Time: 95.471 ms
truncate table tb_check5 ;
TRUNCATE TABLE
Time: 2554.660 ms
insert into tb_check5 select * from tb_check;
INSERT 0 10
Time: 1276.009 ms
commit;
COMMIT
Time: 7682.943 ms
check.sh|2019-12-02 16:32:31|2019-12-02 16:32:42|11
Timing is on.
begin;
BEGIN
Time: 60.306 ms
truncate table tb_check5 ;
TRUNCATE TABLE
Time: 45585.860 ms
insert into tb_check5 select * from tb_check;
INSERT 0 10
Time: 2297.404 ms
commit;
COMMIT
Time: 76556.952 ms
check.sh|2019-12-02 16:32:43|2019-12-02 16:34:47|124
Timing is on.
begin;
BEGIN
Time: 64.921 ms
truncate table tb_check5 ;
TRUNCATE TABLE
Time: 11594.784 ms
insert into tb_check5 select * from tb_check;
INSERT 0 10
Time: 1834.099 ms
commit;
COMMIT
Time: 3696.956 ms
check.sh|2019-12-02 16:34:48|2019-12-02 16:35:05|17
Timing is on.
begin;
BEGIN
Time: 67.529 ms
truncate table tb_check5 ;
TRUNCATE TABLE
Time: 1331.421 ms
insert into tb_check5 select * from tb_check;
INSERT 0 10
Time: 1764.411 ms
commit;
COMMIT
Time: 43360.527 ms
check.sh|2019-12-02 16:35:06|2019-12-02 16:35:53|47
Timing is on.
begin;
BEGIN
Time: 67.061 ms
truncate table tb_check5 ;
TRUNCATE TABLE
Time: 894.912 ms
insert into tb_check5 select * from tb_check;
INSERT 0 10
Time: 2331.994 ms
commit;
COMMIT
Time: 78223.224 ms
check.sh|2019-12-02 16:35:53|2019-12-02 16:37:15|82
Timing is on.
begin;
BEGIN
Time: 62.939 ms
truncate table tb_check5 ;
TRUNCATE TABLE
Time: 6036.883 ms
insert into tb_check5 select * from tb_check;
INSERT 0 10
Time: 8911.070 ms
commit;
COMMIT
Time: 32828.205 ms
check.sh|2019-12-02 16:37:16|2019-12-02 16:38:04|48
Timing is on.
begin;
BEGIN
Time: 105.916 ms
truncate table tb_check5 ;
TRUNCATE TABLE
Time: 2884.159 ms
insert into tb_check5 select * from tb_check;
INSERT 0 10
Time: 1037.274 ms
commit;
COMMIT
Time: 15225.889 ms
check.sh|2019-12-02 16:38:05|2019-12-02 16:38:24|19
Timing is on.
begin;
BEGIN
Time: 65.982 ms
truncate table tb_check5 ;
TRUNCATE TABLE
Time: 49125.574 ms
insert into tb_check5 select * from tb_check;
INSERT 0 10
Time: 1234.975 ms
commit;
COMMIT
Time: 18317.496 ms
check.sh|2019-12-02 16:38:26|2019-12-02 16:39:35|69
Timing is on.
begin;
BEGIN
Time: 106.708 ms
truncate table tb_check5 ;
TRUNCATE TABLE
Time: 1230.974 ms
insert into tb_check5 select * from tb_check;
INSERT 0 10
Time: 2059.700 ms
commit;
COMMIT
Time: 5564.812 ms
check.sh|2019-12-02 16:39:35|2019-12-02 16:39:44|9
Timing is on.
begin;
BEGIN
Time: 70.333 ms
truncate table tb_check5 ;
TRUNCATE TABLE
Time: 2390.576 ms
insert into tb_check5 select * from tb_check;
INSERT 0 10
Time: 1079.145 ms
commit;
COMMIT
Time: 55797.196 ms
check.sh|2019-12-02 16:39:45|2019-12-02 16:40:44|59
Timing is on.
begin;
BEGIN
Time: 60.757 ms
truncate table tb_check5 ;
TRUNCATE TABLE
Time: 12876.444 ms
insert into tb_check5 select * from tb_check;
INSERT 0 10
Time: 2420.633 ms
commit;
COMMIT
Time: 4219.997 ms
check.sh|2019-12-02 16:40:45|2019-12-02 16:41:05|20
Timing is on.
begin;
BEGIN
Time: 63.916 ms
truncate table tb_check5 ;
TRUNCATE TABLE
Time: 1270.309 ms
insert into tb_check5 select * from tb_check;
INSERT 0 10
Time: 2064.159 ms
commit;
COMMIT
Time: 8001.072 ms
check.sh|2019-12-02 16:41:05|2019-12-02 16:41:17|12
Timing is on.
begin;
BEGIN
Time: 64.733 ms
truncate table tb_check5 ;
TRUNCATE TABLE
Time: 18961.697 ms
insert into tb_check5 select * from tb_check;
INSERT 0 10
Time: 1317.664 ms
commit;
COMMIT
Time: 36357.846 ms
check.sh|2019-12-02 16:41:18|2019-12-02 16:42:15|57
Timing is on.
begin;
BEGIN
Time: 138.272 ms
truncate table tb_check5 ;
TRUNCATE TABLE
Time: 2030.060 ms
insert into tb_check5 select * from tb_check;
INSERT 0 10
Time: 998.325 ms
commit;
COMMIT
Time: 70954.777 ms
check.sh|2019-12-02 16:42:15|2019-12-02 16:43:30|75
Timing is on.
begin;
BEGIN
Time: 99.556 ms
truncate table tb_check5 ;
TRUNCATE TABLE
Time: 18011.398 ms
insert into tb_check5 select * from tb_check;
INSERT 0 10
Time: 1805.514 ms
commit;
COMMIT
Time: 29691.545 ms
check.sh|2019-12-02 16:43:30|2019-12-02 16:44:20|50
Timing is on.
begin;
BEGIN
Time: 76.329 ms
truncate table tb_check5 ;
TRUNCATE TABLE
Time: 3040.739 ms
insert into tb_check5 select * from tb_check;
INSERT 0 10
Time: 1725.210 ms
commit;
COMMIT
Time: 4255.760 ms
check.sh|2019-12-02 16:44:20|2019-12-02 16:44:29|9
