Timing is on.
begin;
BEGIN
Time: 86.192 ms
truncate table tb_check4 ;
TRUNCATE TABLE
Time: 3542.739 ms
insert into tb_check4 select * from tb_check;
INSERT 0 10
Time: 2622.538 ms
commit;
COMMIT
Time: 5238.050 ms
check.sh|2019-12-02 15:44:22|2019-12-02 15:44:33|11
Timing is on.
begin;
BEGIN
Time: 61.894 ms
truncate table tb_check4 ;
TRUNCATE TABLE
Time: 14006.993 ms
insert into tb_check4 select * from tb_check;
INSERT 0 10
Time: 690.489 ms
commit;
COMMIT
Time: 22585.252 ms
check.sh|2019-12-02 15:44:36|2019-12-02 15:45:13|37
Timing is on.
begin;
BEGIN
Time: 60.739 ms
truncate table tb_check4 ;
TRUNCATE TABLE
Time: 918.198 ms
insert into tb_check4 select * from tb_check;
INSERT 0 10
Time: 2285.032 ms
commit;
COMMIT
Time: 7454.329 ms
check.sh|2019-12-02 15:45:14|2019-12-02 15:45:25|11
Timing is on.
begin;
BEGIN
Time: 66.635 ms
truncate table tb_check4 ;
TRUNCATE TABLE
Time: 36368.555 ms
insert into tb_check4 select * from tb_check;
INSERT 0 10
Time: 1330.117 ms
commit;
COMMIT
Time: 7049.473 ms
check.sh|2019-12-02 15:45:26|2019-12-02 15:46:11|45
Timing is on.
begin;
BEGIN
Time: 64.110 ms
truncate table tb_check4 ;
TRUNCATE TABLE
Time: 1250.368 ms
insert into tb_check4 select * from tb_check;
INSERT 0 10
Time: 1938.431 ms
commit;
COMMIT
Time: 5617.009 ms
check.sh|2019-12-02 15:46:11|2019-12-02 15:46:20|9
Timing is on.
begin;
BEGIN
Time: 71.550 ms
truncate table tb_check4 ;
TRUNCATE TABLE
Time: 3541.247 ms
insert into tb_check4 select * from tb_check;
INSERT 0 10
Time: 2356.899 ms
commit;
COMMIT
Time: 13539.393 ms
check.sh|2019-12-02 15:46:22|2019-12-02 15:46:42|20
Timing is on.
begin;
BEGIN
Time: 64.457 ms
truncate table tb_check4 ;
TRUNCATE TABLE
Time: 3161.344 ms
insert into tb_check4 select * from tb_check;
INSERT 0 10
Time: 2205.722 ms
commit;
COMMIT
Time: 12984.733 ms
check.sh|2019-12-02 15:46:42|2019-12-02 15:47:01|19
Timing is on.
begin;
BEGIN
Time: 59.195 ms
truncate table tb_check4 ;
TRUNCATE TABLE
Time: 4600.550 ms
insert into tb_check4 select * from tb_check;
INSERT 0 10
Time: 1130.037 ms
commit;
COMMIT
Time: 8563.375 ms
check.sh|2019-12-02 15:47:02|2019-12-02 15:47:16|14
Timing is on.
begin;
BEGIN
Time: 63.643 ms
truncate table tb_check4 ;
TRUNCATE TABLE
Time: 17779.387 ms
insert into tb_check4 select * from tb_check;
INSERT 0 10
Time: 1193.110 ms
commit;
COMMIT
Time: 10003.843 ms
check.sh|2019-12-02 15:47:16|2019-12-02 15:47:46|30
Timing is on.
begin;
BEGIN
Time: 63.339 ms
truncate table tb_check4 ;
TRUNCATE TABLE
Time: 4143.152 ms
insert into tb_check4 select * from tb_check;
INSERT 0 10
Time: 1548.741 ms
commit;
COMMIT
Time: 8045.949 ms
check.sh|2019-12-02 15:47:46|2019-12-02 15:48:00|14
Timing is on.
begin;
BEGIN
Time: 66.755 ms
truncate table tb_check4 ;
TRUNCATE TABLE
Time: 13158.500 ms
insert into tb_check4 select * from tb_check;
INSERT 0 10
Time: 813.608 ms
commit;
COMMIT
Time: 8441.156 ms
check.sh|2019-12-02 15:48:01|2019-12-02 15:48:24|23
Timing is on.
begin;
BEGIN
Time: 66.314 ms
truncate table tb_check4 ;
TRUNCATE TABLE
Time: 4986.593 ms
insert into tb_check4 select * from tb_check;
INSERT 0 10
Time: 3532.217 ms
commit;
COMMIT
Time: 7669.951 ms
check.sh|2019-12-02 15:48:25|2019-12-02 15:48:41|16
Timing is on.
begin;
BEGIN
Time: 68.707 ms
truncate table tb_check4 ;
TRUNCATE TABLE
Time: 1747.927 ms
insert into tb_check4 select * from tb_check;
INSERT 0 10
Time: 1099.148 ms
commit;
COMMIT
Time: 6075.236 ms
check.sh|2019-12-02 15:48:42|2019-12-02 15:48:51|9
Timing is on.
begin;
BEGIN
Time: 60.429 ms
truncate table tb_check4 ;
TRUNCATE TABLE
Time: 5783.895 ms
insert into tb_check4 select * from tb_check;
INSERT 0 10
Time: 2054.614 ms
commit;
COMMIT
Time: 9064.812 ms
check.sh|2019-12-02 15:48:54|2019-12-02 15:49:11|17
Timing is on.
begin;
BEGIN
Time: 69.828 ms
truncate table tb_check4 ;
TRUNCATE TABLE
Time: 4386.160 ms
insert into tb_check4 select * from tb_check;
INSERT 0 10
Time: 708.262 ms
commit;
COMMIT
Time: 13558.004 ms
check.sh|2019-12-02 15:49:11|2019-12-02 15:49:30|19
Timing is on.
begin;
BEGIN
Time: 60.625 ms
truncate table tb_check4 ;
TRUNCATE TABLE
Time: 8925.666 ms
insert into tb_check4 select * from tb_check;
INSERT 0 10
Time: 1309.925 ms
commit;
COMMIT
Time: 11536.303 ms
check.sh|2019-12-02 15:49:31|2019-12-02 15:49:53|22
Timing is on.
begin;
BEGIN
Time: 65.693 ms
truncate table tb_check4 ;
TRUNCATE TABLE
Time: 2719.238 ms
insert into tb_check4 select * from tb_check;
INSERT 0 10
Time: 2736.950 ms
commit;
COMMIT
Time: 6843.530 ms
check.sh|2019-12-02 15:49:53|2019-12-02 15:50:06|13
Timing is on.
begin;
BEGIN
Time: 66.545 ms
truncate table tb_check4 ;
TRUNCATE TABLE
Time: 2914.643 ms
insert into tb_check4 select * from tb_check;
INSERT 0 10
Time: 1528.291 ms
commit;
COMMIT
Time: 6757.506 ms
check.sh|2019-12-02 15:50:06|2019-12-02 15:50:17|11
Timing is on.
begin;
BEGIN
Time: 60.716 ms
truncate table tb_check4 ;
TRUNCATE TABLE
Time: 21672.782 ms
insert into tb_check4 select * from tb_check;
INSERT 0 10
Time: 1587.714 ms
commit;
COMMIT
Time: 53782.174 ms
check.sh|2019-12-02 15:50:20|2019-12-02 15:51:37|77
Timing is on.
begin;
BEGIN
Time: 77.826 ms
truncate table tb_check4 ;
TRUNCATE TABLE
Time: 674.672 ms
insert into tb_check4 select * from tb_check;
INSERT 0 10
Time: 2405.563 ms
commit;
COMMIT
Time: 22828.665 ms
check.sh|2019-12-02 15:51:38|2019-12-02 15:52:04|26
Timing is on.
begin;
BEGIN
Time: 67.413 ms
truncate table tb_check4 ;
TRUNCATE TABLE
Time: 12397.528 ms
insert into tb_check4 select * from tb_check;
INSERT 0 10
Time: 2194.364 ms
commit;
COMMIT
Time: 10065.863 ms
check.sh|2019-12-02 15:52:07|2019-12-02 15:52:31|24
Timing is on.
begin;
BEGIN
Time: 65.014 ms
truncate table tb_check4 ;
TRUNCATE TABLE
Time: 2529.309 ms
insert into tb_check4 select * from tb_check;
INSERT 0 10
Time: 854.442 ms
commit;
COMMIT
Time: 47752.977 ms
check.sh|2019-12-02 15:52:32|2019-12-02 15:53:23|51
Timing is on.
begin;
BEGIN
Time: 65.777 ms
truncate table tb_check4 ;
TRUNCATE TABLE
Time: 8022.923 ms
insert into tb_check4 select * from tb_check;
INSERT 0 10
Time: 1753.477 ms
commit;
COMMIT
Time: 9521.058 ms
check.sh|2019-12-02 15:53:25|2019-12-02 15:53:45|20
Timing is on.
begin;
BEGIN
Time: 63.531 ms
truncate table tb_check4 ;
TRUNCATE TABLE
Time: 3014.803 ms
insert into tb_check4 select * from tb_check;
INSERT 0 10
Time: 823.090 ms
commit;
COMMIT
Time: 48155.718 ms
check.sh|2019-12-02 15:53:45|2019-12-02 15:54:37|52
Timing is on.
begin;
BEGIN
Time: 64.867 ms
truncate table tb_check4 ;
TRUNCATE TABLE
Time: 1753.185 ms
insert into tb_check4 select * from tb_check;
INSERT 0 10
Time: 2023.556 ms
commit;
COMMIT
Time: 19435.365 ms
check.sh|2019-12-02 15:54:38|2019-12-02 15:55:01|23
Timing is on.
begin;
BEGIN
Time: 62.941 ms
truncate table tb_check4 ;
TRUNCATE TABLE
Time: 2859.788 ms
insert into tb_check4 select * from tb_check;
INSERT 0 10
Time: 1086.712 ms
commit;
COMMIT
Time: 19030.884 ms
check.sh|2019-12-02 15:55:03|2019-12-02 15:55:26|23
Timing is on.
begin;
BEGIN
Time: 62.997 ms
truncate table tb_check4 ;
TRUNCATE TABLE
Time: 1865.289 ms
insert into tb_check4 select * from tb_check;
INSERT 0 10
Time: 1297.982 ms
commit;
COMMIT
Time: 5100.349 ms
check.sh|2019-12-02 15:55:26|2019-12-02 15:55:34|8
Timing is on.
begin;
BEGIN
Time: 58.749 ms
truncate table tb_check4 ;
TRUNCATE TABLE
Time: 56159.795 ms
insert into tb_check4 select * from tb_check;
INSERT 0 10
Time: 1895.448 ms
commit;
COMMIT
Time: 8616.195 ms
check.sh|2019-12-02 15:55:38|2019-12-02 15:56:44|66
Timing is on.
begin;
BEGIN
Time: 62.414 ms
truncate table tb_check4 ;
TRUNCATE TABLE
Time: 6724.382 ms
insert into tb_check4 select * from tb_check;
INSERT 0 10
Time: 695.757 ms
commit;
COMMIT
Time: 13256.974 ms
check.sh|2019-12-02 15:56:46|2019-12-02 15:57:06|20
Timing is on.
begin;
BEGIN
Time: 69.488 ms
truncate table tb_check4 ;
TRUNCATE TABLE
Time: 9333.919 ms
insert into tb_check4 select * from tb_check;
INSERT 0 10
Time: 801.658 ms
commit;
COMMIT
Time: 25393.792 ms
check.sh|2019-12-02 15:57:26|2019-12-02 15:58:01|35
Timing is on.
begin;
BEGIN
Time: 70.547 ms
truncate table tb_check4 ;
TRUNCATE TABLE
Time: 1434.973 ms
insert into tb_check4 select * from tb_check;
INSERT 0 10
Time: 1759.370 ms
commit;
COMMIT
Time: 8462.618 ms
check.sh|2019-12-02 15:58:02|2019-12-02 15:58:13|11
Timing is on.
begin;
BEGIN
Time: 58.433 ms
truncate table tb_check4 ;
TRUNCATE TABLE
Time: 11415.103 ms
insert into tb_check4 select * from tb_check;
INSERT 0 10
Time: 2458.229 ms
commit;
COMMIT
Time: 12239.660 ms
check.sh|2019-12-02 15:58:14|2019-12-02 15:58:40|26
Timing is on.
begin;
BEGIN
Time: 71.511 ms
truncate table tb_check4 ;
TRUNCATE TABLE
Time: 720.131 ms
insert into tb_check4 select * from tb_check;
INSERT 0 10
Time: 2307.632 ms
commit;
COMMIT
Time: 8401.679 ms
check.sh|2019-12-02 15:58:41|2019-12-02 15:58:52|11
Timing is on.
begin;
BEGIN
Time: 69.577 ms
truncate table tb_check4 ;
TRUNCATE TABLE
Time: 18565.290 ms
insert into tb_check4 select * from tb_check;
INSERT 0 10
Time: 704.332 ms
commit;
COMMIT
Time: 21866.404 ms
check.sh|2019-12-02 15:59:04|2019-12-02 15:59:45|41
Timing is on.
begin;
BEGIN
Time: 67.472 ms
truncate table tb_check4 ;
TRUNCATE TABLE
Time: 840.847 ms
insert into tb_check4 select * from tb_check;
INSERT 0 10
Time: 2370.830 ms
commit;
COMMIT
Time: 85567.111 ms
check.sh|2019-12-02 15:59:46|2019-12-02 16:01:15|89
Timing is on.
begin;
BEGIN
Time: 60.876 ms
truncate table tb_check4 ;
TRUNCATE TABLE
Time: 15617.861 ms
insert into tb_check4 select * from tb_check;
INSERT 0 10
Time: 1568.853 ms
commit;
COMMIT
Time: 272735.754 ms
check.sh|2019-12-02 16:01:15|2019-12-02 16:06:05|290
Timing is on.
begin;
BEGIN
Time: 64.797 ms
truncate table tb_check4 ;
TRUNCATE TABLE
Time: 44881.561 ms
insert into tb_check4 select * from tb_check;
INSERT 0 10
Time: 2468.901 ms
commit;
COMMIT
Time: 42982.452 ms
check.sh|2019-12-02 16:06:16|2019-12-02 16:07:46|90
Timing is on.
begin;
BEGIN
Time: 64.579 ms
truncate table tb_check4 ;
TRUNCATE TABLE
Time: 1453.269 ms
insert into tb_check4 select * from tb_check;
INSERT 0 10
Time: 1652.646 ms
commit;
COMMIT
Time: 11562.300 ms
check.sh|2019-12-02 16:07:46|2019-12-02 16:08:01|15
Timing is on.
begin;
BEGIN
Time: 64.133 ms
truncate table tb_check4 ;
TRUNCATE TABLE
Time: 1618.121 ms
insert into tb_check4 select * from tb_check;
INSERT 0 10
Time: 1818.088 ms
commit;
COMMIT
Time: 109870.860 ms
check.sh|2019-12-02 16:08:02|2019-12-02 16:09:55|113
Timing is on.
begin;
BEGIN
Time: 65.965 ms
truncate table tb_check4 ;
TRUNCATE TABLE
Time: 3616.421 ms
insert into tb_check4 select * from tb_check;
INSERT 0 10
Time: 957.031 ms
commit;
COMMIT
Time: 7993.405 ms
check.sh|2019-12-02 16:09:55|2019-12-02 16:10:08|13
Timing is on.
begin;
BEGIN
Time: 65.428 ms
truncate table tb_check4 ;
TRUNCATE TABLE
Time: 1790.062 ms
insert into tb_check4 select * from tb_check;
INSERT 0 10
Time: 1853.019 ms
commit;
COMMIT
Time: 6290.073 ms
check.sh|2019-12-02 16:10:10|2019-12-02 16:10:20|10
Timing is on.
begin;
BEGIN
Time: 60.809 ms
truncate table tb_check4 ;
TRUNCATE TABLE
Time: 30533.265 ms
insert into tb_check4 select * from tb_check;
INSERT 0 10
Time: 2073.029 ms
commit;
COMMIT
Time: 29225.387 ms
check.sh|2019-12-02 16:10:21|2019-12-02 16:11:23|62
Timing is on.
begin;
BEGIN
Time: 61.694 ms
truncate table tb_check4 ;
TRUNCATE TABLE
Time: 2367.367 ms
insert into tb_check4 select * from tb_check;
INSERT 0 10
Time: 1480.384 ms
commit;
COMMIT
Time: 11065.663 ms
check.sh|2019-12-02 16:11:33|2019-12-02 16:11:48|15
Timing is on.
begin;
BEGIN
Time: 62.303 ms
truncate table tb_check4 ;
TRUNCATE TABLE
Time: 1549.405 ms
insert into tb_check4 select * from tb_check;
INSERT 0 10
Time: 1975.234 ms
commit;
COMMIT
Time: 104874.534 ms
check.sh|2019-12-02 16:11:48|2019-12-02 16:13:36|108
Timing is on.
begin;
BEGIN
Time: 63.641 ms
truncate table tb_check4 ;
TRUNCATE TABLE
Time: 9245.960 ms
insert into tb_check4 select * from tb_check;
INSERT 0 10
Time: 2026.775 ms
commit;
COMMIT
Time: 11328.355 ms
check.sh|2019-12-02 16:13:37|2019-12-02 16:13:59|22
Timing is on.
begin;
BEGIN
Time: 59.238 ms
truncate table tb_check4 ;
TRUNCATE TABLE
Time: 2473.163 ms
insert into tb_check4 select * from tb_check;
INSERT 0 10
Time: 1847.029 ms
commit;
COMMIT
Time: 6815.697 ms
check.sh|2019-12-02 16:14:00|2019-12-02 16:14:11|11
Timing is on.
begin;
BEGIN
Time: 79.841 ms
truncate table tb_check4 ;
TRUNCATE TABLE
Time: 1892.507 ms
insert into tb_check4 select * from tb_check;
INSERT 0 10
Time: 2007.329 ms
commit;
COMMIT
Time: 26478.078 ms
check.sh|2019-12-02 16:14:12|2019-12-02 16:14:42|30
Timing is on.
begin;
BEGIN
Time: 61.250 ms
truncate table tb_check4 ;
TRUNCATE TABLE
Time: 14574.049 ms
insert into tb_check4 select * from tb_check;
INSERT 0 10
Time: 1037.407 ms
commit;
COMMIT
Time: 4450.546 ms
check.sh|2019-12-02 16:14:46|2019-12-02 16:15:06|20
Timing is on.
begin;
BEGIN
Time: 63.571 ms
truncate table tb_check4 ;
TRUNCATE TABLE
Time: 2057.084 ms
insert into tb_check4 select * from tb_check;
INSERT 0 10
Time: 1507.641 ms
commit;
COMMIT
Time: 10478.372 ms
check.sh|2019-12-02 16:15:07|2019-12-02 16:15:21|14
Timing is on.
begin;
BEGIN
Time: 62.669 ms
truncate table tb_check4 ;
TRUNCATE TABLE
Time: 14914.541 ms
insert into tb_check4 select * from tb_check;
INSERT 0 10
Time: 1321.439 ms
commit;
COMMIT
Time: 42221.306 ms
check.sh|2019-12-02 16:15:22|2019-12-02 16:16:20|58
Timing is on.
begin;
BEGIN
Time: 69.428 ms
truncate table tb_check4 ;
TRUNCATE TABLE
Time: 2432.696 ms
insert into tb_check4 select * from tb_check;
INSERT 0 10
Time: 2308.248 ms
commit;
COMMIT
Time: 5303.232 ms
check.sh|2019-12-02 16:16:21|2019-12-02 16:16:31|10
Timing is on.
begin;
BEGIN
Time: 64.578 ms
truncate table tb_check4 ;
TRUNCATE TABLE
Time: 4798.234 ms
insert into tb_check4 select * from tb_check;
INSERT 0 10
Time: 1651.487 ms
commit;
COMMIT
Time: 14464.617 ms
check.sh|2019-12-02 16:16:31|2019-12-02 16:16:52|21
Timing is on.
begin;
BEGIN
Time: 68.157 ms
truncate table tb_check4 ;
TRUNCATE TABLE
Time: 3983.964 ms
insert into tb_check4 select * from tb_check;
INSERT 0 10
Time: 3495.759 ms
commit;
COMMIT
Time: 5489.939 ms
check.sh|2019-12-02 16:16:52|2019-12-02 16:17:06|14
Timing is on.
begin;
BEGIN
Time: 61.574 ms
truncate table tb_check4 ;
TRUNCATE TABLE
Time: 10692.505 ms
insert into tb_check4 select * from tb_check;
INSERT 0 10
Time: 1085.310 ms
commit;
COMMIT
Time: 9863.997 ms
check.sh|2019-12-02 16:17:06|2019-12-02 16:17:28|22
Timing is on.
begin;
BEGIN
Time: 66.773 ms
truncate table tb_check4 ;
TRUNCATE TABLE
Time: 6623.722 ms
insert into tb_check4 select * from tb_check;
INSERT 0 10
Time: 773.489 ms
commit;
COMMIT
Time: 17756.879 ms
check.sh|2019-12-02 16:17:28|2019-12-02 16:17:54|26
Timing is on.
begin;
BEGIN
Time: 63.946 ms
truncate table tb_check4 ;
TRUNCATE TABLE
Time: 5263.494 ms
insert into tb_check4 select * from tb_check;
INSERT 0 10
Time: 1383.359 ms
commit;
COMMIT
Time: 5985.496 ms
check.sh|2019-12-02 16:17:54|2019-12-02 16:18:07|13
Timing is on.
begin;
BEGIN
Time: 69.116 ms
truncate table tb_check4 ;
TRUNCATE TABLE
Time: 1311.270 ms
insert into tb_check4 select * from tb_check;
INSERT 0 10
Time: 2099.721 ms
commit;
COMMIT
Time: 8676.230 ms
check.sh|2019-12-02 16:18:07|2019-12-02 16:18:19|12
Timing is on.
begin;
BEGIN
Time: 63.595 ms
truncate table tb_check4 ;
TRUNCATE TABLE
Time: 12447.779 ms
insert into tb_check4 select * from tb_check;
INSERT 0 10
Time: 1241.888 ms
commit;
COMMIT
Time: 17469.625 ms
check.sh|2019-12-02 16:18:20|2019-12-02 16:18:51|31
Timing is on.
begin;
BEGIN
Time: 74.436 ms
truncate table tb_check4 ;
TRUNCATE TABLE
Time: 9749.215 ms
insert into tb_check4 select * from tb_check;
INSERT 0 10
Time: 1382.164 ms
commit;
COMMIT
Time: 4483.107 ms
check.sh|2019-12-02 16:18:52|2019-12-02 16:19:07|15
Timing is on.
begin;
BEGIN
Time: 69.264 ms
truncate table tb_check4 ;
TRUNCATE TABLE
Time: 3051.089 ms
insert into tb_check4 select * from tb_check;
INSERT 0 10
Time: 1339.555 ms
commit;
COMMIT
Time: 13226.119 ms
check.sh|2019-12-02 16:19:08|2019-12-02 16:19:26|18
Timing is on.
begin;
BEGIN
Time: 61.429 ms
truncate table tb_check4 ;
TRUNCATE TABLE
Time: 11136.380 ms
insert into tb_check4 select * from tb_check;
INSERT 0 10
Time: 1239.471 ms
commit;
COMMIT
Time: 10307.944 ms
check.sh|2019-12-02 16:19:26|2019-12-02 16:19:49|23
Timing is on.
begin;
BEGIN
Time: 62.782 ms
truncate table tb_check4 ;
TRUNCATE TABLE
Time: 1684.168 ms
insert into tb_check4 select * from tb_check;
INSERT 0 10
Time: 2350.565 ms
commit;
COMMIT
Time: 5439.519 ms
check.sh|2019-12-02 16:19:50|2019-12-02 16:20:00|10
Timing is on.
begin;
BEGIN
Time: 62.155 ms
truncate table tb_check4 ;
TRUNCATE TABLE
Time: 4678.026 ms
insert into tb_check4 select * from tb_check;
INSERT 0 10
Time: 848.097 ms
commit;
COMMIT
Time: 8740.969 ms
check.sh|2019-12-02 16:20:01|2019-12-02 16:20:16|15
Timing is on.
begin;
BEGIN
Time: 1274.016 ms
truncate table tb_check4 ;
TRUNCATE TABLE
Time: 10410.515 ms
insert into tb_check4 select * from tb_check;
INSERT 0 10
Time: 2144.657 ms
commit;
COMMIT
Time: 37928.115 ms
check.sh|2019-12-02 16:20:17|2019-12-02 16:21:09|52
Timing is on.
begin;
BEGIN
Time: 68.939 ms
truncate table tb_check4 ;
TRUNCATE TABLE
Time: 3743.091 ms
insert into tb_check4 select * from tb_check;
INSERT 0 10
Time: 2030.624 ms
commit;
COMMIT
Time: 6666.274 ms
check.sh|2019-12-02 16:21:10|2019-12-02 16:21:23|13
Timing is on.
begin;
BEGIN
Time: 65.389 ms
truncate table tb_check4 ;
TRUNCATE TABLE
Time: 1053.701 ms
insert into tb_check4 select * from tb_check;
INSERT 0 10
Time: 12420.146 ms
commit;
COMMIT
Time: 7241.423 ms
check.sh|2019-12-02 16:21:23|2019-12-02 16:21:44|21
Timing is on.
begin;
BEGIN
Time: 106.558 ms
truncate table tb_check4 ;
TRUNCATE TABLE
Time: 1604.323 ms
insert into tb_check4 select * from tb_check;
INSERT 0 10
Time: 2085.132 ms
commit;
COMMIT
Time: 8246.679 ms
check.sh|2019-12-02 16:21:44|2019-12-02 16:21:56|12
Timing is on.
begin;
BEGIN
Time: 59.986 ms
truncate table tb_check4 ;
TRUNCATE TABLE
Time: 5652.193 ms
insert into tb_check4 select * from tb_check;
INSERT 0 10
Time: 1986.469 ms
commit;
COMMIT
Time: 85632.771 ms
check.sh|2019-12-02 16:21:57|2019-12-02 16:23:30|93
Timing is on.
begin;
BEGIN
Time: 68.618 ms
truncate table tb_check4 ;
TRUNCATE TABLE
Time: 10357.167 ms
insert into tb_check4 select * from tb_check;
INSERT 0 10
Time: 1017.202 ms
commit;
COMMIT
Time: 3749.432 ms
check.sh|2019-12-02 16:23:31|2019-12-02 16:23:46|15
Timing is on.
begin;
BEGIN
Time: 61.571 ms
truncate table tb_check4 ;
TRUNCATE TABLE
Time: 5050.558 ms
insert into tb_check4 select * from tb_check;
INSERT 0 10
Time: 821.268 ms
commit;
COMMIT
Time: 54222.009 ms
check.sh|2019-12-02 16:23:48|2019-12-02 16:24:48|60
Timing is on.
begin;
BEGIN
Time: 63.578 ms
truncate table tb_check4 ;
TRUNCATE TABLE
Time: 5372.083 ms
insert into tb_check4 select * from tb_check;
INSERT 0 10
Time: 1970.051 ms
commit;
COMMIT
Time: 13676.146 ms
check.sh|2019-12-02 16:24:48|2019-12-02 16:25:09|21
Timing is on.
begin;
BEGIN
Time: 62.286 ms
truncate table tb_check4 ;
TRUNCATE TABLE
Time: 2585.413 ms
insert into tb_check4 select * from tb_check;
INSERT 0 10
Time: 2124.148 ms
commit;
COMMIT
Time: 12231.155 ms
check.sh|2019-12-02 16:25:22|2019-12-02 16:25:39|17
Timing is on.
begin;
BEGIN
Time: 61.029 ms
truncate table tb_check4 ;
TRUNCATE TABLE
Time: 31962.944 ms
insert into tb_check4 select * from tb_check;
INSERT 0 10
Time: 3341.754 ms
commit;
COMMIT
Time: 3548.676 ms
check.sh|2019-12-02 16:25:39|2019-12-02 16:26:18|39
Timing is on.
begin;
BEGIN
Time: 68.838 ms
truncate table tb_check4 ;
TRUNCATE TABLE
Time: 3680.499 ms
insert into tb_check4 select * from tb_check;
INSERT 0 10
Time: 853.685 ms
commit;
COMMIT
Time: 23878.941 ms
check.sh|2019-12-02 16:26:19|2019-12-02 16:26:47|28
Timing is on.
begin;
BEGIN
Time: 71.449 ms
truncate table tb_check4 ;
TRUNCATE TABLE
Time: 19938.740 ms
insert into tb_check4 select * from tb_check;
INSERT 0 10
Time: 2354.169 ms
commit;
COMMIT
Time: 4117.223 ms
check.sh|2019-12-02 16:26:48|2019-12-02 16:27:14|26
Timing is on.
begin;
BEGIN
Time: 68.614 ms
truncate table tb_check4 ;
TRUNCATE TABLE
Time: 1973.796 ms
insert into tb_check4 select * from tb_check;
INSERT 0 10
Time: 1403.499 ms
commit;
COMMIT
Time: 5207.903 ms
check.sh|2019-12-02 16:27:14|2019-12-02 16:27:23|9
Timing is on.
begin;
BEGIN
Time: 64.781 ms
truncate table tb_check4 ;
TRUNCATE TABLE
Time: 1395.261 ms
insert into tb_check4 select * from tb_check;
INSERT 0 10
Time: 2039.357 ms
commit;
COMMIT
Time: 46173.463 ms
check.sh|2019-12-02 16:27:23|2019-12-02 16:28:13|50
Timing is on.
begin;
BEGIN
Time: 59.892 ms
truncate table tb_check4 ;
TRUNCATE TABLE
Time: 3271.592 ms
insert into tb_check4 select * from tb_check;
INSERT 0 10
Time: 2879.467 ms
commit;
COMMIT
Time: 4306.530 ms
check.sh|2019-12-02 16:28:13|2019-12-02 16:28:24|11
Timing is on.
begin;
BEGIN
Time: 61.723 ms
truncate table tb_check4 ;
TRUNCATE TABLE
Time: 3092.280 ms
insert into tb_check4 select * from tb_check;
INSERT 0 10
Time: 687.966 ms
commit;
COMMIT
Time: 18335.446 ms
check.sh|2019-12-02 16:28:24|2019-12-02 16:28:46|22
Timing is on.
begin;
BEGIN
Time: 65.411 ms
truncate table tb_check4 ;
TRUNCATE TABLE
Time: 9139.964 ms
insert into tb_check4 select * from tb_check;
INSERT 0 10
Time: 3521.869 ms
commit;
COMMIT
Time: 15336.495 ms
check.sh|2019-12-02 16:29:00|2019-12-02 16:29:28|28
Timing is on.
begin;
BEGIN
Time: 125.092 ms
truncate table tb_check4 ;
TRUNCATE TABLE
Time: 1803.535 ms
insert into tb_check4 select * from tb_check;
INSERT 0 10
Time: 1852.863 ms
commit;
COMMIT
Time: 5063.006 ms
check.sh|2019-12-02 16:29:28|2019-12-02 16:29:37|9
Timing is on.
begin;
BEGIN
Time: 63.242 ms
truncate table tb_check4 ;
TRUNCATE TABLE
Time: 4878.659 ms
insert into tb_check4 select * from tb_check;
INSERT 0 10
Time: 689.320 ms
commit;
COMMIT
Time: 6086.229 ms
check.sh|2019-12-02 16:29:38|2019-12-02 16:29:49|11
Timing is on.
begin;
BEGIN
Time: 66.192 ms
truncate table tb_check4 ;
TRUNCATE TABLE
Time: 1939.861 ms
insert into tb_check4 select * from tb_check;
INSERT 0 10
Time: 1436.028 ms
commit;
COMMIT
Time: 16569.501 ms
check.sh|2019-12-02 16:30:13|2019-12-02 16:30:34|21
Timing is on.
begin;
BEGIN
Time: 66.385 ms
truncate table tb_check4 ;
TRUNCATE TABLE
Time: 22745.018 ms
insert into tb_check4 select * from tb_check;
INSERT 0 10
Time: 2141.461 ms
commit;
COMMIT
Time: 6591.934 ms
check.sh|2019-12-02 16:30:34|2019-12-02 16:31:05|31
Timing is on.
begin;
BEGIN
Time: 60.623 ms
truncate table tb_check4 ;
TRUNCATE TABLE
Time: 2047.118 ms
insert into tb_check4 select * from tb_check;
INSERT 0 10
Time: 3770.541 ms
commit;
COMMIT
Time: 25869.761 ms
check.sh|2019-12-02 16:31:06|2019-12-02 16:31:38|32
Timing is on.
begin;
BEGIN
Time: 61.624 ms
truncate table tb_check4 ;
TRUNCATE TABLE
Time: 2949.587 ms
insert into tb_check4 select * from tb_check;
INSERT 0 10
Time: 3457.993 ms
commit;
COMMIT
Time: 5006.420 ms
check.sh|2019-12-02 16:31:53|2019-12-02 16:32:05|12
Timing is on.
begin;
BEGIN
Time: 64.734 ms
truncate table tb_check4 ;
TRUNCATE TABLE
Time: 5038.588 ms
insert into tb_check4 select * from tb_check;
INSERT 0 10
Time: 718.845 ms
commit;
COMMIT
Time: 7677.919 ms
check.sh|2019-12-02 16:32:05|2019-12-02 16:32:19|14
Timing is on.
begin;
BEGIN
Time: 61.107 ms
truncate table tb_check4 ;
TRUNCATE TABLE
Time: 5212.484 ms
insert into tb_check4 select * from tb_check;
INSERT 0 10
Time: 1347.007 ms
commit;
COMMIT
Time: 4627.619 ms
check.sh|2019-12-02 16:32:19|2019-12-02 16:32:30|11
Timing is on.
begin;
BEGIN
Time: 99.667 ms
truncate table tb_check4 ;
TRUNCATE TABLE
Time: 2369.803 ms
insert into tb_check4 select * from tb_check;
INSERT 0 10
Time: 1320.075 ms
commit;
COMMIT
Time: 7386.780 ms
check.sh|2019-12-02 16:32:31|2019-12-02 16:32:42|11
Timing is on.
begin;
BEGIN
Time: 69.881 ms
truncate table tb_check4 ;
TRUNCATE TABLE
Time: 45391.954 ms
insert into tb_check4 select * from tb_check;
INSERT 0 10
Time: 2477.290 ms
commit;
COMMIT
Time: 77058.165 ms
check.sh|2019-12-02 16:32:43|2019-12-02 16:34:48|125
Timing is on.
begin;
BEGIN
Time: 63.999 ms
truncate table tb_check4 ;
TRUNCATE TABLE
Time: 11303.665 ms
insert into tb_check4 select * from tb_check;
INSERT 0 10
Time: 1768.689 ms
commit;
COMMIT
Time: 4234.816 ms
check.sh|2019-12-02 16:34:48|2019-12-02 16:35:05|17
Timing is on.
begin;
BEGIN
Time: 85.040 ms
truncate table tb_check4 ;
TRUNCATE TABLE
Time: 869.884 ms
insert into tb_check4 select * from tb_check;
INSERT 0 10
Time: 2150.261 ms
commit;
COMMIT
Time: 43633.965 ms
check.sh|2019-12-02 16:35:06|2019-12-02 16:35:53|47
Timing is on.
begin;
BEGIN
Time: 68.810 ms
truncate table tb_check4 ;
TRUNCATE TABLE
Time: 779.351 ms
insert into tb_check4 select * from tb_check;
INSERT 0 10
Time: 2495.673 ms
commit;
COMMIT
Time: 77955.946 ms
check.sh|2019-12-02 16:35:53|2019-12-02 16:37:15|82
Timing is on.
begin;
BEGIN
Time: 61.169 ms
truncate table tb_check4 ;
TRUNCATE TABLE
Time: 5245.939 ms
insert into tb_check4 select * from tb_check;
INSERT 0 10
Time: 9670.446 ms
commit;
COMMIT
Time: 33080.562 ms
check.sh|2019-12-02 16:37:16|2019-12-02 16:38:04|48
Timing is on.
begin;
BEGIN
Time: 122.698 ms
truncate table tb_check4 ;
TRUNCATE TABLE
Time: 2669.929 ms
insert into tb_check4 select * from tb_check;
INSERT 0 10
Time: 963.252 ms
commit;
COMMIT
Time: 14555.178 ms
check.sh|2019-12-02 16:38:05|2019-12-02 16:38:23|18
Timing is on.
begin;
BEGIN
Time: 64.182 ms
truncate table tb_check4 ;
TRUNCATE TABLE
Time: 20839.775 ms
insert into tb_check4 select * from tb_check;
INSERT 0 10
Time: 795.210 ms
commit;
COMMIT
Time: 46596.498 ms
check.sh|2019-12-02 16:38:26|2019-12-02 16:39:34|68
Timing is on.
begin;
BEGIN
Time: 94.523 ms
truncate table tb_check4 ;
TRUNCATE TABLE
Time: 1112.437 ms
insert into tb_check4 select * from tb_check;
INSERT 0 10
Time: 2137.935 ms
commit;
COMMIT
Time: 5539.236 ms
check.sh|2019-12-02 16:39:35|2019-12-02 16:39:44|9
Timing is on.
begin;
BEGIN
Time: 71.106 ms
truncate table tb_check4 ;
TRUNCATE TABLE
Time: 2036.715 ms
insert into tb_check4 select * from tb_check;
INSERT 0 10
Time: 1134.357 ms
commit;
COMMIT
Time: 54793.265 ms
check.sh|2019-12-02 16:39:44|2019-12-02 16:40:42|58
Timing is on.
begin;
BEGIN
Time: 65.608 ms
truncate table tb_check4 ;
TRUNCATE TABLE
Time: 12057.744 ms
insert into tb_check4 select * from tb_check;
INSERT 0 10
Time: 2810.924 ms
commit;
COMMIT
Time: 4676.355 ms
check.sh|2019-12-02 16:40:45|2019-12-02 16:41:05|20
Timing is on.
begin;
BEGIN
Time: 74.591 ms
truncate table tb_check4 ;
TRUNCATE TABLE
Time: 984.864 ms
insert into tb_check4 select * from tb_check;
INSERT 0 10
Time: 2286.246 ms
commit;
COMMIT
Time: 9155.620 ms
check.sh|2019-12-02 16:41:05|2019-12-02 16:41:18|13
Timing is on.
begin;
BEGIN
Time: 63.577 ms
truncate table tb_check4 ;
TRUNCATE TABLE
Time: 19064.595 ms
insert into tb_check4 select * from tb_check;
INSERT 0 10
Time: 1343.701 ms
commit;
COMMIT
Time: 35077.237 ms
check.sh|2019-12-02 16:41:18|2019-12-02 16:42:14|56
Timing is on.
begin;
BEGIN
Time: 76.886 ms
truncate table tb_check4 ;
TRUNCATE TABLE
Time: 1332.470 ms
insert into tb_check4 select * from tb_check;
INSERT 0 10
Time: 1384.378 ms
commit;
COMMIT
Time: 71431.480 ms
check.sh|2019-12-02 16:42:15|2019-12-02 16:43:29|74
Timing is on.
begin;
BEGIN
Time: 64.087 ms
truncate table tb_check4 ;
TRUNCATE TABLE
Time: 6996.163 ms
insert into tb_check4 select * from tb_check;
INSERT 0 10
Time: 7854.787 ms
commit;
COMMIT
Time: 29205.812 ms
check.sh|2019-12-02 16:43:30|2019-12-02 16:44:14|44
Timing is on.
begin;
BEGIN
Time: 62.377 ms
truncate table tb_check4 ;
TRUNCATE TABLE
Time: 2893.636 ms
insert into tb_check4 select * from tb_check;
INSERT 0 10
Time: 1904.615 ms
commit;
COMMIT
Time: 4428.483 ms
check.sh|2019-12-02 16:44:20|2019-12-02 16:44:29|9
