Timing is on.
begin;
BEGIN
Time: 137.653 ms
commit;
COMMIT
Time: 3634.746 ms
commit.sh|2019-12-02 15:44:22|2019-12-02 15:44:25|3
Timing is on.
begin;
BEGIN
Time: 276.269 ms
commit;
COMMIT
Time: 2193.984 ms
commit.sh|2019-12-02 15:44:25|2019-12-02 15:44:28|3
Timing is on.
begin;
BEGIN
Time: 187.247 ms
commit;
COMMIT
Time: 1969.968 ms
commit.sh|2019-12-02 15:44:28|2019-12-02 15:44:30|2
Timing is on.
begin;
BEGIN
Time: 60.634 ms
commit;
COMMIT
Time: 1780.957 ms
commit.sh|2019-12-02 15:44:30|2019-12-02 15:44:32|2
Timing is on.
begin;
BEGIN
Time: 71.683 ms
commit;
COMMIT
Time: 1492.729 ms
commit.sh|2019-12-02 15:44:32|2019-12-02 15:44:33|1
Timing is on.
begin;
BEGIN
Time: 69.460 ms
commit;
COMMIT
Time: 14574.593 ms
commit.sh|2019-12-02 15:44:34|2019-12-02 15:44:48|14
Timing is on.
begin;
BEGIN
Time: 68.065 ms
commit;
COMMIT
Time: 7057.498 ms
commit.sh|2019-12-02 15:44:48|2019-12-02 15:44:55|7
Timing is on.
begin;
BEGIN
Time: 70.225 ms
commit;
COMMIT
Time: 16295.083 ms
commit.sh|2019-12-02 15:44:55|2019-12-02 15:45:12|17
Timing is on.
begin;
BEGIN
Time: 67.419 ms
commit;
COMMIT
Time: 1268.348 ms
commit.sh|2019-12-02 15:45:12|2019-12-02 15:45:13|1
Timing is on.
begin;
BEGIN
Time: 65.376 ms
commit;
COMMIT
Time: 874.674 ms
commit.sh|2019-12-02 15:45:13|2019-12-02 15:45:14|1
Timing is on.
begin;
BEGIN
Time: 61.495 ms
commit;
COMMIT
Time: 1104.771 ms
commit.sh|2019-12-02 15:45:14|2019-12-02 15:45:15|1
Timing is on.
begin;
BEGIN
Time: 243.054 ms
commit;
COMMIT
Time: 4372.142 ms
commit.sh|2019-12-02 15:45:15|2019-12-02 15:45:20|5
Timing is on.
begin;
BEGIN
Time: 62.329 ms
commit;
COMMIT
Time: 4480.010 ms
commit.sh|2019-12-02 15:45:20|2019-12-02 15:45:24|4
Timing is on.
begin;
BEGIN
Time: 64.400 ms
commit;
COMMIT
Time: 1240.842 ms
commit.sh|2019-12-02 15:45:24|2019-12-02 15:45:26|2
Timing is on.
begin;
BEGIN
Time: 79.005 ms
commit;
COMMIT
Time: 36896.316 ms
commit.sh|2019-12-02 15:45:26|2019-12-02 15:46:03|37
Timing is on.
begin;
BEGIN
Time: 169.871 ms
commit;
COMMIT
Time: 3698.223 ms
commit.sh|2019-12-02 15:46:03|2019-12-02 15:46:07|4
Timing is on.
begin;
BEGIN
Time: 64.497 ms
commit;
COMMIT
Time: 3056.249 ms
commit.sh|2019-12-02 15:46:07|2019-12-02 15:46:10|3
Timing is on.
begin;
BEGIN
Time: 70.574 ms
commit;
COMMIT
Time: 1344.253 ms
commit.sh|2019-12-02 15:46:10|2019-12-02 15:46:11|1
Timing is on.
begin;
BEGIN
Time: 67.360 ms
commit;
COMMIT
Time: 1462.083 ms
commit.sh|2019-12-02 15:46:11|2019-12-02 15:46:13|2
Timing is on.
begin;
BEGIN
Time: 179.724 ms
commit;
COMMIT
Time: 986.047 ms
commit.sh|2019-12-02 15:46:13|2019-12-02 15:46:14|1
Timing is on.
begin;
BEGIN
Time: 162.790 ms
commit;
COMMIT
Time: 1714.039 ms
commit.sh|2019-12-02 15:46:14|2019-12-02 15:46:16|2
Timing is on.
begin;
BEGIN
Time: 95.250 ms
commit;
COMMIT
Time: 3132.752 ms
commit.sh|2019-12-02 15:46:16|2019-12-02 15:46:19|3
Timing is on.
begin;
BEGIN
Time: 65.920 ms
commit;
COMMIT
Time: 2867.196 ms
commit.sh|2019-12-02 15:46:19|2019-12-02 15:46:22|3
Timing is on.
begin;
BEGIN
Time: 71.860 ms
commit;
COMMIT
Time: 3035.163 ms
commit.sh|2019-12-02 15:46:22|2019-12-02 15:46:25|3
Timing is on.
begin;
BEGIN
Time: 103.599 ms
commit;
COMMIT
Time: 5949.210 ms
commit.sh|2019-12-02 15:46:25|2019-12-02 15:46:31|6
Timing is on.
begin;
BEGIN
Time: 76.475 ms
commit;
COMMIT
Time: 7792.215 ms
commit.sh|2019-12-02 15:46:31|2019-12-02 15:46:39|8
Timing is on.
begin;
BEGIN
Time: 61.401 ms
commit;
COMMIT
Time: 2926.200 ms
commit.sh|2019-12-02 15:46:39|2019-12-02 15:46:42|3
Timing is on.
begin;
BEGIN
Time: 62.376 ms
commit;
COMMIT
Time: 3159.570 ms
commit.sh|2019-12-02 15:46:42|2019-12-02 15:46:45|3
Timing is on.
begin;
BEGIN
Time: 246.998 ms
commit;
COMMIT
Time: 3673.289 ms
commit.sh|2019-12-02 15:46:46|2019-12-02 15:46:49|3
Timing is on.
begin;
BEGIN
Time: 62.163 ms
commit;
COMMIT
Time: 4080.369 ms
commit.sh|2019-12-02 15:46:49|2019-12-02 15:46:54|5
Timing is on.
begin;
BEGIN
Time: 69.334 ms
commit;
COMMIT
Time: 2763.619 ms
commit.sh|2019-12-02 15:46:54|2019-12-02 15:46:56|2
Timing is on.
begin;
BEGIN
Time: 60.962 ms
commit;
COMMIT
Time: 5740.355 ms
commit.sh|2019-12-02 15:46:56|2019-12-02 15:47:02|6
Timing is on.
begin;
BEGIN
Time: 61.131 ms
commit;
COMMIT
Time: 4027.196 ms
commit.sh|2019-12-02 15:47:02|2019-12-02 15:47:06|4
Timing is on.
begin;
BEGIN
Time: 198.519 ms
commit;
COMMIT
Time: 3582.537 ms
commit.sh|2019-12-02 15:47:06|2019-12-02 15:47:10|4
Timing is on.
begin;
BEGIN
Time: 64.717 ms
commit;
COMMIT
Time: 3558.309 ms
commit.sh|2019-12-02 15:47:10|2019-12-02 15:47:14|4
Timing is on.
begin;
BEGIN
Time: 62.852 ms
commit;
COMMIT
Time: 1478.478 ms
commit.sh|2019-12-02 15:47:14|2019-12-02 15:47:15|1
Timing is on.
begin;
BEGIN
Time: 62.242 ms
commit;
COMMIT
Time: 7282.877 ms
commit.sh|2019-12-02 15:47:15|2019-12-02 15:47:23|8
Timing is on.
begin;
BEGIN
Time: 65.279 ms
commit;
COMMIT
Time: 16828.282 ms
commit.sh|2019-12-02 15:47:23|2019-12-02 15:47:40|17
Timing is on.
begin;
BEGIN
Time: 63.552 ms
commit;
COMMIT
Time: 4677.706 ms
commit.sh|2019-12-02 15:47:40|2019-12-02 15:47:44|4
Timing is on.
begin;
BEGIN
Time: 95.159 ms
commit;
COMMIT
Time: 1067.984 ms
commit.sh|2019-12-02 15:47:44|2019-12-02 15:47:46|2
Timing is on.
begin;
BEGIN
Time: 79.742 ms
commit;
COMMIT
Time: 3795.900 ms
commit.sh|2019-12-02 15:47:46|2019-12-02 15:47:50|4
Timing is on.
begin;
BEGIN
Time: 84.863 ms
commit;
COMMIT
Time: 1956.950 ms
commit.sh|2019-12-02 15:47:50|2019-12-02 15:47:52|2
Timing is on.
begin;
BEGIN
Time: 174.537 ms
commit;
COMMIT
Time: 5085.150 ms
commit.sh|2019-12-02 15:47:52|2019-12-02 15:47:57|5
Timing is on.
begin;
BEGIN
Time: 64.501 ms
commit;
COMMIT
Time: 2460.394 ms
commit.sh|2019-12-02 15:47:57|2019-12-02 15:47:59|2
Timing is on.
begin;
BEGIN
Time: 71.974 ms
commit;
COMMIT
Time: 1696.605 ms
commit.sh|2019-12-02 15:47:59|2019-12-02 15:48:01|2
Timing is on.
begin;
BEGIN
Time: 69.300 ms
commit;
COMMIT
Time: 10048.278 ms
commit.sh|2019-12-02 15:48:01|2019-12-02 15:48:11|10
Timing is on.
begin;
BEGIN
Time: 132.074 ms
commit;
COMMIT
Time: 4509.259 ms
commit.sh|2019-12-02 15:48:11|2019-12-02 15:48:16|5
Timing is on.
begin;
BEGIN
Time: 80.101 ms
commit;
COMMIT
Time: 5349.733 ms
commit.sh|2019-12-02 15:48:16|2019-12-02 15:48:22|6
Timing is on.
begin;
BEGIN
Time: 65.620 ms
commit;
COMMIT
Time: 2264.254 ms
commit.sh|2019-12-02 15:48:22|2019-12-02 15:48:24|2
Timing is on.
begin;
BEGIN
Time: 79.944 ms
commit;
COMMIT
Time: 1634.279 ms
commit.sh|2019-12-02 15:48:24|2019-12-02 15:48:26|2
Timing is on.
begin;
BEGIN
Time: 74.584 ms
commit;
COMMIT
Time: 3330.938 ms
commit.sh|2019-12-02 15:48:26|2019-12-02 15:48:29|3
Timing is on.
begin;
BEGIN
Time: 208.854 ms
commit;
COMMIT
Time: 700.768 ms
commit.sh|2019-12-02 15:48:29|2019-12-02 15:48:30|1
Timing is on.
begin;
BEGIN
Time: 249.103 ms
commit;
COMMIT
Time: 758.086 ms
commit.sh|2019-12-02 15:48:30|2019-12-02 15:48:31|1
Timing is on.
begin;
BEGIN
Time: 273.047 ms
commit;
COMMIT
Time: 4708.847 ms
commit.sh|2019-12-02 15:48:31|2019-12-02 15:48:36|5
Timing is on.
begin;
BEGIN
Time: 62.988 ms
commit;
COMMIT
Time: 4889.532 ms
commit.sh|2019-12-02 15:48:36|2019-12-02 15:48:41|5
Timing is on.
begin;
BEGIN
Time: 65.977 ms
commit;
COMMIT
Time: 1793.225 ms
commit.sh|2019-12-02 15:48:41|2019-12-02 15:48:43|2
Timing is on.
begin;
BEGIN
Time: 165.854 ms
commit;
COMMIT
Time: 1295.465 ms
commit.sh|2019-12-02 15:48:43|2019-12-02 15:48:44|1
Timing is on.
begin;
BEGIN
Time: 129.895 ms
commit;
COMMIT
Time: 2071.591 ms
commit.sh|2019-12-02 15:48:44|2019-12-02 15:48:47|3
Timing is on.
begin;
BEGIN
Time: 73.583 ms
commit;
COMMIT
Time: 1950.563 ms
commit.sh|2019-12-02 15:48:47|2019-12-02 15:48:49|2
Timing is on.
begin;
BEGIN
Time: 64.914 ms
commit;
COMMIT
Time: 2267.889 ms
commit.sh|2019-12-02 15:48:49|2019-12-02 15:48:51|2
Timing is on.
begin;
BEGIN
Time: 62.835 ms
commit;
COMMIT
Time: 6216.618 ms
commit.sh|2019-12-02 15:48:51|2019-12-02 15:48:57|6
Timing is on.
begin;
BEGIN
Time: 71.933 ms
commit;
COMMIT
Time: 2473.470 ms
commit.sh|2019-12-02 15:48:57|2019-12-02 15:49:00|3
Timing is on.
begin;
BEGIN
Time: 198.447 ms
commit;
COMMIT
Time: 9874.855 ms
commit.sh|2019-12-02 15:49:00|2019-12-02 15:49:10|10
Timing is on.
begin;
BEGIN
Time: 69.561 ms
commit;
COMMIT
Time: 998.642 ms
commit.sh|2019-12-02 15:49:10|2019-12-02 15:49:11|1
Timing is on.
begin;
BEGIN
Time: 62.507 ms
commit;
COMMIT
Time: 3791.105 ms
commit.sh|2019-12-02 15:49:11|2019-12-02 15:49:15|4
Timing is on.
begin;
BEGIN
Time: 65.826 ms
commit;
COMMIT
Time: 4998.555 ms
commit.sh|2019-12-02 15:49:15|2019-12-02 15:49:20|5
Timing is on.
begin;
BEGIN
Time: 64.984 ms
commit;
COMMIT
Time: 9259.707 ms
commit.sh|2019-12-02 15:49:20|2019-12-02 15:49:29|9
Timing is on.
begin;
BEGIN
Time: 68.308 ms
commit;
COMMIT
Time: 5642.671 ms
commit.sh|2019-12-02 15:49:29|2019-12-02 15:49:35|6
Timing is on.
begin;
BEGIN
Time: 63.043 ms
commit;
COMMIT
Time: 4882.443 ms
commit.sh|2019-12-02 15:49:35|2019-12-02 15:49:40|5
Timing is on.
begin;
BEGIN
Time: 119.608 ms
commit;
COMMIT
Time: 7427.067 ms
commit.sh|2019-12-02 15:49:40|2019-12-02 15:49:48|8
Timing is on.
begin;
BEGIN
Time: 67.325 ms
commit;
COMMIT
Time: 2783.907 ms
commit.sh|2019-12-02 15:49:48|2019-12-02 15:49:51|3
Timing is on.
begin;
BEGIN
Time: 62.596 ms
commit;
COMMIT
Time: 2001.942 ms
commit.sh|2019-12-02 15:49:51|2019-12-02 15:49:53|2
Timing is on.
begin;
BEGIN
Time: 62.947 ms
commit;
COMMIT
Time: 2305.906 ms
commit.sh|2019-12-02 15:49:53|2019-12-02 15:49:55|2
Timing is on.
begin;
BEGIN
Time: 150.172 ms
commit;
COMMIT
Time: 901.261 ms
commit.sh|2019-12-02 15:49:55|2019-12-02 15:49:56|1
Timing is on.
begin;
BEGIN
Time: 196.432 ms
commit;
COMMIT
Time: 1015.855 ms
commit.sh|2019-12-02 15:49:56|2019-12-02 15:49:57|1
Timing is on.
begin;
BEGIN
Time: 272.082 ms
commit;
COMMIT
Time: 1401.225 ms
commit.sh|2019-12-02 15:49:57|2019-12-02 15:49:59|2
Timing is on.
begin;
BEGIN
Time: 108.272 ms
commit;
COMMIT
Time: 2214.800 ms
commit.sh|2019-12-02 15:49:59|2019-12-02 15:50:02|3
Timing is on.
begin;
BEGIN
Time: 68.728 ms
commit;
COMMIT
Time: 4222.905 ms
commit.sh|2019-12-02 15:50:02|2019-12-02 15:50:06|4
Timing is on.
begin;
BEGIN
Time: 68.566 ms
commit;
COMMIT
Time: 1789.724 ms
commit.sh|2019-12-02 15:50:06|2019-12-02 15:50:08|2
Timing is on.
begin;
BEGIN
Time: 134.729 ms
commit;
COMMIT
Time: 1760.489 ms
commit.sh|2019-12-02 15:50:08|2019-12-02 15:50:10|2
Timing is on.
begin;
BEGIN
Time: 167.456 ms
commit;
COMMIT
Time: 2522.295 ms
commit.sh|2019-12-02 15:50:10|2019-12-02 15:50:12|2
Timing is on.
begin;
BEGIN
Time: 62.372 ms
commit;
COMMIT
Time: 2762.311 ms
commit.sh|2019-12-02 15:50:12|2019-12-02 15:50:15|3
Timing is on.
begin;
BEGIN
Time: 140.859 ms
commit;
COMMIT
Time: 7771.823 ms
commit.sh|2019-12-02 15:50:15|2019-12-02 15:50:23|8
Timing is on.
begin;
BEGIN
Time: 64.666 ms
commit;
COMMIT
Time: 18087.196 ms
commit.sh|2019-12-02 15:50:23|2019-12-02 15:50:41|18
Timing is on.
begin;
BEGIN
Time: 127.255 ms
commit;
COMMIT
Time: 54380.344 ms
commit.sh|2019-12-02 15:50:41|2019-12-02 15:51:36|55
Timing is on.
begin;
BEGIN
Time: 106.582 ms
commit;
COMMIT
Time: 1602.704 ms
commit.sh|2019-12-02 15:51:36|2019-12-02 15:51:38|2
Timing is on.
begin;
BEGIN
Time: 68.298 ms
commit;
COMMIT
Time: 901.397 ms
commit.sh|2019-12-02 15:51:38|2019-12-02 15:51:39|1
Timing is on.
begin;
BEGIN
Time: 192.630 ms
commit;
COMMIT
Time: 2871.802 ms
commit.sh|2019-12-02 15:51:39|2019-12-02 15:51:42|3
Timing is on.
begin;
BEGIN
Time: 61.526 ms
commit;
COMMIT
Time: 2613.171 ms
commit.sh|2019-12-02 15:51:42|2019-12-02 15:51:44|2
Timing is on.
begin;
BEGIN
Time: 68.771 ms
commit;
COMMIT
Time: 521.993 ms
commit.sh|2019-12-02 15:51:44|2019-12-02 15:51:45|1
Timing is on.
begin;
BEGIN
Time: 70.577 ms
commit;
COMMIT
Time: 516.074 ms
commit.sh|2019-12-02 15:51:45|2019-12-02 15:51:46|1
Timing is on.
begin;
BEGIN
Time: 76.548 ms
commit;
COMMIT
Time: 1859.643 ms
commit.sh|2019-12-02 15:51:46|2019-12-02 15:51:48|2
Timing is on.
begin;
BEGIN
Time: 63.116 ms
commit;
COMMIT
Time: 14135.189 ms
commit.sh|2019-12-02 15:51:48|2019-12-02 15:52:02|14
Timing is on.
begin;
BEGIN
Time: 66.008 ms
commit;
COMMIT
Time: 15989.125 ms
commit.sh|2019-12-02 15:52:02|2019-12-02 15:52:18|16
Timing is on.
begin;
BEGIN
Time: 65.035 ms
commit;
COMMIT
Time: 7930.405 ms
commit.sh|2019-12-02 15:52:18|2019-12-02 15:52:26|8
Timing is on.
begin;
BEGIN
Time: 149.112 ms
commit;
COMMIT
Time: 3708.879 ms
commit.sh|2019-12-02 15:52:26|2019-12-02 15:52:30|4
Timing is on.
begin;
BEGIN
Time: 66.657 ms
commit;
COMMIT
Time: 1341.455 ms
commit.sh|2019-12-02 15:52:30|2019-12-02 15:52:31|1
Timing is on.
begin;
BEGIN
Time: 73.729 ms
commit;
COMMIT
Time: 1164.860 ms
commit.sh|2019-12-02 15:52:31|2019-12-02 15:52:32|1
Timing is on.
begin;
BEGIN
Time: 138.334 ms
commit;
COMMIT
Time: 2412.133 ms
commit.sh|2019-12-02 15:52:32|2019-12-02 15:52:35|3
Timing is on.
begin;
BEGIN
Time: 148.976 ms
commit;
COMMIT
Time: 18180.154 ms
commit.sh|2019-12-02 15:52:35|2019-12-02 15:52:53|18
Timing is on.
begin;
BEGIN
Time: 65.262 ms
commit;
COMMIT
Time: 29673.039 ms
commit.sh|2019-12-02 15:52:53|2019-12-02 15:53:23|30
Timing is on.
begin;
BEGIN
Time: 73.455 ms
commit;
COMMIT
Time: 3169.448 ms
commit.sh|2019-12-02 15:53:23|2019-12-02 15:53:26|3
Timing is on.
begin;
BEGIN
Time: 68.622 ms
commit;
COMMIT
Time: 5672.157 ms
commit.sh|2019-12-02 15:53:26|2019-12-02 15:53:32|6
Timing is on.
begin;
BEGIN
Time: 161.793 ms
commit;
COMMIT
Time: 3526.302 ms
commit.sh|2019-12-02 15:53:32|2019-12-02 15:53:36|4
Timing is on.
begin;
BEGIN
Time: 66.498 ms
commit;
COMMIT
Time: 5073.731 ms
commit.sh|2019-12-02 15:53:36|2019-12-02 15:53:41|5
Timing is on.
begin;
BEGIN
Time: 62.506 ms
commit;
COMMIT
Time: 3498.433 ms
commit.sh|2019-12-02 15:53:41|2019-12-02 15:53:45|4
Timing is on.
begin;
BEGIN
Time: 76.323 ms
commit;
COMMIT
Time: 2911.981 ms
commit.sh|2019-12-02 15:53:45|2019-12-02 15:53:48|3
Timing is on.
begin;
BEGIN
Time: 95.095 ms
commit;
COMMIT
Time: 3732.498 ms
commit.sh|2019-12-02 15:53:48|2019-12-02 15:53:52|4
Timing is on.
begin;
BEGIN
Time: 66.316 ms
commit;
COMMIT
Time: 34285.436 ms
commit.sh|2019-12-02 15:53:52|2019-12-02 15:54:26|34
Timing is on.
begin;
BEGIN
Time: 65.283 ms
commit;
COMMIT
Time: 10909.813 ms
commit.sh|2019-12-02 15:54:26|2019-12-02 15:54:37|11
Timing is on.
begin;
BEGIN
Time: 62.359 ms
commit;
COMMIT
Time: 915.920 ms
commit.sh|2019-12-02 15:54:37|2019-12-02 15:54:38|1
Timing is on.
begin;
BEGIN
Time: 71.381 ms
commit;
COMMIT
Time: 1170.185 ms
commit.sh|2019-12-02 15:54:38|2019-12-02 15:54:39|1
Timing is on.
begin;
BEGIN
Time: 195.665 ms
commit;
COMMIT
Time: 1116.244 ms
commit.sh|2019-12-02 15:54:39|2019-12-02 15:54:41|2
Timing is on.
begin;
BEGIN
Time: 224.786 ms
commit;
COMMIT
Time: 7614.907 ms
commit.sh|2019-12-02 15:54:41|2019-12-02 15:54:48|7
Timing is on.
begin;
BEGIN
Time: 64.462 ms
commit;
COMMIT
Time: 11314.796 ms
commit.sh|2019-12-02 15:54:48|2019-12-02 15:55:00|12
Timing is on.
begin;
BEGIN
Time: 62.076 ms
commit;
COMMIT
Time: 3890.000 ms
commit.sh|2019-12-02 15:55:00|2019-12-02 15:55:04|4
Timing is on.
begin;
BEGIN
Time: 176.159 ms
commit;
COMMIT
Time: 2857.905 ms
commit.sh|2019-12-02 15:55:04|2019-12-02 15:55:07|3
Timing is on.
begin;
BEGIN
Time: 65.513 ms
commit;
COMMIT
Time: 16568.566 ms
commit.sh|2019-12-02 15:55:07|2019-12-02 15:55:24|17
Timing is on.
begin;
BEGIN
Time: 64.936 ms
commit;
COMMIT
Time: 1885.523 ms
commit.sh|2019-12-02 15:55:24|2019-12-02 15:55:26|2
Timing is on.
begin;
BEGIN
Time: 76.547 ms
commit;
COMMIT
Time: 802.166 ms
commit.sh|2019-12-02 15:55:26|2019-12-02 15:55:26|0
Timing is on.
begin;
BEGIN
Time: 92.769 ms
commit;
COMMIT
Time: 1425.181 ms
commit.sh|2019-12-02 15:55:26|2019-12-02 15:55:28|2
Timing is on.
begin;
BEGIN
Time: 212.395 ms
commit;
COMMIT
Time: 2035.140 ms
commit.sh|2019-12-02 15:55:28|2019-12-02 15:55:30|2
Timing is on.
begin;
BEGIN
Time: 64.629 ms
commit;
COMMIT
Time: 2674.837 ms
commit.sh|2019-12-02 15:55:30|2019-12-02 15:55:33|3
Timing is on.
begin;
BEGIN
Time: 65.233 ms
commit;
COMMIT
Time: 47730.090 ms
commit.sh|2019-12-02 15:55:33|2019-12-02 15:56:21|48
Timing is on.
begin;
BEGIN
Time: 101.262 ms
commit;
COMMIT
Time: 15765.643 ms
commit.sh|2019-12-02 15:56:21|2019-12-02 15:56:37|16
Timing is on.
begin;
BEGIN
Time: 121.774 ms
commit;
COMMIT
Time: 3579.244 ms
commit.sh|2019-12-02 15:56:37|2019-12-02 15:56:40|3
Timing is on.
begin;
BEGIN
Time: 62.537 ms
commit;
COMMIT
Time: 880.528 ms
commit.sh|2019-12-02 15:56:40|2019-12-02 15:56:41|1
Timing is on.
begin;
BEGIN
Time: 67.753 ms
commit;
COMMIT
Time: 1674.557 ms
commit.sh|2019-12-02 15:56:41|2019-12-02 15:56:43|2
Timing is on.
begin;
BEGIN
Time: 63.038 ms
commit;
COMMIT
Time: 1155.291 ms
commit.sh|2019-12-02 15:56:43|2019-12-02 15:56:44|1
Timing is on.
begin;
BEGIN
Time: 67.692 ms
commit;
COMMIT
Time: 1194.836 ms
commit.sh|2019-12-02 15:56:44|2019-12-02 15:56:46|2
Timing is on.
begin;
BEGIN
Time: 67.141 ms
commit;
COMMIT
Time: 3807.371 ms
commit.sh|2019-12-02 15:56:46|2019-12-02 15:56:50|4
Timing is on.
begin;
BEGIN
Time: 147.320 ms
commit;
COMMIT
Time: 8818.850 ms
commit.sh|2019-12-02 15:56:50|2019-12-02 15:56:59|9
Timing is on.
begin;
BEGIN
Time: 66.816 ms
commit;
COMMIT
Time: 3862.456 ms
commit.sh|2019-12-02 15:56:59|2019-12-02 15:57:03|4
Timing is on.
begin;
BEGIN
Time: 68.346 ms
commit;
COMMIT
Time: 10419.726 ms
commit.sh|2019-12-02 15:57:03|2019-12-02 15:57:13|10
Timing is on.
begin;
BEGIN
Time: 65.934 ms
commit;
COMMIT
Time: 17966.492 ms
commit.sh|2019-12-02 15:57:13|2019-12-02 15:57:31|18
Timing is on.
begin;
BEGIN
Time: 71.557 ms
commit;
COMMIT
Time: 22509.978 ms
commit.sh|2019-12-02 15:57:31|2019-12-02 15:57:54|23
Timing is on.
begin;
BEGIN
Time: 65.358 ms
commit;
COMMIT
Time: 4941.875 ms
commit.sh|2019-12-02 15:57:54|2019-12-02 15:57:59|5
Timing is on.
begin;
BEGIN
Time: 68.733 ms
commit;
COMMIT
Time: 1943.574 ms
commit.sh|2019-12-02 15:57:59|2019-12-02 15:58:01|2
Timing is on.
begin;
BEGIN
Time: 68.101 ms
commit;
COMMIT
Time: 599.010 ms
commit.sh|2019-12-02 15:58:01|2019-12-02 15:58:01|0
Timing is on.
begin;
BEGIN
Time: 62.177 ms
commit;
COMMIT
Time: 1430.917 ms
commit.sh|2019-12-02 15:58:01|2019-12-02 15:58:03|2
Timing is on.
begin;
BEGIN
Time: 224.260 ms
commit;
COMMIT
Time: 3480.324 ms
commit.sh|2019-12-02 15:58:03|2019-12-02 15:58:07|4
Timing is on.
begin;
BEGIN
Time: 65.140 ms
commit;
COMMIT
Time: 5873.933 ms
commit.sh|2019-12-02 15:58:07|2019-12-02 15:58:13|6
Timing is on.
begin;
BEGIN
Time: 66.564 ms
commit;
COMMIT
Time: 917.451 ms
commit.sh|2019-12-02 15:58:13|2019-12-02 15:58:14|1
Timing is on.
begin;
BEGIN
Time: 108.250 ms
commit;
COMMIT
Time: 10673.625 ms
commit.sh|2019-12-02 15:58:14|2019-12-02 15:58:25|11
Timing is on.
begin;
BEGIN
Time: 164.377 ms
commit;
COMMIT
Time: 1871.771 ms
commit.sh|2019-12-02 15:58:25|2019-12-02 15:58:27|2
Timing is on.
begin;
BEGIN
Time: 189.561 ms
commit;
COMMIT
Time: 6108.722 ms
commit.sh|2019-12-02 15:58:27|2019-12-02 15:58:33|6
Timing is on.
begin;
BEGIN
Time: 66.090 ms
commit;
COMMIT
Time: 6415.335 ms
commit.sh|2019-12-02 15:58:33|2019-12-02 15:58:39|6
Timing is on.
begin;
BEGIN
Time: 68.860 ms
commit;
COMMIT
Time: 1345.808 ms
commit.sh|2019-12-02 15:58:39|2019-12-02 15:58:41|2
Timing is on.
begin;
BEGIN
Time: 102.139 ms
commit;
COMMIT
Time: 1084.978 ms
commit.sh|2019-12-02 15:58:41|2019-12-02 15:58:42|1
Timing is on.
begin;
BEGIN
Time: 268.113 ms
commit;
COMMIT
Time: 1378.888 ms
commit.sh|2019-12-02 15:58:42|2019-12-02 15:58:44|2
Timing is on.
begin;
BEGIN
Time: 157.192 ms
commit;
COMMIT
Time: 5378.955 ms
commit.sh|2019-12-02 15:58:44|2019-12-02 15:58:49|5
Timing is on.
begin;
BEGIN
Time: 65.534 ms
commit;
COMMIT
Time: 3250.406 ms
commit.sh|2019-12-02 15:58:49|2019-12-02 15:58:53|4
Timing is on.
begin;
BEGIN
Time: 67.748 ms
commit;
COMMIT
Time: 19569.878 ms
commit.sh|2019-12-02 15:58:53|2019-12-02 15:59:12|19
Timing is on.
begin;
BEGIN
Time: 62.744 ms
commit;
COMMIT
Time: 12830.546 ms
commit.sh|2019-12-02 15:59:12|2019-12-02 15:59:25|13
Timing is on.
begin;
BEGIN
Time: 62.643 ms
commit;
COMMIT
Time: 18831.481 ms
commit.sh|2019-12-02 15:59:25|2019-12-02 15:59:44|19
Timing is on.
begin;
BEGIN
Time: 79.467 ms
commit;
COMMIT
Time: 1413.995 ms
commit.sh|2019-12-02 15:59:44|2019-12-02 15:59:46|2
Timing is on.
begin;
BEGIN
Time: 70.726 ms
commit;
COMMIT
Time: 865.556 ms
commit.sh|2019-12-02 15:59:46|2019-12-02 15:59:47|1
Timing is on.
begin;
BEGIN
Time: 214.496 ms
commit;
COMMIT
Time: 944.308 ms
commit.sh|2019-12-02 15:59:47|2019-12-02 15:59:48|1
Timing is on.
begin;
BEGIN
Time: 245.771 ms
commit;
COMMIT
Time: 2737.685 ms
commit.sh|2019-12-02 15:59:48|2019-12-02 15:59:51|3
Timing is on.
begin;
BEGIN
Time: 72.432 ms
commit;
COMMIT
Time: 53958.540 ms
commit.sh|2019-12-02 15:59:51|2019-12-02 16:00:45|54
Timing is on.
begin;
BEGIN
Time: 68.459 ms
commit;
COMMIT
Time: 31696.209 ms
commit.sh|2019-12-02 16:00:45|2019-12-02 16:01:17|32
Timing is on.
begin;
BEGIN
Time: 145.048 ms
commit;
COMMIT
Time: 127492.330 ms
commit.sh|2019-12-02 16:01:17|2019-12-02 16:03:24|127
Timing is on.
begin;
BEGIN
Time: 64.842 ms
commit;
COMMIT
Time: 133366.781 ms
commit.sh|2019-12-02 16:03:24|2019-12-02 16:05:38|134
Timing is on.
begin;
BEGIN
Time: 68.033 ms
commit;
COMMIT
Time: 77493.140 ms
commit.sh|2019-12-02 16:05:38|2019-12-02 16:06:55|77
Timing is on.
begin;
BEGIN
Time: 67.770 ms
commit;
COMMIT
Time: 4224.946 ms
commit.sh|2019-12-02 16:06:55|2019-12-02 16:07:00|5
Timing is on.
begin;
BEGIN
Time: 206.220 ms
commit;
COMMIT
Time: 1017.543 ms
commit.sh|2019-12-02 16:07:00|2019-12-02 16:07:01|1
Timing is on.
begin;
BEGIN
Time: 297.228 ms
commit;
COMMIT
Time: 3267.889 ms
commit.sh|2019-12-02 16:07:01|2019-12-02 16:07:05|4
Timing is on.
begin;
BEGIN
Time: 69.226 ms
commit;
COMMIT
Time: 40510.654 ms
commit.sh|2019-12-02 16:07:05|2019-12-02 16:07:45|40
Timing is on.
begin;
BEGIN
Time: 67.192 ms
commit;
COMMIT
Time: 923.606 ms
commit.sh|2019-12-02 16:07:45|2019-12-02 16:07:46|1
Timing is on.
begin;
BEGIN
Time: 65.352 ms
commit;
COMMIT
Time: 1260.496 ms
commit.sh|2019-12-02 16:07:46|2019-12-02 16:07:48|2
Timing is on.
begin;
BEGIN
Time: 76.743 ms
commit;
COMMIT
Time: 1522.769 ms
commit.sh|2019-12-02 16:07:48|2019-12-02 16:07:49|1
Timing is on.
begin;
BEGIN
Time: 194.431 ms
commit;
COMMIT
Time: 940.536 ms
commit.sh|2019-12-02 16:07:49|2019-12-02 16:07:50|1
Timing is on.
begin;
BEGIN
Time: 62.229 ms
commit;
COMMIT
Time: 1114.628 ms
commit.sh|2019-12-02 16:07:50|2019-12-02 16:07:52|2
Timing is on.
begin;
BEGIN
Time: 61.299 ms
commit;
COMMIT
Time: 8360.360 ms
commit.sh|2019-12-02 16:07:52|2019-12-02 16:08:00|8
Timing is on.
begin;
BEGIN
Time: 73.250 ms
commit;
COMMIT
Time: 1221.126 ms
commit.sh|2019-12-02 16:08:00|2019-12-02 16:08:01|1
Timing is on.
begin;
BEGIN
Time: 63.852 ms
commit;
COMMIT
Time: 1615.406 ms
commit.sh|2019-12-02 16:08:01|2019-12-02 16:08:03|2
Timing is on.
begin;
BEGIN
Time: 224.042 ms
commit;
COMMIT
Time: 1517.552 ms
commit.sh|2019-12-02 16:08:03|2019-12-02 16:08:05|2
Timing is on.
begin;
BEGIN
Time: 177.717 ms
commit;
COMMIT
Time: 22183.619 ms
commit.sh|2019-12-02 16:08:05|2019-12-02 16:08:27|22
Timing is on.
begin;
BEGIN
Time: 68.879 ms
commit;
COMMIT
Time: 86607.459 ms
commit.sh|2019-12-02 16:08:27|2019-12-02 16:09:54|87
Timing is on.
begin;
BEGIN
Time: 66.867 ms
commit;
COMMIT
Time: 1980.340 ms
commit.sh|2019-12-02 16:09:54|2019-12-02 16:09:56|2
Timing is on.
begin;
BEGIN
Time: 96.848 ms
commit;
COMMIT
Time: 2387.048 ms
commit.sh|2019-12-02 16:09:56|2019-12-02 16:09:59|3
Timing is on.
begin;
BEGIN
Time: 108.618 ms
commit;
COMMIT
Time: 2745.742 ms
commit.sh|2019-12-02 16:09:59|2019-12-02 16:10:02|3
Timing is on.
begin;
BEGIN
Time: 148.629 ms
commit;
COMMIT
Time: 3772.748 ms
commit.sh|2019-12-02 16:10:02|2019-12-02 16:10:05|3
Timing is on.
begin;
BEGIN
Time: 82.110 ms
commit;
COMMIT
Time: 2672.431 ms
commit.sh|2019-12-02 16:10:05|2019-12-02 16:10:08|3
Timing is on.
begin;
BEGIN
Time: 61.889 ms
commit;
COMMIT
Time: 1680.915 ms
commit.sh|2019-12-02 16:10:08|2019-12-02 16:10:10|2
Timing is on.
begin;
BEGIN
Time: 71.235 ms
commit;
COMMIT
Time: 1545.786 ms
commit.sh|2019-12-02 16:10:10|2019-12-02 16:10:12|2
Timing is on.
begin;
BEGIN
Time: 190.597 ms
commit;
COMMIT
Time: 2260.462 ms
commit.sh|2019-12-02 16:10:12|2019-12-02 16:10:14|2
Timing is on.
begin;
BEGIN
Time: 68.782 ms
commit;
COMMIT
Time: 3867.896 ms
commit.sh|2019-12-02 16:10:14|2019-12-02 16:10:18|4
Timing is on.
begin;
BEGIN
Time: 73.370 ms
commit;
COMMIT
Time: 2368.606 ms
commit.sh|2019-12-02 16:10:18|2019-12-02 16:10:21|3
Timing is on.
begin;
BEGIN
Time: 63.385 ms
commit;
COMMIT
Time: 31642.606 ms
commit.sh|2019-12-02 16:10:21|2019-12-02 16:10:52|31
Timing is on.
begin;
BEGIN
Time: 64.863 ms
commit;
COMMIT
Time: 26786.253 ms
commit.sh|2019-12-02 16:10:52|2019-12-02 16:11:19|27
Timing is on.
begin;
BEGIN
Time: 67.305 ms
commit;
COMMIT
Time: 12413.933 ms
commit.sh|2019-12-02 16:11:19|2019-12-02 16:11:32|13
Timing is on.
begin;
BEGIN
Time: 144.748 ms
commit;
COMMIT
Time: 1147.706 ms
commit.sh|2019-12-02 16:11:32|2019-12-02 16:11:33|1
Timing is on.
begin;
BEGIN
Time: 67.720 ms
commit;
COMMIT
Time: 1704.424 ms
commit.sh|2019-12-02 16:11:33|2019-12-02 16:11:35|2
Timing is on.
begin;
BEGIN
Time: 151.831 ms
commit;
COMMIT
Time: 1783.829 ms
commit.sh|2019-12-02 16:11:35|2019-12-02 16:11:37|2
Timing is on.
begin;
BEGIN
Time: 64.390 ms
commit;
COMMIT
Time: 1475.815 ms
commit.sh|2019-12-02 16:11:37|2019-12-02 16:11:38|1
Timing is on.
begin;
BEGIN
Time: 66.744 ms
commit;
COMMIT
Time: 8829.824 ms
commit.sh|2019-12-02 16:11:38|2019-12-02 16:11:47|9
Timing is on.
begin;
BEGIN
Time: 63.684 ms
commit;
COMMIT
Time: 1099.765 ms
commit.sh|2019-12-02 16:11:47|2019-12-02 16:11:48|1
Timing is on.
begin;
BEGIN
Time: 65.264 ms
commit;
COMMIT
Time: 1586.717 ms
commit.sh|2019-12-02 16:11:48|2019-12-02 16:11:50|2
Timing is on.
begin;
BEGIN
Time: 184.577 ms
commit;
COMMIT
Time: 6357.130 ms
commit.sh|2019-12-02 16:11:50|2019-12-02 16:11:57|7
Timing is on.
begin;
BEGIN
Time: 72.808 ms
commit;
COMMIT
Time: 79765.017 ms
commit.sh|2019-12-02 16:11:57|2019-12-02 16:13:17|80
Timing is on.
begin;
BEGIN
Time: 62.981 ms
commit;
COMMIT
Time: 19645.714 ms
commit.sh|2019-12-02 16:13:17|2019-12-02 16:13:36|19
Timing is on.
begin;
BEGIN
Time: 62.660 ms
commit;
COMMIT
Time: 8214.978 ms
commit.sh|2019-12-02 16:13:36|2019-12-02 16:13:45|9
Timing is on.
begin;
BEGIN
Time: 134.779 ms
commit;
COMMIT
Time: 7852.968 ms
commit.sh|2019-12-02 16:13:45|2019-12-02 16:13:53|8
Timing is on.
begin;
BEGIN
Time: 66.740 ms
commit;
COMMIT
Time: 4483.241 ms
commit.sh|2019-12-02 16:13:53|2019-12-02 16:13:57|4
Timing is on.
begin;
BEGIN
Time: 63.480 ms
commit;
COMMIT
Time: 3131.944 ms
commit.sh|2019-12-02 16:13:57|2019-12-02 16:14:00|3
Timing is on.
begin;
BEGIN
Time: 68.896 ms
commit;
COMMIT
Time: 2096.479 ms
commit.sh|2019-12-02 16:14:00|2019-12-02 16:14:03|3
Timing is on.
begin;
BEGIN
Time: 188.669 ms
commit;
COMMIT
Time: 2727.058 ms
commit.sh|2019-12-02 16:14:03|2019-12-02 16:14:06|3
Timing is on.
begin;
BEGIN
Time: 66.664 ms
commit;
COMMIT
Time: 1594.997 ms
commit.sh|2019-12-02 16:14:06|2019-12-02 16:14:07|1
Timing is on.
begin;
BEGIN
Time: 63.578 ms
commit;
COMMIT
Time: 3034.468 ms
commit.sh|2019-12-02 16:14:07|2019-12-02 16:14:10|3
Timing is on.
begin;
BEGIN
Time: 66.232 ms
commit;
COMMIT
Time: 779.815 ms
commit.sh|2019-12-02 16:14:10|2019-12-02 16:14:11|1
Timing is on.
begin;
BEGIN
Time: 70.289 ms
commit;
COMMIT
Time: 1938.748 ms
commit.sh|2019-12-02 16:14:11|2019-12-02 16:14:13|2
Timing is on.
begin;
BEGIN
Time: 132.521 ms
commit;
COMMIT
Time: 1723.799 ms
commit.sh|2019-12-02 16:14:13|2019-12-02 16:14:15|2
Timing is on.
begin;
BEGIN
Time: 173.663 ms
commit;
COMMIT
Time: 6547.231 ms
commit.sh|2019-12-02 16:14:15|2019-12-02 16:14:22|7
Timing is on.
begin;
BEGIN
Time: 86.012 ms
commit;
COMMIT
Time: 13850.249 ms
commit.sh|2019-12-02 16:14:22|2019-12-02 16:14:36|14
Timing is on.
begin;
BEGIN
Time: 72.763 ms
commit;
COMMIT
Time: 19929.680 ms
commit.sh|2019-12-02 16:14:36|2019-12-02 16:14:56|20
Timing is on.
begin;
BEGIN
Time: 62.632 ms
commit;
COMMIT
Time: 5765.598 ms
commit.sh|2019-12-02 16:14:56|2019-12-02 16:15:02|6
Timing is on.
begin;
BEGIN
Time: 140.695 ms
commit;
COMMIT
Time: 3939.668 ms
commit.sh|2019-12-02 16:15:02|2019-12-02 16:15:06|4
Timing is on.
begin;
BEGIN
Time: 111.718 ms
commit;
COMMIT
Time: 1220.527 ms
commit.sh|2019-12-02 16:15:06|2019-12-02 16:15:07|1
Timing is on.
begin;
BEGIN
Time: 65.345 ms
commit;
COMMIT
Time: 1697.016 ms
commit.sh|2019-12-02 16:15:07|2019-12-02 16:15:09|2
Timing is on.
begin;
BEGIN
Time: 178.971 ms
commit;
COMMIT
Time: 1614.582 ms
commit.sh|2019-12-02 16:15:09|2019-12-02 16:15:11|2
Timing is on.
begin;
BEGIN
Time: 138.361 ms
commit;
COMMIT
Time: 2344.638 ms
commit.sh|2019-12-02 16:15:11|2019-12-02 16:15:13|2
Timing is on.
begin;
BEGIN
Time: 73.548 ms
commit;
COMMIT
Time: 2317.946 ms
commit.sh|2019-12-02 16:15:13|2019-12-02 16:15:16|3
Timing is on.
begin;
BEGIN
Time: 62.081 ms
commit;
COMMIT
Time: 5799.448 ms
commit.sh|2019-12-02 16:15:16|2019-12-02 16:15:22|6
Timing is on.
begin;
BEGIN
Time: 67.072 ms
commit;
COMMIT
Time: 14308.151 ms
commit.sh|2019-12-02 16:15:22|2019-12-02 16:15:36|14
Timing is on.
begin;
BEGIN
Time: 62.443 ms
commit;
COMMIT
Time: 41610.323 ms
commit.sh|2019-12-02 16:15:36|2019-12-02 16:16:18|42
Timing is on.
begin;
BEGIN
Time: 69.755 ms
commit;
COMMIT
Time: 1871.238 ms
commit.sh|2019-12-02 16:16:18|2019-12-02 16:16:20|2
Timing is on.
begin;
BEGIN
Time: 73.054 ms
commit;
COMMIT
Time: 2208.250 ms
commit.sh|2019-12-02 16:16:20|2019-12-02 16:16:22|2
Timing is on.
begin;
BEGIN
Time: 69.498 ms
commit;
COMMIT
Time: 1617.492 ms
commit.sh|2019-12-02 16:16:22|2019-12-02 16:16:24|2
Timing is on.
begin;
BEGIN
Time: 243.404 ms
commit;
COMMIT
Time: 1501.411 ms
commit.sh|2019-12-02 16:16:24|2019-12-02 16:16:26|2
Timing is on.
begin;
BEGIN
Time: 68.293 ms
commit;
COMMIT
Time: 3985.337 ms
commit.sh|2019-12-02 16:16:26|2019-12-02 16:16:30|4
Timing is on.
begin;
BEGIN
Time: 65.333 ms
commit;
COMMIT
Time: 1505.655 ms
commit.sh|2019-12-02 16:16:30|2019-12-02 16:16:31|1
Timing is on.
begin;
BEGIN
Time: 67.978 ms
commit;
COMMIT
Time: 5169.455 ms
commit.sh|2019-12-02 16:16:31|2019-12-02 16:16:36|5
Timing is on.
begin;
BEGIN
Time: 61.042 ms
commit;
COMMIT
Time: 8052.530 ms
commit.sh|2019-12-02 16:16:36|2019-12-02 16:16:45|9
Timing is on.
begin;
BEGIN
Time: 62.537 ms
commit;
COMMIT
Time: 5732.402 ms
commit.sh|2019-12-02 16:16:45|2019-12-02 16:16:50|5
Timing is on.
begin;
BEGIN
Time: 63.358 ms
commit;
COMMIT
Time: 5652.002 ms
commit.sh|2019-12-02 16:16:50|2019-12-02 16:16:56|6
Timing is on.
begin;
BEGIN
Time: 140.522 ms
commit;
COMMIT
Time: 780.370 ms
commit.sh|2019-12-02 16:16:56|2019-12-02 16:16:57|1
Timing is on.
begin;
BEGIN
Time: 261.382 ms
commit;
COMMIT
Time: 3544.774 ms
commit.sh|2019-12-02 16:16:57|2019-12-02 16:17:01|4
Timing is on.
begin;
BEGIN
Time: 67.502 ms
commit;
COMMIT
Time: 3132.892 ms
commit.sh|2019-12-02 16:17:01|2019-12-02 16:17:04|3
Timing is on.
begin;
BEGIN
Time: 65.652 ms
commit;
COMMIT
Time: 1086.799 ms
commit.sh|2019-12-02 16:17:04|2019-12-02 16:17:05|1
Timing is on.
begin;
BEGIN
Time: 62.101 ms
commit;
COMMIT
Time: 767.045 ms
commit.sh|2019-12-02 16:17:05|2019-12-02 16:17:06|1
Timing is on.
begin;
BEGIN
Time: 165.858 ms
commit;
COMMIT
Time: 16565.792 ms
commit.sh|2019-12-02 16:17:06|2019-12-02 16:17:23|17
Timing is on.
begin;
BEGIN
Time: 63.854 ms
commit;
COMMIT
Time: 2523.277 ms
commit.sh|2019-12-02 16:17:23|2019-12-02 16:17:26|3
Timing is on.
begin;
BEGIN
Time: 62.294 ms
commit;
COMMIT
Time: 1618.980 ms
commit.sh|2019-12-02 16:17:26|2019-12-02 16:17:27|1
Timing is on.
begin;
BEGIN
Time: 64.688 ms
commit;
COMMIT
Time: 3141.921 ms
commit.sh|2019-12-02 16:17:27|2019-12-02 16:17:30|3
Timing is on.
begin;
BEGIN
Time: 79.978 ms
commit;
COMMIT
Time: 6715.232 ms
commit.sh|2019-12-02 16:17:30|2019-12-02 16:17:37|7
Timing is on.
begin;
BEGIN
Time: 62.173 ms
commit;
COMMIT
Time: 6251.960 ms
commit.sh|2019-12-02 16:17:37|2019-12-02 16:17:44|7
Timing is on.
begin;
BEGIN
Time: 70.045 ms
commit;
COMMIT
Time: 8448.076 ms
commit.sh|2019-12-02 16:17:44|2019-12-02 16:17:52|8
Timing is on.
begin;
BEGIN
Time: 68.156 ms
commit;
COMMIT
Time: 4333.686 ms
commit.sh|2019-12-02 16:17:52|2019-12-02 16:17:57|5
Timing is on.
begin;
BEGIN
Time: 76.737 ms
commit;
COMMIT
Time: 2760.911 ms
commit.sh|2019-12-02 16:17:57|2019-12-02 16:17:59|2
Timing is on.
begin;
BEGIN
Time: 207.555 ms
commit;
COMMIT
Time: 1483.790 ms
commit.sh|2019-12-02 16:17:59|2019-12-02 16:18:01|2
Timing is on.
begin;
BEGIN
Time: 112.825 ms
commit;
COMMIT
Time: 4401.075 ms
commit.sh|2019-12-02 16:18:01|2019-12-02 16:18:06|5
Timing is on.
begin;
BEGIN
Time: 64.389 ms
commit;
COMMIT
Time: 1028.589 ms
commit.sh|2019-12-02 16:18:06|2019-12-02 16:18:07|1
Timing is on.
begin;
BEGIN
Time: 67.406 ms
commit;
COMMIT
Time: 896.859 ms
commit.sh|2019-12-02 16:18:07|2019-12-02 16:18:08|1
Timing is on.
begin;
BEGIN
Time: 170.833 ms
commit;
COMMIT
Time: 1830.980 ms
commit.sh|2019-12-02 16:18:08|2019-12-02 16:18:10|2
Timing is on.
begin;
BEGIN
Time: 223.983 ms
commit;
COMMIT
Time: 2084.570 ms
commit.sh|2019-12-02 16:18:10|2019-12-02 16:18:12|2
Timing is on.
begin;
BEGIN
Time: 65.887 ms
commit;
COMMIT
Time: 1742.318 ms
commit.sh|2019-12-02 16:18:12|2019-12-02 16:18:14|2
Timing is on.
begin;
BEGIN
Time: 64.187 ms
commit;
COMMIT
Time: 2044.735 ms
commit.sh|2019-12-02 16:18:14|2019-12-02 16:18:16|2
Timing is on.
begin;
BEGIN
Time: 70.067 ms
commit;
COMMIT
Time: 8934.844 ms
commit.sh|2019-12-02 16:18:16|2019-12-02 16:18:25|9
Timing is on.
begin;
BEGIN
Time: 64.627 ms
commit;
COMMIT
Time: 11150.787 ms
commit.sh|2019-12-02 16:18:25|2019-12-02 16:18:36|11
Timing is on.
begin;
BEGIN
Time: 69.219 ms
commit;
COMMIT
Time: 9659.423 ms
commit.sh|2019-12-02 16:18:36|2019-12-02 16:18:46|10
Timing is on.
begin;
BEGIN
Time: 66.362 ms
commit;
COMMIT
Time: 3616.616 ms
commit.sh|2019-12-02 16:18:46|2019-12-02 16:18:50|4
Timing is on.
begin;
BEGIN
Time: 75.867 ms
commit;
COMMIT
Time: 1706.260 ms
commit.sh|2019-12-02 16:18:50|2019-12-02 16:18:52|2
Timing is on.
begin;
BEGIN
Time: 96.784 ms
commit;
COMMIT
Time: 9037.342 ms
commit.sh|2019-12-02 16:18:52|2019-12-02 16:19:01|9
Timing is on.
begin;
BEGIN
Time: 100.154 ms
commit;
COMMIT
Time: 2492.758 ms
commit.sh|2019-12-02 16:19:01|2019-12-02 16:19:03|2
Timing is on.
begin;
BEGIN
Time: 194.259 ms
commit;
COMMIT
Time: 1825.610 ms
commit.sh|2019-12-02 16:19:03|2019-12-02 16:19:06|3
Timing is on.
begin;
BEGIN
Time: 63.900 ms
commit;
COMMIT
Time: 1924.896 ms
commit.sh|2019-12-02 16:19:06|2019-12-02 16:19:08|2
Timing is on.
begin;
BEGIN
Time: 75.250 ms
commit;
COMMIT
Time: 1764.402 ms
commit.sh|2019-12-02 16:19:08|2019-12-02 16:19:09|1
Timing is on.
begin;
BEGIN
Time: 70.232 ms
commit;
COMMIT
Time: 1983.155 ms
commit.sh|2019-12-02 16:19:09|2019-12-02 16:19:11|2
Timing is on.
begin;
BEGIN
Time: 144.089 ms
commit;
COMMIT
Time: 1562.123 ms
commit.sh|2019-12-02 16:19:11|2019-12-02 16:19:13|2
Timing is on.
begin;
BEGIN
Time: 63.122 ms
commit;
COMMIT
Time: 1744.895 ms
commit.sh|2019-12-02 16:19:13|2019-12-02 16:19:15|2
Timing is on.
begin;
BEGIN
Time: 69.999 ms
commit;
COMMIT
Time: 12872.394 ms
commit.sh|2019-12-02 16:19:15|2019-12-02 16:19:28|13
Timing is on.
begin;
BEGIN
Time: 68.502 ms
commit;
COMMIT
Time: 8935.587 ms
commit.sh|2019-12-02 16:19:28|2019-12-02 16:19:37|9
Timing is on.
begin;
BEGIN
Time: 116.699 ms
commit;
COMMIT
Time: 9229.298 ms
commit.sh|2019-12-02 16:19:37|2019-12-02 16:19:46|9
Timing is on.
begin;
BEGIN
Time: 71.572 ms
commit;
COMMIT
Time: 1451.098 ms
commit.sh|2019-12-02 16:19:46|2019-12-02 16:19:48|2
Timing is on.
begin;
BEGIN
Time: 73.760 ms
commit;
COMMIT
Time: 2111.442 ms
commit.sh|2019-12-02 16:19:48|2019-12-02 16:19:50|2
Timing is on.
begin;
BEGIN
Time: 70.574 ms
commit;
COMMIT
Time: 1765.553 ms
commit.sh|2019-12-02 16:19:50|2019-12-02 16:19:52|2
Timing is on.
begin;
BEGIN
Time: 155.373 ms
commit;
COMMIT
Time: 964.648 ms
commit.sh|2019-12-02 16:19:52|2019-12-02 16:19:53|1
Timing is on.
begin;
BEGIN
Time: 256.796 ms
commit;
COMMIT
Time: 3094.424 ms
commit.sh|2019-12-02 16:19:53|2019-12-02 16:19:57|4
Timing is on.
begin;
BEGIN
Time: 66.090 ms
commit;
COMMIT
Time: 2803.817 ms
commit.sh|2019-12-02 16:19:57|2019-12-02 16:19:59|2
Timing is on.
begin;
BEGIN
Time: 78.443 ms
commit;
COMMIT
Time: 3426.301 ms
commit.sh|2019-12-02 16:19:59|2019-12-02 16:20:03|4
Timing is on.
begin;
BEGIN
Time: 68.080 ms
commit;
COMMIT
Time: 2680.298 ms
commit.sh|2019-12-02 16:20:03|2019-12-02 16:20:06|3
Timing is on.
begin;
BEGIN
Time: 60.331 ms
commit;
COMMIT
Time: 2875.550 ms
commit.sh|2019-12-02 16:20:06|2019-12-02 16:20:09|3
Timing is on.
begin;
BEGIN
Time: 69.473 ms
commit;
COMMIT
Time: 2355.379 ms
commit.sh|2019-12-02 16:20:09|2019-12-02 16:20:11|2
Timing is on.
begin;
BEGIN
Time: 66.073 ms
commit;
COMMIT
Time: 15912.435 ms
commit.sh|2019-12-02 16:20:11|2019-12-02 16:20:27|16
Timing is on.
begin;
BEGIN
Time: 69.972 ms
commit;
COMMIT
Time: 3780.107 ms
commit.sh|2019-12-02 16:20:27|2019-12-02 16:20:31|4
Timing is on.
begin;
BEGIN
Time: 209.712 ms
commit;
COMMIT
Time: 37096.439 ms
commit.sh|2019-12-02 16:20:31|2019-12-02 16:21:08|37
Timing is on.
begin;
BEGIN
Time: 68.501 ms
commit;
COMMIT
Time: 4648.887 ms
commit.sh|2019-12-02 16:21:08|2019-12-02 16:21:13|5
Timing is on.
begin;
BEGIN
Time: 222.451 ms
commit;
COMMIT
Time: 1333.234 ms
commit.sh|2019-12-02 16:21:13|2019-12-02 16:21:15|2
Timing is on.
begin;
BEGIN
Time: 191.319 ms
commit;
COMMIT
Time: 1055.201 ms
commit.sh|2019-12-02 16:21:15|2019-12-02 16:21:16|1
Timing is on.
begin;
BEGIN
Time: 65.673 ms
commit;
COMMIT
Time: 1273.079 ms
commit.sh|2019-12-02 16:21:16|2019-12-02 16:21:17|1
Timing is on.
begin;
BEGIN
Time: 72.492 ms
commit;
COMMIT
Time: 1719.951 ms
commit.sh|2019-12-02 16:21:17|2019-12-02 16:21:19|2
Timing is on.
begin;
BEGIN
Time: 73.380 ms
commit;
COMMIT
Time: 3519.035 ms
commit.sh|2019-12-02 16:21:19|2019-12-02 16:21:23|4
Timing is on.
begin;
BEGIN
Time: 70.931 ms
commit;
COMMIT
Time: 1089.436 ms
commit.sh|2019-12-02 16:21:23|2019-12-02 16:21:24|1
Timing is on.
begin;
BEGIN
Time: 232.137 ms
commit;
COMMIT
Time: 1073.101 ms
commit.sh|2019-12-02 16:21:24|2019-12-02 16:21:25|1
Timing is on.
begin;
BEGIN
Time: 10598.806 ms
commit;
COMMIT
Time: 4157.167 ms
commit.sh|2019-12-02 16:21:25|2019-12-02 16:21:40|15
Timing is on.
begin;
BEGIN
Time: 68.285 ms
commit;
COMMIT
Time: 2683.826 ms
commit.sh|2019-12-02 16:21:40|2019-12-02 16:21:43|3
Timing is on.
begin;
BEGIN
Time: 109.404 ms
commit;
COMMIT
Time: 1498.879 ms
commit.sh|2019-12-02 16:21:43|2019-12-02 16:21:45|2
Timing is on.
begin;
BEGIN
Time: 111.580 ms
commit;
COMMIT
Time: 2100.737 ms
commit.sh|2019-12-02 16:21:45|2019-12-02 16:21:47|2
Timing is on.
begin;
BEGIN
Time: 176.752 ms
commit;
COMMIT
Time: 4628.989 ms
commit.sh|2019-12-02 16:21:47|2019-12-02 16:21:52|5
Timing is on.
begin;
BEGIN
Time: 64.629 ms
commit;
COMMIT
Time: 3566.941 ms
commit.sh|2019-12-02 16:21:52|2019-12-02 16:21:55|3
Timing is on.
begin;
BEGIN
Time: 65.718 ms
commit;
COMMIT
Time: 1095.315 ms
commit.sh|2019-12-02 16:21:55|2019-12-02 16:21:57|2
Timing is on.
begin;
BEGIN
Time: 66.572 ms
commit;
COMMIT
Time: 5691.190 ms
commit.sh|2019-12-02 16:21:57|2019-12-02 16:22:02|5
Timing is on.
begin;
BEGIN
Time: 142.970 ms
commit;
COMMIT
Time: 717.740 ms
commit.sh|2019-12-02 16:22:02|2019-12-02 16:22:03|1
Timing is on.
begin;
BEGIN
Time: 224.090 ms
commit;
COMMIT
Time: 80113.439 ms
commit.sh|2019-12-02 16:22:03|2019-12-02 16:23:24|81
Timing is on.
begin;
BEGIN
Time: 68.816 ms
commit;
COMMIT
Time: 2511.173 ms
commit.sh|2019-12-02 16:23:24|2019-12-02 16:23:26|2
Timing is on.
begin;
BEGIN
Time: 64.487 ms
commit;
COMMIT
Time: 2361.256 ms
commit.sh|2019-12-02 16:23:26|2019-12-02 16:23:29|3
Timing is on.
begin;
BEGIN
Time: 63.161 ms
commit;
COMMIT
Time: 4029.608 ms
commit.sh|2019-12-02 16:23:29|2019-12-02 16:23:33|4
Timing is on.
begin;
BEGIN
Time: 64.544 ms
commit;
COMMIT
Time: 8274.696 ms
commit.sh|2019-12-02 16:23:33|2019-12-02 16:23:41|8
Timing is on.
begin;
BEGIN
Time: 78.216 ms
commit;
COMMIT
Time: 921.154 ms
commit.sh|2019-12-02 16:23:41|2019-12-02 16:23:42|1
Timing is on.
begin;
BEGIN
Time: 153.858 ms
commit;
COMMIT
Time: 2848.363 ms
commit.sh|2019-12-02 16:23:42|2019-12-02 16:23:45|3
Timing is on.
begin;
BEGIN
Time: 75.064 ms
commit;
COMMIT
Time: 1257.206 ms
commit.sh|2019-12-02 16:23:45|2019-12-02 16:23:47|2
Timing is on.
begin;
BEGIN
Time: 70.381 ms
commit;
COMMIT
Time: 2117.796 ms
commit.sh|2019-12-02 16:23:47|2019-12-02 16:23:49|2
Timing is on.
begin;
BEGIN
Time: 66.821 ms
commit;
COMMIT
Time: 3196.999 ms
commit.sh|2019-12-02 16:23:49|2019-12-02 16:23:52|3
Timing is on.
begin;
BEGIN
Time: 148.847 ms
commit;
COMMIT
Time: 1556.739 ms
commit.sh|2019-12-02 16:23:52|2019-12-02 16:23:54|2
Timing is on.
begin;
BEGIN
Time: 170.657 ms
commit;
COMMIT
Time: 1203.680 ms
commit.sh|2019-12-02 16:23:54|2019-12-02 16:23:55|1
Timing is on.
begin;
BEGIN
Time: 62.399 ms
commit;
COMMIT
Time: 13387.010 ms
commit.sh|2019-12-02 16:23:55|2019-12-02 16:24:09|14
Timing is on.
begin;
BEGIN
Time: 70.421 ms
commit;
COMMIT
Time: 40099.822 ms
commit.sh|2019-12-02 16:24:09|2019-12-02 16:24:49|40
Timing is on.
begin;
BEGIN
Time: 66.997 ms
commit;
COMMIT
Time: 3182.645 ms
commit.sh|2019-12-02 16:24:49|2019-12-02 16:24:52|3
Timing is on.
begin;
BEGIN
Time: 66.080 ms
commit;
COMMIT
Time: 2269.130 ms
commit.sh|2019-12-02 16:24:52|2019-12-02 16:24:54|2
Timing is on.
begin;
BEGIN
Time: 182.543 ms
commit;
COMMIT
Time: 2657.640 ms
commit.sh|2019-12-02 16:24:54|2019-12-02 16:24:57|3
Timing is on.
begin;
BEGIN
Time: 105.354 ms
commit;
COMMIT
Time: 1907.337 ms
commit.sh|2019-12-02 16:24:57|2019-12-02 16:24:59|2
Timing is on.
begin;
BEGIN
Time: 61.744 ms
commit;
COMMIT
Time: 9883.011 ms
commit.sh|2019-12-02 16:24:59|2019-12-02 16:25:09|10
Timing is on.
begin;
BEGIN
Time: 69.668 ms
commit;
COMMIT
Time: 12087.278 ms
commit.sh|2019-12-02 16:25:09|2019-12-02 16:25:22|13
Timing is on.
begin;
BEGIN
Time: 59.748 ms
commit;
COMMIT
Time: 3050.648 ms
commit.sh|2019-12-02 16:25:22|2019-12-02 16:25:25|3
Timing is on.
begin;
BEGIN
Time: 190.035 ms
commit;
COMMIT
Time: 3256.944 ms
commit.sh|2019-12-02 16:25:25|2019-12-02 16:25:28|3
Timing is on.
begin;
BEGIN
Time: 65.263 ms
commit;
COMMIT
Time: 9111.036 ms
commit.sh|2019-12-02 16:25:28|2019-12-02 16:25:37|9
Timing is on.
begin;
BEGIN
Time: 68.106 ms
commit;
COMMIT
Time: 33080.115 ms
commit.sh|2019-12-02 16:25:37|2019-12-02 16:26:11|34
Timing is on.
begin;
BEGIN
Time: 75.505 ms
commit;
COMMIT
Time: 980.397 ms
commit.sh|2019-12-02 16:26:11|2019-12-02 16:26:12|1
Timing is on.
begin;
BEGIN
Time: 280.799 ms
commit;
COMMIT
Time: 492.934 ms
commit.sh|2019-12-02 16:26:12|2019-12-02 16:26:12|0
Timing is on.
begin;
BEGIN
Time: 274.628 ms
commit;
COMMIT
Time: 1559.681 ms
commit.sh|2019-12-02 16:26:12|2019-12-02 16:26:14|2
Timing is on.
begin;
BEGIN
Time: 140.987 ms
commit;
COMMIT
Time: 1208.386 ms
commit.sh|2019-12-02 16:26:14|2019-12-02 16:26:16|2
Timing is on.
begin;
BEGIN
Time: 62.087 ms
commit;
COMMIT
Time: 2160.847 ms
commit.sh|2019-12-02 16:26:16|2019-12-02 16:26:18|2
Timing is on.
begin;
BEGIN
Time: 66.782 ms
commit;
COMMIT
Time: 723.449 ms
commit.sh|2019-12-02 16:26:18|2019-12-02 16:26:19|1
Timing is on.
begin;
BEGIN
Time: 77.303 ms
commit;
COMMIT
Time: 2335.053 ms
commit.sh|2019-12-02 16:26:19|2019-12-02 16:26:21|2
Timing is on.
begin;
BEGIN
Time: 66.375 ms
commit;
COMMIT
Time: 2159.614 ms
commit.sh|2019-12-02 16:26:21|2019-12-02 16:26:23|2
Timing is on.
begin;
BEGIN
Time: 142.176 ms
commit;
COMMIT
Time: 3225.290 ms
commit.sh|2019-12-02 16:26:23|2019-12-02 16:26:27|4
Timing is on.
begin;
BEGIN
Time: 65.806 ms
commit;
COMMIT
Time: 10772.733 ms
commit.sh|2019-12-02 16:26:27|2019-12-02 16:26:38|11
Timing is on.
begin;
BEGIN
Time: 69.004 ms
commit;
COMMIT
Time: 6623.514 ms
commit.sh|2019-12-02 16:26:38|2019-12-02 16:26:44|6
Timing is on.
begin;
BEGIN
Time: 71.377 ms
commit;
COMMIT
Time: 16022.602 ms
commit.sh|2019-12-02 16:26:44|2019-12-02 16:27:00|16
Timing is on.
begin;
BEGIN
Time: 81.510 ms
commit;
COMMIT
Time: 6993.644 ms
commit.sh|2019-12-02 16:27:01|2019-12-02 16:27:08|7
Timing is on.
begin;
BEGIN
Time: 178.422 ms
commit;
COMMIT
Time: 1381.284 ms
commit.sh|2019-12-02 16:27:08|2019-12-02 16:27:09|1
Timing is on.
begin;
BEGIN
Time: 200.371 ms
commit;
COMMIT
Time: 1340.182 ms
commit.sh|2019-12-02 16:27:09|2019-12-02 16:27:11|2
Timing is on.
begin;
BEGIN
Time: 62.948 ms
commit;
COMMIT
Time: 1921.970 ms
commit.sh|2019-12-02 16:27:11|2019-12-02 16:27:13|2
Timing is on.
begin;
BEGIN
Time: 69.204 ms
commit;
COMMIT
Time: 1168.933 ms
commit.sh|2019-12-02 16:27:13|2019-12-02 16:27:14|1
Timing is on.
begin;
BEGIN
Time: 79.271 ms
commit;
COMMIT
Time: 1411.402 ms
commit.sh|2019-12-02 16:27:14|2019-12-02 16:27:16|2
Timing is on.
begin;
BEGIN
Time: 206.231 ms
commit;
COMMIT
Time: 2319.698 ms
commit.sh|2019-12-02 16:27:16|2019-12-02 16:27:18|2
Timing is on.
begin;
BEGIN
Time: 63.116 ms
commit;
COMMIT
Time: 2984.311 ms
commit.sh|2019-12-02 16:27:18|2019-12-02 16:27:21|3
Timing is on.
begin;
BEGIN
Time: 73.874 ms
commit;
COMMIT
Time: 1868.666 ms
commit.sh|2019-12-02 16:27:21|2019-12-02 16:27:23|2
Timing is on.
begin;
BEGIN
Time: 67.310 ms
commit;
COMMIT
Time: 1488.571 ms
commit.sh|2019-12-02 16:27:23|2019-12-02 16:27:25|2
Timing is on.
begin;
BEGIN
Time: 229.002 ms
commit;
COMMIT
Time: 1071.053 ms
commit.sh|2019-12-02 16:27:25|2019-12-02 16:27:26|1
Timing is on.
begin;
BEGIN
Time: 244.704 ms
commit;
COMMIT
Time: 12188.192 ms
commit.sh|2019-12-02 16:27:26|2019-12-02 16:27:39|13
Timing is on.
begin;
BEGIN
Time: 63.010 ms
commit;
COMMIT
Time: 26669.308 ms
commit.sh|2019-12-02 16:27:39|2019-12-02 16:28:05|26
Timing is on.
begin;
BEGIN
Time: 66.743 ms
commit;
COMMIT
Time: 8232.807 ms
commit.sh|2019-12-02 16:28:05|2019-12-02 16:28:14|9
Timing is on.
begin;
BEGIN
Time: 62.234 ms
commit;
COMMIT
Time: 2514.937 ms
commit.sh|2019-12-02 16:28:14|2019-12-02 16:28:16|2
Timing is on.
begin;
BEGIN
Time: 239.424 ms
commit;
COMMIT
Time: 934.212 ms
commit.sh|2019-12-02 16:28:16|2019-12-02 16:28:18|2
Timing is on.
begin;
BEGIN
Time: 277.288 ms
commit;
COMMIT
Time: 1431.179 ms
commit.sh|2019-12-02 16:28:18|2019-12-02 16:28:19|1
Timing is on.
begin;
BEGIN
Time: 190.869 ms
commit;
COMMIT
Time: 1756.371 ms
commit.sh|2019-12-02 16:28:19|2019-12-02 16:28:21|2
Timing is on.
begin;
BEGIN
Time: 61.596 ms
commit;
COMMIT
Time: 1451.080 ms
commit.sh|2019-12-02 16:28:21|2019-12-02 16:28:23|2
Timing is on.
begin;
BEGIN
Time: 67.341 ms
commit;
COMMIT
Time: 1546.664 ms
commit.sh|2019-12-02 16:28:23|2019-12-02 16:28:24|1
Timing is on.
begin;
BEGIN
Time: 95.216 ms
commit;
COMMIT
Time: 4357.686 ms
commit.sh|2019-12-02 16:28:24|2019-12-02 16:28:29|5
Timing is on.
begin;
BEGIN
Time: 67.609 ms
commit;
COMMIT
Time: 3582.497 ms
commit.sh|2019-12-02 16:28:29|2019-12-02 16:28:33|4
Timing is on.
begin;
BEGIN
Time: 65.924 ms
commit;
COMMIT
Time: 1666.717 ms
commit.sh|2019-12-02 16:28:33|2019-12-02 16:28:34|1
Timing is on.
begin;
BEGIN
Time: 63.570 ms
commit;
COMMIT
Time: 7364.630 ms
commit.sh|2019-12-02 16:28:34|2019-12-02 16:28:42|8
Timing is on.
begin;
BEGIN
Time: 70.220 ms
commit;
COMMIT
Time: 18639.743 ms
commit.sh|2019-12-02 16:28:42|2019-12-02 16:29:01|19
Timing is on.
begin;
BEGIN
Time: 69.808 ms
commit;
COMMIT
Time: 10960.865 ms
commit.sh|2019-12-02 16:29:01|2019-12-02 16:29:12|11
Timing is on.
begin;
BEGIN
Time: 184.153 ms
commit;
COMMIT
Time: 10506.485 ms
commit.sh|2019-12-02 16:29:12|2019-12-02 16:29:22|10
Timing is on.
begin;
BEGIN
Time: 62.708 ms
commit;
COMMIT
Time: 4352.702 ms
commit.sh|2019-12-02 16:29:22|2019-12-02 16:29:27|5
Timing is on.
begin;
BEGIN
Time: 63.611 ms
commit;
COMMIT
Time: 1824.400 ms
commit.sh|2019-12-02 16:29:27|2019-12-02 16:29:29|2
Timing is on.
begin;
BEGIN
Time: 140.408 ms
commit;
COMMIT
Time: 1568.979 ms
commit.sh|2019-12-02 16:29:29|2019-12-02 16:29:30|1
Timing is on.
begin;
BEGIN
Time: 230.240 ms
commit;
COMMIT
Time: 2995.982 ms
commit.sh|2019-12-02 16:29:30|2019-12-02 16:29:34|4
Timing is on.
begin;
BEGIN
Time: 71.367 ms
commit;
COMMIT
Time: 2279.907 ms
commit.sh|2019-12-02 16:29:34|2019-12-02 16:29:36|2
Timing is on.
begin;
BEGIN
Time: 99.526 ms
commit;
COMMIT
Time: 3079.842 ms
commit.sh|2019-12-02 16:29:36|2019-12-02 16:29:39|3
Timing is on.
begin;
BEGIN
Time: 65.263 ms
commit;
COMMIT
Time: 3128.576 ms
commit.sh|2019-12-02 16:29:39|2019-12-02 16:29:42|3
Timing is on.
begin;
BEGIN
Time: 67.679 ms
commit;
COMMIT
Time: 2105.574 ms
commit.sh|2019-12-02 16:29:43|2019-12-02 16:29:45|2
Timing is on.
begin;
BEGIN
Time: 65.982 ms
commit;
COMMIT
Time: 3712.949 ms
commit.sh|2019-12-02 16:29:45|2019-12-02 16:29:48|3
Timing is on.
begin;
BEGIN
Time: 68.254 ms
commit;
COMMIT
Time: 19675.567 ms
commit.sh|2019-12-02 16:29:49|2019-12-02 16:30:08|19
Timing is on.
begin;
BEGIN
Time: 66.841 ms
commit;
COMMIT
Time: 6522.145 ms
commit.sh|2019-12-02 16:30:08|2019-12-02 16:30:15|7
Timing is on.
begin;
BEGIN
Time: 75.635 ms
commit;
COMMIT
Time: 2032.275 ms
commit.sh|2019-12-02 16:30:15|2019-12-02 16:30:17|2
Timing is on.
begin;
BEGIN
Time: 70.422 ms
commit;
COMMIT
Time: 2269.782 ms
commit.sh|2019-12-02 16:30:17|2019-12-02 16:30:19|2
Timing is on.
begin;
BEGIN
Time: 65.244 ms
commit;
COMMIT
Time: 13553.874 ms
commit.sh|2019-12-02 16:30:19|2019-12-02 16:30:33|14
Timing is on.
begin;
BEGIN
Time: 81.979 ms
commit;
COMMIT
Time: 23396.131 ms
commit.sh|2019-12-02 16:30:33|2019-12-02 16:30:57|24
Timing is on.
begin;
BEGIN
Time: 194.438 ms
commit;
COMMIT
Time: 1454.622 ms
commit.sh|2019-12-02 16:30:57|2019-12-02 16:30:58|1
Timing is on.
begin;
BEGIN
Time: 282.517 ms
commit;
COMMIT
Time: 2215.837 ms
commit.sh|2019-12-02 16:30:58|2019-12-02 16:31:01|3
Timing is on.
begin;
BEGIN
Time: 65.548 ms
commit;
COMMIT
Time: 2777.412 ms
commit.sh|2019-12-02 16:31:01|2019-12-02 16:31:04|3
Timing is on.
begin;
BEGIN
Time: 65.271 ms
commit;
COMMIT
Time: 1574.196 ms
commit.sh|2019-12-02 16:31:04|2019-12-02 16:31:05|1
Timing is on.
begin;
BEGIN
Time: 69.640 ms
commit;
COMMIT
Time: 1486.371 ms
commit.sh|2019-12-02 16:31:05|2019-12-02 16:31:07|2
Timing is on.
begin;
BEGIN
Time: 205.357 ms
commit;
COMMIT
Time: 7830.371 ms
commit.sh|2019-12-02 16:31:07|2019-12-02 16:31:15|8
Timing is on.
begin;
BEGIN
Time: 71.268 ms
commit;
COMMIT
Time: 7405.969 ms
commit.sh|2019-12-02 16:31:15|2019-12-02 16:31:22|7
Timing is on.
begin;
BEGIN
Time: 66.804 ms
commit;
COMMIT
Time: 10076.323 ms
commit.sh|2019-12-02 16:31:22|2019-12-02 16:31:33|11
Timing is on.
begin;
BEGIN
Time: 69.166 ms
commit;
COMMIT
Time: 23058.975 ms
commit.sh|2019-12-02 16:31:33|2019-12-02 16:31:56|23
Timing is on.
begin;
BEGIN
Time: 120.563 ms
commit;
COMMIT
Time: 616.642 ms
commit.sh|2019-12-02 16:31:56|2019-12-02 16:31:57|1
Timing is on.
begin;
BEGIN
Time: 232.432 ms
commit;
COMMIT
Time: 748.501 ms
commit.sh|2019-12-02 16:31:57|2019-12-02 16:31:58|1
Timing is on.
begin;
BEGIN
Time: 274.487 ms
commit;
COMMIT
Time: 1253.122 ms
commit.sh|2019-12-02 16:31:58|2019-12-02 16:31:59|1
Timing is on.
begin;
BEGIN
Time: 270.012 ms
commit;
COMMIT
Time: 856.026 ms
commit.sh|2019-12-02 16:31:59|2019-12-02 16:32:00|1
Timing is on.
begin;
BEGIN
Time: 64.471 ms
commit;
COMMIT
Time: 989.830 ms
commit.sh|2019-12-02 16:32:00|2019-12-02 16:32:01|1
Timing is on.
begin;
BEGIN
Time: 73.101 ms
commit;
COMMIT
Time: 2637.925 ms
commit.sh|2019-12-02 16:32:01|2019-12-02 16:32:04|3
Timing is on.
begin;
BEGIN
Time: 67.138 ms
commit;
COMMIT
Time: 950.531 ms
commit.sh|2019-12-02 16:32:04|2019-12-02 16:32:05|1
Timing is on.
begin;
BEGIN
Time: 66.086 ms
commit;
COMMIT
Time: 2631.994 ms
commit.sh|2019-12-02 16:32:05|2019-12-02 16:32:08|3
Timing is on.
begin;
BEGIN
Time: 163.357 ms
commit;
COMMIT
Time: 2431.903 ms
commit.sh|2019-12-02 16:32:08|2019-12-02 16:32:10|2
Timing is on.
begin;
BEGIN
Time: 125.524 ms
commit;
COMMIT
Time: 2185.644 ms
commit.sh|2019-12-02 16:32:10|2019-12-02 16:32:13|3
Timing is on.
begin;
BEGIN
Time: 65.511 ms
commit;
COMMIT
Time: 1938.858 ms
commit.sh|2019-12-02 16:32:13|2019-12-02 16:32:15|2
Timing is on.
begin;
BEGIN
Time: 62.902 ms
commit;
COMMIT
Time: 4095.646 ms
commit.sh|2019-12-02 16:32:15|2019-12-02 16:32:19|4
Timing is on.
begin;
BEGIN
Time: 72.120 ms
commit;
COMMIT
Time: 2928.957 ms
commit.sh|2019-12-02 16:32:19|2019-12-02 16:32:22|3
Timing is on.
begin;
BEGIN
Time: 174.977 ms
commit;
COMMIT
Time: 3144.139 ms
commit.sh|2019-12-02 16:32:22|2019-12-02 16:32:25|3
Timing is on.
begin;
BEGIN
Time: 155.284 ms
commit;
COMMIT
Time: 2279.147 ms
commit.sh|2019-12-02 16:32:25|2019-12-02 16:32:28|3
Timing is on.
begin;
BEGIN
Time: 62.470 ms
commit;
COMMIT
Time: 1476.037 ms
commit.sh|2019-12-02 16:32:28|2019-12-02 16:32:29|1
Timing is on.
begin;
BEGIN
Time: 63.195 ms
commit;
COMMIT
Time: 870.636 ms
commit.sh|2019-12-02 16:32:29|2019-12-02 16:32:30|1
Timing is on.
begin;
BEGIN
Time: 114.741 ms
commit;
COMMIT
Time: 1581.328 ms
commit.sh|2019-12-02 16:32:30|2019-12-02 16:32:32|2
Timing is on.
begin;
BEGIN
Time: 117.603 ms
commit;
COMMIT
Time: 1426.204 ms
commit.sh|2019-12-02 16:32:32|2019-12-02 16:32:34|2
Timing is on.
begin;
BEGIN
Time: 163.113 ms
commit;
COMMIT
Time: 2874.887 ms
commit.sh|2019-12-02 16:32:34|2019-12-02 16:32:37|3
Timing is on.
begin;
BEGIN
Time: 64.531 ms
commit;
COMMIT
Time: 3513.175 ms
commit.sh|2019-12-02 16:32:37|2019-12-02 16:32:40|3
Timing is on.
begin;
BEGIN
Time: 70.258 ms
commit;
COMMIT
Time: 1922.904 ms
commit.sh|2019-12-02 16:32:40|2019-12-02 16:32:42|2
Timing is on.
begin;
BEGIN
Time: 82.978 ms
commit;
COMMIT
Time: 45366.331 ms
commit.sh|2019-12-02 16:32:42|2019-12-02 16:33:28|46
Timing is on.
begin;
BEGIN
Time: 199.289 ms
commit;
COMMIT
Time: 2026.073 ms
commit.sh|2019-12-02 16:33:28|2019-12-02 16:33:30|2
Timing is on.
begin;
BEGIN
Time: 215.344 ms
commit;
COMMIT
Time: 7932.568 ms
commit.sh|2019-12-02 16:33:30|2019-12-02 16:33:38|8
Timing is on.
begin;
BEGIN
Time: 65.035 ms
commit;
COMMIT
Time: 12822.017 ms
commit.sh|2019-12-02 16:33:38|2019-12-02 16:33:51|13
Timing is on.
begin;
BEGIN
Time: 67.647 ms
commit;
COMMIT
Time: 66236.736 ms
commit.sh|2019-12-02 16:33:51|2019-12-02 16:34:58|67
Timing is on.
begin;
BEGIN
Time: 64.823 ms
commit;
COMMIT
Time: 1976.438 ms
commit.sh|2019-12-02 16:34:58|2019-12-02 16:35:00|2
Timing is on.
begin;
BEGIN
Time: 168.515 ms
commit;
COMMIT
Time: 1219.170 ms
commit.sh|2019-12-02 16:35:00|2019-12-02 16:35:01|1
Timing is on.
begin;
BEGIN
Time: 179.130 ms
commit;
COMMIT
Time: 2163.249 ms
commit.sh|2019-12-02 16:35:01|2019-12-02 16:35:03|2
Timing is on.
begin;
BEGIN
Time: 61.189 ms
commit;
COMMIT
Time: 1096.955 ms
commit.sh|2019-12-02 16:35:03|2019-12-02 16:35:05|2
Timing is on.
begin;
BEGIN
Time: 75.738 ms
commit;
COMMIT
Time: 906.964 ms
commit.sh|2019-12-02 16:35:05|2019-12-02 16:35:06|1
Timing is on.
begin;
BEGIN
Time: 65.498 ms
commit;
COMMIT
Time: 1017.754 ms
commit.sh|2019-12-02 16:35:06|2019-12-02 16:35:07|1
Timing is on.
begin;
BEGIN
Time: 199.307 ms
commit;
COMMIT
Time: 1254.164 ms
commit.sh|2019-12-02 16:35:07|2019-12-02 16:35:08|1
Timing is on.
begin;
BEGIN
Time: 260.961 ms
commit;
COMMIT
Time: 42073.774 ms
commit.sh|2019-12-02 16:35:08|2019-12-02 16:35:51|43
Timing is on.
begin;
BEGIN
Time: 61.691 ms
commit;
COMMIT
Time: 3222.699 ms
commit.sh|2019-12-02 16:35:51|2019-12-02 16:35:54|3
Timing is on.
begin;
BEGIN
Time: 239.280 ms
commit;
COMMIT
Time: 675.002 ms
commit.sh|2019-12-02 16:35:54|2019-12-02 16:35:55|1
Timing is on.
begin;
BEGIN
Time: 280.943 ms
commit;
COMMIT
Time: 15431.080 ms
commit.sh|2019-12-02 16:35:55|2019-12-02 16:36:11|16
Timing is on.
begin;
BEGIN
Time: 89.781 ms
commit;
COMMIT
Time: 62796.523 ms
commit.sh|2019-12-02 16:36:11|2019-12-02 16:37:14|63
Timing is on.
begin;
BEGIN
Time: 65.495 ms
commit;
COMMIT
Time: 6294.000 ms
commit.sh|2019-12-02 16:37:14|2019-12-02 16:37:20|6
Timing is on.
begin;
BEGIN
Time: 66.206 ms
commit;
COMMIT
Time: 1319.964 ms
commit.sh|2019-12-02 16:37:20|2019-12-02 16:37:21|1
Timing is on.
begin;
BEGIN
Time: 262.896 ms
commit;
COMMIT
Time: 29232.632 ms
commit.sh|2019-12-02 16:37:21|2019-12-02 16:37:51|30
Timing is on.
begin;
BEGIN
Time: 65.458 ms
commit;
COMMIT
Time: 11207.316 ms
commit.sh|2019-12-02 16:37:51|2019-12-02 16:38:02|11
Timing is on.
begin;
BEGIN
Time: 66.236 ms
commit;
COMMIT
Time: 1042.186 ms
commit.sh|2019-12-02 16:38:02|2019-12-02 16:38:03|1
Timing is on.
begin;
BEGIN
Time: 63.144 ms
commit;
COMMIT
Time: 994.078 ms
commit.sh|2019-12-02 16:38:03|2019-12-02 16:38:04|1
Timing is on.
begin;
BEGIN
Time: 82.955 ms
commit;
COMMIT
Time: 1086.207 ms
commit.sh|2019-12-02 16:38:04|2019-12-02 16:38:06|2
Timing is on.
begin;
BEGIN
Time: 175.630 ms
commit;
COMMIT
Time: 1920.854 ms
commit.sh|2019-12-02 16:38:06|2019-12-02 16:38:08|2
Timing is on.
begin;
BEGIN
Time: 158.748 ms
commit;
COMMIT
Time: 13159.079 ms
commit.sh|2019-12-02 16:38:08|2019-12-02 16:38:21|13
Timing is on.
begin;
BEGIN
Time: 60.519 ms
commit;
COMMIT
Time: 1058.374 ms
commit.sh|2019-12-02 16:38:21|2019-12-02 16:38:22|1
Timing is on.
begin;
BEGIN
Time: 68.589 ms
commit;
COMMIT
Time: 15351.613 ms
commit.sh|2019-12-02 16:38:22|2019-12-02 16:38:38|16
Timing is on.
begin;
BEGIN
Time: 70.698 ms
commit;
COMMIT
Time: 16122.181 ms
commit.sh|2019-12-02 16:38:38|2019-12-02 16:38:54|16
Timing is on.
begin;
BEGIN
Time: 64.003 ms
commit;
COMMIT
Time: 33286.079 ms
commit.sh|2019-12-02 16:38:54|2019-12-02 16:39:27|33
Timing is on.
begin;
BEGIN
Time: 62.848 ms
commit;
COMMIT
Time: 6288.693 ms
commit.sh|2019-12-02 16:39:27|2019-12-02 16:39:34|7
Timing is on.
begin;
BEGIN
Time: 113.365 ms
commit;
COMMIT
Time: 1215.976 ms
commit.sh|2019-12-02 16:39:34|2019-12-02 16:39:35|1
Timing is on.
begin;
BEGIN
Time: 107.319 ms
commit;
COMMIT
Time: 1316.615 ms
commit.sh|2019-12-02 16:39:35|2019-12-02 16:39:37|2
Timing is on.
begin;
BEGIN
Time: 215.090 ms
commit;
COMMIT
Time: 1540.995 ms
commit.sh|2019-12-02 16:39:37|2019-12-02 16:39:38|1
Timing is on.
begin;
BEGIN
Time: 175.405 ms
commit;
COMMIT
Time: 1640.412 ms
commit.sh|2019-12-02 16:39:38|2019-12-02 16:39:40|2
Timing is on.
begin;
BEGIN
Time: 70.725 ms
commit;
COMMIT
Time: 3000.619 ms
commit.sh|2019-12-02 16:39:40|2019-12-02 16:39:43|3
Timing is on.
begin;
BEGIN
Time: 70.105 ms
commit;
COMMIT
Time: 1102.620 ms
commit.sh|2019-12-02 16:39:43|2019-12-02 16:39:44|1
Timing is on.
begin;
BEGIN
Time: 67.422 ms
commit;
COMMIT
Time: 1770.674 ms
commit.sh|2019-12-02 16:39:44|2019-12-02 16:39:46|2
Timing is on.
begin;
BEGIN
Time: 147.188 ms
commit;
COMMIT
Time: 14412.617 ms
commit.sh|2019-12-02 16:39:46|2019-12-02 16:40:01|15
Timing is on.
begin;
BEGIN
Time: 63.359 ms
commit;
COMMIT
Time: 31494.718 ms
commit.sh|2019-12-02 16:40:01|2019-12-02 16:40:33|32
Timing is on.
begin;
BEGIN
Time: 66.037 ms
commit;
COMMIT
Time: 24208.447 ms
commit.sh|2019-12-02 16:40:33|2019-12-02 16:40:57|24
Timing is on.
begin;
BEGIN
Time: 133.045 ms
commit;
COMMIT
Time: 1711.535 ms
commit.sh|2019-12-02 16:40:57|2019-12-02 16:40:59|2
Timing is on.
begin;
BEGIN
Time: 272.871 ms
commit;
COMMIT
Time: 1509.788 ms
commit.sh|2019-12-02 16:40:59|2019-12-02 16:41:01|2
Timing is on.
begin;
BEGIN
Time: 151.347 ms
commit;
COMMIT
Time: 1981.463 ms
commit.sh|2019-12-02 16:41:01|2019-12-02 16:41:03|2
Timing is on.
begin;
BEGIN
Time: 65.357 ms
commit;
COMMIT
Time: 2056.554 ms
commit.sh|2019-12-02 16:41:03|2019-12-02 16:41:05|2
Timing is on.
begin;
BEGIN
Time: 68.133 ms
commit;
COMMIT
Time: 1173.069 ms
commit.sh|2019-12-02 16:41:05|2019-12-02 16:41:06|1
Timing is on.
begin;
BEGIN
Time: 170.332 ms
commit;
COMMIT
Time: 2046.009 ms
commit.sh|2019-12-02 16:41:06|2019-12-02 16:41:08|2
Timing is on.
begin;
BEGIN
Time: 174.778 ms
commit;
COMMIT
Time: 2064.529 ms
commit.sh|2019-12-02 16:41:08|2019-12-02 16:41:11|3
Timing is on.
begin;
BEGIN
Time: 67.595 ms
commit;
COMMIT
Time: 2878.872 ms
commit.sh|2019-12-02 16:41:11|2019-12-02 16:41:14|3
Timing is on.
begin;
BEGIN
Time: 68.564 ms
commit;
COMMIT
Time: 14455.897 ms
commit.sh|2019-12-02 16:41:14|2019-12-02 16:41:28|14
Timing is on.
begin;
BEGIN
Time: 62.518 ms
commit;
COMMIT
Time: 6661.579 ms
commit.sh|2019-12-02 16:41:28|2019-12-02 16:41:35|7
Timing is on.
begin;
BEGIN
Time: 69.220 ms
commit;
COMMIT
Time: 2415.887 ms
commit.sh|2019-12-02 16:41:35|2019-12-02 16:41:37|2
Timing is on.
begin;
BEGIN
Time: 176.841 ms
commit;
COMMIT
Time: 20339.348 ms
commit.sh|2019-12-02 16:41:37|2019-12-02 16:41:58|21
Timing is on.
begin;
BEGIN
Time: 71.760 ms
commit;
COMMIT
Time: 14205.960 ms
commit.sh|2019-12-02 16:41:58|2019-12-02 16:42:12|14
Timing is on.
begin;
BEGIN
Time: 71.048 ms
commit;
COMMIT
Time: 2006.935 ms
commit.sh|2019-12-02 16:42:12|2019-12-02 16:42:14|2
Timing is on.
begin;
BEGIN
Time: 62.831 ms
commit;
COMMIT
Time: 680.188 ms
commit.sh|2019-12-02 16:42:14|2019-12-02 16:42:15|1
Timing is on.
begin;
BEGIN
Time: 104.174 ms
commit;
COMMIT
Time: 2246.103 ms
commit.sh|2019-12-02 16:42:15|2019-12-02 16:42:18|3
Timing is on.
begin;
BEGIN
Time: 185.063 ms
commit;
COMMIT
Time: 19383.854 ms
commit.sh|2019-12-02 16:42:18|2019-12-02 16:42:37|19
Timing is on.
begin;
BEGIN
Time: 60.824 ms
commit;
COMMIT
Time: 51620.596 ms
commit.sh|2019-12-02 16:42:37|2019-12-02 16:43:29|52
Timing is on.
begin;
BEGIN
Time: 66.341 ms
commit;
COMMIT
Time: 793.574 ms
commit.sh|2019-12-02 16:43:29|2019-12-02 16:43:30|1
Timing is on.
begin;
BEGIN
Time: 78.003 ms
commit;
COMMIT
Time: 12982.561 ms
commit.sh|2019-12-02 16:43:30|2019-12-02 16:43:43|13
Timing is on.
begin;
BEGIN
Time: 61.553 ms
commit;
COMMIT
Time: 12545.759 ms
commit.sh|2019-12-02 16:43:43|2019-12-02 16:43:55|12
Timing is on.
begin;
BEGIN
Time: 63.434 ms
commit;
COMMIT
Time: 18360.149 ms
commit.sh|2019-12-02 16:43:55|2019-12-02 16:44:14|19
Timing is on.
begin;
BEGIN
Time: 80.839 ms
commit;
COMMIT
Time: 5987.398 ms
commit.sh|2019-12-02 16:44:14|2019-12-02 16:44:20|6
Timing is on.
begin;
BEGIN
Time: 75.643 ms
commit;
COMMIT
Time: 2401.701 ms
commit.sh|2019-12-02 16:44:20|2019-12-02 16:44:22|2
