Timing is on.
truncate table tb_load1 ;
TRUNCATE TABLE
Time: 12039.344 ms
insert into tb_load1 select * from tb_load;
INSERT 0 100000
Time: 40075.050 ms
load.sh|2019-12-02 15:44:22|2019-12-02 15:45:14|52
Timing is on.
truncate table tb_load1 ;
TRUNCATE TABLE
Time: 11990.526 ms
insert into tb_load1 select * from tb_load;
INSERT 0 100000
Time: 47795.094 ms
load.sh|2019-12-02 15:45:14|2019-12-02 15:46:13|59
Timing is on.
truncate table tb_load1 ;
TRUNCATE TABLE
Time: 8778.122 ms
insert into tb_load1 select * from tb_load;
INSERT 0 100000
Time: 39325.293 ms
load.sh|2019-12-02 15:46:14|2019-12-02 15:47:02|48
Timing is on.
truncate table tb_load1 ;
TRUNCATE TABLE
Time: 14563.995 ms
insert into tb_load1 select * from tb_load;
INSERT 0 100000
Time: 37239.279 ms
load.sh|2019-12-02 15:47:03|2019-12-02 15:47:55|52
Timing is on.
truncate table tb_load1 ;
TRUNCATE TABLE
Time: 7536.038 ms
insert into tb_load1 select * from tb_load;
INSERT 0 100000
Time: 39206.192 ms
load.sh|2019-12-02 15:47:55|2019-12-02 15:48:42|47
Timing is on.
truncate table tb_load1 ;
TRUNCATE TABLE
Time: 8854.942 ms
insert into tb_load1 select * from tb_load;
INSERT 0 100000
Time: 20158.582 ms
load.sh|2019-12-02 15:48:42|2019-12-02 15:49:11|29
Timing is on.
truncate table tb_load1 ;
TRUNCATE TABLE
Time: 19432.686 ms
insert into tb_load1 select * from tb_load;
INSERT 0 100000
Time: 34260.499 ms
load.sh|2019-12-02 15:49:11|2019-12-02 15:50:04|53
Timing is on.
truncate table tb_load1 ;
TRUNCATE TABLE
Time: 10248.927 ms
insert into tb_load1 select * from tb_load;
INSERT 0 100000
Time: 81969.945 ms
load.sh|2019-12-02 15:50:05|2019-12-02 15:51:37|92
Timing is on.
truncate table tb_load1 ;
TRUNCATE TABLE
Time: 36092.807 ms
insert into tb_load1 select * from tb_load;
INSERT 0 100000
Time: 18180.372 ms
load.sh|2019-12-02 15:51:39|2019-12-02 15:52:33|54
Timing is on.
truncate table tb_load1 ;
TRUNCATE TABLE
Time: 50919.407 ms
insert into tb_load1 select * from tb_load;
INSERT 0 100000
Time: 23485.873 ms
load.sh|2019-12-02 15:52:33|2019-12-02 15:53:47|74
Timing is on.
truncate table tb_load1 ;
TRUNCATE TABLE
Time: 48552.017 ms
insert into tb_load1 select * from tb_load;
INSERT 0 100000
Time: 44979.906 ms
load.sh|2019-12-02 15:53:52|2019-12-02 15:55:26|94
Timing is on.
truncate table tb_load1 ;
TRUNCATE TABLE
Time: 8750.226 ms
insert into tb_load1 select * from tb_load;
INSERT 0 100000
Time: 70665.856 ms
load.sh|2019-12-02 15:55:26|2019-12-02 15:56:45|79
Timing is on.
truncate table tb_load1 ;
TRUNCATE TABLE
Time: 17160.824 ms
insert into tb_load1 select * from tb_load;
INSERT 0 100000
Time: 59079.989 ms
load.sh|2019-12-02 15:56:45|2019-12-02 15:58:02|77
Timing is on.
truncate table tb_load1 ;
TRUNCATE TABLE
Time: 12139.190 ms
insert into tb_load1 select * from tb_load;
INSERT 0 100000
Time: 26831.194 ms
load.sh|2019-12-02 15:58:02|2019-12-02 15:58:41|39
Timing is on.
truncate table tb_load1 ;
TRUNCATE TABLE
Time: 12067.154 ms
insert into tb_load1 select * from tb_load;
INSERT 0 100000
Time: 52937.880 ms
load.sh|2019-12-02 15:58:41|2019-12-02 15:59:46|65
Timing is on.
truncate table tb_load1 ;
TRUNCATE TABLE
Time: 89168.913 ms
insert into tb_load1 select * from tb_load;
INSERT 0 100000
Time: 388357.232 ms
load.sh|2019-12-02 15:59:47|2019-12-02 16:07:45|478
Timing is on.
truncate table tb_load1 ;
TRUNCATE TABLE
Time: 18057.041 ms
insert into tb_load1 select * from tb_load;
INSERT 0 100000
Time: 124715.177 ms
load.sh|2019-12-02 16:07:47|2019-12-02 16:10:09|142
Timing is on.
truncate table tb_load1 ;
TRUNCATE TABLE
Time: 11755.868 ms
insert into tb_load1 select * from tb_load;
INSERT 0 100000
Time: 75770.238 ms
load.sh|2019-12-02 16:10:09|2019-12-02 16:11:37|88
Timing is on.
truncate table tb_load1 ;
TRUNCATE TABLE
Time: 15692.806 ms
insert into tb_load1 select * from tb_load;
INSERT 0 100000
Time: 133440.267 ms
load.sh|2019-12-02 16:11:37|2019-12-02 16:14:06|149
Timing is on.
truncate table tb_load1 ;
TRUNCATE TABLE
Time: 9013.064 ms
insert into tb_load1 select * from tb_load;
INSERT 0 100000
Time: 55494.657 ms
load.sh|2019-12-02 16:14:06|2019-12-02 16:15:11|65
Timing is on.
truncate table tb_load1 ;
TRUNCATE TABLE
Time: 11507.342 ms
insert into tb_load1 select * from tb_load;
INSERT 0 100000
Time: 61677.734 ms
load.sh|2019-12-02 16:15:11|2019-12-02 16:16:24|73
Timing is on.
truncate table tb_load1 ;
TRUNCATE TABLE
Time: 7633.515 ms
insert into tb_load1 select * from tb_load;
INSERT 0 100000
Time: 33227.521 ms
load.sh|2019-12-02 16:16:24|2019-12-02 16:17:05|41
Timing is on.
truncate table tb_load1 ;
TRUNCATE TABLE
Time: 25801.122 ms
insert into tb_load1 select * from tb_load;
INSERT 0 100000
Time: 35495.701 ms
load.sh|2019-12-02 16:17:06|2019-12-02 16:18:07|61
Timing is on.
truncate table tb_load1 ;
TRUNCATE TABLE
Time: 8650.251 ms
insert into tb_load1 select * from tb_load;
INSERT 0 100000
Time: 50933.829 ms
load.sh|2019-12-02 16:18:07|2019-12-02 16:19:07|60
Timing is on.
truncate table tb_load1 ;
TRUNCATE TABLE
Time: 8080.298 ms
insert into tb_load1 select * from tb_load;
INSERT 0 100000
Time: 38602.704 ms
load.sh|2019-12-02 16:19:07|2019-12-02 16:19:54|47
Timing is on.
truncate table tb_load1 ;
TRUNCATE TABLE
Time: 11318.970 ms
insert into tb_load1 select * from tb_load;
INSERT 0 100000
Time: 63845.274 ms
load.sh|2019-12-02 16:20:00|2019-12-02 16:21:15|75
Timing is on.
truncate table tb_load1 ;
TRUNCATE TABLE
Time: 8785.016 ms
insert into tb_load1 select * from tb_load;
INSERT 0 100000
Time: 22720.978 ms
load.sh|2019-12-02 16:21:16|2019-12-02 16:21:48|32
Timing is on.
truncate table tb_load1 ;
TRUNCATE TABLE
Time: 11895.234 ms
insert into tb_load1 select * from tb_load;
INSERT 0 100000
Time: 102596.168 ms
load.sh|2019-12-02 16:21:52|2019-12-02 16:23:46|114
Timing is on.
truncate table tb_load1 ;
TRUNCATE TABLE
Time: 11398.342 ms
insert into tb_load1 select * from tb_load;
INSERT 0 100000
Time: 80173.626 ms
load.sh|2019-12-02 16:23:46|2019-12-02 16:25:18|92
Timing is on.
truncate table tb_load1 ;
TRUNCATE TABLE
Time: 9137.645 ms
insert into tb_load1 select * from tb_load;
INSERT 0 100000
Time: 49650.402 ms
load.sh|2019-12-02 16:25:20|2019-12-02 16:26:18|58
Timing is on.
truncate table tb_load1 ;
TRUNCATE TABLE
Time: 8452.322 ms
insert into tb_load1 select * from tb_load;
INSERT 0 100000
Time: 48685.773 ms
load.sh|2019-12-02 16:26:18|2019-12-02 16:27:16|58
Timing is on.
truncate table tb_load1 ;
TRUNCATE TABLE
Time: 10320.428 ms
insert into tb_load1 select * from tb_load;
INSERT 0 100000
Time: 56507.349 ms
load.sh|2019-12-02 16:27:16|2019-12-02 16:28:23|67
Timing is on.
truncate table tb_load1 ;
TRUNCATE TABLE
Time: 17230.764 ms
insert into tb_load1 select * from tb_load;
INSERT 0 100000
Time: 54010.553 ms
load.sh|2019-12-02 16:28:24|2019-12-02 16:29:35|71
Timing is on.
truncate table tb_load1 ;
TRUNCATE TABLE
Time: 13425.003 ms
insert into tb_load1 select * from tb_load;
INSERT 0 100000
Time: 69170.285 ms
load.sh|2019-12-02 16:29:36|2019-12-02 16:30:58|82
Timing is on.
truncate table tb_load1 ;
TRUNCATE TABLE
Time: 8529.317 ms
insert into tb_load1 select * from tb_load;
INSERT 0 100000
Time: 57148.899 ms
load.sh|2019-12-02 16:30:59|2019-12-02 16:32:04|65
Timing is on.
truncate table tb_load1 ;
TRUNCATE TABLE
Time: 10313.625 ms
insert into tb_load1 select * from tb_load;
INSERT 0 100000
Time: 18650.400 ms
load.sh|2019-12-02 16:32:04|2019-12-02 16:32:33|29
Timing is on.
truncate table tb_load1 ;
TRUNCATE TABLE
Time: 53192.361 ms
insert into tb_load1 select * from tb_load;
INSERT 0 100000
Time: 96558.324 ms
load.sh|2019-12-02 16:32:36|2019-12-02 16:35:06|150
Timing is on.
truncate table tb_load1 ;
TRUNCATE TABLE
Time: 48997.537 ms
insert into tb_load1 select * from tb_load;
INSERT 0 100000
Time: 129288.606 ms
load.sh|2019-12-02 16:35:06|2019-12-02 16:38:04|178
Timing is on.
truncate table tb_load1 ;
TRUNCATE TABLE
Time: 18035.290 ms
insert into tb_load1 select * from tb_load;
INSERT 0 100000
Time: 75503.250 ms
load.sh|2019-12-02 16:38:04|2019-12-02 16:39:38|94
Timing is on.
truncate table tb_load1 ;
TRUNCATE TABLE
Time: 8959.056 ms
insert into tb_load1 select * from tb_load;
INSERT 0 100000
Time: 77567.963 ms
load.sh|2019-12-02 16:39:39|2019-12-02 16:41:05|86
Timing is on.
truncate table tb_load1 ;
TRUNCATE TABLE
Time: 8993.754 ms
insert into tb_load1 select * from tb_load;
INSERT 0 100000
Time: 60423.182 ms
load.sh|2019-12-02 16:41:05|2019-12-02 16:42:15|70
Timing is on.
truncate table tb_load1 ;
TRUNCATE TABLE
Time: 96160.565 ms
insert into tb_load1 select * from tb_load;
INSERT 0 100000
Time: 35646.115 ms
load.sh|2019-12-02 16:42:16|2019-12-02 16:44:28|132
