Timing is on.
truncate table tb_load2 ;
TRUNCATE TABLE
Time: 23770.212 ms
insert into tb_load2 select * from tb_load;
INSERT 0 100000
Time: 161136.797 ms
load.sh|2019-11-29 17:48:30|2019-11-29 17:51:35|185
Timing is on.
truncate table tb_load2 ;
TRUNCATE TABLE
Time: 12043.708 ms
insert into tb_load2 select * from tb_load;
INSERT 0 100000
Time: 144223.143 ms
load.sh|2019-11-29 17:51:36|2019-11-29 17:54:12|156
Timing is on.
truncate table tb_load2 ;
TRUNCATE TABLE
Time: 65780.113 ms
insert into tb_load2 select * from tb_load;
INSERT 0 100000
Time: 70765.987 ms
load.sh|2019-11-29 17:54:12|2019-11-29 17:56:28|136
Timing is on.
truncate table tb_load2 ;
TRUNCATE TABLE
Time: 40619.745 ms
insert into tb_load2 select * from tb_load;
Cancel request sent
ERROR:  canceling statement due to user request
load.sh|2019-11-29 17:56:29|2019-11-29 17:58:29|120
