Timing is on.
begin;
BEGIN
Time: 64.475 ms
truncate table tb_check3 ;
TRUNCATE TABLE
Time: 11015.029 ms
insert into tb_check3 select * from tb_check;
INSERT 0 10
Time: 2084.579 ms
commit;
COMMIT
Time: 5151.528 ms
check.sh|2019-11-29 18:04:47|2019-11-29 18:05:05|18
Timing is on.
begin;
BEGIN
Time: 57.475 ms
truncate table tb_check3 ;
TRUNCATE TABLE
Time: 13980.461 ms
insert into tb_check3 select * from tb_check;
INSERT 0 10
Time: 1515.706 ms
commit;
COMMIT
Time: 20699.188 ms
check.sh|2019-11-29 18:05:06|2019-11-29 18:05:42|36
Timing is on.
begin;
BEGIN
Time: 62.034 ms
truncate table tb_check3 ;
TRUNCATE TABLE
Time: 1531.989 ms
insert into tb_check3 select * from tb_check;
INSERT 0 10
Time: 2326.898 ms
commit;
COMMIT
Time: 8447.503 ms
check.sh|2019-11-29 18:05:42|2019-11-29 18:05:55|13
Timing is on.
begin;
BEGIN
Time: 64.048 ms
truncate table tb_check3 ;
TRUNCATE TABLE
Time: 1118.935 ms
insert into tb_check3 select * from tb_check;
INSERT 0 10
Time: 991.106 ms
commit;
COMMIT
Time: 15606.272 ms
check.sh|2019-11-29 18:05:55|2019-11-29 18:06:13|18
Timing is on.
begin;
BEGIN
Time: 61.690 ms
truncate table tb_check3 ;
TRUNCATE TABLE
Time: 1751.741 ms
insert into tb_check3 select * from tb_check;
INSERT 0 10
Time: 1837.769 ms
commit;
COMMIT
Time: 7149.362 ms
check.sh|2019-11-29 18:06:20|2019-11-29 18:06:31|11
Timing is on.
begin;
BEGIN
Time: 67.663 ms
truncate table tb_check3 ;
TRUNCATE TABLE
Time: 8698.453 ms
insert into tb_check3 select * from tb_check;
INSERT 0 10
Time: 1810.815 ms
commit;
COMMIT
Time: 6388.943 ms
check.sh|2019-11-29 18:06:31|2019-11-29 18:06:48|17
Timing is on.
begin;
BEGIN
Time: 61.499 ms
truncate table tb_check3 ;
TRUNCATE TABLE
Time: 10653.188 ms
insert into tb_check3 select * from tb_check;
INSERT 0 10
Time: 1751.606 ms
commit;
COMMIT
Time: 37845.333 ms
check.sh|2019-11-29 18:06:49|2019-11-29 18:07:39|50
Timing is on.
begin;
BEGIN
Time: 66.282 ms
truncate table tb_check3 ;
TRUNCATE TABLE
Time: 1421.629 ms
insert into tb_check3 select * from tb_check;
INSERT 0 10
Time: 1522.544 ms
commit;
COMMIT
Time: 5727.562 ms
check.sh|2019-11-29 18:07:40|2019-11-29 18:07:48|8
Timing is on.
begin;
BEGIN
Time: 64.055 ms
truncate table tb_check3 ;
TRUNCATE TABLE
Time: 1748.225 ms
insert into tb_check3 select * from tb_check;
INSERT 0 10
Time: 3037.148 ms
commit;
COMMIT
Time: 18349.023 ms
check.sh|2019-11-29 18:07:50|2019-11-29 18:08:13|23
Timing is on.
begin;
BEGIN
Time: 57.826 ms
truncate table tb_check3 ;
TRUNCATE TABLE
Time: 3145.533 ms
insert into tb_check3 select * from tb_check;
INSERT 0 10
Time: 2410.407 ms
commit;
COMMIT
Time: 3039.095 ms
check.sh|2019-11-29 18:09:31|2019-11-29 18:09:40|9
Timing is on.
begin;
BEGIN
Time: 60.155 ms
truncate table tb_check3 ;
TRUNCATE TABLE
Time: 2232.082 ms
insert into tb_check3 select * from tb_check;
INSERT 0 10
Time: 1035.373 ms
commit;
COMMIT
Time: 9478.487 ms
check.sh|2019-11-29 18:09:46|2019-11-29 18:09:58|12
Timing is on.
begin;
BEGIN
Time: 60.659 ms
truncate table tb_check3 ;
TRUNCATE TABLE
Time: 216386.849 ms
insert into tb_check3 select * from tb_check;
INSERT 0 10
Time: 73927.191 ms
commit;
COMMIT
Time: 12157.451 ms
check.sh|2019-11-29 18:10:00|2019-11-29 18:15:02|302
Timing is on.
begin;
BEGIN
Time: 107.194 ms
truncate table tb_check3 ;
TRUNCATE TABLE
Time: 930.198 ms
insert into tb_check3 select * from tb_check;
INSERT 0 10
Time: 1285.849 ms
commit;
COMMIT
Time: 5419.445 ms
check.sh|2019-11-29 18:15:02|2019-11-29 18:15:10|8
Timing is on.
begin;
BEGIN
Time: 63.369 ms
truncate table tb_check3 ;
TRUNCATE TABLE
Time: 4269.832 ms
insert into tb_check3 select * from tb_check;
INSERT 0 10
Time: 2316.275 ms
commit;
COMMIT
Time: 43532.787 ms
check.sh|2019-11-29 18:15:13|2019-11-29 18:16:03|50
Timing is on.
begin;
BEGIN
Time: 99.293 ms
truncate table tb_check3 ;
TRUNCATE TABLE
Time: 2492.514 ms
insert into tb_check3 select * from tb_check;
INSERT 0 10
Time: 2766.561 ms
commit;
Cancel request sent
WARNING:  canceling wait for synchronous replication due to user request
DETAIL:  The transaction has already committed locally, but might not have been replicated to the standby.
COMMIT
Time: 64119.474 ms
